[0.039s] Invoking command in '/home/blade_master/pnx/rmvision/build/rm_serial_driver': CMAKE_PREFIX_PATH=/home/blade_master/pnx/rmvision/install/auto_aim_interfaces:/home/blade_master/pnx/rmvision/install/rm_vision_bringup:/home/blade_master/pnx/rmvision/install/video_reader:/home/blade_master/pnx/rmvision/install/rm_serial_driver:/home/blade_master/pnx/rmvision/install/rm_gimbal_description:/home/blade_master/pnx/rmvision/install/rm_auto_aim_dart:/home/blade_master/pnx/rmvision/install/light_detector:/home/blade_master/pnx/rmvision/install/hik_camera:/opt/ros/humble LD_LIBRARY_PATH=/home/blade_master/pnx/rmvision/install/auto_aim_interfaces/lib:/home/blade_master/pnx/rmvision/install/video_reader/lib:/home/blade_master/pnx/rmvision/install/rm_serial_driver/lib:/home/blade_master/pnx/rmvision/install/light_detector/lib:/home/blade_master/pnx/rmvision/install/hik_camera/lib:/opt/MVS/lib/64:/opt/MVS/lib/32:/opt/MVS/lib/64:/opt/MVS/lib/32:/opt/MVS/lib/64:/opt/MVS/lib/32:/opt/ros/humble/opt/rviz_ogre_vendor/lib:/opt/ros/humble/lib/x86_64-linux-gnu:/opt/ros/humble/lib:/opt/MVS/lib/64:/opt/MVS/lib/32 /usr/bin/cmake --build /home/blade_master/pnx/rmvision/build/rm_serial_driver -- -j22 -l22
[0.076s] [35m[1mConsolidate compiler generated dependencies of target rm_serial_driver[0m
[0.082s] [ 40%] Built target rm_serial_driver_node
[0.091s] [100%] Built target rm_serial_driver
[0.100s] Invoked command in '/home/blade_master/pnx/rmvision/build/rm_serial_driver' returned '0': CMAKE_PREFIX_PATH=/home/blade_master/pnx/rmvision/install/auto_aim_interfaces:/home/blade_master/pnx/rmvision/install/rm_vision_bringup:/home/blade_master/pnx/rmvision/install/video_reader:/home/blade_master/pnx/rmvision/install/rm_serial_driver:/home/blade_master/pnx/rmvision/install/rm_gimbal_description:/home/blade_master/pnx/rmvision/install/rm_auto_aim_dart:/home/blade_master/pnx/rmvision/install/light_detector:/home/blade_master/pnx/rmvision/install/hik_camera:/opt/ros/humble LD_LIBRARY_PATH=/home/blade_master/pnx/rmvision/install/auto_aim_interfaces/lib:/home/blade_master/pnx/rmvision/install/video_reader/lib:/home/blade_master/pnx/rmvision/install/rm_serial_driver/lib:/home/blade_master/pnx/rmvision/install/light_detector/lib:/home/blade_master/pnx/rmvision/install/hik_camera/lib:/opt/MVS/lib/64:/opt/MVS/lib/32:/opt/MVS/lib/64:/opt/MVS/lib/32:/opt/MVS/lib/64:/opt/MVS/lib/32:/opt/ros/humble/opt/rviz_ogre_vendor/lib:/opt/ros/humble/lib/x86_64-linux-gnu:/opt/ros/humble/lib:/opt/MVS/lib/64:/opt/MVS/lib/32 /usr/bin/cmake --build /home/blade_master/pnx/rmvision/build/rm_serial_driver -- -j22 -l22
[0.103s] Invoking command in '/home/blade_master/pnx/rmvision/build/rm_serial_driver': CMAKE_PREFIX_PATH=/home/blade_master/pnx/rmvision/install/auto_aim_interfaces:/home/blade_master/pnx/rmvision/install/rm_vision_bringup:/home/blade_master/pnx/rmvision/install/video_reader:/home/blade_master/pnx/rmvision/install/rm_serial_driver:/home/blade_master/pnx/rmvision/install/rm_gimbal_description:/home/blade_master/pnx/rmvision/install/rm_auto_aim_dart:/home/blade_master/pnx/rmvision/install/light_detector:/home/blade_master/pnx/rmvision/install/hik_camera:/opt/ros/humble LD_LIBRARY_PATH=/home/blade_master/pnx/rmvision/install/auto_aim_interfaces/lib:/home/blade_master/pnx/rmvision/install/video_reader/lib:/home/blade_master/pnx/rmvision/install/rm_serial_driver/lib:/home/blade_master/pnx/rmvision/install/light_detector/lib:/home/blade_master/pnx/rmvision/install/hik_camera/lib:/opt/MVS/lib/64:/opt/MVS/lib/32:/opt/MVS/lib/64:/opt/MVS/lib/32:/opt/MVS/lib/64:/opt/MVS/lib/32:/opt/ros/humble/opt/rviz_ogre_vendor/lib:/opt/ros/humble/lib/x86_64-linux-gnu:/opt/ros/humble/lib:/opt/MVS/lib/64:/opt/MVS/lib/32 /usr/bin/cmake --install /home/blade_master/pnx/rmvision/build/rm_serial_driver
[0.111s] -- Install configuration: ""
[0.112s] -- Execute custom install script
[0.112s] -- Up-to-date symlink: /home/blade_master/pnx/rmvision/install/rm_serial_driver/lib/rm_serial_driver/rm_serial_driver_node
[0.113s] -- Up-to-date symlink: /home/blade_master/pnx/rmvision/install/rm_serial_driver/include/crc.hpp
[0.113s] -- Up-to-date symlink: /home/blade_master/pnx/rmvision/install/rm_serial_driver/include/packet.hpp
[0.113s] -- Up-to-date symlink: /home/blade_master/pnx/rmvision/install/rm_serial_driver/include/rm_serial_driver.hpp
[0.114s] -- Up-to-date symlink: /home/blade_master/pnx/rmvision/install/rm_serial_driver/share/rm_serial_driver/environment/library_path.sh
[0.114s] -- Up-to-date symlink: /home/blade_master/pnx/rmvision/install/rm_serial_driver/share/rm_serial_driver/environment/library_path.dsv
[0.114s] -- Up-to-date symlink: /home/blade_master/pnx/rmvision/install/rm_serial_driver/lib/librm_serial_driver.so
[0.115s] -- Up-to-date symlink: /home/blade_master/pnx/rmvision/install/rm_serial_driver/share/rm_serial_driver/config/serial_driver.yaml
[0.116s] -- Up-to-date symlink: /home/blade_master/pnx/rmvision/install/rm_serial_driver/share/rm_serial_driver/launch/serial_driver.launch.py
[0.116s] -- Up-to-date symlink: /home/blade_master/pnx/rmvision/install/rm_serial_driver/share/ament_index/resource_index/package_run_dependencies/rm_serial_driver
[0.116s] -- Up-to-date symlink: /home/blade_master/pnx/rmvision/install/rm_serial_driver/share/ament_index/resource_index/parent_prefix_path/rm_serial_driver
[0.116s] -- Up-to-date symlink: /home/blade_master/pnx/rmvision/install/rm_serial_driver/share/rm_serial_driver/environment/ament_prefix_path.sh
[0.117s] -- Up-to-date symlink: /home/blade_master/pnx/rmvision/install/rm_serial_driver/share/rm_serial_driver/environment/ament_prefix_path.dsv
[0.117s] -- Up-to-date symlink: /home/blade_master/pnx/rmvision/install/rm_serial_driver/share/rm_serial_driver/environment/path.sh
[0.118s] -- Up-to-date symlink: /home/blade_master/pnx/rmvision/install/rm_serial_driver/share/rm_serial_driver/environment/path.dsv
[0.118s] -- Up-to-date symlink: /home/blade_master/pnx/rmvision/install/rm_serial_driver/share/rm_serial_driver/local_setup.bash
[0.118s] -- Up-to-date symlink: /home/blade_master/pnx/rmvision/install/rm_serial_driver/share/rm_serial_driver/local_setup.sh
[0.119s] -- Up-to-date symlink: /home/blade_master/pnx/rmvision/install/rm_serial_driver/share/rm_serial_driver/local_setup.zsh
[0.120s] -- Up-to-date symlink: /home/blade_master/pnx/rmvision/install/rm_serial_driver/share/rm_serial_driver/local_setup.dsv
[0.120s] -- Symlinking: /home/blade_master/pnx/rmvision/install/rm_serial_driver/share/rm_serial_driver/package.dsv
[0.125s] -- Up-to-date symlink: /home/blade_master/pnx/rmvision/install/rm_serial_driver/share/ament_index/resource_index/packages/rm_serial_driver
[0.125s] -- Up-to-date symlink: /home/blade_master/pnx/rmvision/install/rm_serial_driver/share/ament_index/resource_index/rclcpp_components/rm_serial_driver
[0.126s] -- Up-to-date symlink: /home/blade_master/pnx/rmvision/install/rm_serial_driver/share/rm_serial_driver/cmake/ament_cmake_export_dependencies-extras.cmake
[0.126s] -- Up-to-date symlink: /home/blade_master/pnx/rmvision/install/rm_serial_driver/share/rm_serial_driver/cmake/ament_cmake_export_include_directories-extras.cmake
[0.126s] -- Up-to-date symlink: /home/blade_master/pnx/rmvision/install/rm_serial_driver/share/rm_serial_driver/cmake/ament_cmake_export_libraries-extras.cmake
[0.127s] -- Up-to-date symlink: /home/blade_master/pnx/rmvision/install/rm_serial_driver/share/rm_serial_driver/cmake/rm_serial_driverConfig.cmake
[0.128s] -- Up-to-date symlink: /home/blade_master/pnx/rmvision/install/rm_serial_driver/share/rm_serial_driver/cmake/rm_serial_driverConfig-version.cmake
[0.128s] -- Up-to-date symlink: /home/blade_master/pnx/rmvision/install/rm_serial_driver/share/rm_serial_driver/package.xml
[0.140s] Invoked command in '/home/blade_master/pnx/rmvision/build/rm_serial_driver' returned '0': CMAKE_PREFIX_PATH=/home/blade_master/pnx/rmvision/install/auto_aim_interfaces:/home/blade_master/pnx/rmvision/install/rm_vision_bringup:/home/blade_master/pnx/rmvision/install/video_reader:/home/blade_master/pnx/rmvision/install/rm_serial_driver:/home/blade_master/pnx/rmvision/install/rm_gimbal_description:/home/blade_master/pnx/rmvision/install/rm_auto_aim_dart:/home/blade_master/pnx/rmvision/install/light_detector:/home/blade_master/pnx/rmvision/install/hik_camera:/opt/ros/humble LD_LIBRARY_PATH=/home/blade_master/pnx/rmvision/install/auto_aim_interfaces/lib:/home/blade_master/pnx/rmvision/install/video_reader/lib:/home/blade_master/pnx/rmvision/install/rm_serial_driver/lib:/home/blade_master/pnx/rmvision/install/light_detector/lib:/home/blade_master/pnx/rmvision/install/hik_camera/lib:/opt/MVS/lib/64:/opt/MVS/lib/32:/opt/MVS/lib/64:/opt/MVS/lib/32:/opt/MVS/lib/64:/opt/MVS/lib/32:/opt/ros/humble/opt/rviz_ogre_vendor/lib:/opt/ros/humble/lib/x86_64-linux-gnu:/opt/ros/humble/lib:/opt/MVS/lib/64:/opt/MVS/lib/32 /usr/bin/cmake --install /home/blade_master/pnx/rmvision/build/rm_serial_driver
