[0.232s] Invoking command in '/home/blade_master/pnx/rmvision/build/rm_vision_bringup': CMAKE_PREFIX_PATH=/home/blade_master/pnx/rmvision/install/rm_auto_aim_dart:/home/blade_master/pnx/rmvision/install/rm_serial_driver:/home/blade_master/pnx/rmvision/install/light_detector:/home/blade_master/pnx/rmvision/install/video_reader:/home/blade_master/pnx/rmvision/install/rm_gimbal_description:/home/blade_master/pnx/rmvision/install/hik_camera:/home/blade_master/pnx/rmvision/install/auto_aim_interfaces:/home/blade_master/pnx/rmvision/install/rm_vision_bringup:/opt/ros/humble LD_LIBRARY_PATH=/home/blade_master/pnx/rmvision/install/rm_serial_driver/lib:/home/blade_master/pnx/rmvision/install/light_detector/lib:/home/blade_master/pnx/rmvision/install/video_reader/lib:/home/blade_master/pnx/rmvision/install/hik_camera/lib:/home/blade_master/pnx/rmvision/install/auto_aim_interfaces/lib:/opt/MVS/lib/64:/opt/MVS/lib/32:/opt/MVS/lib/64:/opt/MVS/lib/32:/opt/MVS/lib/64:/opt/MVS/lib/32:/opt/ros/humble/opt/rviz_ogre_vendor/lib:/opt/ros/humble/lib/x86_64-linux-gnu:/opt/ros/humble/lib:/opt/MVS/lib/64:/opt/MVS/lib/32 /usr/bin/cmake /home/blade_master/pnx/rmvision/src/vision_bringup/rm_vision_bringup -DAMENT_CMAKE_SYMLINK_INSTALL=1 -DCMAKE_INSTALL_PREFIX=/home/blade_master/pnx/rmvision/install/rm_vision_bringup
[0.298s] -- The C compiler identification is GNU 11.4.0
[0.520s] -- The CXX compiler identification is GNU 11.4.0
[0.691s] -- Detecting C compiler ABI info
[0.775s] -- Detecting C compiler ABI info - done
[0.779s] -- Check for working C compiler: /usr/bin/cc - skipped
[0.779s] -- Detecting C compile features
[0.780s] -- Detecting C compile features - done
[0.781s] -- Detecting CXX compiler ABI info
[0.870s] -- Detecting CXX compiler ABI info - done
[0.875s] -- Check for working CXX compiler: /usr/bin/c++ - skipped
[0.875s] -- Detecting CXX compile features
[0.875s] -- Detecting CXX compile features - done
[0.877s] -- Found ament_cmake_auto: 1.3.11 (/opt/ros/humble/share/ament_cmake_auto/cmake)
[0.984s] -- Found Python3: /usr/bin/python3 (found version "3.10.12") found components: Interpreter 
[1.032s] -- Override CMake install command with custom implementation using symlinks instead of copying resources
[1.049s] -- Found ament_lint_auto: 0.12.12 (/opt/ros/humble/share/ament_lint_auto/cmake)
[1.099s] -- Configuring done
[1.101s] -- Generating done
[1.102s] -- Build files have been written to: /home/blade_master/pnx/rmvision/build/rm_vision_bringup
[1.107s] Invoked command in '/home/blade_master/pnx/rmvision/build/rm_vision_bringup' returned '0': CMAKE_PREFIX_PATH=/home/blade_master/pnx/rmvision/install/rm_auto_aim_dart:/home/blade_master/pnx/rmvision/install/rm_serial_driver:/home/blade_master/pnx/rmvision/install/light_detector:/home/blade_master/pnx/rmvision/install/video_reader:/home/blade_master/pnx/rmvision/install/rm_gimbal_description:/home/blade_master/pnx/rmvision/install/hik_camera:/home/blade_master/pnx/rmvision/install/auto_aim_interfaces:/home/blade_master/pnx/rmvision/install/rm_vision_bringup:/opt/ros/humble LD_LIBRARY_PATH=/home/blade_master/pnx/rmvision/install/rm_serial_driver/lib:/home/blade_master/pnx/rmvision/install/light_detector/lib:/home/blade_master/pnx/rmvision/install/video_reader/lib:/home/blade_master/pnx/rmvision/install/hik_camera/lib:/home/blade_master/pnx/rmvision/install/auto_aim_interfaces/lib:/opt/MVS/lib/64:/opt/MVS/lib/32:/opt/MVS/lib/64:/opt/MVS/lib/32:/opt/MVS/lib/64:/opt/MVS/lib/32:/opt/ros/humble/opt/rviz_ogre_vendor/lib:/opt/ros/humble/lib/x86_64-linux-gnu:/opt/ros/humble/lib:/opt/MVS/lib/64:/opt/MVS/lib/32 /usr/bin/cmake /home/blade_master/pnx/rmvision/src/vision_bringup/rm_vision_bringup -DAMENT_CMAKE_SYMLINK_INSTALL=1 -DCMAKE_INSTALL_PREFIX=/home/blade_master/pnx/rmvision/install/rm_vision_bringup
[1.108s] Invoking command in '/home/blade_master/pnx/rmvision/build/rm_vision_bringup': CMAKE_PREFIX_PATH=/home/blade_master/pnx/rmvision/install/rm_auto_aim_dart:/home/blade_master/pnx/rmvision/install/rm_serial_driver:/home/blade_master/pnx/rmvision/install/light_detector:/home/blade_master/pnx/rmvision/install/video_reader:/home/blade_master/pnx/rmvision/install/rm_gimbal_description:/home/blade_master/pnx/rmvision/install/hik_camera:/home/blade_master/pnx/rmvision/install/auto_aim_interfaces:/home/blade_master/pnx/rmvision/install/rm_vision_bringup:/opt/ros/humble LD_LIBRARY_PATH=/home/blade_master/pnx/rmvision/install/rm_serial_driver/lib:/home/blade_master/pnx/rmvision/install/light_detector/lib:/home/blade_master/pnx/rmvision/install/video_reader/lib:/home/blade_master/pnx/rmvision/install/hik_camera/lib:/home/blade_master/pnx/rmvision/install/auto_aim_interfaces/lib:/opt/MVS/lib/64:/opt/MVS/lib/32:/opt/MVS/lib/64:/opt/MVS/lib/32:/opt/MVS/lib/64:/opt/MVS/lib/32:/opt/ros/humble/opt/rviz_ogre_vendor/lib:/opt/ros/humble/lib/x86_64-linux-gnu:/opt/ros/humble/lib:/opt/MVS/lib/64:/opt/MVS/lib/32 /usr/bin/cmake --build /home/blade_master/pnx/rmvision/build/rm_vision_bringup -- -j22 -l22
[1.135s] Invoked command in '/home/blade_master/pnx/rmvision/build/rm_vision_bringup' returned '0': CMAKE_PREFIX_PATH=/home/blade_master/pnx/rmvision/install/rm_auto_aim_dart:/home/blade_master/pnx/rmvision/install/rm_serial_driver:/home/blade_master/pnx/rmvision/install/light_detector:/home/blade_master/pnx/rmvision/install/video_reader:/home/blade_master/pnx/rmvision/install/rm_gimbal_description:/home/blade_master/pnx/rmvision/install/hik_camera:/home/blade_master/pnx/rmvision/install/auto_aim_interfaces:/home/blade_master/pnx/rmvision/install/rm_vision_bringup:/opt/ros/humble LD_LIBRARY_PATH=/home/blade_master/pnx/rmvision/install/rm_serial_driver/lib:/home/blade_master/pnx/rmvision/install/light_detector/lib:/home/blade_master/pnx/rmvision/install/video_reader/lib:/home/blade_master/pnx/rmvision/install/hik_camera/lib:/home/blade_master/pnx/rmvision/install/auto_aim_interfaces/lib:/opt/MVS/lib/64:/opt/MVS/lib/32:/opt/MVS/lib/64:/opt/MVS/lib/32:/opt/MVS/lib/64:/opt/MVS/lib/32:/opt/ros/humble/opt/rviz_ogre_vendor/lib:/opt/ros/humble/lib/x86_64-linux-gnu:/opt/ros/humble/lib:/opt/MVS/lib/64:/opt/MVS/lib/32 /usr/bin/cmake --build /home/blade_master/pnx/rmvision/build/rm_vision_bringup -- -j22 -l22
[1.137s] Invoking command in '/home/blade_master/pnx/rmvision/build/rm_vision_bringup': CMAKE_PREFIX_PATH=/home/blade_master/pnx/rmvision/install/rm_auto_aim_dart:/home/blade_master/pnx/rmvision/install/rm_serial_driver:/home/blade_master/pnx/rmvision/install/light_detector:/home/blade_master/pnx/rmvision/install/video_reader:/home/blade_master/pnx/rmvision/install/rm_gimbal_description:/home/blade_master/pnx/rmvision/install/hik_camera:/home/blade_master/pnx/rmvision/install/auto_aim_interfaces:/home/blade_master/pnx/rmvision/install/rm_vision_bringup:/opt/ros/humble LD_LIBRARY_PATH=/home/blade_master/pnx/rmvision/install/rm_serial_driver/lib:/home/blade_master/pnx/rmvision/install/light_detector/lib:/home/blade_master/pnx/rmvision/install/video_reader/lib:/home/blade_master/pnx/rmvision/install/hik_camera/lib:/home/blade_master/pnx/rmvision/install/auto_aim_interfaces/lib:/opt/MVS/lib/64:/opt/MVS/lib/32:/opt/MVS/lib/64:/opt/MVS/lib/32:/opt/MVS/lib/64:/opt/MVS/lib/32:/opt/ros/humble/opt/rviz_ogre_vendor/lib:/opt/ros/humble/lib/x86_64-linux-gnu:/opt/ros/humble/lib:/opt/MVS/lib/64:/opt/MVS/lib/32 /usr/bin/cmake --install /home/blade_master/pnx/rmvision/build/rm_vision_bringup
[1.141s] -- Install configuration: ""
[1.141s] -- Execute custom install script
[1.142s] -- Symlinking: /home/blade_master/pnx/rmvision/install/rm_vision_bringup/share/rm_vision_bringup/launch/common.py
[1.147s] -- Symlinking: /home/blade_master/pnx/rmvision/install/rm_vision_bringup/share/rm_vision_bringup/launch/no_hardware.launch.py
[1.153s] -- Symlinking: /home/blade_master/pnx/rmvision/install/rm_vision_bringup/share/rm_vision_bringup/launch/vision_bringup.launch.py
[1.158s] -- Symlinking: /home/blade_master/pnx/rmvision/install/rm_vision_bringup/share/rm_vision_bringup/config/camera_info.yaml
[1.164s] -- Symlinking: /home/blade_master/pnx/rmvision/install/rm_vision_bringup/share/rm_vision_bringup/config/launch_params.yaml
[1.170s] -- Symlinking: /home/blade_master/pnx/rmvision/install/rm_vision_bringup/share/rm_vision_bringup/config/node_params.yaml
[1.176s] -- Symlinking: /home/blade_master/pnx/rmvision/install/rm_vision_bringup/share/ament_index/resource_index/package_run_dependencies/rm_vision_bringup
[1.182s] -- Symlinking: /home/blade_master/pnx/rmvision/install/rm_vision_bringup/share/ament_index/resource_index/parent_prefix_path/rm_vision_bringup
[1.187s] -- Symlinking: /home/blade_master/pnx/rmvision/install/rm_vision_bringup/share/rm_vision_bringup/environment/ament_prefix_path.sh
[1.192s] -- Symlinking: /home/blade_master/pnx/rmvision/install/rm_vision_bringup/share/rm_vision_bringup/environment/ament_prefix_path.dsv
[1.199s] -- Symlinking: /home/blade_master/pnx/rmvision/install/rm_vision_bringup/share/rm_vision_bringup/environment/path.sh
[1.204s] -- Symlinking: /home/blade_master/pnx/rmvision/install/rm_vision_bringup/share/rm_vision_bringup/environment/path.dsv
[1.209s] -- Symlinking: /home/blade_master/pnx/rmvision/install/rm_vision_bringup/share/rm_vision_bringup/local_setup.bash
[1.215s] -- Symlinking: /home/blade_master/pnx/rmvision/install/rm_vision_bringup/share/rm_vision_bringup/local_setup.sh
[1.220s] -- Symlinking: /home/blade_master/pnx/rmvision/install/rm_vision_bringup/share/rm_vision_bringup/local_setup.zsh
[1.226s] -- Symlinking: /home/blade_master/pnx/rmvision/install/rm_vision_bringup/share/rm_vision_bringup/local_setup.dsv
[1.231s] -- Symlinking: /home/blade_master/pnx/rmvision/install/rm_vision_bringup/share/rm_vision_bringup/package.dsv
[1.237s] -- Symlinking: /home/blade_master/pnx/rmvision/install/rm_vision_bringup/share/ament_index/resource_index/packages/rm_vision_bringup
[1.242s] -- Symlinking: /home/blade_master/pnx/rmvision/install/rm_vision_bringup/share/rm_vision_bringup/cmake/rm_vision_bringupConfig.cmake
[1.247s] -- Symlinking: /home/blade_master/pnx/rmvision/install/rm_vision_bringup/share/rm_vision_bringup/cmake/rm_vision_bringupConfig-version.cmake
[1.252s] -- Symlinking: /home/blade_master/pnx/rmvision/install/rm_vision_bringup/share/rm_vision_bringup/package.xml
[1.259s] Invoked command in '/home/blade_master/pnx/rmvision/build/rm_vision_bringup' returned '0': CMAKE_PREFIX_PATH=/home/blade_master/pnx/rmvision/install/rm_auto_aim_dart:/home/blade_master/pnx/rmvision/install/rm_serial_driver:/home/blade_master/pnx/rmvision/install/light_detector:/home/blade_master/pnx/rmvision/install/video_reader:/home/blade_master/pnx/rmvision/install/rm_gimbal_description:/home/blade_master/pnx/rmvision/install/hik_camera:/home/blade_master/pnx/rmvision/install/auto_aim_interfaces:/home/blade_master/pnx/rmvision/install/rm_vision_bringup:/opt/ros/humble LD_LIBRARY_PATH=/home/blade_master/pnx/rmvision/install/rm_serial_driver/lib:/home/blade_master/pnx/rmvision/install/light_detector/lib:/home/blade_master/pnx/rmvision/install/video_reader/lib:/home/blade_master/pnx/rmvision/install/hik_camera/lib:/home/blade_master/pnx/rmvision/install/auto_aim_interfaces/lib:/opt/MVS/lib/64:/opt/MVS/lib/32:/opt/MVS/lib/64:/opt/MVS/lib/32:/opt/MVS/lib/64:/opt/MVS/lib/32:/opt/ros/humble/opt/rviz_ogre_vendor/lib:/opt/ros/humble/lib/x86_64-linux-gnu:/opt/ros/humble/lib:/opt/MVS/lib/64:/opt/MVS/lib/32 /usr/bin/cmake --install /home/blade_master/pnx/rmvision/build/rm_vision_bringup
