[0.456s] Invoking command in '/home/blade_master/pnx/rmvision/build/rm_vision_bringup': CMAKE_PREFIX_PATH=/home/blade_master/pnx/rmvision/install/rm_auto_aim_dart:/home/blade_master/pnx/rmvision/install/rm_serial_driver:/home/blade_master/pnx/rmvision/install/light_detector:/home/blade_master/pnx/rmvision/install/video_reader:/home/blade_master/pnx/rmvision/install/rm_gimbal_description:/home/blade_master/pnx/rmvision/install/hik_camera:/home/blade_master/pnx/rmvision/install/auto_aim_interfaces:/home/blade_master/pnx/rmvision/install/rm_vision_bringup:/opt/ros/humble LD_LIBRARY_PATH=/home/blade_master/pnx/rmvision/install/rm_serial_driver/lib:/home/blade_master/pnx/rmvision/install/light_detector/lib:/home/blade_master/pnx/rmvision/install/video_reader/lib:/home/blade_master/pnx/rmvision/install/hik_camera/lib:/home/blade_master/pnx/rmvision/install/auto_aim_interfaces/lib:/opt/MVS/lib/64:/opt/MVS/lib/32:/opt/MVS/lib/64:/opt/MVS/lib/32:/opt/MVS/lib/64:/opt/MVS/lib/32:/opt/ros/humble/opt/rviz_ogre_vendor/lib:/opt/ros/humble/lib/x86_64-linux-gnu:/opt/ros/humble/lib:/opt/MVS/lib/64:/opt/MVS/lib/32 /usr/bin/cmake /home/blade_master/pnx/rmvision/src/vision_bringup/rm_vision_bringup -DAMENT_CMAKE_SYMLINK_INSTALL=1 -DCMAKE_INSTALL_PREFIX=/home/blade_master/pnx/rmvision/install/rm_vision_bringup
[0.596s] -- The C compiler identification is GNU 11.4.0
[1.066s] -- The CXX compiler identification is GNU 11.4.0
[1.379s] -- Detecting C compiler ABI info
[1.542s] -- Detecting C compiler ABI info - done
[1.551s] -- Check for working C compiler: /usr/bin/cc - skipped
[1.552s] -- Detecting C compile features
[1.552s] -- Detecting C compile features - done
[1.557s] -- Detecting CXX compiler ABI info
[1.733s] -- Detecting CXX compiler ABI info - done
[1.743s] -- Check for working CXX compiler: /usr/bin/c++ - skipped
[1.743s] -- Detecting CXX compile features
[1.744s] -- Detecting CXX compile features - done
[1.746s] -- Found ament_cmake_auto: 1.3.11 (/opt/ros/humble/share/ament_cmake_auto/cmake)
[1.960s] -- Found Python3: /usr/bin/python3 (found version "3.10.12") found components: Interpreter 
[2.070s] -- Override CMake install command with custom implementation using symlinks instead of copying resources
[2.106s] -- Found ament_lint_auto: 0.12.12 (/opt/ros/humble/share/ament_lint_auto/cmake)
[2.218s] -- Configuring done
[2.221s] -- Generating done
[2.224s] -- Build files have been written to: /home/blade_master/pnx/rmvision/build/rm_vision_bringup
[2.230s] Invoked command in '/home/blade_master/pnx/rmvision/build/rm_vision_bringup' returned '0': CMAKE_PREFIX_PATH=/home/blade_master/pnx/rmvision/install/rm_auto_aim_dart:/home/blade_master/pnx/rmvision/install/rm_serial_driver:/home/blade_master/pnx/rmvision/install/light_detector:/home/blade_master/pnx/rmvision/install/video_reader:/home/blade_master/pnx/rmvision/install/rm_gimbal_description:/home/blade_master/pnx/rmvision/install/hik_camera:/home/blade_master/pnx/rmvision/install/auto_aim_interfaces:/home/blade_master/pnx/rmvision/install/rm_vision_bringup:/opt/ros/humble LD_LIBRARY_PATH=/home/blade_master/pnx/rmvision/install/rm_serial_driver/lib:/home/blade_master/pnx/rmvision/install/light_detector/lib:/home/blade_master/pnx/rmvision/install/video_reader/lib:/home/blade_master/pnx/rmvision/install/hik_camera/lib:/home/blade_master/pnx/rmvision/install/auto_aim_interfaces/lib:/opt/MVS/lib/64:/opt/MVS/lib/32:/opt/MVS/lib/64:/opt/MVS/lib/32:/opt/MVS/lib/64:/opt/MVS/lib/32:/opt/ros/humble/opt/rviz_ogre_vendor/lib:/opt/ros/humble/lib/x86_64-linux-gnu:/opt/ros/humble/lib:/opt/MVS/lib/64:/opt/MVS/lib/32 /usr/bin/cmake /home/blade_master/pnx/rmvision/src/vision_bringup/rm_vision_bringup -DAMENT_CMAKE_SYMLINK_INSTALL=1 -DCMAKE_INSTALL_PREFIX=/home/blade_master/pnx/rmvision/install/rm_vision_bringup
[2.233s] Invoking command in '/home/blade_master/pnx/rmvision/build/rm_vision_bringup': CMAKE_PREFIX_PATH=/home/blade_master/pnx/rmvision/install/rm_auto_aim_dart:/home/blade_master/pnx/rmvision/install/rm_serial_driver:/home/blade_master/pnx/rmvision/install/light_detector:/home/blade_master/pnx/rmvision/install/video_reader:/home/blade_master/pnx/rmvision/install/rm_gimbal_description:/home/blade_master/pnx/rmvision/install/hik_camera:/home/blade_master/pnx/rmvision/install/auto_aim_interfaces:/home/blade_master/pnx/rmvision/install/rm_vision_bringup:/opt/ros/humble LD_LIBRARY_PATH=/home/blade_master/pnx/rmvision/install/rm_serial_driver/lib:/home/blade_master/pnx/rmvision/install/light_detector/lib:/home/blade_master/pnx/rmvision/install/video_reader/lib:/home/blade_master/pnx/rmvision/install/hik_camera/lib:/home/blade_master/pnx/rmvision/install/auto_aim_interfaces/lib:/opt/MVS/lib/64:/opt/MVS/lib/32:/opt/MVS/lib/64:/opt/MVS/lib/32:/opt/MVS/lib/64:/opt/MVS/lib/32:/opt/ros/humble/opt/rviz_ogre_vendor/lib:/opt/ros/humble/lib/x86_64-linux-gnu:/opt/ros/humble/lib:/opt/MVS/lib/64:/opt/MVS/lib/32 /usr/bin/cmake --build /home/blade_master/pnx/rmvision/build/rm_vision_bringup -- -j22 -l22
[2.273s] Invoked command in '/home/blade_master/pnx/rmvision/build/rm_vision_bringup' returned '0': CMAKE_PREFIX_PATH=/home/blade_master/pnx/rmvision/install/rm_auto_aim_dart:/home/blade_master/pnx/rmvision/install/rm_serial_driver:/home/blade_master/pnx/rmvision/install/light_detector:/home/blade_master/pnx/rmvision/install/video_reader:/home/blade_master/pnx/rmvision/install/rm_gimbal_description:/home/blade_master/pnx/rmvision/install/hik_camera:/home/blade_master/pnx/rmvision/install/auto_aim_interfaces:/home/blade_master/pnx/rmvision/install/rm_vision_bringup:/opt/ros/humble LD_LIBRARY_PATH=/home/blade_master/pnx/rmvision/install/rm_serial_driver/lib:/home/blade_master/pnx/rmvision/install/light_detector/lib:/home/blade_master/pnx/rmvision/install/video_reader/lib:/home/blade_master/pnx/rmvision/install/hik_camera/lib:/home/blade_master/pnx/rmvision/install/auto_aim_interfaces/lib:/opt/MVS/lib/64:/opt/MVS/lib/32:/opt/MVS/lib/64:/opt/MVS/lib/32:/opt/MVS/lib/64:/opt/MVS/lib/32:/opt/ros/humble/opt/rviz_ogre_vendor/lib:/opt/ros/humble/lib/x86_64-linux-gnu:/opt/ros/humble/lib:/opt/MVS/lib/64:/opt/MVS/lib/32 /usr/bin/cmake --build /home/blade_master/pnx/rmvision/build/rm_vision_bringup -- -j22 -l22
[2.276s] Invoking command in '/home/blade_master/pnx/rmvision/build/rm_vision_bringup': CMAKE_PREFIX_PATH=/home/blade_master/pnx/rmvision/install/rm_auto_aim_dart:/home/blade_master/pnx/rmvision/install/rm_serial_driver:/home/blade_master/pnx/rmvision/install/light_detector:/home/blade_master/pnx/rmvision/install/video_reader:/home/blade_master/pnx/rmvision/install/rm_gimbal_description:/home/blade_master/pnx/rmvision/install/hik_camera:/home/blade_master/pnx/rmvision/install/auto_aim_interfaces:/home/blade_master/pnx/rmvision/install/rm_vision_bringup:/opt/ros/humble LD_LIBRARY_PATH=/home/blade_master/pnx/rmvision/install/rm_serial_driver/lib:/home/blade_master/pnx/rmvision/install/light_detector/lib:/home/blade_master/pnx/rmvision/install/video_reader/lib:/home/blade_master/pnx/rmvision/install/hik_camera/lib:/home/blade_master/pnx/rmvision/install/auto_aim_interfaces/lib:/opt/MVS/lib/64:/opt/MVS/lib/32:/opt/MVS/lib/64:/opt/MVS/lib/32:/opt/MVS/lib/64:/opt/MVS/lib/32:/opt/ros/humble/opt/rviz_ogre_vendor/lib:/opt/ros/humble/lib/x86_64-linux-gnu:/opt/ros/humble/lib:/opt/MVS/lib/64:/opt/MVS/lib/32 /usr/bin/cmake --install /home/blade_master/pnx/rmvision/build/rm_vision_bringup
[2.287s] -- Install configuration: ""
[2.288s] -- Execute custom install script
[2.290s] -- Symlinking: /home/blade_master/pnx/rmvision/install/rm_vision_bringup/share/rm_vision_bringup/launch/common.py
[2.300s] -- Symlinking: /home/blade_master/pnx/rmvision/install/rm_vision_bringup/share/rm_vision_bringup/launch/no_hardware.launch.py
[2.309s] -- Symlinking: /home/blade_master/pnx/rmvision/install/rm_vision_bringup/share/rm_vision_bringup/launch/vision_bringup.launch.py
[2.323s] -- Symlinking: /home/blade_master/pnx/rmvision/install/rm_vision_bringup/share/rm_vision_bringup/config/camera_info.yaml
[2.332s] -- Symlinking: /home/blade_master/pnx/rmvision/install/rm_vision_bringup/share/rm_vision_bringup/config/launch_params.yaml
[2.341s] -- Symlinking: /home/blade_master/pnx/rmvision/install/rm_vision_bringup/share/rm_vision_bringup/config/node_params.yaml
[2.352s] -- Symlinking: /home/blade_master/pnx/rmvision/install/rm_vision_bringup/share/ament_index/resource_index/package_run_dependencies/rm_vision_bringup
[2.363s] -- Symlinking: /home/blade_master/pnx/rmvision/install/rm_vision_bringup/share/ament_index/resource_index/parent_prefix_path/rm_vision_bringup
[2.373s] -- Symlinking: /home/blade_master/pnx/rmvision/install/rm_vision_bringup/share/rm_vision_bringup/environment/ament_prefix_path.sh
[2.383s] -- Symlinking: /home/blade_master/pnx/rmvision/install/rm_vision_bringup/share/rm_vision_bringup/environment/ament_prefix_path.dsv
[2.395s] -- Symlinking: /home/blade_master/pnx/rmvision/install/rm_vision_bringup/share/rm_vision_bringup/environment/path.sh
[2.408s] -- Symlinking: /home/blade_master/pnx/rmvision/install/rm_vision_bringup/share/rm_vision_bringup/environment/path.dsv
[2.418s] -- Symlinking: /home/blade_master/pnx/rmvision/install/rm_vision_bringup/share/rm_vision_bringup/local_setup.bash
[2.428s] -- Symlinking: /home/blade_master/pnx/rmvision/install/rm_vision_bringup/share/rm_vision_bringup/local_setup.sh
[2.442s] -- Symlinking: /home/blade_master/pnx/rmvision/install/rm_vision_bringup/share/rm_vision_bringup/local_setup.zsh
[2.452s] -- Symlinking: /home/blade_master/pnx/rmvision/install/rm_vision_bringup/share/rm_vision_bringup/local_setup.dsv
[2.466s] -- Symlinking: /home/blade_master/pnx/rmvision/install/rm_vision_bringup/share/rm_vision_bringup/package.dsv
[2.474s] -- Symlinking: /home/blade_master/pnx/rmvision/install/rm_vision_bringup/share/ament_index/resource_index/packages/rm_vision_bringup
[2.486s] -- Symlinking: /home/blade_master/pnx/rmvision/install/rm_vision_bringup/share/rm_vision_bringup/cmake/rm_vision_bringupConfig.cmake
[2.496s] -- Symlinking: /home/blade_master/pnx/rmvision/install/rm_vision_bringup/share/rm_vision_bringup/cmake/rm_vision_bringupConfig-version.cmake
[2.507s] -- Symlinking: /home/blade_master/pnx/rmvision/install/rm_vision_bringup/share/rm_vision_bringup/package.xml
[2.519s] Invoked command in '/home/blade_master/pnx/rmvision/build/rm_vision_bringup' returned '0': CMAKE_PREFIX_PATH=/home/blade_master/pnx/rmvision/install/rm_auto_aim_dart:/home/blade_master/pnx/rmvision/install/rm_serial_driver:/home/blade_master/pnx/rmvision/install/light_detector:/home/blade_master/pnx/rmvision/install/video_reader:/home/blade_master/pnx/rmvision/install/rm_gimbal_description:/home/blade_master/pnx/rmvision/install/hik_camera:/home/blade_master/pnx/rmvision/install/auto_aim_interfaces:/home/blade_master/pnx/rmvision/install/rm_vision_bringup:/opt/ros/humble LD_LIBRARY_PATH=/home/blade_master/pnx/rmvision/install/rm_serial_driver/lib:/home/blade_master/pnx/rmvision/install/light_detector/lib:/home/blade_master/pnx/rmvision/install/video_reader/lib:/home/blade_master/pnx/rmvision/install/hik_camera/lib:/home/blade_master/pnx/rmvision/install/auto_aim_interfaces/lib:/opt/MVS/lib/64:/opt/MVS/lib/32:/opt/MVS/lib/64:/opt/MVS/lib/32:/opt/MVS/lib/64:/opt/MVS/lib/32:/opt/ros/humble/opt/rviz_ogre_vendor/lib:/opt/ros/humble/lib/x86_64-linux-gnu:/opt/ros/humble/lib:/opt/MVS/lib/64:/opt/MVS/lib/32 /usr/bin/cmake --install /home/blade_master/pnx/rmvision/build/rm_vision_bringup
