[0.039s] Invoking command in '/home/blade_master/pnx/rmvision/build/auto_aim_interfaces': CMAKE_PREFIX_PATH=/opt/ros/humble /usr/bin/cmake --build /home/blade_master/pnx/rmvision/build/auto_aim_interfaces -- -j22 -l22
[0.109s] [35m[1mConsolidate compiler generated dependencies of target auto_aim_interfaces__rosidl_generator_c[0m
[0.118s] [  1%] Built target auto_aim_interfaces__cpp
[0.118s] [  1%] Built target ament_cmake_python_symlink_auto_aim_interfaces
[0.131s] [ 12%] Built target auto_aim_interfaces__rosidl_generator_c
[0.140s] [35m[1mConsolidate compiler generated dependencies of target auto_aim_interfaces__rosidl_typesupport_introspection_cpp[0m
[0.155s] [35m[1mConsolidate compiler generated dependencies of target auto_aim_interfaces__rosidl_typesupport_cpp[0m
[0.198s] [ 23%] Built target auto_aim_interfaces__rosidl_typesupport_cpp
[0.199s] [ 34%] Built target auto_aim_interfaces__rosidl_typesupport_introspection_cpp
[0.199s] [35m[1mConsolidate compiler generated dependencies of target auto_aim_interfaces__rosidl_typesupport_fastrtps_cpp[0m
[0.213s] [35m[1mConsolidate compiler generated dependencies of target auto_aim_interfaces__rosidl_typesupport_fastrtps_c[0m
[0.214s] [35m[1mConsolidate compiler generated dependencies of target auto_aim_interfaces__rosidl_typesupport_c[0m
[0.214s] [35m[1mConsolidate compiler generated dependencies of target auto_aim_interfaces__rosidl_typesupport_introspection_c[0m
[0.233s] [ 46%] Built target auto_aim_interfaces__rosidl_typesupport_fastrtps_cpp
[0.238s] [ 57%] Built target auto_aim_interfaces__rosidl_typesupport_fastrtps_c
[0.243s] [ 68%] Built target auto_aim_interfaces__rosidl_typesupport_introspection_c
[0.265s] [ 79%] Built target auto_aim_interfaces__rosidl_typesupport_c
[0.304s] [ 79%] Built target auto_aim_interfaces
[0.335s] [ 80%] Built target auto_aim_interfaces__py
[0.357s] [35m[1mConsolidate compiler generated dependencies of target auto_aim_interfaces__rosidl_generator_py[0m
[0.369s] [ 90%] Built target auto_aim_interfaces__rosidl_generator_py
[0.379s] [35m[1mConsolidate compiler generated dependencies of target auto_aim_interfaces__rosidl_typesupport_introspection_c__pyext[0m
[0.379s] [35m[1mConsolidate compiler generated dependencies of target auto_aim_interfaces__rosidl_typesupport_c__pyext[0m
[0.392s] [35m[1mConsolidate compiler generated dependencies of target auto_aim_interfaces__rosidl_typesupport_fastrtps_c__pyext[0m
[0.393s] [ 93%] Built target auto_aim_interfaces__rosidl_typesupport_introspection_c__pyext
[0.399s] [100%] Built target auto_aim_interfaces__rosidl_typesupport_c__pyext
[0.399s] [100%] Built target auto_aim_interfaces__rosidl_typesupport_fastrtps_c__pyext
[0.421s] running egg_info
[0.422s] writing auto_aim_interfaces.egg-info/PKG-INFO
[0.422s] writing dependency_links to auto_aim_interfaces.egg-info/dependency_links.txt
[0.422s] writing top-level names to auto_aim_interfaces.egg-info/top_level.txt
[0.425s] reading manifest file 'auto_aim_interfaces.egg-info/SOURCES.txt'
[0.426s] writing manifest file 'auto_aim_interfaces.egg-info/SOURCES.txt'
[0.457s] [100%] Built target ament_cmake_python_build_auto_aim_interfaces_egg
[0.467s] Invoked command in '/home/blade_master/pnx/rmvision/build/auto_aim_interfaces' returned '0': CMAKE_PREFIX_PATH=/opt/ros/humble /usr/bin/cmake --build /home/blade_master/pnx/rmvision/build/auto_aim_interfaces -- -j22 -l22
[0.470s] Invoking command in '/home/blade_master/pnx/rmvision/build/auto_aim_interfaces': CMAKE_PREFIX_PATH=/opt/ros/humble /usr/bin/cmake --install /home/blade_master/pnx/rmvision/build/auto_aim_interfaces
[0.476s] -- Install configuration: ""
[0.478s] -- Execute custom install script
[0.478s] -- Up-to-date symlink: /home/blade_master/pnx/rmvision/install/auto_aim_interfaces/share/ament_index/resource_index/rosidl_interfaces/auto_aim_interfaces
[0.479s] -- Up-to-date symlink: /home/blade_master/pnx/rmvision/install/auto_aim_interfaces/include/auto_aim_interfaces/auto_aim_interfaces/msg/debug_light.h
[0.480s] -- Up-to-date symlink: /home/blade_master/pnx/rmvision/install/auto_aim_interfaces/include/auto_aim_interfaces/auto_aim_interfaces/msg/debug_lights.h
[0.480s] -- Up-to-date symlink: /home/blade_master/pnx/rmvision/install/auto_aim_interfaces/include/auto_aim_interfaces/auto_aim_interfaces/msg/detail/debug_light__functions.h
[0.480s] -- Up-to-date symlink: /home/blade_master/pnx/rmvision/install/auto_aim_interfaces/include/auto_aim_interfaces/auto_aim_interfaces/msg/detail/debug_light__struct.h
[0.480s] -- Up-to-date symlink: /home/blade_master/pnx/rmvision/install/auto_aim_interfaces/include/auto_aim_interfaces/auto_aim_interfaces/msg/detail/debug_light__type_support.h
[0.481s] -- Up-to-date symlink: /home/blade_master/pnx/rmvision/install/auto_aim_interfaces/include/auto_aim_interfaces/auto_aim_interfaces/msg/detail/debug_lights__functions.h
[0.481s] -- Up-to-date symlink: /home/blade_master/pnx/rmvision/install/auto_aim_interfaces/include/auto_aim_interfaces/auto_aim_interfaces/msg/detail/debug_lights__struct.h
[0.481s] -- Up-to-date symlink: /home/blade_master/pnx/rmvision/install/auto_aim_interfaces/include/auto_aim_interfaces/auto_aim_interfaces/msg/detail/debug_lights__type_support.h
[0.481s] -- Up-to-date symlink: /home/blade_master/pnx/rmvision/install/auto_aim_interfaces/include/auto_aim_interfaces/auto_aim_interfaces/msg/detail/light__functions.h
[0.481s] -- Up-to-date symlink: /home/blade_master/pnx/rmvision/install/auto_aim_interfaces/include/auto_aim_interfaces/auto_aim_interfaces/msg/detail/light__struct.h
[0.481s] -- Up-to-date symlink: /home/blade_master/pnx/rmvision/install/auto_aim_interfaces/include/auto_aim_interfaces/auto_aim_interfaces/msg/detail/light__type_support.h
[0.482s] -- Up-to-date symlink: /home/blade_master/pnx/rmvision/install/auto_aim_interfaces/include/auto_aim_interfaces/auto_aim_interfaces/msg/detail/lights__functions.h
[0.482s] -- Up-to-date symlink: /home/blade_master/pnx/rmvision/install/auto_aim_interfaces/include/auto_aim_interfaces/auto_aim_interfaces/msg/detail/lights__struct.h
[0.482s] -- Up-to-date symlink: /home/blade_master/pnx/rmvision/install/auto_aim_interfaces/include/auto_aim_interfaces/auto_aim_interfaces/msg/detail/lights__type_support.h
[0.482s] -- Up-to-date symlink: /home/blade_master/pnx/rmvision/install/auto_aim_interfaces/include/auto_aim_interfaces/auto_aim_interfaces/msg/detail/send__functions.h
[0.482s] -- Up-to-date symlink: /home/blade_master/pnx/rmvision/install/auto_aim_interfaces/include/auto_aim_interfaces/auto_aim_interfaces/msg/detail/send__struct.h
[0.483s] -- Up-to-date symlink: /home/blade_master/pnx/rmvision/install/auto_aim_interfaces/include/auto_aim_interfaces/auto_aim_interfaces/msg/detail/send__type_support.h
[0.483s] -- Up-to-date symlink: /home/blade_master/pnx/rmvision/install/auto_aim_interfaces/include/auto_aim_interfaces/auto_aim_interfaces/msg/light.h
[0.483s] -- Up-to-date symlink: /home/blade_master/pnx/rmvision/install/auto_aim_interfaces/include/auto_aim_interfaces/auto_aim_interfaces/msg/lights.h
[0.483s] -- Up-to-date symlink: /home/blade_master/pnx/rmvision/install/auto_aim_interfaces/include/auto_aim_interfaces/auto_aim_interfaces/msg/rosidl_generator_c__visibility_control.h
[0.483s] -- Up-to-date symlink: /home/blade_master/pnx/rmvision/install/auto_aim_interfaces/include/auto_aim_interfaces/auto_aim_interfaces/msg/send.h
[0.483s] -- Up-to-date symlink: /home/blade_master/pnx/rmvision/install/auto_aim_interfaces/share/auto_aim_interfaces/environment/library_path.sh
[0.483s] -- Up-to-date symlink: /home/blade_master/pnx/rmvision/install/auto_aim_interfaces/share/auto_aim_interfaces/environment/library_path.dsv
[0.484s] -- Up-to-date symlink: /home/blade_master/pnx/rmvision/install/auto_aim_interfaces/include/auto_aim_interfaces/auto_aim_interfaces/msg/detail/debug_light__rosidl_typesupport_fastrtps_c.h
[0.484s] -- Up-to-date symlink: /home/blade_master/pnx/rmvision/install/auto_aim_interfaces/include/auto_aim_interfaces/auto_aim_interfaces/msg/detail/debug_lights__rosidl_typesupport_fastrtps_c.h
[0.484s] -- Up-to-date symlink: /home/blade_master/pnx/rmvision/install/auto_aim_interfaces/include/auto_aim_interfaces/auto_aim_interfaces/msg/detail/light__rosidl_typesupport_fastrtps_c.h
[0.484s] -- Up-to-date symlink: /home/blade_master/pnx/rmvision/install/auto_aim_interfaces/include/auto_aim_interfaces/auto_aim_interfaces/msg/detail/lights__rosidl_typesupport_fastrtps_c.h
[0.484s] -- Up-to-date symlink: /home/blade_master/pnx/rmvision/install/auto_aim_interfaces/include/auto_aim_interfaces/auto_aim_interfaces/msg/detail/send__rosidl_typesupport_fastrtps_c.h
[0.485s] -- Up-to-date symlink: /home/blade_master/pnx/rmvision/install/auto_aim_interfaces/include/auto_aim_interfaces/auto_aim_interfaces/msg/rosidl_typesupport_fastrtps_c__visibility_control.h
[0.485s] -- Up-to-date symlink: /home/blade_master/pnx/rmvision/install/auto_aim_interfaces/include/auto_aim_interfaces/auto_aim_interfaces/msg/detail/debug_light__rosidl_typesupport_introspection_c.h
[0.485s] -- Up-to-date symlink: /home/blade_master/pnx/rmvision/install/auto_aim_interfaces/include/auto_aim_interfaces/auto_aim_interfaces/msg/detail/debug_lights__rosidl_typesupport_introspection_c.h
[0.486s] -- Up-to-date symlink: /home/blade_master/pnx/rmvision/install/auto_aim_interfaces/include/auto_aim_interfaces/auto_aim_interfaces/msg/detail/light__rosidl_typesupport_introspection_c.h
[0.486s] -- Up-to-date symlink: /home/blade_master/pnx/rmvision/install/auto_aim_interfaces/include/auto_aim_interfaces/auto_aim_interfaces/msg/detail/lights__rosidl_typesupport_introspection_c.h
[0.486s] -- Up-to-date symlink: /home/blade_master/pnx/rmvision/install/auto_aim_interfaces/include/auto_aim_interfaces/auto_aim_interfaces/msg/detail/send__rosidl_typesupport_introspection_c.h
[0.486s] -- Up-to-date symlink: /home/blade_master/pnx/rmvision/install/auto_aim_interfaces/include/auto_aim_interfaces/auto_aim_interfaces/msg/rosidl_typesupport_introspection_c__visibility_control.h
[0.486s] -- Up-to-date symlink: /home/blade_master/pnx/rmvision/install/auto_aim_interfaces/include/auto_aim_interfaces/auto_aim_interfaces/msg/debug_light.hpp
[0.486s] -- Up-to-date symlink: /home/blade_master/pnx/rmvision/install/auto_aim_interfaces/include/auto_aim_interfaces/auto_aim_interfaces/msg/debug_lights.hpp
[0.486s] -- Up-to-date symlink: /home/blade_master/pnx/rmvision/install/auto_aim_interfaces/include/auto_aim_interfaces/auto_aim_interfaces/msg/detail/debug_light__builder.hpp
[0.486s] -- Up-to-date symlink: /home/blade_master/pnx/rmvision/install/auto_aim_interfaces/include/auto_aim_interfaces/auto_aim_interfaces/msg/detail/debug_light__struct.hpp
[0.486s] -- Up-to-date symlink: /home/blade_master/pnx/rmvision/install/auto_aim_interfaces/include/auto_aim_interfaces/auto_aim_interfaces/msg/detail/debug_light__traits.hpp
[0.487s] -- Up-to-date symlink: /home/blade_master/pnx/rmvision/install/auto_aim_interfaces/include/auto_aim_interfaces/auto_aim_interfaces/msg/detail/debug_light__type_support.hpp
[0.487s] -- Up-to-date symlink: /home/blade_master/pnx/rmvision/install/auto_aim_interfaces/include/auto_aim_interfaces/auto_aim_interfaces/msg/detail/debug_lights__builder.hpp
[0.487s] -- Up-to-date symlink: /home/blade_master/pnx/rmvision/install/auto_aim_interfaces/include/auto_aim_interfaces/auto_aim_interfaces/msg/detail/debug_lights__struct.hpp
[0.487s] -- Up-to-date symlink: /home/blade_master/pnx/rmvision/install/auto_aim_interfaces/include/auto_aim_interfaces/auto_aim_interfaces/msg/detail/debug_lights__traits.hpp
[0.487s] -- Up-to-date symlink: /home/blade_master/pnx/rmvision/install/auto_aim_interfaces/include/auto_aim_interfaces/auto_aim_interfaces/msg/detail/debug_lights__type_support.hpp
[0.487s] -- Up-to-date symlink: /home/blade_master/pnx/rmvision/install/auto_aim_interfaces/include/auto_aim_interfaces/auto_aim_interfaces/msg/detail/light__builder.hpp
[0.487s] -- Up-to-date symlink: /home/blade_master/pnx/rmvision/install/auto_aim_interfaces/include/auto_aim_interfaces/auto_aim_interfaces/msg/detail/light__struct.hpp
[0.488s] -- Up-to-date symlink: /home/blade_master/pnx/rmvision/install/auto_aim_interfaces/include/auto_aim_interfaces/auto_aim_interfaces/msg/detail/light__traits.hpp
[0.488s] -- Up-to-date symlink: /home/blade_master/pnx/rmvision/install/auto_aim_interfaces/include/auto_aim_interfaces/auto_aim_interfaces/msg/detail/light__type_support.hpp
[0.488s] -- Up-to-date symlink: /home/blade_master/pnx/rmvision/install/auto_aim_interfaces/include/auto_aim_interfaces/auto_aim_interfaces/msg/detail/lights__builder.hpp
[0.488s] -- Up-to-date symlink: /home/blade_master/pnx/rmvision/install/auto_aim_interfaces/include/auto_aim_interfaces/auto_aim_interfaces/msg/detail/lights__struct.hpp
[0.488s] -- Up-to-date symlink: /home/blade_master/pnx/rmvision/install/auto_aim_interfaces/include/auto_aim_interfaces/auto_aim_interfaces/msg/detail/lights__traits.hpp
[0.488s] -- Up-to-date symlink: /home/blade_master/pnx/rmvision/install/auto_aim_interfaces/include/auto_aim_interfaces/auto_aim_interfaces/msg/detail/lights__type_support.hpp
[0.488s] -- Up-to-date symlink: /home/blade_master/pnx/rmvision/install/auto_aim_interfaces/include/auto_aim_interfaces/auto_aim_interfaces/msg/detail/send__builder.hpp
[0.488s] -- Up-to-date symlink: /home/blade_master/pnx/rmvision/install/auto_aim_interfaces/include/auto_aim_interfaces/auto_aim_interfaces/msg/detail/send__struct.hpp
[0.489s] -- Up-to-date symlink: /home/blade_master/pnx/rmvision/install/auto_aim_interfaces/include/auto_aim_interfaces/auto_aim_interfaces/msg/detail/send__traits.hpp
[0.489s] -- Up-to-date symlink: /home/blade_master/pnx/rmvision/install/auto_aim_interfaces/include/auto_aim_interfaces/auto_aim_interfaces/msg/detail/send__type_support.hpp
[0.489s] -- Up-to-date symlink: /home/blade_master/pnx/rmvision/install/auto_aim_interfaces/include/auto_aim_interfaces/auto_aim_interfaces/msg/light.hpp
[0.489s] -- Up-to-date symlink: /home/blade_master/pnx/rmvision/install/auto_aim_interfaces/include/auto_aim_interfaces/auto_aim_interfaces/msg/lights.hpp
[0.489s] -- Up-to-date symlink: /home/blade_master/pnx/rmvision/install/auto_aim_interfaces/include/auto_aim_interfaces/auto_aim_interfaces/msg/rosidl_generator_cpp__visibility_control.hpp
[0.489s] -- Up-to-date symlink: /home/blade_master/pnx/rmvision/install/auto_aim_interfaces/include/auto_aim_interfaces/auto_aim_interfaces/msg/send.hpp
[0.490s] -- Up-to-date symlink: /home/blade_master/pnx/rmvision/install/auto_aim_interfaces/include/auto_aim_interfaces/auto_aim_interfaces/msg/detail/debug_light__rosidl_typesupport_fastrtps_cpp.hpp
[0.490s] -- Up-to-date symlink: /home/blade_master/pnx/rmvision/install/auto_aim_interfaces/include/auto_aim_interfaces/auto_aim_interfaces/msg/detail/debug_lights__rosidl_typesupport_fastrtps_cpp.hpp
[0.490s] -- Up-to-date symlink: /home/blade_master/pnx/rmvision/install/auto_aim_interfaces/include/auto_aim_interfaces/auto_aim_interfaces/msg/detail/light__rosidl_typesupport_fastrtps_cpp.hpp
[0.490s] -- Up-to-date symlink: /home/blade_master/pnx/rmvision/install/auto_aim_interfaces/include/auto_aim_interfaces/auto_aim_interfaces/msg/detail/lights__rosidl_typesupport_fastrtps_cpp.hpp
[0.490s] -- Up-to-date symlink: /home/blade_master/pnx/rmvision/install/auto_aim_interfaces/include/auto_aim_interfaces/auto_aim_interfaces/msg/detail/send__rosidl_typesupport_fastrtps_cpp.hpp
[0.491s] -- Up-to-date symlink: /home/blade_master/pnx/rmvision/install/auto_aim_interfaces/include/auto_aim_interfaces/auto_aim_interfaces/msg/rosidl_typesupport_fastrtps_cpp__visibility_control.h
[0.491s] -- Up-to-date symlink: /home/blade_master/pnx/rmvision/install/auto_aim_interfaces/include/auto_aim_interfaces/auto_aim_interfaces/msg/detail/debug_light__rosidl_typesupport_introspection_cpp.hpp
[0.491s] -- Up-to-date symlink: /home/blade_master/pnx/rmvision/install/auto_aim_interfaces/include/auto_aim_interfaces/auto_aim_interfaces/msg/detail/debug_lights__rosidl_typesupport_introspection_cpp.hpp
[0.491s] -- Up-to-date symlink: /home/blade_master/pnx/rmvision/install/auto_aim_interfaces/include/auto_aim_interfaces/auto_aim_interfaces/msg/detail/light__rosidl_typesupport_introspection_cpp.hpp
[0.491s] -- Up-to-date symlink: /home/blade_master/pnx/rmvision/install/auto_aim_interfaces/include/auto_aim_interfaces/auto_aim_interfaces/msg/detail/lights__rosidl_typesupport_introspection_cpp.hpp
[0.491s] -- Up-to-date symlink: /home/blade_master/pnx/rmvision/install/auto_aim_interfaces/include/auto_aim_interfaces/auto_aim_interfaces/msg/detail/send__rosidl_typesupport_introspection_cpp.hpp
[0.491s] -- Up-to-date symlink: /home/blade_master/pnx/rmvision/install/auto_aim_interfaces/share/auto_aim_interfaces/environment/pythonpath.sh
[0.491s] -- Up-to-date symlink: /home/blade_master/pnx/rmvision/install/auto_aim_interfaces/share/auto_aim_interfaces/environment/pythonpath.dsv
[0.491s] -- Up-to-date symlink: /home/blade_master/pnx/rmvision/install/auto_aim_interfaces/local/lib/python3.10/dist-packages/auto_aim_interfaces-0.0.0-py3.10.egg-info/PKG-INFO
[0.492s] -- Up-to-date symlink: /home/blade_master/pnx/rmvision/install/auto_aim_interfaces/local/lib/python3.10/dist-packages/auto_aim_interfaces-0.0.0-py3.10.egg-info/SOURCES.txt
[0.492s] -- Up-to-date symlink: /home/blade_master/pnx/rmvision/install/auto_aim_interfaces/local/lib/python3.10/dist-packages/auto_aim_interfaces-0.0.0-py3.10.egg-info/dependency_links.txt
[0.492s] -- Up-to-date symlink: /home/blade_master/pnx/rmvision/install/auto_aim_interfaces/local/lib/python3.10/dist-packages/auto_aim_interfaces-0.0.0-py3.10.egg-info/top_level.txt
[0.492s] -- Up-to-date symlink: /home/blade_master/pnx/rmvision/install/auto_aim_interfaces/local/lib/python3.10/dist-packages/auto_aim_interfaces/__init__.py
[0.492s] -- Up-to-date symlink: /home/blade_master/pnx/rmvision/install/auto_aim_interfaces/local/lib/python3.10/dist-packages/auto_aim_interfaces/_auto_aim_interfaces_s.ep.rosidl_typesupport_c.c
[0.492s] -- Up-to-date symlink: /home/blade_master/pnx/rmvision/install/auto_aim_interfaces/local/lib/python3.10/dist-packages/auto_aim_interfaces/_auto_aim_interfaces_s.ep.rosidl_typesupport_fastrtps_c.c
[0.492s] -- Up-to-date symlink: /home/blade_master/pnx/rmvision/install/auto_aim_interfaces/local/lib/python3.10/dist-packages/auto_aim_interfaces/_auto_aim_interfaces_s.ep.rosidl_typesupport_introspection_c.c
[0.492s] -- Up-to-date symlink: /home/blade_master/pnx/rmvision/install/auto_aim_interfaces/local/lib/python3.10/dist-packages/auto_aim_interfaces/auto_aim_interfaces_s__rosidl_typesupport_c.cpython-310-x86_64-linux-gnu.so
[0.492s] -- Up-to-date symlink: /home/blade_master/pnx/rmvision/install/auto_aim_interfaces/local/lib/python3.10/dist-packages/auto_aim_interfaces/auto_aim_interfaces_s__rosidl_typesupport_fastrtps_c.cpython-310-x86_64-linux-gnu.so
[0.493s] -- Up-to-date symlink: /home/blade_master/pnx/rmvision/install/auto_aim_interfaces/local/lib/python3.10/dist-packages/auto_aim_interfaces/auto_aim_interfaces_s__rosidl_typesupport_introspection_c.cpython-310-x86_64-linux-gnu.so
[0.493s] -- Up-to-date symlink: /home/blade_master/pnx/rmvision/install/auto_aim_interfaces/local/lib/python3.10/dist-packages/auto_aim_interfaces/libauto_aim_interfaces__rosidl_generator_py.so
[0.493s] -- Up-to-date symlink: /home/blade_master/pnx/rmvision/install/auto_aim_interfaces/local/lib/python3.10/dist-packages/auto_aim_interfaces/msg/__init__.py
[0.493s] -- Up-to-date symlink: /home/blade_master/pnx/rmvision/install/auto_aim_interfaces/local/lib/python3.10/dist-packages/auto_aim_interfaces/msg/_debug_light.py
[0.493s] -- Up-to-date symlink: /home/blade_master/pnx/rmvision/install/auto_aim_interfaces/local/lib/python3.10/dist-packages/auto_aim_interfaces/msg/_debug_light_s.c
[0.493s] -- Up-to-date symlink: /home/blade_master/pnx/rmvision/install/auto_aim_interfaces/local/lib/python3.10/dist-packages/auto_aim_interfaces/msg/_debug_lights.py
[0.493s] -- Up-to-date symlink: /home/blade_master/pnx/rmvision/install/auto_aim_interfaces/local/lib/python3.10/dist-packages/auto_aim_interfaces/msg/_debug_lights_s.c
[0.493s] -- Up-to-date symlink: /home/blade_master/pnx/rmvision/install/auto_aim_interfaces/local/lib/python3.10/dist-packages/auto_aim_interfaces/msg/_light.py
[0.494s] -- Up-to-date symlink: /home/blade_master/pnx/rmvision/install/auto_aim_interfaces/local/lib/python3.10/dist-packages/auto_aim_interfaces/msg/_light_s.c
[0.494s] -- Up-to-date symlink: /home/blade_master/pnx/rmvision/install/auto_aim_interfaces/local/lib/python3.10/dist-packages/auto_aim_interfaces/msg/_lights.py
[0.494s] -- Up-to-date symlink: /home/blade_master/pnx/rmvision/install/auto_aim_interfaces/local/lib/python3.10/dist-packages/auto_aim_interfaces/msg/_lights_s.c
[0.494s] -- Up-to-date symlink: /home/blade_master/pnx/rmvision/install/auto_aim_interfaces/local/lib/python3.10/dist-packages/auto_aim_interfaces/msg/_send.py
[0.494s] -- Up-to-date symlink: /home/blade_master/pnx/rmvision/install/auto_aim_interfaces/local/lib/python3.10/dist-packages/auto_aim_interfaces/msg/_send_s.c
[0.494s] -- Up-to-date symlink: /home/blade_master/pnx/rmvision/install/auto_aim_interfaces/local/lib/python3.10/dist-packages/auto_aim_interfaces/auto_aim_interfaces_s__rosidl_typesupport_fastrtps_c.cpython-310-x86_64-linux-gnu.so
[0.494s] -- Up-to-date symlink: /home/blade_master/pnx/rmvision/install/auto_aim_interfaces/local/lib/python3.10/dist-packages/auto_aim_interfaces/auto_aim_interfaces_s__rosidl_typesupport_introspection_c.cpython-310-x86_64-linux-gnu.so
[0.494s] -- Up-to-date symlink: /home/blade_master/pnx/rmvision/install/auto_aim_interfaces/local/lib/python3.10/dist-packages/auto_aim_interfaces/auto_aim_interfaces_s__rosidl_typesupport_c.cpython-310-x86_64-linux-gnu.so
[0.495s] -- Up-to-date symlink: /home/blade_master/pnx/rmvision/install/auto_aim_interfaces/share/auto_aim_interfaces/msg/Light.idl
[0.495s] -- Up-to-date symlink: /home/blade_master/pnx/rmvision/install/auto_aim_interfaces/share/auto_aim_interfaces/msg/Lights.idl
[0.495s] -- Up-to-date symlink: /home/blade_master/pnx/rmvision/install/auto_aim_interfaces/share/auto_aim_interfaces/msg/DebugLight.idl
[0.495s] -- Up-to-date symlink: /home/blade_master/pnx/rmvision/install/auto_aim_interfaces/share/auto_aim_interfaces/msg/DebugLights.idl
[0.495s] -- Up-to-date symlink: /home/blade_master/pnx/rmvision/install/auto_aim_interfaces/share/auto_aim_interfaces/msg/Send.idl
[0.495s] -- Up-to-date symlink: /home/blade_master/pnx/rmvision/install/auto_aim_interfaces/share/auto_aim_interfaces/msg/Light.msg
[0.496s] -- Up-to-date symlink: /home/blade_master/pnx/rmvision/install/auto_aim_interfaces/share/auto_aim_interfaces/msg/Lights.msg
[0.496s] -- Up-to-date symlink: /home/blade_master/pnx/rmvision/install/auto_aim_interfaces/share/auto_aim_interfaces/msg/DebugLight.msg
[0.496s] -- Up-to-date symlink: /home/blade_master/pnx/rmvision/install/auto_aim_interfaces/share/auto_aim_interfaces/msg/DebugLights.msg
[0.496s] -- Up-to-date symlink: /home/blade_master/pnx/rmvision/install/auto_aim_interfaces/share/auto_aim_interfaces/msg/Send.msg
[0.496s] -- Up-to-date symlink: /home/blade_master/pnx/rmvision/install/auto_aim_interfaces/share/ament_index/resource_index/package_run_dependencies/auto_aim_interfaces
[0.496s] -- Up-to-date symlink: /home/blade_master/pnx/rmvision/install/auto_aim_interfaces/share/ament_index/resource_index/parent_prefix_path/auto_aim_interfaces
[0.496s] -- Up-to-date symlink: /home/blade_master/pnx/rmvision/install/auto_aim_interfaces/share/auto_aim_interfaces/environment/ament_prefix_path.sh
[0.496s] -- Up-to-date symlink: /home/blade_master/pnx/rmvision/install/auto_aim_interfaces/share/auto_aim_interfaces/environment/ament_prefix_path.dsv
[0.496s] -- Up-to-date symlink: /home/blade_master/pnx/rmvision/install/auto_aim_interfaces/share/auto_aim_interfaces/environment/path.sh
[0.496s] -- Up-to-date symlink: /home/blade_master/pnx/rmvision/install/auto_aim_interfaces/share/auto_aim_interfaces/environment/path.dsv
[0.496s] -- Up-to-date symlink: /home/blade_master/pnx/rmvision/install/auto_aim_interfaces/share/auto_aim_interfaces/local_setup.bash
[0.496s] -- Up-to-date symlink: /home/blade_master/pnx/rmvision/install/auto_aim_interfaces/share/auto_aim_interfaces/local_setup.sh
[0.496s] -- Up-to-date symlink: /home/blade_master/pnx/rmvision/install/auto_aim_interfaces/share/auto_aim_interfaces/local_setup.zsh
[0.496s] -- Up-to-date symlink: /home/blade_master/pnx/rmvision/install/auto_aim_interfaces/share/auto_aim_interfaces/local_setup.dsv
[0.497s] -- Symlinking: /home/blade_master/pnx/rmvision/install/auto_aim_interfaces/share/auto_aim_interfaces/package.dsv
[0.504s] -- Up-to-date symlink: /home/blade_master/pnx/rmvision/install/auto_aim_interfaces/share/ament_index/resource_index/packages/auto_aim_interfaces
[0.504s] -- Up-to-date symlink: /home/blade_master/pnx/rmvision/install/auto_aim_interfaces/share/auto_aim_interfaces/cmake/rosidl_cmake-extras.cmake
[0.505s] -- Up-to-date symlink: /home/blade_master/pnx/rmvision/install/auto_aim_interfaces/share/auto_aim_interfaces/cmake/ament_cmake_export_dependencies-extras.cmake
[0.505s] -- Up-to-date symlink: /home/blade_master/pnx/rmvision/install/auto_aim_interfaces/share/auto_aim_interfaces/cmake/ament_cmake_export_include_directories-extras.cmake
[0.505s] -- Up-to-date symlink: /home/blade_master/pnx/rmvision/install/auto_aim_interfaces/share/auto_aim_interfaces/cmake/ament_cmake_export_libraries-extras.cmake
[0.505s] -- Up-to-date symlink: /home/blade_master/pnx/rmvision/install/auto_aim_interfaces/share/auto_aim_interfaces/cmake/ament_cmake_export_targets-extras.cmake
[0.505s] -- Up-to-date symlink: /home/blade_master/pnx/rmvision/install/auto_aim_interfaces/share/auto_aim_interfaces/cmake/rosidl_cmake_export_typesupport_targets-extras.cmake
[0.505s] -- Up-to-date symlink: /home/blade_master/pnx/rmvision/install/auto_aim_interfaces/share/auto_aim_interfaces/cmake/rosidl_cmake_export_typesupport_libraries-extras.cmake
[0.505s] -- Up-to-date symlink: /home/blade_master/pnx/rmvision/install/auto_aim_interfaces/share/auto_aim_interfaces/cmake/auto_aim_interfacesConfig.cmake
[0.505s] -- Up-to-date symlink: /home/blade_master/pnx/rmvision/install/auto_aim_interfaces/share/auto_aim_interfaces/cmake/auto_aim_interfacesConfig-version.cmake
[0.505s] -- Up-to-date symlink: /home/blade_master/pnx/rmvision/install/auto_aim_interfaces/share/auto_aim_interfaces/package.xml
[0.506s] -- Up-to-date: /home/blade_master/pnx/rmvision/install/auto_aim_interfaces/lib/libauto_aim_interfaces__rosidl_generator_c.so
[0.507s] -- Up-to-date: /home/blade_master/pnx/rmvision/install/auto_aim_interfaces/lib/libauto_aim_interfaces__rosidl_typesupport_fastrtps_c.so
[0.508s] -- Up-to-date: /home/blade_master/pnx/rmvision/install/auto_aim_interfaces/lib/libauto_aim_interfaces__rosidl_typesupport_introspection_c.so
[0.508s] -- Up-to-date: /home/blade_master/pnx/rmvision/install/auto_aim_interfaces/lib/libauto_aim_interfaces__rosidl_typesupport_c.so
[0.509s] -- Up-to-date: /home/blade_master/pnx/rmvision/install/auto_aim_interfaces/lib/libauto_aim_interfaces__rosidl_typesupport_fastrtps_cpp.so
[0.510s] -- Up-to-date: /home/blade_master/pnx/rmvision/install/auto_aim_interfaces/lib/libauto_aim_interfaces__rosidl_typesupport_introspection_cpp.so
[0.511s] -- Up-to-date: /home/blade_master/pnx/rmvision/install/auto_aim_interfaces/lib/libauto_aim_interfaces__rosidl_typesupport_cpp.so
[0.539s] Listing '/home/blade_master/pnx/rmvision/install/auto_aim_interfaces/local/lib/python3.10/dist-packages/auto_aim_interfaces'...
[0.539s] Listing '/home/blade_master/pnx/rmvision/install/auto_aim_interfaces/local/lib/python3.10/dist-packages/auto_aim_interfaces/msg'...
[0.546s] -- Up-to-date: /home/blade_master/pnx/rmvision/install/auto_aim_interfaces/lib/libauto_aim_interfaces__rosidl_generator_py.so
[0.546s] -- Up-to-date: /home/blade_master/pnx/rmvision/install/auto_aim_interfaces/share/auto_aim_interfaces/cmake/export_auto_aim_interfaces__rosidl_generator_cExport.cmake
[0.546s] -- Up-to-date: /home/blade_master/pnx/rmvision/install/auto_aim_interfaces/share/auto_aim_interfaces/cmake/export_auto_aim_interfaces__rosidl_generator_cExport-noconfig.cmake
[0.547s] -- Up-to-date: /home/blade_master/pnx/rmvision/install/auto_aim_interfaces/share/auto_aim_interfaces/cmake/export_auto_aim_interfaces__rosidl_typesupport_fastrtps_cExport.cmake
[0.547s] -- Up-to-date: /home/blade_master/pnx/rmvision/install/auto_aim_interfaces/share/auto_aim_interfaces/cmake/export_auto_aim_interfaces__rosidl_typesupport_fastrtps_cExport-noconfig.cmake
[0.547s] -- Up-to-date: /home/blade_master/pnx/rmvision/install/auto_aim_interfaces/share/auto_aim_interfaces/cmake/auto_aim_interfaces__rosidl_typesupport_introspection_cExport.cmake
[0.547s] -- Up-to-date: /home/blade_master/pnx/rmvision/install/auto_aim_interfaces/share/auto_aim_interfaces/cmake/auto_aim_interfaces__rosidl_typesupport_introspection_cExport-noconfig.cmake
[0.548s] -- Up-to-date: /home/blade_master/pnx/rmvision/install/auto_aim_interfaces/share/auto_aim_interfaces/cmake/auto_aim_interfaces__rosidl_typesupport_cExport.cmake
[0.548s] -- Up-to-date: /home/blade_master/pnx/rmvision/install/auto_aim_interfaces/share/auto_aim_interfaces/cmake/auto_aim_interfaces__rosidl_typesupport_cExport-noconfig.cmake
[0.549s] -- Up-to-date: /home/blade_master/pnx/rmvision/install/auto_aim_interfaces/share/auto_aim_interfaces/cmake/export_auto_aim_interfaces__rosidl_generator_cppExport.cmake
[0.549s] -- Up-to-date: /home/blade_master/pnx/rmvision/install/auto_aim_interfaces/share/auto_aim_interfaces/cmake/export_auto_aim_interfaces__rosidl_typesupport_fastrtps_cppExport.cmake
[0.550s] -- Up-to-date: /home/blade_master/pnx/rmvision/install/auto_aim_interfaces/share/auto_aim_interfaces/cmake/export_auto_aim_interfaces__rosidl_typesupport_fastrtps_cppExport-noconfig.cmake
[0.550s] -- Up-to-date: /home/blade_master/pnx/rmvision/install/auto_aim_interfaces/share/auto_aim_interfaces/cmake/auto_aim_interfaces__rosidl_typesupport_introspection_cppExport.cmake
[0.550s] -- Up-to-date: /home/blade_master/pnx/rmvision/install/auto_aim_interfaces/share/auto_aim_interfaces/cmake/auto_aim_interfaces__rosidl_typesupport_introspection_cppExport-noconfig.cmake
[0.551s] -- Up-to-date: /home/blade_master/pnx/rmvision/install/auto_aim_interfaces/share/auto_aim_interfaces/cmake/auto_aim_interfaces__rosidl_typesupport_cppExport.cmake
[0.551s] -- Up-to-date: /home/blade_master/pnx/rmvision/install/auto_aim_interfaces/share/auto_aim_interfaces/cmake/auto_aim_interfaces__rosidl_typesupport_cppExport-noconfig.cmake
[0.552s] -- Up-to-date: /home/blade_master/pnx/rmvision/install/auto_aim_interfaces/share/auto_aim_interfaces/cmake/export_auto_aim_interfaces__rosidl_generator_pyExport.cmake
[0.552s] -- Up-to-date: /home/blade_master/pnx/rmvision/install/auto_aim_interfaces/share/auto_aim_interfaces/cmake/export_auto_aim_interfaces__rosidl_generator_pyExport-noconfig.cmake
[0.556s] Invoked command in '/home/blade_master/pnx/rmvision/build/auto_aim_interfaces' returned '0': CMAKE_PREFIX_PATH=/opt/ros/humble /usr/bin/cmake --install /home/blade_master/pnx/rmvision/build/auto_aim_interfaces
