[0.243s] DEBUG:colcon:Command line arguments: ['/usr/bin/colcon', 'build', '--symlink-install', '--packages-up-to', 'rm_vision_bringup']
[0.243s] DEBUG:colcon:Parsed command line arguments: Namespace(log_base=None, log_level=None, verb_name='build', build_base='build', install_base='install', merge_install=False, symlink_install=True, test_result_base=None, continue_on_error=False, executor='parallel', parallel_workers=22, event_handlers=None, ignore_user_meta=False, metas=['./colcon.meta'], base_paths=['.'], packages_ignore=None, packages_ignore_regex=None, paths=None, packages_up_to=['rm_vision_bringup'], packages_up_to_regex=None, packages_above=None, packages_above_and_dependencies=None, packages_above_depth=None, packages_select_by_dep=None, packages_skip_by_dep=None, packages_skip_up_to=None, packages_select_build_failed=False, packages_skip_build_finished=False, packages_select_test_failures=False, packages_skip_test_passed=False, packages_select=None, packages_skip=None, packages_select_regex=None, packages_skip_regex=None, packages_start=None, packages_end=None, allow_overriding=[], cmake_args=None, cmake_target=None, cmake_target_skip_unavailable=False, cmake_clean_cache=False, cmake_clean_first=False, cmake_force_configure=False, ament_cmake_args=None, catkin_cmake_args=None, catkin_skip_building_tests=False, verb_parser=<colcon_defaults.argument_parser.defaults.DefaultArgumentsDecorator object at 0x7f3a03f6bf70>, verb_extension=<colcon_core.verb.build.BuildVerb object at 0x7f3a03f6b9d0>, main=<bound method BuildVerb.main of <colcon_core.verb.build.BuildVerb object at 0x7f3a03f6b9d0>>)
[0.437s] Level 1:colcon.colcon_core.package_discovery:discover_packages(colcon_meta) check parameters
[0.437s] Level 1:colcon.colcon_core.package_discovery:discover_packages(recursive) check parameters
[0.437s] Level 1:colcon.colcon_core.package_discovery:discover_packages(ignore) check parameters
[0.437s] Level 1:colcon.colcon_core.package_discovery:discover_packages(path) check parameters
[0.437s] Level 1:colcon.colcon_core.package_discovery:discover_packages(colcon_meta) discover
[0.437s] Level 1:colcon.colcon_core.package_discovery:discover_packages(recursive) discover
[0.437s] INFO:colcon.colcon_core.package_discovery:Crawling recursively for packages in '/home/blade_master/pnx/rmvision'
[0.437s] Level 1:colcon.colcon_core.package_identification:_identify(.) by extensions ['ignore', 'ignore_ament_install']
[0.438s] Level 1:colcon.colcon_core.package_identification:_identify(.) by extension 'ignore'
[0.438s] Level 1:colcon.colcon_core.package_identification:_identify(.) by extension 'ignore_ament_install'
[0.438s] Level 1:colcon.colcon_core.package_identification:_identify(.) by extensions ['colcon_pkg']
[0.438s] Level 1:colcon.colcon_core.package_identification:_identify(.) by extension 'colcon_pkg'
[0.438s] Level 1:colcon.colcon_core.package_identification:_identify(.) by extensions ['colcon_meta']
[0.438s] Level 1:colcon.colcon_core.package_identification:_identify(.) by extension 'colcon_meta'
[0.438s] Level 1:colcon.colcon_core.package_identification:_identify(.) by extensions ['ros']
[0.438s] Level 1:colcon.colcon_core.package_identification:_identify(.) by extension 'ros'
[0.450s] Level 1:colcon.colcon_core.package_identification:_identify(.) by extensions ['cmake', 'python']
[0.450s] Level 1:colcon.colcon_core.package_identification:_identify(.) by extension 'cmake'
[0.450s] Level 1:colcon.colcon_core.package_identification:_identify(.) by extension 'python'
[0.450s] Level 1:colcon.colcon_core.package_identification:_identify(.) by extensions ['python_setup_py']
[0.450s] Level 1:colcon.colcon_core.package_identification:_identify(.) by extension 'python_setup_py'
[0.450s] Level 1:colcon.colcon_core.package_identification:_identify(build) by extensions ['ignore', 'ignore_ament_install']
[0.450s] Level 1:colcon.colcon_core.package_identification:_identify(build) by extension 'ignore'
[0.450s] Level 1:colcon.colcon_core.package_identification:_identify(build) ignored
[0.450s] Level 1:colcon.colcon_core.package_identification:_identify(install) by extensions ['ignore', 'ignore_ament_install']
[0.450s] Level 1:colcon.colcon_core.package_identification:_identify(install) by extension 'ignore'
[0.450s] Level 1:colcon.colcon_core.package_identification:_identify(install) ignored
[0.451s] Level 1:colcon.colcon_core.package_identification:_identify(log) by extensions ['ignore', 'ignore_ament_install']
[0.451s] Level 1:colcon.colcon_core.package_identification:_identify(log) by extension 'ignore'
[0.451s] Level 1:colcon.colcon_core.package_identification:_identify(log) ignored
[0.451s] Level 1:colcon.colcon_core.package_identification:_identify(src) by extensions ['ignore', 'ignore_ament_install']
[0.451s] Level 1:colcon.colcon_core.package_identification:_identify(src) by extension 'ignore'
[0.451s] Level 1:colcon.colcon_core.package_identification:_identify(src) by extension 'ignore_ament_install'
[0.451s] Level 1:colcon.colcon_core.package_identification:_identify(src) by extensions ['colcon_pkg']
[0.451s] Level 1:colcon.colcon_core.package_identification:_identify(src) by extension 'colcon_pkg'
[0.451s] Level 1:colcon.colcon_core.package_identification:_identify(src) by extensions ['colcon_meta']
[0.451s] Level 1:colcon.colcon_core.package_identification:_identify(src) by extension 'colcon_meta'
[0.451s] Level 1:colcon.colcon_core.package_identification:_identify(src) by extensions ['ros']
[0.451s] Level 1:colcon.colcon_core.package_identification:_identify(src) by extension 'ros'
[0.451s] Level 1:colcon.colcon_core.package_identification:_identify(src) by extensions ['cmake', 'python']
[0.451s] Level 1:colcon.colcon_core.package_identification:_identify(src) by extension 'cmake'
[0.451s] Level 1:colcon.colcon_core.package_identification:_identify(src) by extension 'python'
[0.451s] Level 1:colcon.colcon_core.package_identification:_identify(src) by extensions ['python_setup_py']
[0.451s] Level 1:colcon.colcon_core.package_identification:_identify(src) by extension 'python_setup_py'
[0.451s] Level 1:colcon.colcon_core.package_identification:_identify(src/auto_aim) by extensions ['ignore', 'ignore_ament_install']
[0.451s] Level 1:colcon.colcon_core.package_identification:_identify(src/auto_aim) by extension 'ignore'
[0.451s] Level 1:colcon.colcon_core.package_identification:_identify(src/auto_aim) by extension 'ignore_ament_install'
[0.451s] Level 1:colcon.colcon_core.package_identification:_identify(src/auto_aim) by extensions ['colcon_pkg']
[0.451s] Level 1:colcon.colcon_core.package_identification:_identify(src/auto_aim) by extension 'colcon_pkg'
[0.451s] Level 1:colcon.colcon_core.package_identification:_identify(src/auto_aim) by extensions ['colcon_meta']
[0.452s] Level 1:colcon.colcon_core.package_identification:_identify(src/auto_aim) by extension 'colcon_meta'
[0.452s] Level 1:colcon.colcon_core.package_identification:_identify(src/auto_aim) by extensions ['ros']
[0.452s] Level 1:colcon.colcon_core.package_identification:_identify(src/auto_aim) by extension 'ros'
[0.452s] Level 1:colcon.colcon_core.package_identification:_identify(src/auto_aim) by extensions ['cmake', 'python']
[0.452s] Level 1:colcon.colcon_core.package_identification:_identify(src/auto_aim) by extension 'cmake'
[0.452s] Level 1:colcon.colcon_core.package_identification:_identify(src/auto_aim) by extension 'python'
[0.452s] Level 1:colcon.colcon_core.package_identification:_identify(src/auto_aim) by extensions ['python_setup_py']
[0.452s] Level 1:colcon.colcon_core.package_identification:_identify(src/auto_aim) by extension 'python_setup_py'
[0.452s] Level 1:colcon.colcon_core.package_identification:_identify(src/auto_aim/auto_aim_interfaces) by extensions ['ignore', 'ignore_ament_install']
[0.452s] Level 1:colcon.colcon_core.package_identification:_identify(src/auto_aim/auto_aim_interfaces) by extension 'ignore'
[0.452s] Level 1:colcon.colcon_core.package_identification:_identify(src/auto_aim/auto_aim_interfaces) by extension 'ignore_ament_install'
[0.452s] Level 1:colcon.colcon_core.package_identification:_identify(src/auto_aim/auto_aim_interfaces) by extensions ['colcon_pkg']
[0.452s] Level 1:colcon.colcon_core.package_identification:_identify(src/auto_aim/auto_aim_interfaces) by extension 'colcon_pkg'
[0.452s] Level 1:colcon.colcon_core.package_identification:_identify(src/auto_aim/auto_aim_interfaces) by extensions ['colcon_meta']
[0.452s] Level 1:colcon.colcon_core.package_identification:_identify(src/auto_aim/auto_aim_interfaces) by extension 'colcon_meta'
[0.452s] Level 1:colcon.colcon_core.package_identification:_identify(src/auto_aim/auto_aim_interfaces) by extensions ['ros']
[0.452s] Level 1:colcon.colcon_core.package_identification:_identify(src/auto_aim/auto_aim_interfaces) by extension 'ros'
[0.455s] DEBUG:colcon.colcon_core.package_identification:Package 'src/auto_aim/auto_aim_interfaces' with type 'ros.ament_cmake' and name 'auto_aim_interfaces'
[0.455s] Level 1:colcon.colcon_core.package_identification:_identify(src/auto_aim/light_detector) by extensions ['ignore', 'ignore_ament_install']
[0.455s] Level 1:colcon.colcon_core.package_identification:_identify(src/auto_aim/light_detector) by extension 'ignore'
[0.455s] Level 1:colcon.colcon_core.package_identification:_identify(src/auto_aim/light_detector) by extension 'ignore_ament_install'
[0.455s] Level 1:colcon.colcon_core.package_identification:_identify(src/auto_aim/light_detector) by extensions ['colcon_pkg']
[0.455s] Level 1:colcon.colcon_core.package_identification:_identify(src/auto_aim/light_detector) by extension 'colcon_pkg'
[0.455s] Level 1:colcon.colcon_core.package_identification:_identify(src/auto_aim/light_detector) by extensions ['colcon_meta']
[0.455s] Level 1:colcon.colcon_core.package_identification:_identify(src/auto_aim/light_detector) by extension 'colcon_meta'
[0.455s] Level 1:colcon.colcon_core.package_identification:_identify(src/auto_aim/light_detector) by extensions ['ros']
[0.455s] Level 1:colcon.colcon_core.package_identification:_identify(src/auto_aim/light_detector) by extension 'ros'
[0.457s] DEBUG:colcon.colcon_core.package_identification:Package 'src/auto_aim/light_detector' with type 'ros.ament_cmake' and name 'light_detector'
[0.457s] Level 1:colcon.colcon_core.package_identification:_identify(src/auto_aim/rm_auto_aim_dart) by extensions ['ignore', 'ignore_ament_install']
[0.457s] Level 1:colcon.colcon_core.package_identification:_identify(src/auto_aim/rm_auto_aim_dart) by extension 'ignore'
[0.457s] Level 1:colcon.colcon_core.package_identification:_identify(src/auto_aim/rm_auto_aim_dart) by extension 'ignore_ament_install'
[0.457s] Level 1:colcon.colcon_core.package_identification:_identify(src/auto_aim/rm_auto_aim_dart) by extensions ['colcon_pkg']
[0.457s] Level 1:colcon.colcon_core.package_identification:_identify(src/auto_aim/rm_auto_aim_dart) by extension 'colcon_pkg'
[0.457s] Level 1:colcon.colcon_core.package_identification:_identify(src/auto_aim/rm_auto_aim_dart) by extensions ['colcon_meta']
[0.457s] Level 1:colcon.colcon_core.package_identification:_identify(src/auto_aim/rm_auto_aim_dart) by extension 'colcon_meta'
[0.457s] Level 1:colcon.colcon_core.package_identification:_identify(src/auto_aim/rm_auto_aim_dart) by extensions ['ros']
[0.457s] Level 1:colcon.colcon_core.package_identification:_identify(src/auto_aim/rm_auto_aim_dart) by extension 'ros'
[0.458s] DEBUG:colcon.colcon_core.package_identification:Package 'src/auto_aim/rm_auto_aim_dart' with type 'ros.ament_cmake' and name 'rm_auto_aim_dart'
[0.458s] Level 1:colcon.colcon_core.package_identification:_identify(src/hik-driver) by extensions ['ignore', 'ignore_ament_install']
[0.458s] Level 1:colcon.colcon_core.package_identification:_identify(src/hik-driver) by extension 'ignore'
[0.458s] Level 1:colcon.colcon_core.package_identification:_identify(src/hik-driver) by extension 'ignore_ament_install'
[0.458s] Level 1:colcon.colcon_core.package_identification:_identify(src/hik-driver) by extensions ['colcon_pkg']
[0.458s] Level 1:colcon.colcon_core.package_identification:_identify(src/hik-driver) by extension 'colcon_pkg'
[0.458s] Level 1:colcon.colcon_core.package_identification:_identify(src/hik-driver) by extensions ['colcon_meta']
[0.458s] Level 1:colcon.colcon_core.package_identification:_identify(src/hik-driver) by extension 'colcon_meta'
[0.458s] Level 1:colcon.colcon_core.package_identification:_identify(src/hik-driver) by extensions ['ros']
[0.459s] Level 1:colcon.colcon_core.package_identification:_identify(src/hik-driver) by extension 'ros'
[0.459s] DEBUG:colcon.colcon_core.package_identification:Package 'src/hik-driver' with type 'ros.ament_cmake' and name 'hik_camera'
[0.459s] Level 1:colcon.colcon_core.package_identification:_identify(src/rm_gimbal_description) by extensions ['ignore', 'ignore_ament_install']
[0.459s] Level 1:colcon.colcon_core.package_identification:_identify(src/rm_gimbal_description) by extension 'ignore'
[0.460s] Level 1:colcon.colcon_core.package_identification:_identify(src/rm_gimbal_description) by extension 'ignore_ament_install'
[0.460s] Level 1:colcon.colcon_core.package_identification:_identify(src/rm_gimbal_description) by extensions ['colcon_pkg']
[0.460s] Level 1:colcon.colcon_core.package_identification:_identify(src/rm_gimbal_description) by extension 'colcon_pkg'
[0.460s] Level 1:colcon.colcon_core.package_identification:_identify(src/rm_gimbal_description) by extensions ['colcon_meta']
[0.460s] Level 1:colcon.colcon_core.package_identification:_identify(src/rm_gimbal_description) by extension 'colcon_meta'
[0.460s] Level 1:colcon.colcon_core.package_identification:_identify(src/rm_gimbal_description) by extensions ['ros']
[0.460s] Level 1:colcon.colcon_core.package_identification:_identify(src/rm_gimbal_description) by extension 'ros'
[0.460s] DEBUG:colcon.colcon_core.package_identification:Package 'src/rm_gimbal_description' with type 'ros.ament_cmake' and name 'rm_gimbal_description'
[0.460s] Level 1:colcon.colcon_core.package_identification:_identify(src/rm_serial_driver) by extensions ['ignore', 'ignore_ament_install']
[0.460s] Level 1:colcon.colcon_core.package_identification:_identify(src/rm_serial_driver) by extension 'ignore'
[0.460s] Level 1:colcon.colcon_core.package_identification:_identify(src/rm_serial_driver) by extension 'ignore_ament_install'
[0.460s] Level 1:colcon.colcon_core.package_identification:_identify(src/rm_serial_driver) by extensions ['colcon_pkg']
[0.461s] Level 1:colcon.colcon_core.package_identification:_identify(src/rm_serial_driver) by extension 'colcon_pkg'
[0.461s] Level 1:colcon.colcon_core.package_identification:_identify(src/rm_serial_driver) by extensions ['colcon_meta']
[0.461s] Level 1:colcon.colcon_core.package_identification:_identify(src/rm_serial_driver) by extension 'colcon_meta'
[0.461s] Level 1:colcon.colcon_core.package_identification:_identify(src/rm_serial_driver) by extensions ['ros']
[0.461s] Level 1:colcon.colcon_core.package_identification:_identify(src/rm_serial_driver) by extension 'ros'
[0.462s] DEBUG:colcon.colcon_core.package_identification:Package 'src/rm_serial_driver' with type 'ros.ament_cmake' and name 'rm_serial_driver'
[0.462s] Level 1:colcon.colcon_core.package_identification:_identify(src/video_reader) by extensions ['ignore', 'ignore_ament_install']
[0.462s] Level 1:colcon.colcon_core.package_identification:_identify(src/video_reader) by extension 'ignore'
[0.462s] Level 1:colcon.colcon_core.package_identification:_identify(src/video_reader) by extension 'ignore_ament_install'
[0.462s] Level 1:colcon.colcon_core.package_identification:_identify(src/video_reader) by extensions ['colcon_pkg']
[0.462s] Level 1:colcon.colcon_core.package_identification:_identify(src/video_reader) by extension 'colcon_pkg'
[0.462s] Level 1:colcon.colcon_core.package_identification:_identify(src/video_reader) by extensions ['colcon_meta']
[0.462s] Level 1:colcon.colcon_core.package_identification:_identify(src/video_reader) by extension 'colcon_meta'
[0.462s] Level 1:colcon.colcon_core.package_identification:_identify(src/video_reader) by extensions ['ros']
[0.462s] Level 1:colcon.colcon_core.package_identification:_identify(src/video_reader) by extension 'ros'
[0.463s] DEBUG:colcon.colcon_core.package_identification:Package 'src/video_reader' with type 'ros.ament_cmake' and name 'video_reader'
[0.463s] Level 1:colcon.colcon_core.package_identification:_identify(src/vision_bringup) by extensions ['ignore', 'ignore_ament_install']
[0.463s] Level 1:colcon.colcon_core.package_identification:_identify(src/vision_bringup) by extension 'ignore'
[0.463s] Level 1:colcon.colcon_core.package_identification:_identify(src/vision_bringup) by extension 'ignore_ament_install'
[0.463s] Level 1:colcon.colcon_core.package_identification:_identify(src/vision_bringup) by extensions ['colcon_pkg']
[0.463s] Level 1:colcon.colcon_core.package_identification:_identify(src/vision_bringup) by extension 'colcon_pkg'
[0.463s] Level 1:colcon.colcon_core.package_identification:_identify(src/vision_bringup) by extensions ['colcon_meta']
[0.463s] Level 1:colcon.colcon_core.package_identification:_identify(src/vision_bringup) by extension 'colcon_meta'
[0.463s] Level 1:colcon.colcon_core.package_identification:_identify(src/vision_bringup) by extensions ['ros']
[0.463s] Level 1:colcon.colcon_core.package_identification:_identify(src/vision_bringup) by extension 'ros'
[0.463s] Level 1:colcon.colcon_core.package_identification:_identify(src/vision_bringup) by extensions ['cmake', 'python']
[0.463s] Level 1:colcon.colcon_core.package_identification:_identify(src/vision_bringup) by extension 'cmake'
[0.463s] Level 1:colcon.colcon_core.package_identification:_identify(src/vision_bringup) by extension 'python'
[0.463s] Level 1:colcon.colcon_core.package_identification:_identify(src/vision_bringup) by extensions ['python_setup_py']
[0.463s] Level 1:colcon.colcon_core.package_identification:_identify(src/vision_bringup) by extension 'python_setup_py'
[0.464s] Level 1:colcon.colcon_core.package_identification:_identify(src/vision_bringup/rm_vision_bringup) by extensions ['ignore', 'ignore_ament_install']
[0.464s] Level 1:colcon.colcon_core.package_identification:_identify(src/vision_bringup/rm_vision_bringup) by extension 'ignore'
[0.464s] Level 1:colcon.colcon_core.package_identification:_identify(src/vision_bringup/rm_vision_bringup) by extension 'ignore_ament_install'
[0.464s] Level 1:colcon.colcon_core.package_identification:_identify(src/vision_bringup/rm_vision_bringup) by extensions ['colcon_pkg']
[0.464s] Level 1:colcon.colcon_core.package_identification:_identify(src/vision_bringup/rm_vision_bringup) by extension 'colcon_pkg'
[0.464s] Level 1:colcon.colcon_core.package_identification:_identify(src/vision_bringup/rm_vision_bringup) by extensions ['colcon_meta']
[0.464s] Level 1:colcon.colcon_core.package_identification:_identify(src/vision_bringup/rm_vision_bringup) by extension 'colcon_meta'
[0.464s] Level 1:colcon.colcon_core.package_identification:_identify(src/vision_bringup/rm_vision_bringup) by extensions ['ros']
[0.464s] Level 1:colcon.colcon_core.package_identification:_identify(src/vision_bringup/rm_vision_bringup) by extension 'ros'
[0.465s] DEBUG:colcon.colcon_core.package_identification:Package 'src/vision_bringup/rm_vision_bringup' with type 'ros.ament_cmake' and name 'rm_vision_bringup'
[0.465s] Level 1:colcon.colcon_core.package_discovery:discover_packages(recursive) using defaults
[0.465s] Level 1:colcon.colcon_core.package_discovery:discover_packages(ignore) discover
[0.465s] Level 1:colcon.colcon_core.package_discovery:discover_packages(ignore) using defaults
[0.465s] Level 1:colcon.colcon_core.package_discovery:discover_packages(path) discover
[0.465s] Level 1:colcon.colcon_core.package_discovery:discover_packages(path) using defaults
[0.496s] Level 1:colcon.colcon_core.package_discovery:discover_packages(prefix_path) check parameters
[0.496s] Level 1:colcon.colcon_core.package_discovery:discover_packages(prefix_path) discover
[0.499s] DEBUG:colcon.colcon_installed_package_information.package_discovery:Found 309 installed packages in /opt/ros/humble
[0.500s] Level 1:colcon.colcon_core.package_discovery:discover_packages(prefix_path) using defaults
[0.532s] Level 5:colcon.colcon_core.verb:set package 'auto_aim_interfaces' build argument 'cmake_args' from command line to 'None'
[0.532s] Level 5:colcon.colcon_core.verb:set package 'auto_aim_interfaces' build argument 'cmake_target' from command line to 'None'
[0.532s] Level 5:colcon.colcon_core.verb:set package 'auto_aim_interfaces' build argument 'cmake_target_skip_unavailable' from command line to 'False'
[0.532s] Level 5:colcon.colcon_core.verb:set package 'auto_aim_interfaces' build argument 'cmake_clean_cache' from command line to 'False'
[0.532s] Level 5:colcon.colcon_core.verb:set package 'auto_aim_interfaces' build argument 'cmake_clean_first' from command line to 'False'
[0.532s] Level 5:colcon.colcon_core.verb:set package 'auto_aim_interfaces' build argument 'cmake_force_configure' from command line to 'False'
[0.532s] Level 5:colcon.colcon_core.verb:set package 'auto_aim_interfaces' build argument 'ament_cmake_args' from command line to 'None'
[0.532s] Level 5:colcon.colcon_core.verb:set package 'auto_aim_interfaces' build argument 'catkin_cmake_args' from command line to 'None'
[0.532s] Level 5:colcon.colcon_core.verb:set package 'auto_aim_interfaces' build argument 'catkin_skip_building_tests' from command line to 'False'
[0.532s] DEBUG:colcon.colcon_core.verb:Building package 'auto_aim_interfaces' with the following arguments: {'ament_cmake_args': None, 'build_base': '/home/blade_master/pnx/rmvision/build/auto_aim_interfaces', 'catkin_cmake_args': None, 'catkin_skip_building_tests': False, 'cmake_args': None, 'cmake_clean_cache': False, 'cmake_clean_first': False, 'cmake_force_configure': False, 'cmake_target': None, 'cmake_target_skip_unavailable': False, 'install_base': '/home/blade_master/pnx/rmvision/install/auto_aim_interfaces', 'merge_install': False, 'path': '/home/blade_master/pnx/rmvision/src/auto_aim/auto_aim_interfaces', 'symlink_install': True, 'test_result_base': None}
[0.533s] Level 5:colcon.colcon_core.verb:set package 'hik_camera' build argument 'cmake_args' from command line to 'None'
[0.533s] Level 5:colcon.colcon_core.verb:set package 'hik_camera' build argument 'cmake_target' from command line to 'None'
[0.533s] Level 5:colcon.colcon_core.verb:set package 'hik_camera' build argument 'cmake_target_skip_unavailable' from command line to 'False'
[0.533s] Level 5:colcon.colcon_core.verb:set package 'hik_camera' build argument 'cmake_clean_cache' from command line to 'False'
[0.533s] Level 5:colcon.colcon_core.verb:set package 'hik_camera' build argument 'cmake_clean_first' from command line to 'False'
[0.533s] Level 5:colcon.colcon_core.verb:set package 'hik_camera' build argument 'cmake_force_configure' from command line to 'False'
[0.533s] Level 5:colcon.colcon_core.verb:set package 'hik_camera' build argument 'ament_cmake_args' from command line to 'None'
[0.533s] Level 5:colcon.colcon_core.verb:set package 'hik_camera' build argument 'catkin_cmake_args' from command line to 'None'
[0.533s] Level 5:colcon.colcon_core.verb:set package 'hik_camera' build argument 'catkin_skip_building_tests' from command line to 'False'
[0.533s] DEBUG:colcon.colcon_core.verb:Building package 'hik_camera' with the following arguments: {'ament_cmake_args': None, 'build_base': '/home/blade_master/pnx/rmvision/build/hik_camera', 'catkin_cmake_args': None, 'catkin_skip_building_tests': False, 'cmake_args': None, 'cmake_clean_cache': False, 'cmake_clean_first': False, 'cmake_force_configure': False, 'cmake_target': None, 'cmake_target_skip_unavailable': False, 'install_base': '/home/blade_master/pnx/rmvision/install/hik_camera', 'merge_install': False, 'path': '/home/blade_master/pnx/rmvision/src/hik-driver', 'symlink_install': True, 'test_result_base': None}
[0.533s] Level 5:colcon.colcon_core.verb:set package 'rm_gimbal_description' build argument 'cmake_args' from command line to 'None'
[0.533s] Level 5:colcon.colcon_core.verb:set package 'rm_gimbal_description' build argument 'cmake_target' from command line to 'None'
[0.533s] Level 5:colcon.colcon_core.verb:set package 'rm_gimbal_description' build argument 'cmake_target_skip_unavailable' from command line to 'False'
[0.533s] Level 5:colcon.colcon_core.verb:set package 'rm_gimbal_description' build argument 'cmake_clean_cache' from command line to 'False'
[0.533s] Level 5:colcon.colcon_core.verb:set package 'rm_gimbal_description' build argument 'cmake_clean_first' from command line to 'False'
[0.533s] Level 5:colcon.colcon_core.verb:set package 'rm_gimbal_description' build argument 'cmake_force_configure' from command line to 'False'
[0.533s] Level 5:colcon.colcon_core.verb:set package 'rm_gimbal_description' build argument 'ament_cmake_args' from command line to 'None'
[0.533s] Level 5:colcon.colcon_core.verb:set package 'rm_gimbal_description' build argument 'catkin_cmake_args' from command line to 'None'
[0.533s] Level 5:colcon.colcon_core.verb:set package 'rm_gimbal_description' build argument 'catkin_skip_building_tests' from command line to 'False'
[0.533s] DEBUG:colcon.colcon_core.verb:Building package 'rm_gimbal_description' with the following arguments: {'ament_cmake_args': None, 'build_base': '/home/blade_master/pnx/rmvision/build/rm_gimbal_description', 'catkin_cmake_args': None, 'catkin_skip_building_tests': False, 'cmake_args': None, 'cmake_clean_cache': False, 'cmake_clean_first': False, 'cmake_force_configure': False, 'cmake_target': None, 'cmake_target_skip_unavailable': False, 'install_base': '/home/blade_master/pnx/rmvision/install/rm_gimbal_description', 'merge_install': False, 'path': '/home/blade_master/pnx/rmvision/src/rm_gimbal_description', 'symlink_install': True, 'test_result_base': None}
[0.533s] Level 5:colcon.colcon_core.verb:set package 'video_reader' build argument 'cmake_args' from command line to 'None'
[0.533s] Level 5:colcon.colcon_core.verb:set package 'video_reader' build argument 'cmake_target' from command line to 'None'
[0.533s] Level 5:colcon.colcon_core.verb:set package 'video_reader' build argument 'cmake_target_skip_unavailable' from command line to 'False'
[0.534s] Level 5:colcon.colcon_core.verb:set package 'video_reader' build argument 'cmake_clean_cache' from command line to 'False'
[0.534s] Level 5:colcon.colcon_core.verb:set package 'video_reader' build argument 'cmake_clean_first' from command line to 'False'
[0.534s] Level 5:colcon.colcon_core.verb:set package 'video_reader' build argument 'cmake_force_configure' from command line to 'False'
[0.534s] Level 5:colcon.colcon_core.verb:set package 'video_reader' build argument 'ament_cmake_args' from command line to 'None'
[0.534s] Level 5:colcon.colcon_core.verb:set package 'video_reader' build argument 'catkin_cmake_args' from command line to 'None'
[0.534s] Level 5:colcon.colcon_core.verb:set package 'video_reader' build argument 'catkin_skip_building_tests' from command line to 'False'
[0.534s] DEBUG:colcon.colcon_core.verb:Building package 'video_reader' with the following arguments: {'ament_cmake_args': None, 'build_base': '/home/blade_master/pnx/rmvision/build/video_reader', 'catkin_cmake_args': None, 'catkin_skip_building_tests': False, 'cmake_args': None, 'cmake_clean_cache': False, 'cmake_clean_first': False, 'cmake_force_configure': False, 'cmake_target': None, 'cmake_target_skip_unavailable': False, 'install_base': '/home/blade_master/pnx/rmvision/install/video_reader', 'merge_install': False, 'path': '/home/blade_master/pnx/rmvision/src/video_reader', 'symlink_install': True, 'test_result_base': None}
[0.534s] Level 5:colcon.colcon_core.verb:set package 'light_detector' build argument 'cmake_args' from command line to 'None'
[0.534s] Level 5:colcon.colcon_core.verb:set package 'light_detector' build argument 'cmake_target' from command line to 'None'
[0.534s] Level 5:colcon.colcon_core.verb:set package 'light_detector' build argument 'cmake_target_skip_unavailable' from command line to 'False'
[0.534s] Level 5:colcon.colcon_core.verb:set package 'light_detector' build argument 'cmake_clean_cache' from command line to 'False'
[0.534s] Level 5:colcon.colcon_core.verb:set package 'light_detector' build argument 'cmake_clean_first' from command line to 'False'
[0.534s] Level 5:colcon.colcon_core.verb:set package 'light_detector' build argument 'cmake_force_configure' from command line to 'False'
[0.534s] Level 5:colcon.colcon_core.verb:set package 'light_detector' build argument 'ament_cmake_args' from command line to 'None'
[0.534s] Level 5:colcon.colcon_core.verb:set package 'light_detector' build argument 'catkin_cmake_args' from command line to 'None'
[0.534s] Level 5:colcon.colcon_core.verb:set package 'light_detector' build argument 'catkin_skip_building_tests' from command line to 'False'
[0.534s] DEBUG:colcon.colcon_core.verb:Building package 'light_detector' with the following arguments: {'ament_cmake_args': None, 'build_base': '/home/blade_master/pnx/rmvision/build/light_detector', 'catkin_cmake_args': None, 'catkin_skip_building_tests': False, 'cmake_args': None, 'cmake_clean_cache': False, 'cmake_clean_first': False, 'cmake_force_configure': False, 'cmake_target': None, 'cmake_target_skip_unavailable': False, 'install_base': '/home/blade_master/pnx/rmvision/install/light_detector', 'merge_install': False, 'path': '/home/blade_master/pnx/rmvision/src/auto_aim/light_detector', 'symlink_install': True, 'test_result_base': None}
[0.534s] Level 5:colcon.colcon_core.verb:set package 'rm_serial_driver' build argument 'cmake_args' from command line to 'None'
[0.534s] Level 5:colcon.colcon_core.verb:set package 'rm_serial_driver' build argument 'cmake_target' from command line to 'None'
[0.534s] Level 5:colcon.colcon_core.verb:set package 'rm_serial_driver' build argument 'cmake_target_skip_unavailable' from command line to 'False'
[0.534s] Level 5:colcon.colcon_core.verb:set package 'rm_serial_driver' build argument 'cmake_clean_cache' from command line to 'False'
[0.534s] Level 5:colcon.colcon_core.verb:set package 'rm_serial_driver' build argument 'cmake_clean_first' from command line to 'False'
[0.534s] Level 5:colcon.colcon_core.verb:set package 'rm_serial_driver' build argument 'cmake_force_configure' from command line to 'False'
[0.534s] Level 5:colcon.colcon_core.verb:set package 'rm_serial_driver' build argument 'ament_cmake_args' from command line to 'None'
[0.534s] Level 5:colcon.colcon_core.verb:set package 'rm_serial_driver' build argument 'catkin_cmake_args' from command line to 'None'
[0.534s] Level 5:colcon.colcon_core.verb:set package 'rm_serial_driver' build argument 'catkin_skip_building_tests' from command line to 'False'
[0.534s] DEBUG:colcon.colcon_core.verb:Building package 'rm_serial_driver' with the following arguments: {'ament_cmake_args': None, 'build_base': '/home/blade_master/pnx/rmvision/build/rm_serial_driver', 'catkin_cmake_args': None, 'catkin_skip_building_tests': False, 'cmake_args': None, 'cmake_clean_cache': False, 'cmake_clean_first': False, 'cmake_force_configure': False, 'cmake_target': None, 'cmake_target_skip_unavailable': False, 'install_base': '/home/blade_master/pnx/rmvision/install/rm_serial_driver', 'merge_install': False, 'path': '/home/blade_master/pnx/rmvision/src/rm_serial_driver', 'symlink_install': True, 'test_result_base': None}
[0.535s] Level 5:colcon.colcon_core.verb:set package 'rm_auto_aim_dart' build argument 'cmake_args' from command line to 'None'
[0.535s] Level 5:colcon.colcon_core.verb:set package 'rm_auto_aim_dart' build argument 'cmake_target' from command line to 'None'
[0.535s] Level 5:colcon.colcon_core.verb:set package 'rm_auto_aim_dart' build argument 'cmake_target_skip_unavailable' from command line to 'False'
[0.535s] Level 5:colcon.colcon_core.verb:set package 'rm_auto_aim_dart' build argument 'cmake_clean_cache' from command line to 'False'
[0.535s] Level 5:colcon.colcon_core.verb:set package 'rm_auto_aim_dart' build argument 'cmake_clean_first' from command line to 'False'
[0.535s] Level 5:colcon.colcon_core.verb:set package 'rm_auto_aim_dart' build argument 'cmake_force_configure' from command line to 'False'
[0.535s] Level 5:colcon.colcon_core.verb:set package 'rm_auto_aim_dart' build argument 'ament_cmake_args' from command line to 'None'
[0.535s] Level 5:colcon.colcon_core.verb:set package 'rm_auto_aim_dart' build argument 'catkin_cmake_args' from command line to 'None'
[0.535s] Level 5:colcon.colcon_core.verb:set package 'rm_auto_aim_dart' build argument 'catkin_skip_building_tests' from command line to 'False'
[0.535s] DEBUG:colcon.colcon_core.verb:Building package 'rm_auto_aim_dart' with the following arguments: {'ament_cmake_args': None, 'build_base': '/home/blade_master/pnx/rmvision/build/rm_auto_aim_dart', 'catkin_cmake_args': None, 'catkin_skip_building_tests': False, 'cmake_args': None, 'cmake_clean_cache': False, 'cmake_clean_first': False, 'cmake_force_configure': False, 'cmake_target': None, 'cmake_target_skip_unavailable': False, 'install_base': '/home/blade_master/pnx/rmvision/install/rm_auto_aim_dart', 'merge_install': False, 'path': '/home/blade_master/pnx/rmvision/src/auto_aim/rm_auto_aim_dart', 'symlink_install': True, 'test_result_base': None}
[0.535s] Level 5:colcon.colcon_core.verb:set package 'rm_vision_bringup' build argument 'cmake_args' from command line to 'None'
[0.535s] Level 5:colcon.colcon_core.verb:set package 'rm_vision_bringup' build argument 'cmake_target' from command line to 'None'
[0.535s] Level 5:colcon.colcon_core.verb:set package 'rm_vision_bringup' build argument 'cmake_target_skip_unavailable' from command line to 'False'
[0.535s] Level 5:colcon.colcon_core.verb:set package 'rm_vision_bringup' build argument 'cmake_clean_cache' from command line to 'False'
[0.535s] Level 5:colcon.colcon_core.verb:set package 'rm_vision_bringup' build argument 'cmake_clean_first' from command line to 'False'
[0.535s] Level 5:colcon.colcon_core.verb:set package 'rm_vision_bringup' build argument 'cmake_force_configure' from command line to 'False'
[0.535s] Level 5:colcon.colcon_core.verb:set package 'rm_vision_bringup' build argument 'ament_cmake_args' from command line to 'None'
[0.535s] Level 5:colcon.colcon_core.verb:set package 'rm_vision_bringup' build argument 'catkin_cmake_args' from command line to 'None'
[0.535s] Level 5:colcon.colcon_core.verb:set package 'rm_vision_bringup' build argument 'catkin_skip_building_tests' from command line to 'False'
[0.535s] DEBUG:colcon.colcon_core.verb:Building package 'rm_vision_bringup' with the following arguments: {'ament_cmake_args': None, 'build_base': '/home/blade_master/pnx/rmvision/build/rm_vision_bringup', 'catkin_cmake_args': None, 'catkin_skip_building_tests': False, 'cmake_args': None, 'cmake_clean_cache': False, 'cmake_clean_first': False, 'cmake_force_configure': False, 'cmake_target': None, 'cmake_target_skip_unavailable': False, 'install_base': '/home/blade_master/pnx/rmvision/install/rm_vision_bringup', 'merge_install': False, 'path': '/home/blade_master/pnx/rmvision/src/vision_bringup/rm_vision_bringup', 'symlink_install': True, 'test_result_base': None}
[0.535s] INFO:colcon.colcon_core.executor:Executing jobs using 'parallel' executor
[0.536s] DEBUG:colcon.colcon_parallel_executor.executor.parallel:run_until_complete
[0.537s] INFO:colcon.colcon_ros.task.ament_cmake.build:Building ROS package in '/home/blade_master/pnx/rmvision/src/auto_aim/auto_aim_interfaces' with build type 'ament_cmake'
[0.537s] INFO:colcon.colcon_cmake.task.cmake.build:Building CMake package in '/home/blade_master/pnx/rmvision/src/auto_aim/auto_aim_interfaces'
[0.541s] INFO:colcon.colcon_core.plugin_system:Skipping extension 'colcon_core.shell.bat': Not used on non-Windows systems
[0.541s] INFO:colcon.colcon_core.shell:Skip shell extension 'powershell' for command environment: Not usable outside of PowerShell
[0.541s] DEBUG:colcon.colcon_core.shell:Skip shell extension 'dsv' for command environment
[0.544s] INFO:colcon.colcon_ros.task.ament_cmake.build:Building ROS package in '/home/blade_master/pnx/rmvision/src/hik-driver' with build type 'ament_cmake'
[0.544s] INFO:colcon.colcon_cmake.task.cmake.build:Building CMake package in '/home/blade_master/pnx/rmvision/src/hik-driver'
[0.545s] INFO:colcon.colcon_core.shell:Skip shell extension 'powershell' for command environment: Not usable outside of PowerShell
[0.545s] DEBUG:colcon.colcon_core.shell:Skip shell extension 'dsv' for command environment
[0.547s] INFO:colcon.colcon_ros.task.ament_cmake.build:Building ROS package in '/home/blade_master/pnx/rmvision/src/rm_gimbal_description' with build type 'ament_cmake'
[0.547s] INFO:colcon.colcon_cmake.task.cmake.build:Building CMake package in '/home/blade_master/pnx/rmvision/src/rm_gimbal_description'
[0.547s] INFO:colcon.colcon_core.shell:Skip shell extension 'powershell' for command environment: Not usable outside of PowerShell
[0.547s] DEBUG:colcon.colcon_core.shell:Skip shell extension 'dsv' for command environment
[0.550s] INFO:colcon.colcon_ros.task.ament_cmake.build:Building ROS package in '/home/blade_master/pnx/rmvision/src/video_reader' with build type 'ament_cmake'
[0.550s] INFO:colcon.colcon_cmake.task.cmake.build:Building CMake package in '/home/blade_master/pnx/rmvision/src/video_reader'
[0.550s] INFO:colcon.colcon_core.shell:Skip shell extension 'powershell' for command environment: Not usable outside of PowerShell
[0.550s] DEBUG:colcon.colcon_core.shell:Skip shell extension 'dsv' for command environment
[0.558s] DEBUG:colcon.colcon_core.event_handler.log_command:Invoking command in '/home/blade_master/pnx/rmvision/build/auto_aim_interfaces': CMAKE_PREFIX_PATH=/opt/ros/humble /usr/bin/cmake --build /home/blade_master/pnx/rmvision/build/auto_aim_interfaces -- -j22 -l22
[0.562s] DEBUG:colcon.colcon_core.event_handler.log_command:Invoking command in '/home/blade_master/pnx/rmvision/build/hik_camera': CMAKE_PREFIX_PATH=/opt/ros/humble /usr/bin/cmake --build /home/blade_master/pnx/rmvision/build/hik_camera -- -j22 -l22
[0.569s] DEBUG:colcon.colcon_core.event_handler.log_command:Invoking command in '/home/blade_master/pnx/rmvision/build/rm_gimbal_description': CMAKE_PREFIX_PATH=/opt/ros/humble /usr/bin/cmake --build /home/blade_master/pnx/rmvision/build/rm_gimbal_description -- -j22 -l22
[0.574s] DEBUG:colcon.colcon_core.event_handler.log_command:Invoking command in '/home/blade_master/pnx/rmvision/build/video_reader': CMAKE_PREFIX_PATH=/opt/ros/humble /usr/bin/cmake --build /home/blade_master/pnx/rmvision/build/video_reader -- -j22 -l22
[0.599s] DEBUG:colcon.colcon_core.event_handler.log_command:Invoked command in '/home/blade_master/pnx/rmvision/build/rm_gimbal_description' returned '0': CMAKE_PREFIX_PATH=/opt/ros/humble /usr/bin/cmake --build /home/blade_master/pnx/rmvision/build/rm_gimbal_description -- -j22 -l22
[0.612s] DEBUG:colcon.colcon_core.event_handler.log_command:Invoking command in '/home/blade_master/pnx/rmvision/build/rm_gimbal_description': CMAKE_PREFIX_PATH=/opt/ros/humble /usr/bin/cmake --install /home/blade_master/pnx/rmvision/build/rm_gimbal_description
[0.628s] DEBUG:colcon.colcon_core.event_handler.log_command:Invoked command in '/home/blade_master/pnx/rmvision/build/hik_camera' returned '0': CMAKE_PREFIX_PATH=/opt/ros/humble /usr/bin/cmake --build /home/blade_master/pnx/rmvision/build/hik_camera -- -j22 -l22
[0.632s] DEBUG:colcon.colcon_core.event_handler.log_command:Invoking command in '/home/blade_master/pnx/rmvision/build/hik_camera': CMAKE_PREFIX_PATH=/opt/ros/humble /usr/bin/cmake --install /home/blade_master/pnx/rmvision/build/hik_camera
[0.633s] DEBUG:colcon.colcon_core.event_handler.log_command:Invoked command in '/home/blade_master/pnx/rmvision/build/video_reader' returned '0': CMAKE_PREFIX_PATH=/opt/ros/humble /usr/bin/cmake --build /home/blade_master/pnx/rmvision/build/video_reader -- -j22 -l22
[0.639s] Level 1:colcon.colcon_core.environment:create_environment_scripts_only(rm_gimbal_description)
[0.639s] DEBUG:colcon.colcon_core.event_handler.log_command:Invoking command in '/home/blade_master/pnx/rmvision/build/video_reader': CMAKE_PREFIX_PATH=/opt/ros/humble /usr/bin/cmake --install /home/blade_master/pnx/rmvision/build/video_reader
[0.642s] DEBUG:colcon.colcon_core.event_handler.log_command:Invoked command in '/home/blade_master/pnx/rmvision/build/rm_gimbal_description' returned '0': CMAKE_PREFIX_PATH=/opt/ros/humble /usr/bin/cmake --install /home/blade_master/pnx/rmvision/build/rm_gimbal_description
[0.655s] Level 1:colcon.colcon_core.environment:checking '/home/blade_master/pnx/rmvision/install/rm_gimbal_description' for CMake module files
[0.655s] Level 1:colcon.colcon_core.environment:checking '/home/blade_master/pnx/rmvision/install/rm_gimbal_description' for CMake config files
[0.656s] Level 1:colcon.colcon_core.shell:create_environment_hook('rm_gimbal_description', 'cmake_prefix_path')
[0.656s] INFO:colcon.colcon_core.shell:Creating environment hook '/home/blade_master/pnx/rmvision/install/rm_gimbal_description/share/rm_gimbal_description/hook/cmake_prefix_path.ps1'
[0.657s] INFO:colcon.colcon_core.shell:Creating environment descriptor '/home/blade_master/pnx/rmvision/install/rm_gimbal_description/share/rm_gimbal_description/hook/cmake_prefix_path.dsv'
[0.657s] INFO:colcon.colcon_core.shell:Creating environment hook '/home/blade_master/pnx/rmvision/install/rm_gimbal_description/share/rm_gimbal_description/hook/cmake_prefix_path.sh'
[0.659s] Level 1:colcon.colcon_core.environment:checking '/home/blade_master/pnx/rmvision/install/rm_gimbal_description/bin'
[0.659s] Level 1:colcon.colcon_core.environment:checking '/home/blade_master/pnx/rmvision/install/rm_gimbal_description/lib/pkgconfig/rm_gimbal_description.pc'
[0.659s] Level 1:colcon.colcon_core.environment:checking '/home/blade_master/pnx/rmvision/install/rm_gimbal_description/lib/python3.10/site-packages'
[0.659s] Level 1:colcon.colcon_core.environment:checking '/home/blade_master/pnx/rmvision/install/rm_gimbal_description/bin'
[0.660s] INFO:colcon.colcon_core.shell:Creating package script '/home/blade_master/pnx/rmvision/install/rm_gimbal_description/share/rm_gimbal_description/package.ps1'
[0.661s] INFO:colcon.colcon_core.shell:Creating package descriptor '/home/blade_master/pnx/rmvision/install/rm_gimbal_description/share/rm_gimbal_description/package.dsv'
[0.662s] INFO:colcon.colcon_core.shell:Creating package script '/home/blade_master/pnx/rmvision/install/rm_gimbal_description/share/rm_gimbal_description/package.sh'
[0.663s] INFO:colcon.colcon_core.shell:Creating package script '/home/blade_master/pnx/rmvision/install/rm_gimbal_description/share/rm_gimbal_description/package.bash'
[0.664s] INFO:colcon.colcon_core.shell:Creating package script '/home/blade_master/pnx/rmvision/install/rm_gimbal_description/share/rm_gimbal_description/package.zsh'
[0.664s] Level 1:colcon.colcon_core.environment:create_file_with_runtime_dependencies(/home/blade_master/pnx/rmvision/install/rm_gimbal_description/share/colcon-core/packages/rm_gimbal_description)
[0.665s] Level 1:colcon.colcon_core.environment:create_environment_scripts_only(rm_gimbal_description)
[0.665s] Level 1:colcon.colcon_core.environment:checking '/home/blade_master/pnx/rmvision/install/rm_gimbal_description' for CMake module files
[0.665s] Level 1:colcon.colcon_core.environment:checking '/home/blade_master/pnx/rmvision/install/rm_gimbal_description' for CMake config files
[0.666s] Level 1:colcon.colcon_core.shell:create_environment_hook('rm_gimbal_description', 'cmake_prefix_path')
[0.666s] INFO:colcon.colcon_core.shell:Creating environment hook '/home/blade_master/pnx/rmvision/install/rm_gimbal_description/share/rm_gimbal_description/hook/cmake_prefix_path.ps1'
[0.666s] INFO:colcon.colcon_core.shell:Creating environment descriptor '/home/blade_master/pnx/rmvision/install/rm_gimbal_description/share/rm_gimbal_description/hook/cmake_prefix_path.dsv'
[0.666s] INFO:colcon.colcon_core.shell:Creating environment hook '/home/blade_master/pnx/rmvision/install/rm_gimbal_description/share/rm_gimbal_description/hook/cmake_prefix_path.sh'
[0.667s] Level 1:colcon.colcon_core.environment:checking '/home/blade_master/pnx/rmvision/install/rm_gimbal_description/bin'
[0.667s] Level 1:colcon.colcon_core.environment:checking '/home/blade_master/pnx/rmvision/install/rm_gimbal_description/lib/pkgconfig/rm_gimbal_description.pc'
[0.667s] Level 1:colcon.colcon_core.environment:checking '/home/blade_master/pnx/rmvision/install/rm_gimbal_description/lib/python3.10/site-packages'
[0.667s] Level 1:colcon.colcon_core.environment:checking '/home/blade_master/pnx/rmvision/install/rm_gimbal_description/bin'
[0.667s] INFO:colcon.colcon_core.shell:Creating package script '/home/blade_master/pnx/rmvision/install/rm_gimbal_description/share/rm_gimbal_description/package.ps1'
[0.668s] INFO:colcon.colcon_core.shell:Creating package descriptor '/home/blade_master/pnx/rmvision/install/rm_gimbal_description/share/rm_gimbal_description/package.dsv'
[0.668s] INFO:colcon.colcon_core.shell:Creating package script '/home/blade_master/pnx/rmvision/install/rm_gimbal_description/share/rm_gimbal_description/package.sh'
[0.668s] INFO:colcon.colcon_core.shell:Creating package script '/home/blade_master/pnx/rmvision/install/rm_gimbal_description/share/rm_gimbal_description/package.bash'
[0.669s] INFO:colcon.colcon_core.shell:Creating package script '/home/blade_master/pnx/rmvision/install/rm_gimbal_description/share/rm_gimbal_description/package.zsh'
[0.669s] Level 1:colcon.colcon_core.environment:create_file_with_runtime_dependencies(/home/blade_master/pnx/rmvision/install/rm_gimbal_description/share/colcon-core/packages/rm_gimbal_description)
[0.671s] Level 1:colcon.colcon_core.environment:create_environment_scripts_only(hik_camera)
[0.672s] Level 1:colcon.colcon_core.environment:checking '/home/blade_master/pnx/rmvision/install/hik_camera' for CMake module files
[0.672s] DEBUG:colcon.colcon_core.event_handler.log_command:Invoked command in '/home/blade_master/pnx/rmvision/build/hik_camera' returned '0': CMAKE_PREFIX_PATH=/opt/ros/humble /usr/bin/cmake --install /home/blade_master/pnx/rmvision/build/hik_camera
[0.672s] Level 1:colcon.colcon_core.environment:checking '/home/blade_master/pnx/rmvision/install/hik_camera' for CMake config files
[0.672s] Level 1:colcon.colcon_core.shell:create_environment_hook('hik_camera', 'cmake_prefix_path')
[0.673s] INFO:colcon.colcon_core.shell:Creating environment hook '/home/blade_master/pnx/rmvision/install/hik_camera/share/hik_camera/hook/cmake_prefix_path.ps1'
[0.673s] INFO:colcon.colcon_core.shell:Creating environment descriptor '/home/blade_master/pnx/rmvision/install/hik_camera/share/hik_camera/hook/cmake_prefix_path.dsv'
[0.673s] INFO:colcon.colcon_core.shell:Creating environment hook '/home/blade_master/pnx/rmvision/install/hik_camera/share/hik_camera/hook/cmake_prefix_path.sh'
[0.674s] Level 1:colcon.colcon_core.environment:checking '/home/blade_master/pnx/rmvision/install/hik_camera/lib'
[0.674s] Level 1:colcon.colcon_core.shell:create_environment_hook('hik_camera', 'ld_library_path_lib')
[0.674s] INFO:colcon.colcon_core.shell:Creating environment hook '/home/blade_master/pnx/rmvision/install/hik_camera/share/hik_camera/hook/ld_library_path_lib.ps1'
[0.674s] INFO:colcon.colcon_core.shell:Creating environment descriptor '/home/blade_master/pnx/rmvision/install/hik_camera/share/hik_camera/hook/ld_library_path_lib.dsv'
[0.675s] INFO:colcon.colcon_core.shell:Creating environment hook '/home/blade_master/pnx/rmvision/install/hik_camera/share/hik_camera/hook/ld_library_path_lib.sh'
[0.675s] Level 1:colcon.colcon_core.environment:checking '/home/blade_master/pnx/rmvision/install/hik_camera/bin'
[0.675s] Level 1:colcon.colcon_core.environment:checking '/home/blade_master/pnx/rmvision/install/hik_camera/lib/pkgconfig/hik_camera.pc'
[0.675s] Level 1:colcon.colcon_core.environment:checking '/home/blade_master/pnx/rmvision/install/hik_camera/lib/python3.10/site-packages'
[0.675s] Level 1:colcon.colcon_core.environment:checking '/home/blade_master/pnx/rmvision/install/hik_camera/bin'
[0.676s] INFO:colcon.colcon_core.shell:Creating package script '/home/blade_master/pnx/rmvision/install/hik_camera/share/hik_camera/package.ps1'
[0.676s] INFO:colcon.colcon_core.shell:Creating package descriptor '/home/blade_master/pnx/rmvision/install/hik_camera/share/hik_camera/package.dsv'
[0.676s] INFO:colcon.colcon_core.shell:Creating package script '/home/blade_master/pnx/rmvision/install/hik_camera/share/hik_camera/package.sh'
[0.677s] INFO:colcon.colcon_core.shell:Creating package script '/home/blade_master/pnx/rmvision/install/hik_camera/share/hik_camera/package.bash'
[0.677s] INFO:colcon.colcon_core.shell:Creating package script '/home/blade_master/pnx/rmvision/install/hik_camera/share/hik_camera/package.zsh'
[0.678s] Level 1:colcon.colcon_core.environment:create_file_with_runtime_dependencies(/home/blade_master/pnx/rmvision/install/hik_camera/share/colcon-core/packages/hik_camera)
[0.679s] Level 1:colcon.colcon_core.environment:create_environment_scripts_only(hik_camera)
[0.680s] Level 1:colcon.colcon_core.environment:checking '/home/blade_master/pnx/rmvision/install/hik_camera' for CMake module files
[0.680s] Level 1:colcon.colcon_core.environment:checking '/home/blade_master/pnx/rmvision/install/hik_camera' for CMake config files
[0.681s] Level 1:colcon.colcon_core.shell:create_environment_hook('hik_camera', 'cmake_prefix_path')
[0.681s] INFO:colcon.colcon_core.shell:Creating environment hook '/home/blade_master/pnx/rmvision/install/hik_camera/share/hik_camera/hook/cmake_prefix_path.ps1'
[0.682s] INFO:colcon.colcon_core.shell:Creating environment descriptor '/home/blade_master/pnx/rmvision/install/hik_camera/share/hik_camera/hook/cmake_prefix_path.dsv'
[0.682s] INFO:colcon.colcon_core.shell:Creating environment hook '/home/blade_master/pnx/rmvision/install/hik_camera/share/hik_camera/hook/cmake_prefix_path.sh'
[0.683s] Level 1:colcon.colcon_core.environment:checking '/home/blade_master/pnx/rmvision/install/hik_camera/lib'
[0.683s] Level 1:colcon.colcon_core.shell:create_environment_hook('hik_camera', 'ld_library_path_lib')
[0.683s] INFO:colcon.colcon_core.shell:Creating environment hook '/home/blade_master/pnx/rmvision/install/hik_camera/share/hik_camera/hook/ld_library_path_lib.ps1'
[0.683s] INFO:colcon.colcon_core.shell:Creating environment descriptor '/home/blade_master/pnx/rmvision/install/hik_camera/share/hik_camera/hook/ld_library_path_lib.dsv'
[0.684s] INFO:colcon.colcon_core.shell:Creating environment hook '/home/blade_master/pnx/rmvision/install/hik_camera/share/hik_camera/hook/ld_library_path_lib.sh'
[0.684s] Level 1:colcon.colcon_core.environment:checking '/home/blade_master/pnx/rmvision/install/hik_camera/bin'
[0.685s] Level 1:colcon.colcon_core.environment:checking '/home/blade_master/pnx/rmvision/install/hik_camera/lib/pkgconfig/hik_camera.pc'
[0.685s] Level 1:colcon.colcon_core.environment:checking '/home/blade_master/pnx/rmvision/install/hik_camera/lib/python3.10/site-packages'
[0.685s] Level 1:colcon.colcon_core.environment:checking '/home/blade_master/pnx/rmvision/install/hik_camera/bin'
[0.686s] INFO:colcon.colcon_core.shell:Creating package script '/home/blade_master/pnx/rmvision/install/hik_camera/share/hik_camera/package.ps1'
[0.686s] INFO:colcon.colcon_core.shell:Creating package descriptor '/home/blade_master/pnx/rmvision/install/hik_camera/share/hik_camera/package.dsv'
[0.687s] INFO:colcon.colcon_core.shell:Creating package script '/home/blade_master/pnx/rmvision/install/hik_camera/share/hik_camera/package.sh'
[0.687s] INFO:colcon.colcon_core.shell:Creating package script '/home/blade_master/pnx/rmvision/install/hik_camera/share/hik_camera/package.bash'
[0.688s] INFO:colcon.colcon_core.shell:Creating package script '/home/blade_master/pnx/rmvision/install/hik_camera/share/hik_camera/package.zsh'
[0.688s] Level 1:colcon.colcon_core.environment:create_file_with_runtime_dependencies(/home/blade_master/pnx/rmvision/install/hik_camera/share/colcon-core/packages/hik_camera)
[0.689s] Level 1:colcon.colcon_core.environment:create_environment_scripts_only(video_reader)
[0.689s] Level 1:colcon.colcon_core.environment:checking '/home/blade_master/pnx/rmvision/install/video_reader' for CMake module files
[0.692s] DEBUG:colcon.colcon_core.event_handler.log_command:Invoked command in '/home/blade_master/pnx/rmvision/build/video_reader' returned '0': CMAKE_PREFIX_PATH=/opt/ros/humble /usr/bin/cmake --install /home/blade_master/pnx/rmvision/build/video_reader
[0.692s] Level 1:colcon.colcon_core.environment:checking '/home/blade_master/pnx/rmvision/install/video_reader' for CMake config files
[0.693s] Level 1:colcon.colcon_core.shell:create_environment_hook('video_reader', 'cmake_prefix_path')
[0.693s] INFO:colcon.colcon_core.shell:Creating environment hook '/home/blade_master/pnx/rmvision/install/video_reader/share/video_reader/hook/cmake_prefix_path.ps1'
[0.694s] INFO:colcon.colcon_core.shell:Creating environment descriptor '/home/blade_master/pnx/rmvision/install/video_reader/share/video_reader/hook/cmake_prefix_path.dsv'
[0.695s] INFO:colcon.colcon_core.shell:Creating environment hook '/home/blade_master/pnx/rmvision/install/video_reader/share/video_reader/hook/cmake_prefix_path.sh'
[0.695s] Level 1:colcon.colcon_core.environment:checking '/home/blade_master/pnx/rmvision/install/video_reader/lib'
[0.695s] Level 1:colcon.colcon_core.shell:create_environment_hook('video_reader', 'ld_library_path_lib')
[0.696s] INFO:colcon.colcon_core.shell:Creating environment hook '/home/blade_master/pnx/rmvision/install/video_reader/share/video_reader/hook/ld_library_path_lib.ps1'
[0.696s] INFO:colcon.colcon_core.shell:Creating environment descriptor '/home/blade_master/pnx/rmvision/install/video_reader/share/video_reader/hook/ld_library_path_lib.dsv'
[0.697s] INFO:colcon.colcon_core.shell:Creating environment hook '/home/blade_master/pnx/rmvision/install/video_reader/share/video_reader/hook/ld_library_path_lib.sh'
[0.697s] Level 1:colcon.colcon_core.environment:checking '/home/blade_master/pnx/rmvision/install/video_reader/bin'
[0.697s] Level 1:colcon.colcon_core.environment:checking '/home/blade_master/pnx/rmvision/install/video_reader/lib/pkgconfig/video_reader.pc'
[0.698s] Level 1:colcon.colcon_core.environment:checking '/home/blade_master/pnx/rmvision/install/video_reader/lib/python3.10/site-packages'
[0.698s] Level 1:colcon.colcon_core.environment:checking '/home/blade_master/pnx/rmvision/install/video_reader/bin'
[0.699s] INFO:colcon.colcon_core.shell:Creating package script '/home/blade_master/pnx/rmvision/install/video_reader/share/video_reader/package.ps1'
[0.701s] INFO:colcon.colcon_core.shell:Creating package descriptor '/home/blade_master/pnx/rmvision/install/video_reader/share/video_reader/package.dsv'
[0.702s] INFO:colcon.colcon_core.shell:Creating package script '/home/blade_master/pnx/rmvision/install/video_reader/share/video_reader/package.sh'
[0.702s] INFO:colcon.colcon_core.shell:Creating package script '/home/blade_master/pnx/rmvision/install/video_reader/share/video_reader/package.bash'
[0.703s] INFO:colcon.colcon_core.shell:Creating package script '/home/blade_master/pnx/rmvision/install/video_reader/share/video_reader/package.zsh'
[0.703s] Level 1:colcon.colcon_core.environment:create_file_with_runtime_dependencies(/home/blade_master/pnx/rmvision/install/video_reader/share/colcon-core/packages/video_reader)
[0.704s] Level 1:colcon.colcon_core.environment:create_environment_scripts_only(video_reader)
[0.705s] Level 1:colcon.colcon_core.environment:checking '/home/blade_master/pnx/rmvision/install/video_reader' for CMake module files
[0.705s] Level 1:colcon.colcon_core.environment:checking '/home/blade_master/pnx/rmvision/install/video_reader' for CMake config files
[0.705s] Level 1:colcon.colcon_core.shell:create_environment_hook('video_reader', 'cmake_prefix_path')
[0.705s] INFO:colcon.colcon_core.shell:Creating environment hook '/home/blade_master/pnx/rmvision/install/video_reader/share/video_reader/hook/cmake_prefix_path.ps1'
[0.706s] INFO:colcon.colcon_core.shell:Creating environment descriptor '/home/blade_master/pnx/rmvision/install/video_reader/share/video_reader/hook/cmake_prefix_path.dsv'
[0.706s] INFO:colcon.colcon_core.shell:Creating environment hook '/home/blade_master/pnx/rmvision/install/video_reader/share/video_reader/hook/cmake_prefix_path.sh'
[0.707s] Level 1:colcon.colcon_core.environment:checking '/home/blade_master/pnx/rmvision/install/video_reader/lib'
[0.707s] Level 1:colcon.colcon_core.shell:create_environment_hook('video_reader', 'ld_library_path_lib')
[0.707s] INFO:colcon.colcon_core.shell:Creating environment hook '/home/blade_master/pnx/rmvision/install/video_reader/share/video_reader/hook/ld_library_path_lib.ps1'
[0.707s] INFO:colcon.colcon_core.shell:Creating environment descriptor '/home/blade_master/pnx/rmvision/install/video_reader/share/video_reader/hook/ld_library_path_lib.dsv'
[0.708s] INFO:colcon.colcon_core.shell:Creating environment hook '/home/blade_master/pnx/rmvision/install/video_reader/share/video_reader/hook/ld_library_path_lib.sh'
[0.709s] Level 1:colcon.colcon_core.environment:checking '/home/blade_master/pnx/rmvision/install/video_reader/bin'
[0.709s] Level 1:colcon.colcon_core.environment:checking '/home/blade_master/pnx/rmvision/install/video_reader/lib/pkgconfig/video_reader.pc'
[0.710s] Level 1:colcon.colcon_core.environment:checking '/home/blade_master/pnx/rmvision/install/video_reader/lib/python3.10/site-packages'
[0.710s] Level 1:colcon.colcon_core.environment:checking '/home/blade_master/pnx/rmvision/install/video_reader/bin'
[0.710s] INFO:colcon.colcon_core.shell:Creating package script '/home/blade_master/pnx/rmvision/install/video_reader/share/video_reader/package.ps1'
[0.711s] INFO:colcon.colcon_core.shell:Creating package descriptor '/home/blade_master/pnx/rmvision/install/video_reader/share/video_reader/package.dsv'
[0.711s] INFO:colcon.colcon_core.shell:Creating package script '/home/blade_master/pnx/rmvision/install/video_reader/share/video_reader/package.sh'
[0.711s] INFO:colcon.colcon_core.shell:Creating package script '/home/blade_master/pnx/rmvision/install/video_reader/share/video_reader/package.bash'
[0.712s] INFO:colcon.colcon_core.shell:Creating package script '/home/blade_master/pnx/rmvision/install/video_reader/share/video_reader/package.zsh'
[0.713s] Level 1:colcon.colcon_core.environment:create_file_with_runtime_dependencies(/home/blade_master/pnx/rmvision/install/video_reader/share/colcon-core/packages/video_reader)
[0.860s] DEBUG:colcon.colcon_core.event_handler.log_command:Invoked command in '/home/blade_master/pnx/rmvision/build/auto_aim_interfaces' returned '0': CMAKE_PREFIX_PATH=/opt/ros/humble /usr/bin/cmake --build /home/blade_master/pnx/rmvision/build/auto_aim_interfaces -- -j22 -l22
[0.862s] DEBUG:colcon.colcon_core.event_handler.log_command:Invoking command in '/home/blade_master/pnx/rmvision/build/auto_aim_interfaces': CMAKE_PREFIX_PATH=/opt/ros/humble /usr/bin/cmake --install /home/blade_master/pnx/rmvision/build/auto_aim_interfaces
[0.918s] Level 1:colcon.colcon_core.environment:create_environment_scripts_only(auto_aim_interfaces)
[0.919s] DEBUG:colcon.colcon_core.event_handler.log_command:Invoked command in '/home/blade_master/pnx/rmvision/build/auto_aim_interfaces' returned '0': CMAKE_PREFIX_PATH=/opt/ros/humble /usr/bin/cmake --install /home/blade_master/pnx/rmvision/build/auto_aim_interfaces
[0.919s] Level 1:colcon.colcon_core.environment:checking '/home/blade_master/pnx/rmvision/install/auto_aim_interfaces' for CMake module files
[0.920s] Level 1:colcon.colcon_core.environment:checking '/home/blade_master/pnx/rmvision/install/auto_aim_interfaces' for CMake config files
[0.920s] Level 1:colcon.colcon_core.shell:create_environment_hook('auto_aim_interfaces', 'cmake_prefix_path')
[0.921s] INFO:colcon.colcon_core.shell:Creating environment hook '/home/blade_master/pnx/rmvision/install/auto_aim_interfaces/share/auto_aim_interfaces/hook/cmake_prefix_path.ps1'
[0.921s] INFO:colcon.colcon_core.shell:Creating environment descriptor '/home/blade_master/pnx/rmvision/install/auto_aim_interfaces/share/auto_aim_interfaces/hook/cmake_prefix_path.dsv'
[0.921s] INFO:colcon.colcon_core.shell:Creating environment hook '/home/blade_master/pnx/rmvision/install/auto_aim_interfaces/share/auto_aim_interfaces/hook/cmake_prefix_path.sh'
[0.922s] Level 1:colcon.colcon_core.environment:checking '/home/blade_master/pnx/rmvision/install/auto_aim_interfaces/lib'
[0.922s] Level 1:colcon.colcon_core.shell:create_environment_hook('auto_aim_interfaces', 'ld_library_path_lib')
[0.922s] INFO:colcon.colcon_core.shell:Creating environment hook '/home/blade_master/pnx/rmvision/install/auto_aim_interfaces/share/auto_aim_interfaces/hook/ld_library_path_lib.ps1'
[0.922s] INFO:colcon.colcon_core.shell:Creating environment descriptor '/home/blade_master/pnx/rmvision/install/auto_aim_interfaces/share/auto_aim_interfaces/hook/ld_library_path_lib.dsv'
[0.922s] INFO:colcon.colcon_core.shell:Creating environment hook '/home/blade_master/pnx/rmvision/install/auto_aim_interfaces/share/auto_aim_interfaces/hook/ld_library_path_lib.sh'
[0.922s] Level 1:colcon.colcon_core.environment:checking '/home/blade_master/pnx/rmvision/install/auto_aim_interfaces/bin'
[0.922s] Level 1:colcon.colcon_core.environment:checking '/home/blade_master/pnx/rmvision/install/auto_aim_interfaces/lib/pkgconfig/auto_aim_interfaces.pc'
[0.923s] Level 1:colcon.colcon_core.environment:checking '/home/blade_master/pnx/rmvision/install/auto_aim_interfaces/lib/python3.10/site-packages'
[0.923s] Level 1:colcon.colcon_core.environment:checking '/home/blade_master/pnx/rmvision/install/auto_aim_interfaces/bin'
[0.923s] INFO:colcon.colcon_core.shell:Creating package script '/home/blade_master/pnx/rmvision/install/auto_aim_interfaces/share/auto_aim_interfaces/package.ps1'
[0.923s] INFO:colcon.colcon_core.shell:Creating package descriptor '/home/blade_master/pnx/rmvision/install/auto_aim_interfaces/share/auto_aim_interfaces/package.dsv'
[0.924s] INFO:colcon.colcon_core.shell:Creating package script '/home/blade_master/pnx/rmvision/install/auto_aim_interfaces/share/auto_aim_interfaces/package.sh'
[0.924s] INFO:colcon.colcon_core.shell:Creating package script '/home/blade_master/pnx/rmvision/install/auto_aim_interfaces/share/auto_aim_interfaces/package.bash'
[0.924s] INFO:colcon.colcon_core.shell:Creating package script '/home/blade_master/pnx/rmvision/install/auto_aim_interfaces/share/auto_aim_interfaces/package.zsh'
[0.924s] Level 1:colcon.colcon_core.environment:create_file_with_runtime_dependencies(/home/blade_master/pnx/rmvision/install/auto_aim_interfaces/share/colcon-core/packages/auto_aim_interfaces)
[0.925s] Level 1:colcon.colcon_core.environment:create_environment_scripts_only(auto_aim_interfaces)
[0.925s] Level 1:colcon.colcon_core.environment:checking '/home/blade_master/pnx/rmvision/install/auto_aim_interfaces' for CMake module files
[0.925s] Level 1:colcon.colcon_core.environment:checking '/home/blade_master/pnx/rmvision/install/auto_aim_interfaces' for CMake config files
[0.926s] Level 1:colcon.colcon_core.shell:create_environment_hook('auto_aim_interfaces', 'cmake_prefix_path')
[0.926s] INFO:colcon.colcon_core.shell:Creating environment hook '/home/blade_master/pnx/rmvision/install/auto_aim_interfaces/share/auto_aim_interfaces/hook/cmake_prefix_path.ps1'
[0.926s] INFO:colcon.colcon_core.shell:Creating environment descriptor '/home/blade_master/pnx/rmvision/install/auto_aim_interfaces/share/auto_aim_interfaces/hook/cmake_prefix_path.dsv'
[0.926s] INFO:colcon.colcon_core.shell:Creating environment hook '/home/blade_master/pnx/rmvision/install/auto_aim_interfaces/share/auto_aim_interfaces/hook/cmake_prefix_path.sh'
[0.927s] Level 1:colcon.colcon_core.environment:checking '/home/blade_master/pnx/rmvision/install/auto_aim_interfaces/lib'
[0.927s] Level 1:colcon.colcon_core.shell:create_environment_hook('auto_aim_interfaces', 'ld_library_path_lib')
[0.927s] INFO:colcon.colcon_core.shell:Creating environment hook '/home/blade_master/pnx/rmvision/install/auto_aim_interfaces/share/auto_aim_interfaces/hook/ld_library_path_lib.ps1'
[0.927s] INFO:colcon.colcon_core.shell:Creating environment descriptor '/home/blade_master/pnx/rmvision/install/auto_aim_interfaces/share/auto_aim_interfaces/hook/ld_library_path_lib.dsv'
[0.927s] INFO:colcon.colcon_core.shell:Creating environment hook '/home/blade_master/pnx/rmvision/install/auto_aim_interfaces/share/auto_aim_interfaces/hook/ld_library_path_lib.sh'
[0.927s] Level 1:colcon.colcon_core.environment:checking '/home/blade_master/pnx/rmvision/install/auto_aim_interfaces/bin'
[0.927s] Level 1:colcon.colcon_core.environment:checking '/home/blade_master/pnx/rmvision/install/auto_aim_interfaces/lib/pkgconfig/auto_aim_interfaces.pc'
[0.928s] Level 1:colcon.colcon_core.environment:checking '/home/blade_master/pnx/rmvision/install/auto_aim_interfaces/lib/python3.10/site-packages'
[0.928s] Level 1:colcon.colcon_core.environment:checking '/home/blade_master/pnx/rmvision/install/auto_aim_interfaces/bin'
[0.928s] INFO:colcon.colcon_core.shell:Creating package script '/home/blade_master/pnx/rmvision/install/auto_aim_interfaces/share/auto_aim_interfaces/package.ps1'
[0.928s] INFO:colcon.colcon_core.shell:Creating package descriptor '/home/blade_master/pnx/rmvision/install/auto_aim_interfaces/share/auto_aim_interfaces/package.dsv'
[0.929s] INFO:colcon.colcon_core.shell:Creating package script '/home/blade_master/pnx/rmvision/install/auto_aim_interfaces/share/auto_aim_interfaces/package.sh'
[0.929s] INFO:colcon.colcon_core.shell:Creating package script '/home/blade_master/pnx/rmvision/install/auto_aim_interfaces/share/auto_aim_interfaces/package.bash'
[0.929s] INFO:colcon.colcon_core.shell:Creating package script '/home/blade_master/pnx/rmvision/install/auto_aim_interfaces/share/auto_aim_interfaces/package.zsh'
[0.929s] Level 1:colcon.colcon_core.environment:create_file_with_runtime_dependencies(/home/blade_master/pnx/rmvision/install/auto_aim_interfaces/share/colcon-core/packages/auto_aim_interfaces)
[0.930s] INFO:colcon.colcon_ros.task.ament_cmake.build:Building ROS package in '/home/blade_master/pnx/rmvision/src/auto_aim/light_detector' with build type 'ament_cmake'
[0.930s] INFO:colcon.colcon_cmake.task.cmake.build:Building CMake package in '/home/blade_master/pnx/rmvision/src/auto_aim/light_detector'
[0.930s] INFO:colcon.colcon_core.shell:Skip shell extension 'powershell' for command environment: Not usable outside of PowerShell
[0.930s] DEBUG:colcon.colcon_core.shell:Skip shell extension 'dsv' for command environment
[0.934s] INFO:colcon.colcon_ros.task.ament_cmake.build:Building ROS package in '/home/blade_master/pnx/rmvision/src/rm_serial_driver' with build type 'ament_cmake'
[0.934s] INFO:colcon.colcon_cmake.task.cmake.build:Building CMake package in '/home/blade_master/pnx/rmvision/src/rm_serial_driver'
[0.934s] INFO:colcon.colcon_core.shell:Skip shell extension 'powershell' for command environment: Not usable outside of PowerShell
[0.934s] DEBUG:colcon.colcon_core.shell:Skip shell extension 'dsv' for command environment
[0.970s] DEBUG:colcon.colcon_core.event_handler.log_command:Invoking command in '/home/blade_master/pnx/rmvision/build/rm_serial_driver': AMENT_PREFIX_PATH=/home/blade_master/pnx/rmvision/install/auto_aim_interfaces:${AMENT_PREFIX_PATH} CMAKE_PREFIX_PATH=/home/blade_master/pnx/rmvision/install/auto_aim_interfaces:/opt/ros/humble LD_LIBRARY_PATH=/home/blade_master/pnx/rmvision/install/auto_aim_interfaces/lib:/opt/MVS/lib/64:/opt/MVS/lib/32:/opt/MVS/lib/64:/opt/MVS/lib/32:/opt/MVS/lib/64:/opt/MVS/lib/32:/opt/ros/humble/opt/rviz_ogre_vendor/lib:/opt/ros/humble/lib/x86_64-linux-gnu:/opt/ros/humble/lib:/opt/MVS/lib/64:/opt/MVS/lib/32 PYTHONPATH=/home/blade_master/pnx/rmvision/install/auto_aim_interfaces/local/lib/python3.10/dist-packages:${PYTHONPATH} /usr/bin/cmake --build /home/blade_master/pnx/rmvision/build/rm_serial_driver -- -j22 -l22
[0.972s] DEBUG:colcon.colcon_core.event_handler.log_command:Invoking command in '/home/blade_master/pnx/rmvision/build/light_detector': AMENT_PREFIX_PATH=/home/blade_master/pnx/rmvision/install/auto_aim_interfaces:${AMENT_PREFIX_PATH} CMAKE_PREFIX_PATH=/home/blade_master/pnx/rmvision/install/auto_aim_interfaces:/opt/ros/humble LD_LIBRARY_PATH=/home/blade_master/pnx/rmvision/install/auto_aim_interfaces/lib:/opt/MVS/lib/64:/opt/MVS/lib/32:/opt/MVS/lib/64:/opt/MVS/lib/32:/opt/MVS/lib/64:/opt/MVS/lib/32:/opt/ros/humble/opt/rviz_ogre_vendor/lib:/opt/ros/humble/lib/x86_64-linux-gnu:/opt/ros/humble/lib:/opt/MVS/lib/64:/opt/MVS/lib/32 PYTHONPATH=/home/blade_master/pnx/rmvision/install/auto_aim_interfaces/local/lib/python3.10/dist-packages:${PYTHONPATH} /usr/bin/cmake --build /home/blade_master/pnx/rmvision/build/light_detector -- -j22 -l22
[1.028s] DEBUG:colcon.colcon_core.event_handler.log_command:Invoked command in '/home/blade_master/pnx/rmvision/build/light_detector' returned '0': AMENT_PREFIX_PATH=/home/blade_master/pnx/rmvision/install/auto_aim_interfaces:${AMENT_PREFIX_PATH} CMAKE_PREFIX_PATH=/home/blade_master/pnx/rmvision/install/auto_aim_interfaces:/opt/ros/humble LD_LIBRARY_PATH=/home/blade_master/pnx/rmvision/install/auto_aim_interfaces/lib:/opt/MVS/lib/64:/opt/MVS/lib/32:/opt/MVS/lib/64:/opt/MVS/lib/32:/opt/MVS/lib/64:/opt/MVS/lib/32:/opt/ros/humble/opt/rviz_ogre_vendor/lib:/opt/ros/humble/lib/x86_64-linux-gnu:/opt/ros/humble/lib:/opt/MVS/lib/64:/opt/MVS/lib/32 PYTHONPATH=/home/blade_master/pnx/rmvision/install/auto_aim_interfaces/local/lib/python3.10/dist-packages:${PYTHONPATH} /usr/bin/cmake --build /home/blade_master/pnx/rmvision/build/light_detector -- -j22 -l22
[1.029s] DEBUG:colcon.colcon_core.event_handler.log_command:Invoking command in '/home/blade_master/pnx/rmvision/build/light_detector': AMENT_PREFIX_PATH=/home/blade_master/pnx/rmvision/install/auto_aim_interfaces:${AMENT_PREFIX_PATH} CMAKE_PREFIX_PATH=/home/blade_master/pnx/rmvision/install/auto_aim_interfaces:/opt/ros/humble LD_LIBRARY_PATH=/home/blade_master/pnx/rmvision/install/auto_aim_interfaces/lib:/opt/MVS/lib/64:/opt/MVS/lib/32:/opt/MVS/lib/64:/opt/MVS/lib/32:/opt/MVS/lib/64:/opt/MVS/lib/32:/opt/ros/humble/opt/rviz_ogre_vendor/lib:/opt/ros/humble/lib/x86_64-linux-gnu:/opt/ros/humble/lib:/opt/MVS/lib/64:/opt/MVS/lib/32 PYTHONPATH=/home/blade_master/pnx/rmvision/install/auto_aim_interfaces/local/lib/python3.10/dist-packages:${PYTHONPATH} /usr/bin/cmake --install /home/blade_master/pnx/rmvision/build/light_detector
[1.210s] Level 1:colcon.colcon_core.environment:create_environment_scripts_only(light_detector)
[1.210s] DEBUG:colcon.colcon_core.event_handler.log_command:Invoked command in '/home/blade_master/pnx/rmvision/build/light_detector' returned '0': AMENT_PREFIX_PATH=/home/blade_master/pnx/rmvision/install/auto_aim_interfaces:${AMENT_PREFIX_PATH} CMAKE_PREFIX_PATH=/home/blade_master/pnx/rmvision/install/auto_aim_interfaces:/opt/ros/humble LD_LIBRARY_PATH=/home/blade_master/pnx/rmvision/install/auto_aim_interfaces/lib:/opt/MVS/lib/64:/opt/MVS/lib/32:/opt/MVS/lib/64:/opt/MVS/lib/32:/opt/MVS/lib/64:/opt/MVS/lib/32:/opt/ros/humble/opt/rviz_ogre_vendor/lib:/opt/ros/humble/lib/x86_64-linux-gnu:/opt/ros/humble/lib:/opt/MVS/lib/64:/opt/MVS/lib/32 PYTHONPATH=/home/blade_master/pnx/rmvision/install/auto_aim_interfaces/local/lib/python3.10/dist-packages:${PYTHONPATH} /usr/bin/cmake --install /home/blade_master/pnx/rmvision/build/light_detector
[1.211s] Level 1:colcon.colcon_core.environment:checking '/home/blade_master/pnx/rmvision/install/light_detector' for CMake module files
[1.211s] Level 1:colcon.colcon_core.environment:checking '/home/blade_master/pnx/rmvision/install/light_detector' for CMake config files
[1.212s] Level 1:colcon.colcon_core.shell:create_environment_hook('light_detector', 'cmake_prefix_path')
[1.212s] INFO:colcon.colcon_core.shell:Creating environment hook '/home/blade_master/pnx/rmvision/install/light_detector/share/light_detector/hook/cmake_prefix_path.ps1'
[1.213s] INFO:colcon.colcon_core.shell:Creating environment descriptor '/home/blade_master/pnx/rmvision/install/light_detector/share/light_detector/hook/cmake_prefix_path.dsv'
[1.213s] INFO:colcon.colcon_core.shell:Creating environment hook '/home/blade_master/pnx/rmvision/install/light_detector/share/light_detector/hook/cmake_prefix_path.sh'
[1.214s] Level 1:colcon.colcon_core.environment:checking '/home/blade_master/pnx/rmvision/install/light_detector/lib'
[1.214s] Level 1:colcon.colcon_core.shell:create_environment_hook('light_detector', 'ld_library_path_lib')
[1.214s] INFO:colcon.colcon_core.shell:Creating environment hook '/home/blade_master/pnx/rmvision/install/light_detector/share/light_detector/hook/ld_library_path_lib.ps1'
[1.214s] INFO:colcon.colcon_core.shell:Creating environment descriptor '/home/blade_master/pnx/rmvision/install/light_detector/share/light_detector/hook/ld_library_path_lib.dsv'
[1.215s] INFO:colcon.colcon_core.shell:Creating environment hook '/home/blade_master/pnx/rmvision/install/light_detector/share/light_detector/hook/ld_library_path_lib.sh'
[1.215s] Level 1:colcon.colcon_core.environment:checking '/home/blade_master/pnx/rmvision/install/light_detector/bin'
[1.215s] Level 1:colcon.colcon_core.environment:checking '/home/blade_master/pnx/rmvision/install/light_detector/lib/pkgconfig/light_detector.pc'
[1.215s] Level 1:colcon.colcon_core.environment:checking '/home/blade_master/pnx/rmvision/install/light_detector/lib/python3.10/site-packages'
[1.216s] Level 1:colcon.colcon_core.environment:checking '/home/blade_master/pnx/rmvision/install/light_detector/bin'
[1.216s] INFO:colcon.colcon_core.shell:Creating package script '/home/blade_master/pnx/rmvision/install/light_detector/share/light_detector/package.ps1'
[1.217s] INFO:colcon.colcon_core.shell:Creating package descriptor '/home/blade_master/pnx/rmvision/install/light_detector/share/light_detector/package.dsv'
[1.217s] INFO:colcon.colcon_core.shell:Creating package script '/home/blade_master/pnx/rmvision/install/light_detector/share/light_detector/package.sh'
[1.217s] INFO:colcon.colcon_core.shell:Creating package script '/home/blade_master/pnx/rmvision/install/light_detector/share/light_detector/package.bash'
[1.218s] INFO:colcon.colcon_core.shell:Creating package script '/home/blade_master/pnx/rmvision/install/light_detector/share/light_detector/package.zsh'
[1.218s] Level 1:colcon.colcon_core.environment:create_file_with_runtime_dependencies(/home/blade_master/pnx/rmvision/install/light_detector/share/colcon-core/packages/light_detector)
[1.219s] Level 1:colcon.colcon_core.environment:create_environment_scripts_only(light_detector)
[1.220s] Level 1:colcon.colcon_core.environment:checking '/home/blade_master/pnx/rmvision/install/light_detector' for CMake module files
[1.220s] Level 1:colcon.colcon_core.environment:checking '/home/blade_master/pnx/rmvision/install/light_detector' for CMake config files
[1.221s] Level 1:colcon.colcon_core.shell:create_environment_hook('light_detector', 'cmake_prefix_path')
[1.221s] INFO:colcon.colcon_core.shell:Creating environment hook '/home/blade_master/pnx/rmvision/install/light_detector/share/light_detector/hook/cmake_prefix_path.ps1'
[1.221s] INFO:colcon.colcon_core.shell:Creating environment descriptor '/home/blade_master/pnx/rmvision/install/light_detector/share/light_detector/hook/cmake_prefix_path.dsv'
[1.222s] INFO:colcon.colcon_core.shell:Creating environment hook '/home/blade_master/pnx/rmvision/install/light_detector/share/light_detector/hook/cmake_prefix_path.sh'
[1.222s] Level 1:colcon.colcon_core.environment:checking '/home/blade_master/pnx/rmvision/install/light_detector/lib'
[1.222s] Level 1:colcon.colcon_core.shell:create_environment_hook('light_detector', 'ld_library_path_lib')
[1.223s] INFO:colcon.colcon_core.shell:Creating environment hook '/home/blade_master/pnx/rmvision/install/light_detector/share/light_detector/hook/ld_library_path_lib.ps1'
[1.223s] INFO:colcon.colcon_core.shell:Creating environment descriptor '/home/blade_master/pnx/rmvision/install/light_detector/share/light_detector/hook/ld_library_path_lib.dsv'
[1.223s] INFO:colcon.colcon_core.shell:Creating environment hook '/home/blade_master/pnx/rmvision/install/light_detector/share/light_detector/hook/ld_library_path_lib.sh'
[1.224s] Level 1:colcon.colcon_core.environment:checking '/home/blade_master/pnx/rmvision/install/light_detector/bin'
[1.224s] Level 1:colcon.colcon_core.environment:checking '/home/blade_master/pnx/rmvision/install/light_detector/lib/pkgconfig/light_detector.pc'
[1.224s] Level 1:colcon.colcon_core.environment:checking '/home/blade_master/pnx/rmvision/install/light_detector/lib/python3.10/site-packages'
[1.224s] Level 1:colcon.colcon_core.environment:checking '/home/blade_master/pnx/rmvision/install/light_detector/bin'
[1.225s] INFO:colcon.colcon_core.shell:Creating package script '/home/blade_master/pnx/rmvision/install/light_detector/share/light_detector/package.ps1'
[1.225s] INFO:colcon.colcon_core.shell:Creating package descriptor '/home/blade_master/pnx/rmvision/install/light_detector/share/light_detector/package.dsv'
[1.226s] INFO:colcon.colcon_core.shell:Creating package script '/home/blade_master/pnx/rmvision/install/light_detector/share/light_detector/package.sh'
[1.226s] INFO:colcon.colcon_core.shell:Creating package script '/home/blade_master/pnx/rmvision/install/light_detector/share/light_detector/package.bash'
[1.227s] INFO:colcon.colcon_core.shell:Creating package script '/home/blade_master/pnx/rmvision/install/light_detector/share/light_detector/package.zsh'
[1.227s] Level 1:colcon.colcon_core.environment:create_file_with_runtime_dependencies(/home/blade_master/pnx/rmvision/install/light_detector/share/colcon-core/packages/light_detector)
[1.228s] INFO:colcon.colcon_ros.task.ament_cmake.build:Building ROS package in '/home/blade_master/pnx/rmvision/src/auto_aim/rm_auto_aim_dart' with build type 'ament_cmake'
[1.228s] INFO:colcon.colcon_cmake.task.cmake.build:Building CMake package in '/home/blade_master/pnx/rmvision/src/auto_aim/rm_auto_aim_dart'
[1.229s] INFO:colcon.colcon_core.shell:Skip shell extension 'powershell' for command environment: Not usable outside of PowerShell
[1.229s] DEBUG:colcon.colcon_core.shell:Skip shell extension 'dsv' for command environment
[1.318s] DEBUG:colcon.colcon_core.event_handler.log_command:Invoking command in '/home/blade_master/pnx/rmvision/build/rm_auto_aim_dart': AMENT_PREFIX_PATH=/home/blade_master/pnx/rmvision/install/light_detector:/home/blade_master/pnx/rmvision/install/auto_aim_interfaces:${AMENT_PREFIX_PATH} CMAKE_PREFIX_PATH=/home/blade_master/pnx/rmvision/install/light_detector:/home/blade_master/pnx/rmvision/install/auto_aim_interfaces:/opt/ros/humble LD_LIBRARY_PATH=/home/blade_master/pnx/rmvision/install/light_detector/lib:/home/blade_master/pnx/rmvision/install/auto_aim_interfaces/lib:/opt/MVS/lib/64:/opt/MVS/lib/32:/opt/MVS/lib/64:/opt/MVS/lib/32:/opt/MVS/lib/64:/opt/MVS/lib/32:/opt/ros/humble/opt/rviz_ogre_vendor/lib:/opt/ros/humble/lib/x86_64-linux-gnu:/opt/ros/humble/lib:/opt/MVS/lib/64:/opt/MVS/lib/32 PYTHONPATH=/home/blade_master/pnx/rmvision/install/auto_aim_interfaces/local/lib/python3.10/dist-packages:${PYTHONPATH} /usr/bin/cmake /home/blade_master/pnx/rmvision/src/auto_aim/rm_auto_aim_dart -DAMENT_CMAKE_SYMLINK_INSTALL=1 -DCMAKE_INSTALL_PREFIX=/home/blade_master/pnx/rmvision/install/rm_auto_aim_dart
[2.358s] DEBUG:colcon.colcon_core.event_handler.log_command:Invoked command in '/home/blade_master/pnx/rmvision/build/rm_auto_aim_dart' returned '0': AMENT_PREFIX_PATH=/home/blade_master/pnx/rmvision/install/light_detector:/home/blade_master/pnx/rmvision/install/auto_aim_interfaces:${AMENT_PREFIX_PATH} CMAKE_PREFIX_PATH=/home/blade_master/pnx/rmvision/install/light_detector:/home/blade_master/pnx/rmvision/install/auto_aim_interfaces:/opt/ros/humble LD_LIBRARY_PATH=/home/blade_master/pnx/rmvision/install/light_detector/lib:/home/blade_master/pnx/rmvision/install/auto_aim_interfaces/lib:/opt/MVS/lib/64:/opt/MVS/lib/32:/opt/MVS/lib/64:/opt/MVS/lib/32:/opt/MVS/lib/64:/opt/MVS/lib/32:/opt/ros/humble/opt/rviz_ogre_vendor/lib:/opt/ros/humble/lib/x86_64-linux-gnu:/opt/ros/humble/lib:/opt/MVS/lib/64:/opt/MVS/lib/32 PYTHONPATH=/home/blade_master/pnx/rmvision/install/auto_aim_interfaces/local/lib/python3.10/dist-packages:${PYTHONPATH} /usr/bin/cmake /home/blade_master/pnx/rmvision/src/auto_aim/rm_auto_aim_dart -DAMENT_CMAKE_SYMLINK_INSTALL=1 -DCMAKE_INSTALL_PREFIX=/home/blade_master/pnx/rmvision/install/rm_auto_aim_dart
[2.359s] DEBUG:colcon.colcon_core.event_handler.log_command:Invoking command in '/home/blade_master/pnx/rmvision/build/rm_auto_aim_dart': AMENT_PREFIX_PATH=/home/blade_master/pnx/rmvision/install/light_detector:/home/blade_master/pnx/rmvision/install/auto_aim_interfaces:${AMENT_PREFIX_PATH} CMAKE_PREFIX_PATH=/home/blade_master/pnx/rmvision/install/light_detector:/home/blade_master/pnx/rmvision/install/auto_aim_interfaces:/opt/ros/humble LD_LIBRARY_PATH=/home/blade_master/pnx/rmvision/install/light_detector/lib:/home/blade_master/pnx/rmvision/install/auto_aim_interfaces/lib:/opt/MVS/lib/64:/opt/MVS/lib/32:/opt/MVS/lib/64:/opt/MVS/lib/32:/opt/MVS/lib/64:/opt/MVS/lib/32:/opt/ros/humble/opt/rviz_ogre_vendor/lib:/opt/ros/humble/lib/x86_64-linux-gnu:/opt/ros/humble/lib:/opt/MVS/lib/64:/opt/MVS/lib/32 PYTHONPATH=/home/blade_master/pnx/rmvision/install/auto_aim_interfaces/local/lib/python3.10/dist-packages:${PYTHONPATH} /usr/bin/cmake --build /home/blade_master/pnx/rmvision/build/rm_auto_aim_dart -- -j22 -l22
[2.383s] DEBUG:colcon.colcon_core.event_handler.log_command:Invoked command in '/home/blade_master/pnx/rmvision/build/rm_auto_aim_dart' returned '0': AMENT_PREFIX_PATH=/home/blade_master/pnx/rmvision/install/light_detector:/home/blade_master/pnx/rmvision/install/auto_aim_interfaces:${AMENT_PREFIX_PATH} CMAKE_PREFIX_PATH=/home/blade_master/pnx/rmvision/install/light_detector:/home/blade_master/pnx/rmvision/install/auto_aim_interfaces:/opt/ros/humble LD_LIBRARY_PATH=/home/blade_master/pnx/rmvision/install/light_detector/lib:/home/blade_master/pnx/rmvision/install/auto_aim_interfaces/lib:/opt/MVS/lib/64:/opt/MVS/lib/32:/opt/MVS/lib/64:/opt/MVS/lib/32:/opt/MVS/lib/64:/opt/MVS/lib/32:/opt/ros/humble/opt/rviz_ogre_vendor/lib:/opt/ros/humble/lib/x86_64-linux-gnu:/opt/ros/humble/lib:/opt/MVS/lib/64:/opt/MVS/lib/32 PYTHONPATH=/home/blade_master/pnx/rmvision/install/auto_aim_interfaces/local/lib/python3.10/dist-packages:${PYTHONPATH} /usr/bin/cmake --build /home/blade_master/pnx/rmvision/build/rm_auto_aim_dart -- -j22 -l22
[2.384s] DEBUG:colcon.colcon_core.event_handler.log_command:Invoking command in '/home/blade_master/pnx/rmvision/build/rm_auto_aim_dart': AMENT_PREFIX_PATH=/home/blade_master/pnx/rmvision/install/light_detector:/home/blade_master/pnx/rmvision/install/auto_aim_interfaces:${AMENT_PREFIX_PATH} CMAKE_PREFIX_PATH=/home/blade_master/pnx/rmvision/install/light_detector:/home/blade_master/pnx/rmvision/install/auto_aim_interfaces:/opt/ros/humble LD_LIBRARY_PATH=/home/blade_master/pnx/rmvision/install/light_detector/lib:/home/blade_master/pnx/rmvision/install/auto_aim_interfaces/lib:/opt/MVS/lib/64:/opt/MVS/lib/32:/opt/MVS/lib/64:/opt/MVS/lib/32:/opt/MVS/lib/64:/opt/MVS/lib/32:/opt/ros/humble/opt/rviz_ogre_vendor/lib:/opt/ros/humble/lib/x86_64-linux-gnu:/opt/ros/humble/lib:/opt/MVS/lib/64:/opt/MVS/lib/32 PYTHONPATH=/home/blade_master/pnx/rmvision/install/auto_aim_interfaces/local/lib/python3.10/dist-packages:${PYTHONPATH} /usr/bin/cmake --install /home/blade_master/pnx/rmvision/build/rm_auto_aim_dart
[2.476s] Level 1:colcon.colcon_core.environment:create_environment_scripts_only(rm_auto_aim_dart)
[2.477s] Level 1:colcon.colcon_core.environment:checking '/home/blade_master/pnx/rmvision/install/rm_auto_aim_dart' for CMake module files
[2.477s] DEBUG:colcon.colcon_core.event_handler.log_command:Invoked command in '/home/blade_master/pnx/rmvision/build/rm_auto_aim_dart' returned '0': AMENT_PREFIX_PATH=/home/blade_master/pnx/rmvision/install/light_detector:/home/blade_master/pnx/rmvision/install/auto_aim_interfaces:${AMENT_PREFIX_PATH} CMAKE_PREFIX_PATH=/home/blade_master/pnx/rmvision/install/light_detector:/home/blade_master/pnx/rmvision/install/auto_aim_interfaces:/opt/ros/humble LD_LIBRARY_PATH=/home/blade_master/pnx/rmvision/install/light_detector/lib:/home/blade_master/pnx/rmvision/install/auto_aim_interfaces/lib:/opt/MVS/lib/64:/opt/MVS/lib/32:/opt/MVS/lib/64:/opt/MVS/lib/32:/opt/MVS/lib/64:/opt/MVS/lib/32:/opt/ros/humble/opt/rviz_ogre_vendor/lib:/opt/ros/humble/lib/x86_64-linux-gnu:/opt/ros/humble/lib:/opt/MVS/lib/64:/opt/MVS/lib/32 PYTHONPATH=/home/blade_master/pnx/rmvision/install/auto_aim_interfaces/local/lib/python3.10/dist-packages:${PYTHONPATH} /usr/bin/cmake --install /home/blade_master/pnx/rmvision/build/rm_auto_aim_dart
[2.477s] Level 1:colcon.colcon_core.environment:checking '/home/blade_master/pnx/rmvision/install/rm_auto_aim_dart' for CMake config files
[2.477s] Level 1:colcon.colcon_core.shell:create_environment_hook('rm_auto_aim_dart', 'cmake_prefix_path')
[2.478s] INFO:colcon.colcon_core.shell:Creating environment hook '/home/blade_master/pnx/rmvision/install/rm_auto_aim_dart/share/rm_auto_aim_dart/hook/cmake_prefix_path.ps1'
[2.478s] INFO:colcon.colcon_core.shell:Creating environment descriptor '/home/blade_master/pnx/rmvision/install/rm_auto_aim_dart/share/rm_auto_aim_dart/hook/cmake_prefix_path.dsv'
[2.478s] INFO:colcon.colcon_core.shell:Creating environment hook '/home/blade_master/pnx/rmvision/install/rm_auto_aim_dart/share/rm_auto_aim_dart/hook/cmake_prefix_path.sh'
[2.479s] Level 1:colcon.colcon_core.environment:checking '/home/blade_master/pnx/rmvision/install/rm_auto_aim_dart/bin'
[2.479s] Level 1:colcon.colcon_core.environment:checking '/home/blade_master/pnx/rmvision/install/rm_auto_aim_dart/lib/pkgconfig/rm_auto_aim_dart.pc'
[2.479s] Level 1:colcon.colcon_core.environment:checking '/home/blade_master/pnx/rmvision/install/rm_auto_aim_dart/lib/python3.10/site-packages'
[2.479s] Level 1:colcon.colcon_core.environment:checking '/home/blade_master/pnx/rmvision/install/rm_auto_aim_dart/bin'
[2.480s] INFO:colcon.colcon_core.shell:Creating package script '/home/blade_master/pnx/rmvision/install/rm_auto_aim_dart/share/rm_auto_aim_dart/package.ps1'
[2.480s] INFO:colcon.colcon_core.shell:Creating package descriptor '/home/blade_master/pnx/rmvision/install/rm_auto_aim_dart/share/rm_auto_aim_dart/package.dsv'
[2.480s] INFO:colcon.colcon_core.shell:Creating package script '/home/blade_master/pnx/rmvision/install/rm_auto_aim_dart/share/rm_auto_aim_dart/package.sh'
[2.480s] INFO:colcon.colcon_core.shell:Creating package script '/home/blade_master/pnx/rmvision/install/rm_auto_aim_dart/share/rm_auto_aim_dart/package.bash'
[2.481s] INFO:colcon.colcon_core.shell:Creating package script '/home/blade_master/pnx/rmvision/install/rm_auto_aim_dart/share/rm_auto_aim_dart/package.zsh'
[2.481s] Level 1:colcon.colcon_core.environment:create_file_with_runtime_dependencies(/home/blade_master/pnx/rmvision/install/rm_auto_aim_dart/share/colcon-core/packages/rm_auto_aim_dart)
[2.481s] Level 1:colcon.colcon_core.environment:create_environment_scripts_only(rm_auto_aim_dart)
[2.482s] Level 1:colcon.colcon_core.environment:checking '/home/blade_master/pnx/rmvision/install/rm_auto_aim_dart' for CMake module files
[2.482s] Level 1:colcon.colcon_core.environment:checking '/home/blade_master/pnx/rmvision/install/rm_auto_aim_dart' for CMake config files
[2.482s] Level 1:colcon.colcon_core.shell:create_environment_hook('rm_auto_aim_dart', 'cmake_prefix_path')
[2.482s] INFO:colcon.colcon_core.shell:Creating environment hook '/home/blade_master/pnx/rmvision/install/rm_auto_aim_dart/share/rm_auto_aim_dart/hook/cmake_prefix_path.ps1'
[2.482s] INFO:colcon.colcon_core.shell:Creating environment descriptor '/home/blade_master/pnx/rmvision/install/rm_auto_aim_dart/share/rm_auto_aim_dart/hook/cmake_prefix_path.dsv'
[2.483s] INFO:colcon.colcon_core.shell:Creating environment hook '/home/blade_master/pnx/rmvision/install/rm_auto_aim_dart/share/rm_auto_aim_dart/hook/cmake_prefix_path.sh'
[2.483s] Level 1:colcon.colcon_core.environment:checking '/home/blade_master/pnx/rmvision/install/rm_auto_aim_dart/bin'
[2.483s] Level 1:colcon.colcon_core.environment:checking '/home/blade_master/pnx/rmvision/install/rm_auto_aim_dart/lib/pkgconfig/rm_auto_aim_dart.pc'
[2.483s] Level 1:colcon.colcon_core.environment:checking '/home/blade_master/pnx/rmvision/install/rm_auto_aim_dart/lib/python3.10/site-packages'
[2.483s] Level 1:colcon.colcon_core.environment:checking '/home/blade_master/pnx/rmvision/install/rm_auto_aim_dart/bin'
[2.484s] INFO:colcon.colcon_core.shell:Creating package script '/home/blade_master/pnx/rmvision/install/rm_auto_aim_dart/share/rm_auto_aim_dart/package.ps1'
[2.484s] INFO:colcon.colcon_core.shell:Creating package descriptor '/home/blade_master/pnx/rmvision/install/rm_auto_aim_dart/share/rm_auto_aim_dart/package.dsv'
[2.484s] INFO:colcon.colcon_core.shell:Creating package script '/home/blade_master/pnx/rmvision/install/rm_auto_aim_dart/share/rm_auto_aim_dart/package.sh'
[2.485s] INFO:colcon.colcon_core.shell:Creating package script '/home/blade_master/pnx/rmvision/install/rm_auto_aim_dart/share/rm_auto_aim_dart/package.bash'
[2.485s] INFO:colcon.colcon_core.shell:Creating package script '/home/blade_master/pnx/rmvision/install/rm_auto_aim_dart/share/rm_auto_aim_dart/package.zsh'
[2.485s] Level 1:colcon.colcon_core.environment:create_file_with_runtime_dependencies(/home/blade_master/pnx/rmvision/install/rm_auto_aim_dart/share/colcon-core/packages/rm_auto_aim_dart)
[7.103s] DEBUG:colcon.colcon_core.event_handler.log_command:Invoked command in '/home/blade_master/pnx/rmvision/build/rm_serial_driver' returned '2': AMENT_PREFIX_PATH=/home/blade_master/pnx/rmvision/install/auto_aim_interfaces:${AMENT_PREFIX_PATH} CMAKE_PREFIX_PATH=/home/blade_master/pnx/rmvision/install/auto_aim_interfaces:/opt/ros/humble LD_LIBRARY_PATH=/home/blade_master/pnx/rmvision/install/auto_aim_interfaces/lib:/opt/MVS/lib/64:/opt/MVS/lib/32:/opt/MVS/lib/64:/opt/MVS/lib/32:/opt/MVS/lib/64:/opt/MVS/lib/32:/opt/ros/humble/opt/rviz_ogre_vendor/lib:/opt/ros/humble/lib/x86_64-linux-gnu:/opt/ros/humble/lib:/opt/MVS/lib/64:/opt/MVS/lib/32 PYTHONPATH=/home/blade_master/pnx/rmvision/install/auto_aim_interfaces/local/lib/python3.10/dist-packages:${PYTHONPATH} /usr/bin/cmake --build /home/blade_master/pnx/rmvision/build/rm_serial_driver -- -j22 -l22
[7.104s] Level 1:colcon.colcon_core.environment:create_environment_scripts_only(rm_serial_driver)
[7.104s] Level 1:colcon.colcon_core.environment:checking '/home/blade_master/pnx/rmvision/install/rm_serial_driver' for CMake module files
[7.104s] Level 1:colcon.colcon_core.environment:checking '/home/blade_master/pnx/rmvision/install/rm_serial_driver' for CMake config files
[7.105s] Level 1:colcon.colcon_core.environment:checking '/home/blade_master/pnx/rmvision/install/rm_serial_driver/bin'
[7.105s] Level 1:colcon.colcon_core.environment:checking '/home/blade_master/pnx/rmvision/install/rm_serial_driver/lib/pkgconfig/rm_serial_driver.pc'
[7.105s] Level 1:colcon.colcon_core.environment:checking '/home/blade_master/pnx/rmvision/install/rm_serial_driver/lib/python3.10/site-packages'
[7.105s] Level 1:colcon.colcon_core.environment:checking '/home/blade_master/pnx/rmvision/install/rm_serial_driver/bin'
[7.105s] INFO:colcon.colcon_core.shell:Creating package script '/home/blade_master/pnx/rmvision/install/rm_serial_driver/share/rm_serial_driver/package.ps1'
[7.106s] INFO:colcon.colcon_core.shell:Creating package descriptor '/home/blade_master/pnx/rmvision/install/rm_serial_driver/share/rm_serial_driver/package.dsv'
[7.106s] INFO:colcon.colcon_core.shell:Creating package script '/home/blade_master/pnx/rmvision/install/rm_serial_driver/share/rm_serial_driver/package.sh'
[7.106s] INFO:colcon.colcon_core.shell:Creating package script '/home/blade_master/pnx/rmvision/install/rm_serial_driver/share/rm_serial_driver/package.bash'
[7.107s] INFO:colcon.colcon_core.shell:Creating package script '/home/blade_master/pnx/rmvision/install/rm_serial_driver/share/rm_serial_driver/package.zsh'
[7.107s] Level 1:colcon.colcon_core.environment:create_file_with_runtime_dependencies(/home/blade_master/pnx/rmvision/install/rm_serial_driver/share/colcon-core/packages/rm_serial_driver)
[7.118s] DEBUG:colcon.colcon_parallel_executor.executor.parallel:closing loop
[7.118s] DEBUG:colcon.colcon_parallel_executor.executor.parallel:loop closed
[7.118s] DEBUG:colcon.colcon_parallel_executor.executor.parallel:run_until_complete finished with '2'
[7.118s] DEBUG:colcon.colcon_core.event_reactor:joining thread
[7.141s] INFO:colcon.colcon_core.plugin_system:Skipping extension 'colcon_notification.desktop_notification.notify_send': Could not find 'notify-send'
[7.142s] INFO:colcon.colcon_core.plugin_system:Skipping extension 'colcon_notification.desktop_notification.terminal_notifier': Not used on non-Darwin systems
[7.142s] INFO:colcon.colcon_core.plugin_system:Skipping extension 'colcon_notification.desktop_notification.win32': Not used on non-Windows systems
[7.142s] INFO:colcon.colcon_notification.desktop_notification:Sending desktop notification using 'notify2'
[7.152s] DEBUG:colcon.colcon_notification.desktop_notification.notify2:Failed to initialize notify2: org.freedesktop.DBus.Error.ServiceUnknown: The name org.freedesktop.Notifications was not provided by any .service files
[7.153s] DEBUG:colcon.colcon_core.event_reactor:joined thread
[7.153s] INFO:colcon.colcon_core.shell:Creating prefix script '/home/blade_master/pnx/rmvision/install/local_setup.ps1'
[7.154s] INFO:colcon.colcon_core.shell:Creating prefix util module '/home/blade_master/pnx/rmvision/install/_local_setup_util_ps1.py'
[7.156s] INFO:colcon.colcon_core.shell:Creating prefix chain script '/home/blade_master/pnx/rmvision/install/setup.ps1'
[7.157s] INFO:colcon.colcon_core.shell:Creating prefix script '/home/blade_master/pnx/rmvision/install/local_setup.sh'
[7.157s] INFO:colcon.colcon_core.shell:Creating prefix util module '/home/blade_master/pnx/rmvision/install/_local_setup_util_sh.py'
[7.158s] INFO:colcon.colcon_core.shell:Creating prefix chain script '/home/blade_master/pnx/rmvision/install/setup.sh'
[7.159s] INFO:colcon.colcon_core.shell:Creating prefix script '/home/blade_master/pnx/rmvision/install/local_setup.bash'
[7.159s] INFO:colcon.colcon_core.shell:Creating prefix chain script '/home/blade_master/pnx/rmvision/install/setup.bash'
[7.160s] INFO:colcon.colcon_core.shell:Creating prefix script '/home/blade_master/pnx/rmvision/install/local_setup.zsh'
[7.160s] INFO:colcon.colcon_core.shell:Creating prefix chain script '/home/blade_master/pnx/rmvision/install/setup.zsh'
