[0.037s] Invoking command in '/home/blade_master/pnx/rmvision/build/light_detector': AMENT_PREFIX_PATH=/home/blade_master/pnx/rmvision/install/auto_aim_interfaces:${AMENT_PREFIX_PATH} CMAKE_PREFIX_PATH=/home/blade_master/pnx/rmvision/install/auto_aim_interfaces:/opt/ros/humble LD_LIBRARY_PATH=/home/blade_master/pnx/rmvision/install/auto_aim_interfaces/lib:/opt/MVS/lib/64:/opt/MVS/lib/32:/opt/MVS/lib/64:/opt/MVS/lib/32:/opt/MVS/lib/64:/opt/MVS/lib/32:/opt/ros/humble/opt/rviz_ogre_vendor/lib:/opt/ros/humble/lib/x86_64-linux-gnu:/opt/ros/humble/lib:/opt/MVS/lib/64:/opt/MVS/lib/32 PYTHONPATH=/home/blade_master/pnx/rmvision/install/auto_aim_interfaces/local/lib/python3.10/dist-packages:${PYTHONPATH} /usr/bin/cmake --build /home/blade_master/pnx/rmvision/build/light_detector -- -j22 -l22
[0.071s] [ 28%] Built target light_detector_node
[0.073s] [100%] Built target light_detector
[0.082s] Invoked command in '/home/blade_master/pnx/rmvision/build/light_detector' returned '0': AMENT_PREFIX_PATH=/home/blade_master/pnx/rmvision/install/auto_aim_interfaces:${AMENT_PREFIX_PATH} CMAKE_PREFIX_PATH=/home/blade_master/pnx/rmvision/install/auto_aim_interfaces:/opt/ros/humble LD_LIBRARY_PATH=/home/blade_master/pnx/rmvision/install/auto_aim_interfaces/lib:/opt/MVS/lib/64:/opt/MVS/lib/32:/opt/MVS/lib/64:/opt/MVS/lib/32:/opt/MVS/lib/64:/opt/MVS/lib/32:/opt/ros/humble/opt/rviz_ogre_vendor/lib:/opt/ros/humble/lib/x86_64-linux-gnu:/opt/ros/humble/lib:/opt/MVS/lib/64:/opt/MVS/lib/32 PYTHONPATH=/home/blade_master/pnx/rmvision/install/auto_aim_interfaces/local/lib/python3.10/dist-packages:${PYTHONPATH} /usr/bin/cmake --build /home/blade_master/pnx/rmvision/build/light_detector -- -j22 -l22
[0.084s] Invoking command in '/home/blade_master/pnx/rmvision/build/light_detector': AMENT_PREFIX_PATH=/home/blade_master/pnx/rmvision/install/auto_aim_interfaces:${AMENT_PREFIX_PATH} CMAKE_PREFIX_PATH=/home/blade_master/pnx/rmvision/install/auto_aim_interfaces:/opt/ros/humble LD_LIBRARY_PATH=/home/blade_master/pnx/rmvision/install/auto_aim_interfaces/lib:/opt/MVS/lib/64:/opt/MVS/lib/32:/opt/MVS/lib/64:/opt/MVS/lib/32:/opt/MVS/lib/64:/opt/MVS/lib/32:/opt/ros/humble/opt/rviz_ogre_vendor/lib:/opt/ros/humble/lib/x86_64-linux-gnu:/opt/ros/humble/lib:/opt/MVS/lib/64:/opt/MVS/lib/32 PYTHONPATH=/home/blade_master/pnx/rmvision/install/auto_aim_interfaces/local/lib/python3.10/dist-packages:${PYTHONPATH} /usr/bin/cmake --install /home/blade_master/pnx/rmvision/build/light_detector
[0.088s] -- Install configuration: ""
[0.088s] -- Execute custom install script
[0.088s] -- Up-to-date symlink: /home/blade_master/pnx/rmvision/install/light_detector/lib/light_detector/light_detector_node
[0.088s] -- Up-to-date symlink: /home/blade_master/pnx/rmvision/install/light_detector/include/detector.hpp
[0.089s] -- Up-to-date symlink: /home/blade_master/pnx/rmvision/install/light_detector/include/detector_node.hpp
[0.089s] -- Up-to-date symlink: /home/blade_master/pnx/rmvision/install/light_detector/include/kalman_filter.hpp
[0.089s] -- Up-to-date symlink: /home/blade_master/pnx/rmvision/install/light_detector/include/pnp_solver.hpp
[0.089s] -- Up-to-date symlink: /home/blade_master/pnx/rmvision/install/light_detector/share/light_detector/environment/library_path.sh
[0.089s] -- Up-to-date symlink: /home/blade_master/pnx/rmvision/install/light_detector/share/light_detector/environment/library_path.dsv
[0.089s] -- Up-to-date symlink: /home/blade_master/pnx/rmvision/install/light_detector/lib/liblight_detector.so
[0.089s] -- Up-to-date symlink: /home/blade_master/pnx/rmvision/install/light_detector/share/ament_index/resource_index/package_run_dependencies/light_detector
[0.089s] -- Up-to-date symlink: /home/blade_master/pnx/rmvision/install/light_detector/share/ament_index/resource_index/parent_prefix_path/light_detector
[0.090s] -- Up-to-date symlink: /home/blade_master/pnx/rmvision/install/light_detector/share/light_detector/environment/ament_prefix_path.sh
[0.090s] -- Up-to-date symlink: /home/blade_master/pnx/rmvision/install/light_detector/share/light_detector/environment/ament_prefix_path.dsv
[0.090s] -- Up-to-date symlink: /home/blade_master/pnx/rmvision/install/light_detector/share/light_detector/environment/path.sh
[0.090s] -- Up-to-date symlink: /home/blade_master/pnx/rmvision/install/light_detector/share/light_detector/environment/path.dsv
[0.090s] -- Up-to-date symlink: /home/blade_master/pnx/rmvision/install/light_detector/share/light_detector/local_setup.bash
[0.090s] -- Up-to-date symlink: /home/blade_master/pnx/rmvision/install/light_detector/share/light_detector/local_setup.sh
[0.090s] -- Up-to-date symlink: /home/blade_master/pnx/rmvision/install/light_detector/share/light_detector/local_setup.zsh
[0.090s] -- Up-to-date symlink: /home/blade_master/pnx/rmvision/install/light_detector/share/light_detector/local_setup.dsv
[0.091s] -- Symlinking: /home/blade_master/pnx/rmvision/install/light_detector/share/light_detector/package.dsv
[0.096s] -- Up-to-date symlink: /home/blade_master/pnx/rmvision/install/light_detector/share/ament_index/resource_index/packages/light_detector
[0.096s] -- Up-to-date symlink: /home/blade_master/pnx/rmvision/install/light_detector/share/ament_index/resource_index/rclcpp_components/light_detector
[0.096s] -- Up-to-date symlink: /home/blade_master/pnx/rmvision/install/light_detector/share/light_detector/cmake/ament_cmake_export_dependencies-extras.cmake
[0.096s] -- Up-to-date symlink: /home/blade_master/pnx/rmvision/install/light_detector/share/light_detector/cmake/ament_cmake_export_include_directories-extras.cmake
[0.096s] -- Up-to-date symlink: /home/blade_master/pnx/rmvision/install/light_detector/share/light_detector/cmake/ament_cmake_export_libraries-extras.cmake
[0.096s] -- Up-to-date symlink: /home/blade_master/pnx/rmvision/install/light_detector/share/light_detector/cmake/light_detectorConfig.cmake
[0.096s] -- Up-to-date symlink: /home/blade_master/pnx/rmvision/install/light_detector/share/light_detector/cmake/light_detectorConfig-version.cmake
[0.096s] -- Up-to-date symlink: /home/blade_master/pnx/rmvision/install/light_detector/share/light_detector/package.xml
[0.098s] Invoked command in '/home/blade_master/pnx/rmvision/build/light_detector' returned '0': AMENT_PREFIX_PATH=/home/blade_master/pnx/rmvision/install/auto_aim_interfaces:${AMENT_PREFIX_PATH} CMAKE_PREFIX_PATH=/home/blade_master/pnx/rmvision/install/auto_aim_interfaces:/opt/ros/humble LD_LIBRARY_PATH=/home/blade_master/pnx/rmvision/install/auto_aim_interfaces/lib:/opt/MVS/lib/64:/opt/MVS/lib/32:/opt/MVS/lib/64:/opt/MVS/lib/32:/opt/MVS/lib/64:/opt/MVS/lib/32:/opt/ros/humble/opt/rviz_ogre_vendor/lib:/opt/ros/humble/lib/x86_64-linux-gnu:/opt/ros/humble/lib:/opt/MVS/lib/64:/opt/MVS/lib/32 PYTHONPATH=/home/blade_master/pnx/rmvision/install/auto_aim_interfaces/local/lib/python3.10/dist-packages:${PYTHONPATH} /usr/bin/cmake --install /home/blade_master/pnx/rmvision/build/light_detector
