[0.020s] Invoking command in '/home/blade_master/pnx/rmvision/build/hik_camera': CMAKE_PREFIX_PATH=${CMAKE_PREFIX_PATH}:/opt/ros/humble /usr/bin/cmake --build /home/blade_master/pnx/rmvision/build/hik_camera -- -j22 -l22
[0.043s] [35m[1mConsolidate compiler generated dependencies of target hik_camera[0m
[0.044s] [35m[1mConsolidate compiler generated dependencies of target hik_camera_node[0m
[0.056s] [ 50%] Built target hik_camera
[0.059s] [100%] Built target hik_camera_node
[0.070s] Invoked command in '/home/blade_master/pnx/rmvision/build/hik_camera' returned '0': CMAKE_PREFIX_PATH=${CMAKE_PREFIX_PATH}:/opt/ros/humble /usr/bin/cmake --build /home/blade_master/pnx/rmvision/build/hik_camera -- -j22 -l22
[0.074s] Invoking command in '/home/blade_master/pnx/rmvision/build/hik_camera': CMAKE_PREFIX_PATH=${CMAKE_PREFIX_PATH}:/opt/ros/humble /usr/bin/cmake --install /home/blade_master/pnx/rmvision/build/hik_camera
[0.079s] -- Install configuration: ""
[0.079s] -- Execute custom install script
[0.079s] -- Up-to-date symlink: /home/blade_master/pnx/rmvision/install/hik_camera/lib/libFormatConversion.so
[0.079s] -- Up-to-date symlink: /home/blade_master/pnx/rmvision/install/hik_camera/lib/libMVRender.so
[0.079s] -- Up-to-date symlink: /home/blade_master/pnx/rmvision/install/hik_camera/lib/libMediaProcess.so
[0.079s] -- Up-to-date symlink: /home/blade_master/pnx/rmvision/install/hik_camera/lib/libMvCameraControl.so
[0.079s] -- Up-to-date symlink: /home/blade_master/pnx/rmvision/install/hik_camera/lib/libMvUsb3vTL.so
[0.079s] -- Up-to-date symlink: /home/blade_master/pnx/rmvision/install/hik_camera/lib/hik_camera/hik_camera_node
[0.080s] -- Up-to-date symlink: /home/blade_master/pnx/rmvision/install/hik_camera/share/hik_camera/environment/library_path.sh
[0.080s] -- Up-to-date symlink: /home/blade_master/pnx/rmvision/install/hik_camera/share/hik_camera/environment/library_path.dsv
[0.080s] -- Up-to-date symlink: /home/blade_master/pnx/rmvision/install/hik_camera/lib/libhik_camera.so
[0.080s] -- Up-to-date symlink: /home/blade_master/pnx/rmvision/install/hik_camera/share/hik_camera/config/camera_info.yaml
[0.080s] -- Up-to-date symlink: /home/blade_master/pnx/rmvision/install/hik_camera/share/hik_camera/config/camera_params.yaml
[0.080s] -- Up-to-date symlink: /home/blade_master/pnx/rmvision/install/hik_camera/share/hik_camera/launch/hik_camera.launch.py
[0.081s] -- Up-to-date symlink: /home/blade_master/pnx/rmvision/install/hik_camera/share/ament_index/resource_index/package_run_dependencies/hik_camera
[0.081s] -- Up-to-date symlink: /home/blade_master/pnx/rmvision/install/hik_camera/share/ament_index/resource_index/parent_prefix_path/hik_camera
[0.081s] -- Up-to-date symlink: /home/blade_master/pnx/rmvision/install/hik_camera/share/hik_camera/environment/ament_prefix_path.sh
[0.082s] -- Up-to-date symlink: /home/blade_master/pnx/rmvision/install/hik_camera/share/hik_camera/environment/ament_prefix_path.dsv
[0.082s] -- Up-to-date symlink: /home/blade_master/pnx/rmvision/install/hik_camera/share/hik_camera/environment/path.sh
[0.082s] -- Up-to-date symlink: /home/blade_master/pnx/rmvision/install/hik_camera/share/hik_camera/environment/path.dsv
[0.082s] -- Up-to-date symlink: /home/blade_master/pnx/rmvision/install/hik_camera/share/hik_camera/local_setup.bash
[0.082s] -- Up-to-date symlink: /home/blade_master/pnx/rmvision/install/hik_camera/share/hik_camera/local_setup.sh
[0.082s] -- Up-to-date symlink: /home/blade_master/pnx/rmvision/install/hik_camera/share/hik_camera/local_setup.zsh
[0.082s] -- Up-to-date symlink: /home/blade_master/pnx/rmvision/install/hik_camera/share/hik_camera/local_setup.dsv
[0.082s] -- Symlinking: /home/blade_master/pnx/rmvision/install/hik_camera/share/hik_camera/package.dsv
[0.090s] -- Up-to-date symlink: /home/blade_master/pnx/rmvision/install/hik_camera/share/ament_index/resource_index/packages/hik_camera
[0.090s] -- Up-to-date symlink: /home/blade_master/pnx/rmvision/install/hik_camera/share/ament_index/resource_index/rclcpp_components/hik_camera
[0.090s] -- Up-to-date symlink: /home/blade_master/pnx/rmvision/install/hik_camera/share/hik_camera/cmake/ament_cmake_export_dependencies-extras.cmake
[0.090s] -- Up-to-date symlink: /home/blade_master/pnx/rmvision/install/hik_camera/share/hik_camera/cmake/ament_cmake_export_libraries-extras.cmake
[0.091s] -- Up-to-date symlink: /home/blade_master/pnx/rmvision/install/hik_camera/share/hik_camera/cmake/hik_cameraConfig.cmake
[0.091s] -- Up-to-date symlink: /home/blade_master/pnx/rmvision/install/hik_camera/share/hik_camera/cmake/hik_cameraConfig-version.cmake
[0.091s] -- Up-to-date symlink: /home/blade_master/pnx/rmvision/install/hik_camera/share/hik_camera/package.xml
[0.103s] Invoked command in '/home/blade_master/pnx/rmvision/build/hik_camera' returned '0': CMAKE_PREFIX_PATH=${CMAKE_PREFIX_PATH}:/opt/ros/humble /usr/bin/cmake --install /home/blade_master/pnx/rmvision/build/hik_camera
