[0.133s] Invoking command in '/home/blade_master/pnx/rmvision/build/rm_auto_aim_dart': CMAKE_PREFIX_PATH=/home/blade_master/pnx/rmvision/install/light_detector:/home/blade_master/pnx/rmvision/install/auto_aim_interfaces:/home/blade_master/pnx/rmvision/install/rm_vision_bringup:/home/blade_master/pnx/rmvision/install/video_reader:/home/blade_master/pnx/rmvision/install/rm_serial_driver:/home/blade_master/pnx/rmvision/install/rm_gimbal_description:/home/blade_master/pnx/rmvision/install/rm_auto_aim_dart:/home/blade_master/pnx/rmvision/install/hik_camera:/opt/ros/humble LD_LIBRARY_PATH=/home/blade_master/pnx/rmvision/install/light_detector/lib:/home/blade_master/pnx/rmvision/install/auto_aim_interfaces/lib:/home/blade_master/pnx/rmvision/install/video_reader/lib:/home/blade_master/pnx/rmvision/install/rm_serial_driver/lib:/home/blade_master/pnx/rmvision/install/hik_camera/lib:/opt/MVS/lib/64:/opt/MVS/lib/32:/opt/MVS/lib/64:/opt/MVS/lib/32:/opt/MVS/lib/64:/opt/MVS/lib/32:/opt/ros/humble/opt/rviz_ogre_vendor/lib:/opt/ros/humble/lib/x86_64-linux-gnu:/opt/ros/humble/lib:/opt/MVS/lib/64:/opt/MVS/lib/32 /usr/bin/cmake /home/blade_master/pnx/rmvision/src/auto_aim/rm_auto_aim_dart -DAMENT_CMAKE_SYMLINK_INSTALL=1 -DCMAKE_INSTALL_PREFIX=/home/blade_master/pnx/rmvision/install/rm_auto_aim_dart
[0.248s] -- The C compiler identification is GNU 11.4.0
[0.699s] -- The CXX compiler identification is GNU 11.4.0
[1.011s] -- Detecting C compiler ABI info
[1.176s] -- Detecting C compiler ABI info - done
[1.190s] -- Check for working C compiler: /usr/bin/cc - skipped
[1.190s] -- Detecting C compile features
[1.191s] -- Detecting C compile features - done
[1.196s] -- Detecting CXX compiler ABI info
[1.358s] -- Detecting CXX compiler ABI info - done
[1.367s] -- Check for working CXX compiler: /usr/bin/c++ - skipped
[1.367s] -- Detecting CXX compile features
[1.368s] -- Detecting CXX compile features - done
[1.371s] -- Found ament_cmake_auto: 1.3.11 (/opt/ros/humble/share/ament_cmake_auto/cmake)
[1.596s] -- Found Python3: /usr/bin/python3 (found version "3.10.12") found components: Interpreter 
[1.706s] -- Override CMake install command with custom implementation using symlinks instead of copying resources
[1.731s] -- Found ament_lint_auto: 0.12.12 (/opt/ros/humble/share/ament_lint_auto/cmake)
[1.846s] -- Added test 'lint_cmake' to check CMake code style
[1.847s] -- Added test 'xmllint' to check XML markup files
[1.849s] -- Configuring done
[1.853s] -- Generating done
[1.855s] -- Build files have been written to: /home/blade_master/pnx/rmvision/build/rm_auto_aim_dart
[1.866s] Invoked command in '/home/blade_master/pnx/rmvision/build/rm_auto_aim_dart' returned '0': CMAKE_PREFIX_PATH=/home/blade_master/pnx/rmvision/install/light_detector:/home/blade_master/pnx/rmvision/install/auto_aim_interfaces:/home/blade_master/pnx/rmvision/install/rm_vision_bringup:/home/blade_master/pnx/rmvision/install/video_reader:/home/blade_master/pnx/rmvision/install/rm_serial_driver:/home/blade_master/pnx/rmvision/install/rm_gimbal_description:/home/blade_master/pnx/rmvision/install/rm_auto_aim_dart:/home/blade_master/pnx/rmvision/install/hik_camera:/opt/ros/humble LD_LIBRARY_PATH=/home/blade_master/pnx/rmvision/install/light_detector/lib:/home/blade_master/pnx/rmvision/install/auto_aim_interfaces/lib:/home/blade_master/pnx/rmvision/install/video_reader/lib:/home/blade_master/pnx/rmvision/install/rm_serial_driver/lib:/home/blade_master/pnx/rmvision/install/hik_camera/lib:/opt/MVS/lib/64:/opt/MVS/lib/32:/opt/MVS/lib/64:/opt/MVS/lib/32:/opt/MVS/lib/64:/opt/MVS/lib/32:/opt/ros/humble/opt/rviz_ogre_vendor/lib:/opt/ros/humble/lib/x86_64-linux-gnu:/opt/ros/humble/lib:/opt/MVS/lib/64:/opt/MVS/lib/32 /usr/bin/cmake /home/blade_master/pnx/rmvision/src/auto_aim/rm_auto_aim_dart -DAMENT_CMAKE_SYMLINK_INSTALL=1 -DCMAKE_INSTALL_PREFIX=/home/blade_master/pnx/rmvision/install/rm_auto_aim_dart
[1.869s] Invoking command in '/home/blade_master/pnx/rmvision/build/rm_auto_aim_dart': CMAKE_PREFIX_PATH=/home/blade_master/pnx/rmvision/install/light_detector:/home/blade_master/pnx/rmvision/install/auto_aim_interfaces:/home/blade_master/pnx/rmvision/install/rm_vision_bringup:/home/blade_master/pnx/rmvision/install/video_reader:/home/blade_master/pnx/rmvision/install/rm_serial_driver:/home/blade_master/pnx/rmvision/install/rm_gimbal_description:/home/blade_master/pnx/rmvision/install/rm_auto_aim_dart:/home/blade_master/pnx/rmvision/install/hik_camera:/opt/ros/humble LD_LIBRARY_PATH=/home/blade_master/pnx/rmvision/install/light_detector/lib:/home/blade_master/pnx/rmvision/install/auto_aim_interfaces/lib:/home/blade_master/pnx/rmvision/install/video_reader/lib:/home/blade_master/pnx/rmvision/install/rm_serial_driver/lib:/home/blade_master/pnx/rmvision/install/hik_camera/lib:/opt/MVS/lib/64:/opt/MVS/lib/32:/opt/MVS/lib/64:/opt/MVS/lib/32:/opt/MVS/lib/64:/opt/MVS/lib/32:/opt/ros/humble/opt/rviz_ogre_vendor/lib:/opt/ros/humble/lib/x86_64-linux-gnu:/opt/ros/humble/lib:/opt/MVS/lib/64:/opt/MVS/lib/32 /usr/bin/cmake --build /home/blade_master/pnx/rmvision/build/rm_auto_aim_dart -- -j22 -l22
[1.924s] Invoked command in '/home/blade_master/pnx/rmvision/build/rm_auto_aim_dart' returned '0': CMAKE_PREFIX_PATH=/home/blade_master/pnx/rmvision/install/light_detector:/home/blade_master/pnx/rmvision/install/auto_aim_interfaces:/home/blade_master/pnx/rmvision/install/rm_vision_bringup:/home/blade_master/pnx/rmvision/install/video_reader:/home/blade_master/pnx/rmvision/install/rm_serial_driver:/home/blade_master/pnx/rmvision/install/rm_gimbal_description:/home/blade_master/pnx/rmvision/install/rm_auto_aim_dart:/home/blade_master/pnx/rmvision/install/hik_camera:/opt/ros/humble LD_LIBRARY_PATH=/home/blade_master/pnx/rmvision/install/light_detector/lib:/home/blade_master/pnx/rmvision/install/auto_aim_interfaces/lib:/home/blade_master/pnx/rmvision/install/video_reader/lib:/home/blade_master/pnx/rmvision/install/rm_serial_driver/lib:/home/blade_master/pnx/rmvision/install/hik_camera/lib:/opt/MVS/lib/64:/opt/MVS/lib/32:/opt/MVS/lib/64:/opt/MVS/lib/32:/opt/MVS/lib/64:/opt/MVS/lib/32:/opt/ros/humble/opt/rviz_ogre_vendor/lib:/opt/ros/humble/lib/x86_64-linux-gnu:/opt/ros/humble/lib:/opt/MVS/lib/64:/opt/MVS/lib/32 /usr/bin/cmake --build /home/blade_master/pnx/rmvision/build/rm_auto_aim_dart -- -j22 -l22
[1.927s] Invoking command in '/home/blade_master/pnx/rmvision/build/rm_auto_aim_dart': CMAKE_PREFIX_PATH=/home/blade_master/pnx/rmvision/install/light_detector:/home/blade_master/pnx/rmvision/install/auto_aim_interfaces:/home/blade_master/pnx/rmvision/install/rm_vision_bringup:/home/blade_master/pnx/rmvision/install/video_reader:/home/blade_master/pnx/rmvision/install/rm_serial_driver:/home/blade_master/pnx/rmvision/install/rm_gimbal_description:/home/blade_master/pnx/rmvision/install/rm_auto_aim_dart:/home/blade_master/pnx/rmvision/install/hik_camera:/opt/ros/humble LD_LIBRARY_PATH=/home/blade_master/pnx/rmvision/install/light_detector/lib:/home/blade_master/pnx/rmvision/install/auto_aim_interfaces/lib:/home/blade_master/pnx/rmvision/install/video_reader/lib:/home/blade_master/pnx/rmvision/install/rm_serial_driver/lib:/home/blade_master/pnx/rmvision/install/hik_camera/lib:/opt/MVS/lib/64:/opt/MVS/lib/32:/opt/MVS/lib/64:/opt/MVS/lib/32:/opt/MVS/lib/64:/opt/MVS/lib/32:/opt/ros/humble/opt/rviz_ogre_vendor/lib:/opt/ros/humble/lib/x86_64-linux-gnu:/opt/ros/humble/lib:/opt/MVS/lib/64:/opt/MVS/lib/32 /usr/bin/cmake --install /home/blade_master/pnx/rmvision/build/rm_auto_aim_dart
[1.935s] -- Install configuration: ""
[1.936s] -- Execute custom install script
[1.938s] -- Symlinking: /home/blade_master/pnx/rmvision/install/rm_auto_aim_dart/share/ament_index/resource_index/package_run_dependencies/rm_auto_aim_dart
[1.951s] -- Symlinking: /home/blade_master/pnx/rmvision/install/rm_auto_aim_dart/share/ament_index/resource_index/parent_prefix_path/rm_auto_aim_dart
[1.962s] -- Symlinking: /home/blade_master/pnx/rmvision/install/rm_auto_aim_dart/share/rm_auto_aim_dart/environment/ament_prefix_path.sh
[1.974s] -- Symlinking: /home/blade_master/pnx/rmvision/install/rm_auto_aim_dart/share/rm_auto_aim_dart/environment/ament_prefix_path.dsv
[1.988s] -- Symlinking: /home/blade_master/pnx/rmvision/install/rm_auto_aim_dart/share/rm_auto_aim_dart/environment/path.sh
[2.000s] -- Symlinking: /home/blade_master/pnx/rmvision/install/rm_auto_aim_dart/share/rm_auto_aim_dart/environment/path.dsv
[2.012s] -- Symlinking: /home/blade_master/pnx/rmvision/install/rm_auto_aim_dart/share/rm_auto_aim_dart/local_setup.bash
[2.023s] -- Symlinking: /home/blade_master/pnx/rmvision/install/rm_auto_aim_dart/share/rm_auto_aim_dart/local_setup.sh
[2.034s] -- Symlinking: /home/blade_master/pnx/rmvision/install/rm_auto_aim_dart/share/rm_auto_aim_dart/local_setup.zsh
[2.042s] -- Symlinking: /home/blade_master/pnx/rmvision/install/rm_auto_aim_dart/share/rm_auto_aim_dart/local_setup.dsv
[2.052s] -- Symlinking: /home/blade_master/pnx/rmvision/install/rm_auto_aim_dart/share/rm_auto_aim_dart/package.dsv
[2.067s] -- Symlinking: /home/blade_master/pnx/rmvision/install/rm_auto_aim_dart/share/ament_index/resource_index/packages/rm_auto_aim_dart
[2.079s] -- Symlinking: /home/blade_master/pnx/rmvision/install/rm_auto_aim_dart/share/rm_auto_aim_dart/cmake/rm_auto_aim_dartConfig.cmake
[2.093s] -- Symlinking: /home/blade_master/pnx/rmvision/install/rm_auto_aim_dart/share/rm_auto_aim_dart/cmake/rm_auto_aim_dartConfig-version.cmake
[2.102s] -- Symlinking: /home/blade_master/pnx/rmvision/install/rm_auto_aim_dart/share/rm_auto_aim_dart/package.xml
[2.115s] Invoked command in '/home/blade_master/pnx/rmvision/build/rm_auto_aim_dart' returned '0': CMAKE_PREFIX_PATH=/home/blade_master/pnx/rmvision/install/light_detector:/home/blade_master/pnx/rmvision/install/auto_aim_interfaces:/home/blade_master/pnx/rmvision/install/rm_vision_bringup:/home/blade_master/pnx/rmvision/install/video_reader:/home/blade_master/pnx/rmvision/install/rm_serial_driver:/home/blade_master/pnx/rmvision/install/rm_gimbal_description:/home/blade_master/pnx/rmvision/install/rm_auto_aim_dart:/home/blade_master/pnx/rmvision/install/hik_camera:/opt/ros/humble LD_LIBRARY_PATH=/home/blade_master/pnx/rmvision/install/light_detector/lib:/home/blade_master/pnx/rmvision/install/auto_aim_interfaces/lib:/home/blade_master/pnx/rmvision/install/video_reader/lib:/home/blade_master/pnx/rmvision/install/rm_serial_driver/lib:/home/blade_master/pnx/rmvision/install/hik_camera/lib:/opt/MVS/lib/64:/opt/MVS/lib/32:/opt/MVS/lib/64:/opt/MVS/lib/32:/opt/MVS/lib/64:/opt/MVS/lib/32:/opt/ros/humble/opt/rviz_ogre_vendor/lib:/opt/ros/humble/lib/x86_64-linux-gnu:/opt/ros/humble/lib:/opt/MVS/lib/64:/opt/MVS/lib/32 /usr/bin/cmake --install /home/blade_master/pnx/rmvision/build/rm_auto_aim_dart
