[0.040s] Invoking command in '/home/blade_master/pnx/rmvision/build/video_reader': CMAKE_PREFIX_PATH=/opt/ros/humble /usr/bin/cmake --build /home/blade_master/pnx/rmvision/build/video_reader -- -j22 -l22
[0.197s] [35m[1mConsolidate compiler generated dependencies of target video_reader_node[0m
[0.215s] [35m[1mConsolidate compiler generated dependencies of target video_reader[0m
[0.236s] [ 50%] Built target video_reader
[0.254s] [100%] Built target video_reader_node
[0.284s] Invoked command in '/home/blade_master/pnx/rmvision/build/video_reader' returned '0': CMAKE_PREFIX_PATH=/opt/ros/humble /usr/bin/cmake --build /home/blade_master/pnx/rmvision/build/video_reader -- -j22 -l22
[0.285s] Invoking command in '/home/blade_master/pnx/rmvision/build/video_reader': CMAKE_PREFIX_PATH=/opt/ros/humble /usr/bin/cmake --install /home/blade_master/pnx/rmvision/build/video_reader
[0.289s] -- Install configuration: ""
[0.290s] -- Execute custom install script
[0.291s] -- Up-to-date symlink: /home/blade_master/pnx/rmvision/install/video_reader/lib/video_reader/video_reader_node
[0.291s] -- Up-to-date symlink: /home/blade_master/pnx/rmvision/install/video_reader/include/video_reader/video_reader_node.hpp
[0.291s] -- Up-to-date symlink: /home/blade_master/pnx/rmvision/install/video_reader/share/video_reader/environment/library_path.sh
[0.291s] -- Up-to-date symlink: /home/blade_master/pnx/rmvision/install/video_reader/share/video_reader/environment/library_path.dsv
[0.293s] -- Up-to-date symlink: /home/blade_master/pnx/rmvision/install/video_reader/lib/libvideo_reader.so
[0.296s] -- Up-to-date symlink: /home/blade_master/pnx/rmvision/install/video_reader/share/video_reader/docs/test.mp4
[0.296s] -- Up-to-date symlink: /home/blade_master/pnx/rmvision/install/video_reader/share/video_reader/docs/test2.mp4
[0.296s] -- Up-to-date symlink: /home/blade_master/pnx/rmvision/install/video_reader/share/video_reader/config/camera_info.yaml
[0.296s] -- Up-to-date symlink: /home/blade_master/pnx/rmvision/install/video_reader/share/video_reader/config/camera_params.yaml
[0.296s] -- Up-to-date symlink: /home/blade_master/pnx/rmvision/install/video_reader/share/ament_index/resource_index/package_run_dependencies/video_reader
[0.296s] -- Up-to-date symlink: /home/blade_master/pnx/rmvision/install/video_reader/share/ament_index/resource_index/parent_prefix_path/video_reader
[0.296s] -- Up-to-date symlink: /home/blade_master/pnx/rmvision/install/video_reader/share/video_reader/environment/ament_prefix_path.sh
[0.296s] -- Up-to-date symlink: /home/blade_master/pnx/rmvision/install/video_reader/share/video_reader/environment/ament_prefix_path.dsv
[0.296s] -- Up-to-date symlink: /home/blade_master/pnx/rmvision/install/video_reader/share/video_reader/environment/path.sh
[0.296s] -- Up-to-date symlink: /home/blade_master/pnx/rmvision/install/video_reader/share/video_reader/environment/path.dsv
[0.296s] -- Up-to-date symlink: /home/blade_master/pnx/rmvision/install/video_reader/share/video_reader/local_setup.bash
[0.296s] -- Up-to-date symlink: /home/blade_master/pnx/rmvision/install/video_reader/share/video_reader/local_setup.sh
[0.297s] -- Up-to-date symlink: /home/blade_master/pnx/rmvision/install/video_reader/share/video_reader/local_setup.zsh
[0.297s] -- Up-to-date symlink: /home/blade_master/pnx/rmvision/install/video_reader/share/video_reader/local_setup.dsv
[0.298s] -- Symlinking: /home/blade_master/pnx/rmvision/install/video_reader/share/video_reader/package.dsv
[0.308s] -- Up-to-date symlink: /home/blade_master/pnx/rmvision/install/video_reader/share/ament_index/resource_index/packages/video_reader
[0.308s] -- Up-to-date symlink: /home/blade_master/pnx/rmvision/install/video_reader/share/ament_index/resource_index/rclcpp_components/video_reader
[0.308s] -- Up-to-date symlink: /home/blade_master/pnx/rmvision/install/video_reader/share/video_reader/cmake/ament_cmake_export_dependencies-extras.cmake
[0.308s] -- Up-to-date symlink: /home/blade_master/pnx/rmvision/install/video_reader/share/video_reader/cmake/ament_cmake_export_include_directories-extras.cmake
[0.308s] -- Up-to-date symlink: /home/blade_master/pnx/rmvision/install/video_reader/share/video_reader/cmake/ament_cmake_export_libraries-extras.cmake
[0.308s] -- Up-to-date symlink: /home/blade_master/pnx/rmvision/install/video_reader/share/video_reader/cmake/video_readerConfig.cmake
[0.308s] -- Up-to-date symlink: /home/blade_master/pnx/rmvision/install/video_reader/share/video_reader/cmake/video_readerConfig-version.cmake
[0.308s] -- Up-to-date symlink: /home/blade_master/pnx/rmvision/install/video_reader/share/video_reader/package.xml
[0.311s] Invoked command in '/home/blade_master/pnx/rmvision/build/video_reader' returned '0': CMAKE_PREFIX_PATH=/opt/ros/humble /usr/bin/cmake --install /home/blade_master/pnx/rmvision/build/video_reader
