[0.039s] Invoking command in '/home/blade_master/pnx/rmvision/build/rm_serial_driver': CMAKE_PREFIX_PATH=/home/blade_master/pnx/rmvision/install/auto_aim_interfaces:/home/blade_master/pnx/rmvision/install/rm_vision_bringup:/home/blade_master/pnx/rmvision/install/video_reader:/home/blade_master/pnx/rmvision/install/rm_serial_driver:/home/blade_master/pnx/rmvision/install/rm_gimbal_description:/home/blade_master/pnx/rmvision/install/rm_auto_aim_dart:/home/blade_master/pnx/rmvision/install/light_detector:/home/blade_master/pnx/rmvision/install/hik_camera:/opt/ros/humble LD_LIBRARY_PATH=/home/blade_master/pnx/rmvision/install/auto_aim_interfaces/lib:/home/blade_master/pnx/rmvision/install/video_reader/lib:/home/blade_master/pnx/rmvision/install/rm_serial_driver/lib:/home/blade_master/pnx/rmvision/install/light_detector/lib:/home/blade_master/pnx/rmvision/install/hik_camera/lib:/opt/MVS/lib/64:/opt/MVS/lib/32:/opt/MVS/lib/64:/opt/MVS/lib/32:/opt/MVS/lib/64:/opt/MVS/lib/32:/opt/ros/humble/opt/rviz_ogre_vendor/lib:/opt/ros/humble/lib/x86_64-linux-gnu:/opt/ros/humble/lib:/opt/MVS/lib/64:/opt/MVS/lib/32 /usr/bin/cmake /home/blade_master/pnx/rmvision/src/rm_serial_driver -DAMENT_CMAKE_SYMLINK_INSTALL=1 -DCMAKE_INSTALL_PREFIX=/home/blade_master/pnx/rmvision/install/rm_serial_driver
[0.112s] -- The C compiler identification is GNU 11.4.0
[0.365s] -- The CXX compiler identification is GNU 11.4.0
[0.578s] -- Detecting C compiler ABI info
[0.696s] -- Detecting C compiler ABI info - done
[0.704s] -- Check for working C compiler: /usr/bin/cc - skipped
[0.704s] -- Detecting C compile features
[0.704s] -- Detecting C compile features - done
[0.706s] -- Detecting CXX compiler ABI info
[0.820s] -- Detecting CXX compiler ABI info - done
[0.825s] -- Check for working CXX compiler: /usr/bin/c++ - skipped
[0.825s] -- Detecting CXX compile features
[0.825s] -- Detecting CXX compile features - done
[0.827s] -- Found ament_cmake_auto: 1.3.11 (/opt/ros/humble/share/ament_cmake_auto/cmake)
[0.971s] -- Found Python3: /usr/bin/python3 (found version "3.10.12") found components: Interpreter 
[1.034s] -- Override CMake install command with custom implementation using symlinks instead of copying resources
[1.051s] -- Found auto_aim_interfaces: 0.0.0 (/home/blade_master/pnx/rmvision/install/auto_aim_interfaces/share/auto_aim_interfaces/cmake)
[1.152s] -- Found rosidl_generator_c: 3.1.6 (/opt/ros/humble/share/rosidl_generator_c/cmake)
[1.157s] -- Found rosidl_adapter: 3.1.6 (/opt/ros/humble/share/rosidl_adapter/cmake)
[1.165s] -- Found rosidl_generator_cpp: 3.1.6 (/opt/ros/humble/share/rosidl_generator_cpp/cmake)
[1.173s] -- Using all available rosidl_typesupport_c: rosidl_typesupport_fastrtps_c;rosidl_typesupport_introspection_c
[1.188s] -- Using all available rosidl_typesupport_cpp: rosidl_typesupport_fastrtps_cpp;rosidl_typesupport_introspection_cpp
[1.325s] -- Found rmw_implementation_cmake: 6.1.2 (/opt/ros/humble/share/rmw_implementation_cmake/cmake)
[1.327s] -- Found rmw_fastrtps_cpp: 6.2.7 (/opt/ros/humble/share/rmw_fastrtps_cpp/cmake)
[1.996s] -- Found OpenSSL: /usr/lib/x86_64-linux-gnu/libcrypto.so (found version "3.0.2")  
[2.722s] -- Found FastRTPS: /opt/ros/humble/include  
[3.992s] -- Using RMW implementation 'rmw_fastrtps_cpp' as default
[3.997s] -- Looking for pthread.h
[4.069s] -- Looking for pthread.h - found
[4.069s] -- Performing Test CMAKE_HAVE_LIBC_PTHREAD
[4.143s] -- Performing Test CMAKE_HAVE_LIBC_PTHREAD - Success
[4.143s] -- Found Threads: TRUE  
[4.212s] -- Found asio_cmake_module: 1.2.0 (/opt/ros/humble/share/asio_cmake_module/cmake)
[4.229s] -- Found ASIO: /usr/include  
[4.364s] -- Found eigen3_cmake_module: 0.1.1 (/opt/ros/humble/share/eigen3_cmake_module/cmake)
[4.365s] -- Found Eigen3: TRUE (found version "3.4.0") 
[4.365s] -- Ensuring Eigen3 include directory is part of orocos-kdl CMake target
[4.401s] -- Found ament_lint_auto: 0.12.12 (/opt/ros/humble/share/ament_lint_auto/cmake)
[4.418s] -- Added test 'cppcheck' to perform static code analysis on C / C++ code
[4.418s] -- Configured cppcheck include dirs: /home/blade_master/pnx/rmvision/src/rm_serial_driver/include
[4.418s] -- Configured cppcheck exclude dirs and/or files: 
[4.419s] -- Added test 'cpplint' to check C / C++ code against the Google style
[4.419s] -- Configured cpplint exclude dirs and/or files: 
[4.420s] -- Added test 'flake8' to check Python code syntax and style conventions
[4.420s] -- Added test 'lint_cmake' to check CMake code style
[4.421s] -- Added test 'pep257' to check Python code against some of the docstring style conventions in PEP 257
[4.421s] -- Added test 'xmllint' to check XML markup files
[4.422s] -- Added test 'clang_format' to check C / C++ code style
[4.425s] -- Configuring done
[4.455s] -- Generating done
[4.460s] -- Build files have been written to: /home/blade_master/pnx/rmvision/build/rm_serial_driver
[4.472s] Invoked command in '/home/blade_master/pnx/rmvision/build/rm_serial_driver' returned '0': CMAKE_PREFIX_PATH=/home/blade_master/pnx/rmvision/install/auto_aim_interfaces:/home/blade_master/pnx/rmvision/install/rm_vision_bringup:/home/blade_master/pnx/rmvision/install/video_reader:/home/blade_master/pnx/rmvision/install/rm_serial_driver:/home/blade_master/pnx/rmvision/install/rm_gimbal_description:/home/blade_master/pnx/rmvision/install/rm_auto_aim_dart:/home/blade_master/pnx/rmvision/install/light_detector:/home/blade_master/pnx/rmvision/install/hik_camera:/opt/ros/humble LD_LIBRARY_PATH=/home/blade_master/pnx/rmvision/install/auto_aim_interfaces/lib:/home/blade_master/pnx/rmvision/install/video_reader/lib:/home/blade_master/pnx/rmvision/install/rm_serial_driver/lib:/home/blade_master/pnx/rmvision/install/light_detector/lib:/home/blade_master/pnx/rmvision/install/hik_camera/lib:/opt/MVS/lib/64:/opt/MVS/lib/32:/opt/MVS/lib/64:/opt/MVS/lib/32:/opt/MVS/lib/64:/opt/MVS/lib/32:/opt/ros/humble/opt/rviz_ogre_vendor/lib:/opt/ros/humble/lib/x86_64-linux-gnu:/opt/ros/humble/lib:/opt/MVS/lib/64:/opt/MVS/lib/32 /usr/bin/cmake /home/blade_master/pnx/rmvision/src/rm_serial_driver -DAMENT_CMAKE_SYMLINK_INSTALL=1 -DCMAKE_INSTALL_PREFIX=/home/blade_master/pnx/rmvision/install/rm_serial_driver
[4.474s] Invoking command in '/home/blade_master/pnx/rmvision/build/rm_serial_driver': CMAKE_PREFIX_PATH=/home/blade_master/pnx/rmvision/install/auto_aim_interfaces:/home/blade_master/pnx/rmvision/install/rm_vision_bringup:/home/blade_master/pnx/rmvision/install/video_reader:/home/blade_master/pnx/rmvision/install/rm_serial_driver:/home/blade_master/pnx/rmvision/install/rm_gimbal_description:/home/blade_master/pnx/rmvision/install/rm_auto_aim_dart:/home/blade_master/pnx/rmvision/install/light_detector:/home/blade_master/pnx/rmvision/install/hik_camera:/opt/ros/humble LD_LIBRARY_PATH=/home/blade_master/pnx/rmvision/install/auto_aim_interfaces/lib:/home/blade_master/pnx/rmvision/install/video_reader/lib:/home/blade_master/pnx/rmvision/install/rm_serial_driver/lib:/home/blade_master/pnx/rmvision/install/light_detector/lib:/home/blade_master/pnx/rmvision/install/hik_camera/lib:/opt/MVS/lib/64:/opt/MVS/lib/32:/opt/MVS/lib/64:/opt/MVS/lib/32:/opt/MVS/lib/64:/opt/MVS/lib/32:/opt/ros/humble/opt/rviz_ogre_vendor/lib:/opt/ros/humble/lib/x86_64-linux-gnu:/opt/ros/humble/lib:/opt/MVS/lib/64:/opt/MVS/lib/32 /usr/bin/cmake --build /home/blade_master/pnx/rmvision/build/rm_serial_driver -- -j22 -l22
[4.505s] [ 40%] [32mBuilding CXX object CMakeFiles/rm_serial_driver.dir/src/crc.cpp.o[0m
[4.505s] [ 40%] [32mBuilding CXX object CMakeFiles/rm_serial_driver.dir/src/rm_serial_driver.cpp.o[0m
[4.507s] [ 60%] [32mBuilding CXX object CMakeFiles/rm_serial_driver_node.dir/rclcpp_components/node_main_rm_serial_driver_node.cpp.o[0m
[7.427s] [ 80%] [32m[1mLinking CXX executable rm_serial_driver_node[0m
[7.557s] [ 80%] Built target rm_serial_driver_node
[14.126s] [100%] [32m[1mLinking CXX shared library librm_serial_driver.so[0m
[14.626s] [100%] Built target rm_serial_driver
[14.634s] Invoked command in '/home/blade_master/pnx/rmvision/build/rm_serial_driver' returned '0': CMAKE_PREFIX_PATH=/home/blade_master/pnx/rmvision/install/auto_aim_interfaces:/home/blade_master/pnx/rmvision/install/rm_vision_bringup:/home/blade_master/pnx/rmvision/install/video_reader:/home/blade_master/pnx/rmvision/install/rm_serial_driver:/home/blade_master/pnx/rmvision/install/rm_gimbal_description:/home/blade_master/pnx/rmvision/install/rm_auto_aim_dart:/home/blade_master/pnx/rmvision/install/light_detector:/home/blade_master/pnx/rmvision/install/hik_camera:/opt/ros/humble LD_LIBRARY_PATH=/home/blade_master/pnx/rmvision/install/auto_aim_interfaces/lib:/home/blade_master/pnx/rmvision/install/video_reader/lib:/home/blade_master/pnx/rmvision/install/rm_serial_driver/lib:/home/blade_master/pnx/rmvision/install/light_detector/lib:/home/blade_master/pnx/rmvision/install/hik_camera/lib:/opt/MVS/lib/64:/opt/MVS/lib/32:/opt/MVS/lib/64:/opt/MVS/lib/32:/opt/MVS/lib/64:/opt/MVS/lib/32:/opt/ros/humble/opt/rviz_ogre_vendor/lib:/opt/ros/humble/lib/x86_64-linux-gnu:/opt/ros/humble/lib:/opt/MVS/lib/64:/opt/MVS/lib/32 /usr/bin/cmake --build /home/blade_master/pnx/rmvision/build/rm_serial_driver -- -j22 -l22
[14.635s] Invoking command in '/home/blade_master/pnx/rmvision/build/rm_serial_driver': CMAKE_PREFIX_PATH=/home/blade_master/pnx/rmvision/install/auto_aim_interfaces:/home/blade_master/pnx/rmvision/install/rm_vision_bringup:/home/blade_master/pnx/rmvision/install/video_reader:/home/blade_master/pnx/rmvision/install/rm_serial_driver:/home/blade_master/pnx/rmvision/install/rm_gimbal_description:/home/blade_master/pnx/rmvision/install/rm_auto_aim_dart:/home/blade_master/pnx/rmvision/install/light_detector:/home/blade_master/pnx/rmvision/install/hik_camera:/opt/ros/humble LD_LIBRARY_PATH=/home/blade_master/pnx/rmvision/install/auto_aim_interfaces/lib:/home/blade_master/pnx/rmvision/install/video_reader/lib:/home/blade_master/pnx/rmvision/install/rm_serial_driver/lib:/home/blade_master/pnx/rmvision/install/light_detector/lib:/home/blade_master/pnx/rmvision/install/hik_camera/lib:/opt/MVS/lib/64:/opt/MVS/lib/32:/opt/MVS/lib/64:/opt/MVS/lib/32:/opt/MVS/lib/64:/opt/MVS/lib/32:/opt/ros/humble/opt/rviz_ogre_vendor/lib:/opt/ros/humble/lib/x86_64-linux-gnu:/opt/ros/humble/lib:/opt/MVS/lib/64:/opt/MVS/lib/32 /usr/bin/cmake --install /home/blade_master/pnx/rmvision/build/rm_serial_driver
[14.639s] -- Install configuration: ""
[14.640s] -- Execute custom install script
[14.640s] -- Symlinking: /home/blade_master/pnx/rmvision/install/rm_serial_driver/lib/rm_serial_driver/rm_serial_driver_node
[14.645s] -- Symlinking: /home/blade_master/pnx/rmvision/install/rm_serial_driver/include/crc.hpp
[14.652s] -- Symlinking: /home/blade_master/pnx/rmvision/install/rm_serial_driver/include/packet.hpp
[14.656s] -- Symlinking: /home/blade_master/pnx/rmvision/install/rm_serial_driver/include/rm_serial_driver.hpp
[14.661s] -- Symlinking: /home/blade_master/pnx/rmvision/install/rm_serial_driver/share/rm_serial_driver/environment/library_path.sh
[14.665s] -- Symlinking: /home/blade_master/pnx/rmvision/install/rm_serial_driver/share/rm_serial_driver/environment/library_path.dsv
[14.669s] -- Symlinking: /home/blade_master/pnx/rmvision/install/rm_serial_driver/lib/librm_serial_driver.so
[14.674s] -- Symlinking: /home/blade_master/pnx/rmvision/install/rm_serial_driver/share/rm_serial_driver/config/serial_driver.yaml
[14.678s] -- Symlinking: /home/blade_master/pnx/rmvision/install/rm_serial_driver/share/rm_serial_driver/launch/serial_driver.launch.py
[14.683s] -- Symlinking: /home/blade_master/pnx/rmvision/install/rm_serial_driver/share/ament_index/resource_index/package_run_dependencies/rm_serial_driver
[14.688s] -- Symlinking: /home/blade_master/pnx/rmvision/install/rm_serial_driver/share/ament_index/resource_index/parent_prefix_path/rm_serial_driver
[14.693s] -- Symlinking: /home/blade_master/pnx/rmvision/install/rm_serial_driver/share/rm_serial_driver/environment/ament_prefix_path.sh
[14.699s] -- Symlinking: /home/blade_master/pnx/rmvision/install/rm_serial_driver/share/rm_serial_driver/environment/ament_prefix_path.dsv
[14.705s] -- Symlinking: /home/blade_master/pnx/rmvision/install/rm_serial_driver/share/rm_serial_driver/environment/path.sh
[14.715s] -- Symlinking: /home/blade_master/pnx/rmvision/install/rm_serial_driver/share/rm_serial_driver/environment/path.dsv
[14.721s] -- Symlinking: /home/blade_master/pnx/rmvision/install/rm_serial_driver/share/rm_serial_driver/local_setup.bash
[14.728s] -- Symlinking: /home/blade_master/pnx/rmvision/install/rm_serial_driver/share/rm_serial_driver/local_setup.sh
[14.733s] -- Symlinking: /home/blade_master/pnx/rmvision/install/rm_serial_driver/share/rm_serial_driver/local_setup.zsh
[14.738s] -- Symlinking: /home/blade_master/pnx/rmvision/install/rm_serial_driver/share/rm_serial_driver/local_setup.dsv
[14.742s] -- Symlinking: /home/blade_master/pnx/rmvision/install/rm_serial_driver/share/rm_serial_driver/package.dsv
[14.747s] -- Symlinking: /home/blade_master/pnx/rmvision/install/rm_serial_driver/share/ament_index/resource_index/packages/rm_serial_driver
[14.751s] -- Symlinking: /home/blade_master/pnx/rmvision/install/rm_serial_driver/share/ament_index/resource_index/rclcpp_components/rm_serial_driver
[14.756s] -- Symlinking: /home/blade_master/pnx/rmvision/install/rm_serial_driver/share/rm_serial_driver/cmake/ament_cmake_export_dependencies-extras.cmake
[14.760s] -- Symlinking: /home/blade_master/pnx/rmvision/install/rm_serial_driver/share/rm_serial_driver/cmake/ament_cmake_export_include_directories-extras.cmake
[14.764s] -- Symlinking: /home/blade_master/pnx/rmvision/install/rm_serial_driver/share/rm_serial_driver/cmake/ament_cmake_export_libraries-extras.cmake
[14.769s] -- Symlinking: /home/blade_master/pnx/rmvision/install/rm_serial_driver/share/rm_serial_driver/cmake/rm_serial_driverConfig.cmake
[14.773s] -- Symlinking: /home/blade_master/pnx/rmvision/install/rm_serial_driver/share/rm_serial_driver/cmake/rm_serial_driverConfig-version.cmake
[14.778s] -- Symlinking: /home/blade_master/pnx/rmvision/install/rm_serial_driver/share/rm_serial_driver/package.xml
[14.784s] Invoked command in '/home/blade_master/pnx/rmvision/build/rm_serial_driver' returned '0': CMAKE_PREFIX_PATH=/home/blade_master/pnx/rmvision/install/auto_aim_interfaces:/home/blade_master/pnx/rmvision/install/rm_vision_bringup:/home/blade_master/pnx/rmvision/install/video_reader:/home/blade_master/pnx/rmvision/install/rm_serial_driver:/home/blade_master/pnx/rmvision/install/rm_gimbal_description:/home/blade_master/pnx/rmvision/install/rm_auto_aim_dart:/home/blade_master/pnx/rmvision/install/light_detector:/home/blade_master/pnx/rmvision/install/hik_camera:/opt/ros/humble LD_LIBRARY_PATH=/home/blade_master/pnx/rmvision/install/auto_aim_interfaces/lib:/home/blade_master/pnx/rmvision/install/video_reader/lib:/home/blade_master/pnx/rmvision/install/rm_serial_driver/lib:/home/blade_master/pnx/rmvision/install/light_detector/lib:/home/blade_master/pnx/rmvision/install/hik_camera/lib:/opt/MVS/lib/64:/opt/MVS/lib/32:/opt/MVS/lib/64:/opt/MVS/lib/32:/opt/MVS/lib/64:/opt/MVS/lib/32:/opt/ros/humble/opt/rviz_ogre_vendor/lib:/opt/ros/humble/lib/x86_64-linux-gnu:/opt/ros/humble/lib:/opt/MVS/lib/64:/opt/MVS/lib/32 /usr/bin/cmake --install /home/blade_master/pnx/rmvision/build/rm_serial_driver
