[0.363s] Invoking command in '/home/blade_master/pnx/rmvision/build/rm_vision_bringup': CMAKE_PREFIX_PATH=/home/blade_master/pnx/rmvision/install/rm_auto_aim_dart:/home/blade_master/pnx/rmvision/install/rm_serial_driver:/home/blade_master/pnx/rmvision/install/light_detector:/home/blade_master/pnx/rmvision/install/video_reader:/home/blade_master/pnx/rmvision/install/rm_gimbal_description:/home/blade_master/pnx/rmvision/install/hik_camera:/home/blade_master/pnx/rmvision/install/auto_aim_interfaces:/home/blade_master/pnx/rmvision/install/rm_vision_bringup:/opt/ros/humble LD_LIBRARY_PATH=/home/blade_master/pnx/rmvision/install/rm_serial_driver/lib:/home/blade_master/pnx/rmvision/install/light_detector/lib:/home/blade_master/pnx/rmvision/install/video_reader/lib:/home/blade_master/pnx/rmvision/install/hik_camera/lib:/home/blade_master/pnx/rmvision/install/auto_aim_interfaces/lib:/opt/MVS/lib/64:/opt/MVS/lib/32:/opt/MVS/lib/64:/opt/MVS/lib/32:/opt/MVS/lib/64:/opt/MVS/lib/32:/opt/ros/humble/opt/rviz_ogre_vendor/lib:/opt/ros/humble/lib/x86_64-linux-gnu:/opt/ros/humble/lib:/opt/MVS/lib/64:/opt/MVS/lib/32 /usr/bin/cmake --build /home/blade_master/pnx/rmvision/build/rm_vision_bringup -- -j22 -l22
[0.398s] Invoked command in '/home/blade_master/pnx/rmvision/build/rm_vision_bringup' returned '0': CMAKE_PREFIX_PATH=/home/blade_master/pnx/rmvision/install/rm_auto_aim_dart:/home/blade_master/pnx/rmvision/install/rm_serial_driver:/home/blade_master/pnx/rmvision/install/light_detector:/home/blade_master/pnx/rmvision/install/video_reader:/home/blade_master/pnx/rmvision/install/rm_gimbal_description:/home/blade_master/pnx/rmvision/install/hik_camera:/home/blade_master/pnx/rmvision/install/auto_aim_interfaces:/home/blade_master/pnx/rmvision/install/rm_vision_bringup:/opt/ros/humble LD_LIBRARY_PATH=/home/blade_master/pnx/rmvision/install/rm_serial_driver/lib:/home/blade_master/pnx/rmvision/install/light_detector/lib:/home/blade_master/pnx/rmvision/install/video_reader/lib:/home/blade_master/pnx/rmvision/install/hik_camera/lib:/home/blade_master/pnx/rmvision/install/auto_aim_interfaces/lib:/opt/MVS/lib/64:/opt/MVS/lib/32:/opt/MVS/lib/64:/opt/MVS/lib/32:/opt/MVS/lib/64:/opt/MVS/lib/32:/opt/ros/humble/opt/rviz_ogre_vendor/lib:/opt/ros/humble/lib/x86_64-linux-gnu:/opt/ros/humble/lib:/opt/MVS/lib/64:/opt/MVS/lib/32 /usr/bin/cmake --build /home/blade_master/pnx/rmvision/build/rm_vision_bringup -- -j22 -l22
[0.401s] Invoking command in '/home/blade_master/pnx/rmvision/build/rm_vision_bringup': CMAKE_PREFIX_PATH=/home/blade_master/pnx/rmvision/install/rm_auto_aim_dart:/home/blade_master/pnx/rmvision/install/rm_serial_driver:/home/blade_master/pnx/rmvision/install/light_detector:/home/blade_master/pnx/rmvision/install/video_reader:/home/blade_master/pnx/rmvision/install/rm_gimbal_description:/home/blade_master/pnx/rmvision/install/hik_camera:/home/blade_master/pnx/rmvision/install/auto_aim_interfaces:/home/blade_master/pnx/rmvision/install/rm_vision_bringup:/opt/ros/humble LD_LIBRARY_PATH=/home/blade_master/pnx/rmvision/install/rm_serial_driver/lib:/home/blade_master/pnx/rmvision/install/light_detector/lib:/home/blade_master/pnx/rmvision/install/video_reader/lib:/home/blade_master/pnx/rmvision/install/hik_camera/lib:/home/blade_master/pnx/rmvision/install/auto_aim_interfaces/lib:/opt/MVS/lib/64:/opt/MVS/lib/32:/opt/MVS/lib/64:/opt/MVS/lib/32:/opt/MVS/lib/64:/opt/MVS/lib/32:/opt/ros/humble/opt/rviz_ogre_vendor/lib:/opt/ros/humble/lib/x86_64-linux-gnu:/opt/ros/humble/lib:/opt/MVS/lib/64:/opt/MVS/lib/32 /usr/bin/cmake --install /home/blade_master/pnx/rmvision/build/rm_vision_bringup
[0.408s] -- Install configuration: ""
[0.409s] -- Execute custom install script
[0.410s] -- Up-to-date symlink: /home/blade_master/pnx/rmvision/install/rm_vision_bringup/share/rm_vision_bringup/launch/common.py
[0.410s] -- Up-to-date symlink: /home/blade_master/pnx/rmvision/install/rm_vision_bringup/share/rm_vision_bringup/launch/no_hardware.launch.py
[0.411s] -- Up-to-date symlink: /home/blade_master/pnx/rmvision/install/rm_vision_bringup/share/rm_vision_bringup/launch/vision_bringup.launch.py
[0.411s] -- Up-to-date symlink: /home/blade_master/pnx/rmvision/install/rm_vision_bringup/share/rm_vision_bringup/config/camera_info.yaml
[0.412s] -- Up-to-date symlink: /home/blade_master/pnx/rmvision/install/rm_vision_bringup/share/rm_vision_bringup/config/launch_params.yaml
[0.412s] -- Up-to-date symlink: /home/blade_master/pnx/rmvision/install/rm_vision_bringup/share/rm_vision_bringup/config/node_params.yaml
[0.412s] -- Up-to-date symlink: /home/blade_master/pnx/rmvision/install/rm_vision_bringup/share/ament_index/resource_index/package_run_dependencies/rm_vision_bringup
[0.413s] -- Up-to-date symlink: /home/blade_master/pnx/rmvision/install/rm_vision_bringup/share/ament_index/resource_index/parent_prefix_path/rm_vision_bringup
[0.413s] -- Up-to-date symlink: /home/blade_master/pnx/rmvision/install/rm_vision_bringup/share/rm_vision_bringup/environment/ament_prefix_path.sh
[0.414s] -- Up-to-date symlink: /home/blade_master/pnx/rmvision/install/rm_vision_bringup/share/rm_vision_bringup/environment/ament_prefix_path.dsv
[0.414s] -- Up-to-date symlink: /home/blade_master/pnx/rmvision/install/rm_vision_bringup/share/rm_vision_bringup/environment/path.sh
[0.415s] -- Up-to-date symlink: /home/blade_master/pnx/rmvision/install/rm_vision_bringup/share/rm_vision_bringup/environment/path.dsv
[0.415s] -- Up-to-date symlink: /home/blade_master/pnx/rmvision/install/rm_vision_bringup/share/rm_vision_bringup/local_setup.bash
[0.415s] -- Up-to-date symlink: /home/blade_master/pnx/rmvision/install/rm_vision_bringup/share/rm_vision_bringup/local_setup.sh
[0.416s] -- Up-to-date symlink: /home/blade_master/pnx/rmvision/install/rm_vision_bringup/share/rm_vision_bringup/local_setup.zsh
[0.416s] -- Up-to-date symlink: /home/blade_master/pnx/rmvision/install/rm_vision_bringup/share/rm_vision_bringup/local_setup.dsv
[0.417s] -- Symlinking: /home/blade_master/pnx/rmvision/install/rm_vision_bringup/share/rm_vision_bringup/package.dsv
[0.426s] -- Up-to-date symlink: /home/blade_master/pnx/rmvision/install/rm_vision_bringup/share/ament_index/resource_index/packages/rm_vision_bringup
[0.426s] -- Up-to-date symlink: /home/blade_master/pnx/rmvision/install/rm_vision_bringup/share/rm_vision_bringup/cmake/rm_vision_bringupConfig.cmake
[0.427s] -- Up-to-date symlink: /home/blade_master/pnx/rmvision/install/rm_vision_bringup/share/rm_vision_bringup/cmake/rm_vision_bringupConfig-version.cmake
[0.427s] -- Up-to-date symlink: /home/blade_master/pnx/rmvision/install/rm_vision_bringup/share/rm_vision_bringup/package.xml
[0.431s] Invoked command in '/home/blade_master/pnx/rmvision/build/rm_vision_bringup' returned '0': CMAKE_PREFIX_PATH=/home/blade_master/pnx/rmvision/install/rm_auto_aim_dart:/home/blade_master/pnx/rmvision/install/rm_serial_driver:/home/blade_master/pnx/rmvision/install/light_detector:/home/blade_master/pnx/rmvision/install/video_reader:/home/blade_master/pnx/rmvision/install/rm_gimbal_description:/home/blade_master/pnx/rmvision/install/hik_camera:/home/blade_master/pnx/rmvision/install/auto_aim_interfaces:/home/blade_master/pnx/rmvision/install/rm_vision_bringup:/opt/ros/humble LD_LIBRARY_PATH=/home/blade_master/pnx/rmvision/install/rm_serial_driver/lib:/home/blade_master/pnx/rmvision/install/light_detector/lib:/home/blade_master/pnx/rmvision/install/video_reader/lib:/home/blade_master/pnx/rmvision/install/hik_camera/lib:/home/blade_master/pnx/rmvision/install/auto_aim_interfaces/lib:/opt/MVS/lib/64:/opt/MVS/lib/32:/opt/MVS/lib/64:/opt/MVS/lib/32:/opt/MVS/lib/64:/opt/MVS/lib/32:/opt/ros/humble/opt/rviz_ogre_vendor/lib:/opt/ros/humble/lib/x86_64-linux-gnu:/opt/ros/humble/lib:/opt/MVS/lib/64:/opt/MVS/lib/32 /usr/bin/cmake --install /home/blade_master/pnx/rmvision/build/rm_vision_bringup
