[0.062s] Invoking command in '/home/blade_master/pnx/rmvision/build/rm_serial_driver': AMENT_PREFIX_PATH=/home/blade_master/pnx/rmvision/install/auto_aim_interfaces:${AMENT_PREFIX_PATH} CMAKE_PREFIX_PATH=/home/blade_master/pnx/rmvision/install/auto_aim_interfaces:/opt/ros/humble LD_LIBRARY_PATH=/home/blade_master/pnx/rmvision/install/auto_aim_interfaces/lib:/opt/MVS/lib/64:/opt/MVS/lib/32:/opt/MVS/lib/64:/opt/MVS/lib/32:/opt/MVS/lib/64:/opt/MVS/lib/32:/opt/ros/humble/opt/rviz_ogre_vendor/lib:/opt/ros/humble/lib/x86_64-linux-gnu:/opt/ros/humble/lib:/opt/MVS/lib/64:/opt/MVS/lib/32 PYTHONPATH=/home/blade_master/pnx/rmvision/install/auto_aim_interfaces/local/lib/python3.10/dist-packages:${PYTHONPATH} /usr/bin/cmake --build /home/blade_master/pnx/rmvision/build/rm_serial_driver -- -j22 -l22
[0.099s] [35m[1mConsolidate compiler generated dependencies of target rm_serial_driver_node[0m
[0.099s] [35m[1mConsolidate compiler generated dependencies of target rm_serial_driver[0m
[0.114s] [ 40%] Built target rm_serial_driver_node
[0.118s] [ 60%] [32mBuilding CXX object CMakeFiles/rm_serial_driver.dir/src/rm_serial_driver.cpp.o[0m
[13.124s] [ 80%] [32m[1mLinking CXX shared library librm_serial_driver.so[0m
[14.197s] [100%] Built target rm_serial_driver
[14.206s] Invoked command in '/home/blade_master/pnx/rmvision/build/rm_serial_driver' returned '0': AMENT_PREFIX_PATH=/home/blade_master/pnx/rmvision/install/auto_aim_interfaces:${AMENT_PREFIX_PATH} CMAKE_PREFIX_PATH=/home/blade_master/pnx/rmvision/install/auto_aim_interfaces:/opt/ros/humble LD_LIBRARY_PATH=/home/blade_master/pnx/rmvision/install/auto_aim_interfaces/lib:/opt/MVS/lib/64:/opt/MVS/lib/32:/opt/MVS/lib/64:/opt/MVS/lib/32:/opt/MVS/lib/64:/opt/MVS/lib/32:/opt/ros/humble/opt/rviz_ogre_vendor/lib:/opt/ros/humble/lib/x86_64-linux-gnu:/opt/ros/humble/lib:/opt/MVS/lib/64:/opt/MVS/lib/32 PYTHONPATH=/home/blade_master/pnx/rmvision/install/auto_aim_interfaces/local/lib/python3.10/dist-packages:${PYTHONPATH} /usr/bin/cmake --build /home/blade_master/pnx/rmvision/build/rm_serial_driver -- -j22 -l22
[14.210s] Invoking command in '/home/blade_master/pnx/rmvision/build/rm_serial_driver': AMENT_PREFIX_PATH=/home/blade_master/pnx/rmvision/install/auto_aim_interfaces:${AMENT_PREFIX_PATH} CMAKE_PREFIX_PATH=/home/blade_master/pnx/rmvision/install/auto_aim_interfaces:/opt/ros/humble LD_LIBRARY_PATH=/home/blade_master/pnx/rmvision/install/auto_aim_interfaces/lib:/opt/MVS/lib/64:/opt/MVS/lib/32:/opt/MVS/lib/64:/opt/MVS/lib/32:/opt/MVS/lib/64:/opt/MVS/lib/32:/opt/ros/humble/opt/rviz_ogre_vendor/lib:/opt/ros/humble/lib/x86_64-linux-gnu:/opt/ros/humble/lib:/opt/MVS/lib/64:/opt/MVS/lib/32 PYTHONPATH=/home/blade_master/pnx/rmvision/install/auto_aim_interfaces/local/lib/python3.10/dist-packages:${PYTHONPATH} /usr/bin/cmake --install /home/blade_master/pnx/rmvision/build/rm_serial_driver
[14.215s] -- Install configuration: ""
[14.216s] -- Execute custom install script
[14.216s] -- Up-to-date symlink: /home/blade_master/pnx/rmvision/install/rm_serial_driver/lib/rm_serial_driver/rm_serial_driver_node
[14.216s] -- Up-to-date symlink: /home/blade_master/pnx/rmvision/install/rm_serial_driver/include/crc.hpp
[14.217s] -- Up-to-date symlink: /home/blade_master/pnx/rmvision/install/rm_serial_driver/include/packet.hpp
[14.217s] -- Up-to-date symlink: /home/blade_master/pnx/rmvision/install/rm_serial_driver/include/rm_serial_driver.hpp
[14.217s] -- Up-to-date symlink: /home/blade_master/pnx/rmvision/install/rm_serial_driver/share/rm_serial_driver/environment/library_path.sh
[14.217s] -- Up-to-date symlink: /home/blade_master/pnx/rmvision/install/rm_serial_driver/share/rm_serial_driver/environment/library_path.dsv
[14.217s] -- Up-to-date symlink: /home/blade_master/pnx/rmvision/install/rm_serial_driver/lib/librm_serial_driver.so
[14.217s] -- Up-to-date symlink: /home/blade_master/pnx/rmvision/install/rm_serial_driver/share/rm_serial_driver/config/serial_driver.yaml
[14.218s] -- Up-to-date symlink: /home/blade_master/pnx/rmvision/install/rm_serial_driver/share/rm_serial_driver/launch/serial_driver.launch.py
[14.218s] -- Up-to-date symlink: /home/blade_master/pnx/rmvision/install/rm_serial_driver/share/ament_index/resource_index/package_run_dependencies/rm_serial_driver
[14.218s] -- Up-to-date symlink: /home/blade_master/pnx/rmvision/install/rm_serial_driver/share/ament_index/resource_index/parent_prefix_path/rm_serial_driver
[14.218s] -- Up-to-date symlink: /home/blade_master/pnx/rmvision/install/rm_serial_driver/share/rm_serial_driver/environment/ament_prefix_path.sh
[14.218s] -- Up-to-date symlink: /home/blade_master/pnx/rmvision/install/rm_serial_driver/share/rm_serial_driver/environment/ament_prefix_path.dsv
[14.218s] -- Up-to-date symlink: /home/blade_master/pnx/rmvision/install/rm_serial_driver/share/rm_serial_driver/environment/path.sh
[14.218s] -- Up-to-date symlink: /home/blade_master/pnx/rmvision/install/rm_serial_driver/share/rm_serial_driver/environment/path.dsv
[14.218s] -- Up-to-date symlink: /home/blade_master/pnx/rmvision/install/rm_serial_driver/share/rm_serial_driver/local_setup.bash
[14.218s] -- Up-to-date symlink: /home/blade_master/pnx/rmvision/install/rm_serial_driver/share/rm_serial_driver/local_setup.sh
[14.218s] -- Up-to-date symlink: /home/blade_master/pnx/rmvision/install/rm_serial_driver/share/rm_serial_driver/local_setup.zsh
[14.219s] -- Up-to-date symlink: /home/blade_master/pnx/rmvision/install/rm_serial_driver/share/rm_serial_driver/local_setup.dsv
[14.219s] -- Symlinking: /home/blade_master/pnx/rmvision/install/rm_serial_driver/share/rm_serial_driver/package.dsv
[14.226s] -- Up-to-date symlink: /home/blade_master/pnx/rmvision/install/rm_serial_driver/share/ament_index/resource_index/packages/rm_serial_driver
[14.226s] -- Up-to-date symlink: /home/blade_master/pnx/rmvision/install/rm_serial_driver/share/ament_index/resource_index/rclcpp_components/rm_serial_driver
[14.227s] -- Up-to-date symlink: /home/blade_master/pnx/rmvision/install/rm_serial_driver/share/rm_serial_driver/cmake/ament_cmake_export_dependencies-extras.cmake
[14.227s] -- Up-to-date symlink: /home/blade_master/pnx/rmvision/install/rm_serial_driver/share/rm_serial_driver/cmake/ament_cmake_export_include_directories-extras.cmake
[14.227s] -- Up-to-date symlink: /home/blade_master/pnx/rmvision/install/rm_serial_driver/share/rm_serial_driver/cmake/ament_cmake_export_libraries-extras.cmake
[14.227s] -- Up-to-date symlink: /home/blade_master/pnx/rmvision/install/rm_serial_driver/share/rm_serial_driver/cmake/rm_serial_driverConfig.cmake
[14.227s] -- Up-to-date symlink: /home/blade_master/pnx/rmvision/install/rm_serial_driver/share/rm_serial_driver/cmake/rm_serial_driverConfig-version.cmake
[14.227s] -- Up-to-date symlink: /home/blade_master/pnx/rmvision/install/rm_serial_driver/share/rm_serial_driver/package.xml
[14.230s] Invoked command in '/home/blade_master/pnx/rmvision/build/rm_serial_driver' returned '0': AMENT_PREFIX_PATH=/home/blade_master/pnx/rmvision/install/auto_aim_interfaces:${AMENT_PREFIX_PATH} CMAKE_PREFIX_PATH=/home/blade_master/pnx/rmvision/install/auto_aim_interfaces:/opt/ros/humble LD_LIBRARY_PATH=/home/blade_master/pnx/rmvision/install/auto_aim_interfaces/lib:/opt/MVS/lib/64:/opt/MVS/lib/32:/opt/MVS/lib/64:/opt/MVS/lib/32:/opt/MVS/lib/64:/opt/MVS/lib/32:/opt/ros/humble/opt/rviz_ogre_vendor/lib:/opt/ros/humble/lib/x86_64-linux-gnu:/opt/ros/humble/lib:/opt/MVS/lib/64:/opt/MVS/lib/32 PYTHONPATH=/home/blade_master/pnx/rmvision/install/auto_aim_interfaces/local/lib/python3.10/dist-packages:${PYTHONPATH} /usr/bin/cmake --install /home/blade_master/pnx/rmvision/build/rm_serial_driver
