[0.042s] Invoking command in '/home/blade_master/pnx/rmvision/build/video_reader': CMAKE_PREFIX_PATH=${CMAKE_PREFIX_PATH}:/opt/ros/humble /usr/bin/cmake /home/blade_master/pnx/rmvision/src/video_reader -DAMENT_CMAKE_SYMLINK_INSTALL=1 -DCMAKE_INSTALL_PREFIX=/home/blade_master/pnx/rmvision/install/video_reader
[0.206s] -- The C compiler identification is GNU 11.4.0
[0.585s] -- The CXX compiler identification is GNU 11.4.0
[0.906s] -- Detecting C compiler ABI info
[1.077s] -- Detecting C compiler ABI info - done
[1.085s] -- Check for working C compiler: /usr/bin/cc - skipped
[1.086s] -- Detecting C compile features
[1.086s] -- Detecting C compile features - done
[1.090s] -- Detecting CXX compiler ABI info
[1.310s] -- Detecting CXX compiler ABI info - done
[1.318s] -- Check for working CXX compiler: /usr/bin/c++ - skipped
[1.318s] -- Detecting CXX compile features
[1.318s] -- Detecting CXX compile features - done
[1.320s] -- Found ament_cmake_auto: 1.3.11 (/opt/ros/humble/share/ament_cmake_auto/cmake)
[1.578s] -- Found Python3: /usr/bin/python3 (found version "3.10.12") found components: Interpreter 
[1.677s] -- Override CMake install command with custom implementation using symlinks instead of copying resources
[1.717s] -- Found OpenCV: /usr (found version "4.5.4") 
[1.720s] -- Found camera_info_manager: 3.1.11 (/opt/ros/humble/share/camera_info_manager/cmake)
[1.899s] -- Found rosidl_generator_c: 3.1.6 (/opt/ros/humble/share/rosidl_generator_c/cmake)
[1.906s] -- Found rosidl_adapter: 3.1.6 (/opt/ros/humble/share/rosidl_adapter/cmake)
[1.918s] -- Found rosidl_generator_cpp: 3.1.6 (/opt/ros/humble/share/rosidl_generator_cpp/cmake)
[1.948s] -- Using all available rosidl_typesupport_c: rosidl_typesupport_fastrtps_c;rosidl_typesupport_introspection_c
[1.971s] -- Using all available rosidl_typesupport_cpp: rosidl_typesupport_fastrtps_cpp;rosidl_typesupport_introspection_cpp
[2.071s] -- Found rmw_implementation_cmake: 6.1.2 (/opt/ros/humble/share/rmw_implementation_cmake/cmake)
[2.079s] -- Found rmw_fastrtps_cpp: 6.2.7 (/opt/ros/humble/share/rmw_fastrtps_cpp/cmake)
[2.810s] -- Found OpenSSL: /usr/lib/x86_64-linux-gnu/libcrypto.so (found version "3.0.2")  
[3.438s] -- Found FastRTPS: /opt/ros/humble/include  
[4.781s] -- Using RMW implementation 'rmw_fastrtps_cpp' as default
[4.800s] -- Looking for pthread.h
[4.953s] -- Looking for pthread.h - found
[4.954s] -- Performing Test CMAKE_HAVE_LIBC_PTHREAD
[5.114s] -- Performing Test CMAKE_HAVE_LIBC_PTHREAD - Success
[5.117s] -- Found Threads: TRUE  
[7.600s] -- Found ament_lint_auto: 0.12.12 (/opt/ros/humble/share/ament_lint_auto/cmake)
[7.618s] -- Configuring done
[7.682s] -- Generating done
[7.696s] -- Build files have been written to: /home/blade_master/pnx/rmvision/build/video_reader
[7.723s] Invoked command in '/home/blade_master/pnx/rmvision/build/video_reader' returned '0': CMAKE_PREFIX_PATH=${CMAKE_PREFIX_PATH}:/opt/ros/humble /usr/bin/cmake /home/blade_master/pnx/rmvision/src/video_reader -DAMENT_CMAKE_SYMLINK_INSTALL=1 -DCMAKE_INSTALL_PREFIX=/home/blade_master/pnx/rmvision/install/video_reader
[7.727s] Invoking command in '/home/blade_master/pnx/rmvision/build/video_reader': CMAKE_PREFIX_PATH=${CMAKE_PREFIX_PATH}:/opt/ros/humble /usr/bin/cmake --build /home/blade_master/pnx/rmvision/build/video_reader -- -j22 -l22
[7.812s] [ 25%] [32mBuilding CXX object CMakeFiles/video_reader_node.dir/rclcpp_components/node_main_video_reader_node.cpp.o[0m
[7.813s] [ 50%] [32mBuilding CXX object CMakeFiles/video_reader.dir/src/video_reader_node.cpp.o[0m
[14.894s] [ 75%] [32m[1mLinking CXX executable video_reader_node[0m
[15.184s] [ 75%] Built target video_reader_node
[18.680s] [100%] [32m[1mLinking CXX shared library libvideo_reader.so[0m
[19.071s] [100%] Built target video_reader
[19.094s] Invoked command in '/home/blade_master/pnx/rmvision/build/video_reader' returned '0': CMAKE_PREFIX_PATH=${CMAKE_PREFIX_PATH}:/opt/ros/humble /usr/bin/cmake --build /home/blade_master/pnx/rmvision/build/video_reader -- -j22 -l22
[19.098s] Invoking command in '/home/blade_master/pnx/rmvision/build/video_reader': CMAKE_PREFIX_PATH=${CMAKE_PREFIX_PATH}:/opt/ros/humble /usr/bin/cmake --install /home/blade_master/pnx/rmvision/build/video_reader
[19.115s] -- Install configuration: ""
[19.116s] -- Execute custom install script
[19.117s] -- Symlinking: /home/blade_master/pnx/rmvision/install/video_reader/lib/video_reader/video_reader_node
[19.139s] -- Symlinking: /home/blade_master/pnx/rmvision/install/video_reader/include/video_reader/video_reader_node.hpp
[19.151s] -- Symlinking: /home/blade_master/pnx/rmvision/install/video_reader/share/video_reader/environment/library_path.sh
[19.165s] -- Symlinking: /home/blade_master/pnx/rmvision/install/video_reader/share/video_reader/environment/library_path.dsv
[19.176s] -- Symlinking: /home/blade_master/pnx/rmvision/install/video_reader/lib/libvideo_reader.so
[19.189s] -- Symlinking: /home/blade_master/pnx/rmvision/install/video_reader/share/video_reader/docs/test.mp4
[19.204s] -- Symlinking: /home/blade_master/pnx/rmvision/install/video_reader/share/video_reader/docs/test2.mp4
[19.218s] -- Symlinking: /home/blade_master/pnx/rmvision/install/video_reader/share/video_reader/config/camera_info.yaml
[19.230s] -- Symlinking: /home/blade_master/pnx/rmvision/install/video_reader/share/video_reader/config/camera_params.yaml
[19.248s] -- Symlinking: /home/blade_master/pnx/rmvision/install/video_reader/share/ament_index/resource_index/package_run_dependencies/video_reader
[19.258s] -- Symlinking: /home/blade_master/pnx/rmvision/install/video_reader/share/ament_index/resource_index/parent_prefix_path/video_reader
[19.271s] -- Symlinking: /home/blade_master/pnx/rmvision/install/video_reader/share/video_reader/environment/ament_prefix_path.sh
[19.283s] -- Symlinking: /home/blade_master/pnx/rmvision/install/video_reader/share/video_reader/environment/ament_prefix_path.dsv
[19.296s] -- Symlinking: /home/blade_master/pnx/rmvision/install/video_reader/share/video_reader/environment/path.sh
[19.305s] -- Symlinking: /home/blade_master/pnx/rmvision/install/video_reader/share/video_reader/environment/path.dsv
[19.314s] -- Symlinking: /home/blade_master/pnx/rmvision/install/video_reader/share/video_reader/local_setup.bash
[19.328s] -- Symlinking: /home/blade_master/pnx/rmvision/install/video_reader/share/video_reader/local_setup.sh
[19.339s] -- Symlinking: /home/blade_master/pnx/rmvision/install/video_reader/share/video_reader/local_setup.zsh
[19.351s] -- Symlinking: /home/blade_master/pnx/rmvision/install/video_reader/share/video_reader/local_setup.dsv
[19.360s] -- Symlinking: /home/blade_master/pnx/rmvision/install/video_reader/share/video_reader/package.dsv
[19.369s] -- Symlinking: /home/blade_master/pnx/rmvision/install/video_reader/share/ament_index/resource_index/packages/video_reader
[19.378s] -- Symlinking: /home/blade_master/pnx/rmvision/install/video_reader/share/ament_index/resource_index/rclcpp_components/video_reader
[19.390s] -- Symlinking: /home/blade_master/pnx/rmvision/install/video_reader/share/video_reader/cmake/ament_cmake_export_dependencies-extras.cmake
[19.403s] -- Symlinking: /home/blade_master/pnx/rmvision/install/video_reader/share/video_reader/cmake/ament_cmake_export_include_directories-extras.cmake
[19.412s] -- Symlinking: /home/blade_master/pnx/rmvision/install/video_reader/share/video_reader/cmake/ament_cmake_export_libraries-extras.cmake
[19.423s] -- Symlinking: /home/blade_master/pnx/rmvision/install/video_reader/share/video_reader/cmake/video_readerConfig.cmake
[19.434s] -- Symlinking: /home/blade_master/pnx/rmvision/install/video_reader/share/video_reader/cmake/video_readerConfig-version.cmake
[19.444s] -- Symlinking: /home/blade_master/pnx/rmvision/install/video_reader/share/video_reader/package.xml
[19.457s] Invoked command in '/home/blade_master/pnx/rmvision/build/video_reader' returned '0': CMAKE_PREFIX_PATH=${CMAKE_PREFIX_PATH}:/opt/ros/humble /usr/bin/cmake --install /home/blade_master/pnx/rmvision/build/video_reader
