[0.022s] Invoking command in '/home/blade_master/pnx/rmvision/build/hik_camera': CMAKE_PREFIX_PATH=/opt/ros/humble /usr/bin/cmake /home/blade_master/pnx/rmvision/src/hik-driver -DAMENT_CMAKE_SYMLINK_INSTALL=1 -DCMAKE_INSTALL_PREFIX=/home/blade_master/pnx/rmvision/install/hik_camera
[0.169s] -- The C compiler identification is GNU 11.4.0
[0.370s] -- The CXX compiler identification is GNU 11.4.0
[0.492s] -- Detecting C compiler ABI info
[0.566s] -- Detecting C compiler ABI info - done
[0.571s] -- Check for working C compiler: /usr/bin/cc - skipped
[0.571s] -- Detecting C compile features
[0.571s] -- Detecting C compile features - done
[0.573s] -- Detecting CXX compiler ABI info
[0.653s] -- Detecting CXX compiler ABI info - done
[0.658s] -- Check for working CXX compiler: /usr/bin/c++ - skipped
[0.658s] -- Detecting CXX compile features
[0.658s] -- Detecting CXX compile features - done
[0.659s] -- Found ament_cmake_auto: 1.3.11 (/opt/ros/humble/share/ament_cmake_auto/cmake)
[0.769s] -- Found Python3: /usr/bin/python3 (found version "3.10.12") found components: Interpreter 
[0.829s] -- Override CMake install command with custom implementation using symlinks instead of copying resources
[0.998s] -- Found rosidl_generator_c: 3.1.6 (/opt/ros/humble/share/rosidl_generator_c/cmake)
[1.001s] -- Found rosidl_adapter: 3.1.6 (/opt/ros/humble/share/rosidl_adapter/cmake)
[1.007s] -- Found rosidl_generator_cpp: 3.1.6 (/opt/ros/humble/share/rosidl_generator_cpp/cmake)
[1.014s] -- Using all available rosidl_typesupport_c: rosidl_typesupport_fastrtps_c;rosidl_typesupport_introspection_c
[1.025s] -- Using all available rosidl_typesupport_cpp: rosidl_typesupport_fastrtps_cpp;rosidl_typesupport_introspection_cpp
[1.056s] -- Found rmw_implementation_cmake: 6.1.2 (/opt/ros/humble/share/rmw_implementation_cmake/cmake)
[1.058s] -- Found rmw_fastrtps_cpp: 6.2.7 (/opt/ros/humble/share/rmw_fastrtps_cpp/cmake)
[1.380s] -- Found OpenSSL: /usr/lib/x86_64-linux-gnu/libcrypto.so (found version "3.0.2")  
[1.658s] -- Found FastRTPS: /opt/ros/humble/include  
[2.474s] -- Using RMW implementation 'rmw_fastrtps_cpp' as default
[2.479s] -- Looking for pthread.h
[2.592s] -- Looking for pthread.h - found
[2.593s] -- Performing Test CMAKE_HAVE_LIBC_PTHREAD
[2.695s] -- Performing Test CMAKE_HAVE_LIBC_PTHREAD - Success
[2.696s] -- Found Threads: TRUE  
[3.849s] -- Found ament_lint_auto: 0.12.12 (/opt/ros/humble/share/ament_lint_auto/cmake)
[3.871s] -- Added test 'cppcheck' to perform static code analysis on C / C++ code
[3.871s] -- Configured cppcheck include dirs: /home/blade_master/pnx/rmvision/src/hik-driver/hikSDK/include
[3.871s] -- Configured cppcheck exclude dirs and/or files: 
[3.871s] -- Added test 'flake8' to check Python code syntax and style conventions
[3.872s] -- Added test 'lint_cmake' to check CMake code style
[3.873s] -- Added test 'pep257' to check Python code against some of the docstring style conventions in PEP 257
[3.873s] -- Added test 'xmllint' to check XML markup files
[3.875s] -- Configuring done
[3.886s] -- Generating done
[3.890s] -- Build files have been written to: /home/blade_master/pnx/rmvision/build/hik_camera
[3.902s] Invoked command in '/home/blade_master/pnx/rmvision/build/hik_camera' returned '0': CMAKE_PREFIX_PATH=/opt/ros/humble /usr/bin/cmake /home/blade_master/pnx/rmvision/src/hik-driver -DAMENT_CMAKE_SYMLINK_INSTALL=1 -DCMAKE_INSTALL_PREFIX=/home/blade_master/pnx/rmvision/install/hik_camera
[3.903s] Invoking command in '/home/blade_master/pnx/rmvision/build/hik_camera': CMAKE_PREFIX_PATH=/opt/ros/humble /usr/bin/cmake --build /home/blade_master/pnx/rmvision/build/hik_camera -- -j22 -l22
[3.938s] [ 25%] [32mBuilding CXX object CMakeFiles/hik_camera_node.dir/rclcpp_components/node_main_hik_camera_node.cpp.o[0m
[3.939s] [ 50%] [32mBuilding CXX object CMakeFiles/hik_camera.dir/src/hik_camera_node.cpp.o[0m
[7.207s] [ 75%] [32m[1mLinking CXX executable hik_camera_node[0m
[7.325s] [100%] [32m[1mLinking CXX shared library libhik_camera.so[0m
[7.390s] [100%] Built target hik_camera_node
[7.503s] [100%] Built target hik_camera
[7.511s] Invoked command in '/home/blade_master/pnx/rmvision/build/hik_camera' returned '0': CMAKE_PREFIX_PATH=/opt/ros/humble /usr/bin/cmake --build /home/blade_master/pnx/rmvision/build/hik_camera -- -j22 -l22
[7.513s] Invoking command in '/home/blade_master/pnx/rmvision/build/hik_camera': CMAKE_PREFIX_PATH=/opt/ros/humble /usr/bin/cmake --install /home/blade_master/pnx/rmvision/build/hik_camera
[7.518s] -- Install configuration: ""
[7.518s] -- Execute custom install script
[7.519s] -- Symlinking: /home/blade_master/pnx/rmvision/install/hik_camera/lib/libFormatConversion.so
[7.526s] -- Symlinking: /home/blade_master/pnx/rmvision/install/hik_camera/lib/libMVRender.so
[7.532s] -- Symlinking: /home/blade_master/pnx/rmvision/install/hik_camera/lib/libMediaProcess.so
[7.538s] -- Symlinking: /home/blade_master/pnx/rmvision/install/hik_camera/lib/libMvCameraControl.so
[7.545s] -- Symlinking: /home/blade_master/pnx/rmvision/install/hik_camera/lib/libMvUsb3vTL.so
[7.552s] -- Symlinking: /home/blade_master/pnx/rmvision/install/hik_camera/lib/hik_camera/hik_camera_node
[7.562s] -- Symlinking: /home/blade_master/pnx/rmvision/install/hik_camera/share/hik_camera/environment/library_path.sh
[7.570s] -- Symlinking: /home/blade_master/pnx/rmvision/install/hik_camera/share/hik_camera/environment/library_path.dsv
[7.576s] -- Symlinking: /home/blade_master/pnx/rmvision/install/hik_camera/lib/libhik_camera.so
[7.582s] -- Symlinking: /home/blade_master/pnx/rmvision/install/hik_camera/share/hik_camera/config/camera_info.yaml
[7.589s] -- Symlinking: /home/blade_master/pnx/rmvision/install/hik_camera/share/hik_camera/config/camera_params.yaml
[7.595s] -- Symlinking: /home/blade_master/pnx/rmvision/install/hik_camera/share/hik_camera/launch/hik_camera.launch.py
[7.600s] -- Symlinking: /home/blade_master/pnx/rmvision/install/hik_camera/share/ament_index/resource_index/package_run_dependencies/hik_camera
[7.605s] -- Symlinking: /home/blade_master/pnx/rmvision/install/hik_camera/share/ament_index/resource_index/parent_prefix_path/hik_camera
[7.611s] -- Symlinking: /home/blade_master/pnx/rmvision/install/hik_camera/share/hik_camera/environment/ament_prefix_path.sh
[7.616s] -- Symlinking: /home/blade_master/pnx/rmvision/install/hik_camera/share/hik_camera/environment/ament_prefix_path.dsv
[7.624s] -- Symlinking: /home/blade_master/pnx/rmvision/install/hik_camera/share/hik_camera/environment/path.sh
[7.631s] -- Symlinking: /home/blade_master/pnx/rmvision/install/hik_camera/share/hik_camera/environment/path.dsv
[7.637s] -- Symlinking: /home/blade_master/pnx/rmvision/install/hik_camera/share/hik_camera/local_setup.bash
[7.645s] -- Symlinking: /home/blade_master/pnx/rmvision/install/hik_camera/share/hik_camera/local_setup.sh
[7.650s] -- Symlinking: /home/blade_master/pnx/rmvision/install/hik_camera/share/hik_camera/local_setup.zsh
[7.656s] -- Symlinking: /home/blade_master/pnx/rmvision/install/hik_camera/share/hik_camera/local_setup.dsv
[7.663s] -- Symlinking: /home/blade_master/pnx/rmvision/install/hik_camera/share/hik_camera/package.dsv
[7.669s] -- Symlinking: /home/blade_master/pnx/rmvision/install/hik_camera/share/ament_index/resource_index/packages/hik_camera
[7.674s] -- Symlinking: /home/blade_master/pnx/rmvision/install/hik_camera/share/ament_index/resource_index/rclcpp_components/hik_camera
[7.679s] -- Symlinking: /home/blade_master/pnx/rmvision/install/hik_camera/share/hik_camera/cmake/ament_cmake_export_dependencies-extras.cmake
[7.684s] -- Symlinking: /home/blade_master/pnx/rmvision/install/hik_camera/share/hik_camera/cmake/ament_cmake_export_libraries-extras.cmake
[7.690s] -- Symlinking: /home/blade_master/pnx/rmvision/install/hik_camera/share/hik_camera/cmake/hik_cameraConfig.cmake
[7.699s] -- Symlinking: /home/blade_master/pnx/rmvision/install/hik_camera/share/hik_camera/cmake/hik_cameraConfig-version.cmake
[7.704s] -- Symlinking: /home/blade_master/pnx/rmvision/install/hik_camera/share/hik_camera/package.xml
[7.712s] Invoked command in '/home/blade_master/pnx/rmvision/build/hik_camera' returned '0': CMAKE_PREFIX_PATH=/opt/ros/humble /usr/bin/cmake --install /home/blade_master/pnx/rmvision/build/hik_camera
