-- The C compiler identification is GNU 11.4.0
-- The CXX compiler identification is GNU 11.4.0
-- Detecting C compiler ABI info
-- Detecting C compiler ABI info - done
-- Check for working C compiler: /usr/bin/cc - skipped
-- Detecting C compile features
-- Detecting C compile features - done
-- Detecting CXX compiler ABI info
-- Detecting CXX compiler ABI info - done
-- Check for working CXX compiler: /usr/bin/c++ - skipped
-- Detecting CXX compile features
-- Detecting CXX compile features - done
-- Found ament_cmake_auto: 1.3.11 (/opt/ros/humble/share/ament_cmake_auto/cmake)
-- Found Python3: /usr/bin/python3 (found version "3.10.12") found components: Interpreter 
-- Override CMake install command with custom implementation using symlinks instead of copying resources
-- Found OpenCV: /usr (found version "4.5.4") 
-- Found camera_info_manager: 3.1.11 (/opt/ros/humble/share/camera_info_manager/cmake)
-- Found rosidl_generator_c: 3.1.6 (/opt/ros/humble/share/rosidl_generator_c/cmake)
-- Found rosidl_adapter: 3.1.6 (/opt/ros/humble/share/rosidl_adapter/cmake)
-- Found rosidl_generator_cpp: 3.1.6 (/opt/ros/humble/share/rosidl_generator_cpp/cmake)
-- Using all available rosidl_typesupport_c: rosidl_typesupport_fastrtps_c;rosidl_typesupport_introspection_c
-- Using all available rosidl_typesupport_cpp: rosidl_typesupport_fastrtps_cpp;rosidl_typesupport_introspection_cpp
-- Found rmw_implementation_cmake: 6.1.2 (/opt/ros/humble/share/rmw_implementation_cmake/cmake)
-- Found rmw_fastrtps_cpp: 6.2.7 (/opt/ros/humble/share/rmw_fastrtps_cpp/cmake)
-- Found OpenSSL: /usr/lib/x86_64-linux-gnu/libcrypto.so (found version "3.0.2")  
-- Found FastRTPS: /opt/ros/humble/include  
-- Using RMW implementation 'rmw_fastrtps_cpp' as default
-- Looking for pthread.h
-- Looking for pthread.h - found
-- Performing Test CMAKE_HAVE_LIBC_PTHREAD
-- Performing Test CMAKE_HAVE_LIBC_PTHREAD - Success
-- Found Threads: TRUE  
-- Found ament_lint_auto: 0.12.12 (/opt/ros/humble/share/ament_lint_auto/cmake)
-- Configuring done
-- Generating done
-- Build files have been written to: /home/blade_master/pnx/rmvision/build/video_reader
[ 50%] [32mBuilding CXX object CMakeFiles/video_reader.dir/src/video_reader_node.cpp.o[0m
[ 50%] [32mBuilding CXX object CMakeFiles/video_reader_node.dir/rclcpp_components/node_main_video_reader_node.cpp.o[0m
[ 75%] [32m[1mLinking CXX executable video_reader_node[0m
[ 75%] Built target video_reader_node
[100%] [32m[1mLinking CXX shared library libvideo_reader.so[0m
[100%] Built target video_reader
-- Install configuration: ""
-- Execute custom install script
-- Symlinking: /home/blade_master/pnx/rmvision/install/video_reader/lib/video_reader/video_reader_node
-- Symlinking: /home/blade_master/pnx/rmvision/install/video_reader/include/video_reader/video_reader_node.hpp
-- Symlinking: /home/blade_master/pnx/rmvision/install/video_reader/share/video_reader/environment/library_path.sh
-- Symlinking: /home/blade_master/pnx/rmvision/install/video_reader/share/video_reader/environment/library_path.dsv
-- Symlinking: /home/blade_master/pnx/rmvision/install/video_reader/lib/libvideo_reader.so
-- Symlinking: /home/blade_master/pnx/rmvision/install/video_reader/share/video_reader/docs/test.mp4
-- Symlinking: /home/blade_master/pnx/rmvision/install/video_reader/share/video_reader/docs/test2.mp4
-- Symlinking: /home/blade_master/pnx/rmvision/install/video_reader/share/video_reader/config/camera_info.yaml
-- Symlinking: /home/blade_master/pnx/rmvision/install/video_reader/share/video_reader/config/camera_params.yaml
-- Symlinking: /home/blade_master/pnx/rmvision/install/video_reader/share/ament_index/resource_index/package_run_dependencies/video_reader
-- Symlinking: /home/blade_master/pnx/rmvision/install/video_reader/share/ament_index/resource_index/parent_prefix_path/video_reader
-- Symlinking: /home/blade_master/pnx/rmvision/install/video_reader/share/video_reader/environment/ament_prefix_path.sh
-- Symlinking: /home/blade_master/pnx/rmvision/install/video_reader/share/video_reader/environment/ament_prefix_path.dsv
-- Symlinking: /home/blade_master/pnx/rmvision/install/video_reader/share/video_reader/environment/path.sh
-- Symlinking: /home/blade_master/pnx/rmvision/install/video_reader/share/video_reader/environment/path.dsv
-- Symlinking: /home/blade_master/pnx/rmvision/install/video_reader/share/video_reader/local_setup.bash
-- Symlinking: /home/blade_master/pnx/rmvision/install/video_reader/share/video_reader/local_setup.sh
-- Symlinking: /home/blade_master/pnx/rmvision/install/video_reader/share/video_reader/local_setup.zsh
-- Symlinking: /home/blade_master/pnx/rmvision/install/video_reader/share/video_reader/local_setup.dsv
-- Symlinking: /home/blade_master/pnx/rmvision/install/video_reader/share/video_reader/package.dsv
-- Symlinking: /home/blade_master/pnx/rmvision/install/video_reader/share/ament_index/resource_index/packages/video_reader
-- Symlinking: /home/blade_master/pnx/rmvision/install/video_reader/share/ament_index/resource_index/rclcpp_components/video_reader
-- Symlinking: /home/blade_master/pnx/rmvision/install/video_reader/share/video_reader/cmake/ament_cmake_export_dependencies-extras.cmake
-- Symlinking: /home/blade_master/pnx/rmvision/install/video_reader/share/video_reader/cmake/ament_cmake_export_include_directories-extras.cmake
-- Symlinking: /home/blade_master/pnx/rmvision/install/video_reader/share/video_reader/cmake/ament_cmake_export_libraries-extras.cmake
-- Symlinking: /home/blade_master/pnx/rmvision/install/video_reader/share/video_reader/cmake/video_readerConfig.cmake
-- Symlinking: /home/blade_master/pnx/rmvision/install/video_reader/share/video_reader/cmake/video_readerConfig-version.cmake
-- Symlinking: /home/blade_master/pnx/rmvision/install/video_reader/share/video_reader/package.xml
