[0.023s] Invoking command in '/home/blade_master/pnx/rmvision/build/video_reader': CMAKE_PREFIX_PATH=/opt/ros/humble /usr/bin/cmake /home/blade_master/pnx/rmvision/src/video_reader -DAMENT_CMAKE_SYMLINK_INSTALL=1 -DCMAKE_INSTALL_PREFIX=/home/blade_master/pnx/rmvision/install/video_reader
[0.160s] -- The C compiler identification is GNU 11.4.0
[0.360s] -- The CXX compiler identification is GNU 11.4.0
[0.476s] -- Detecting C compiler ABI info
[0.536s] -- Detecting C compiler ABI info - done
[0.540s] -- Check for working C compiler: /usr/bin/cc - skipped
[0.541s] -- Detecting C compile features
[0.541s] -- Detecting C compile features - done
[0.544s] -- Detecting CXX compiler ABI info
[0.619s] -- Detecting CXX compiler ABI info - done
[0.624s] -- Check for working CXX compiler: /usr/bin/c++ - skipped
[0.624s] -- Detecting CXX compile features
[0.624s] -- Detecting CXX compile features - done
[0.626s] -- Found ament_cmake_auto: 1.3.11 (/opt/ros/humble/share/ament_cmake_auto/cmake)
[0.736s] -- Found Python3: /usr/bin/python3 (found version "3.10.12") found components: Interpreter 
[0.802s] -- Override CMake install command with custom implementation using symlinks instead of copying resources
[0.847s] -- Found OpenCV: /usr (found version "4.5.4") 
[0.849s] -- Found camera_info_manager: 3.1.11 (/opt/ros/humble/share/camera_info_manager/cmake)
[0.956s] -- Found rosidl_generator_c: 3.1.6 (/opt/ros/humble/share/rosidl_generator_c/cmake)
[0.958s] -- Found rosidl_adapter: 3.1.6 (/opt/ros/humble/share/rosidl_adapter/cmake)
[0.965s] -- Found rosidl_generator_cpp: 3.1.6 (/opt/ros/humble/share/rosidl_generator_cpp/cmake)
[0.977s] -- Using all available rosidl_typesupport_c: rosidl_typesupport_fastrtps_c;rosidl_typesupport_introspection_c
[0.988s] -- Using all available rosidl_typesupport_cpp: rosidl_typesupport_fastrtps_cpp;rosidl_typesupport_introspection_cpp
[1.031s] -- Found rmw_implementation_cmake: 6.1.2 (/opt/ros/humble/share/rmw_implementation_cmake/cmake)
[1.034s] -- Found rmw_fastrtps_cpp: 6.2.7 (/opt/ros/humble/share/rmw_fastrtps_cpp/cmake)
[1.369s] -- Found OpenSSL: /usr/lib/x86_64-linux-gnu/libcrypto.so (found version "3.0.2")  
[1.649s] -- Found FastRTPS: /opt/ros/humble/include  
[2.445s] -- Using RMW implementation 'rmw_fastrtps_cpp' as default
[2.454s] -- Looking for pthread.h
[2.576s] -- Looking for pthread.h - found
[2.576s] -- Performing Test CMAKE_HAVE_LIBC_PTHREAD
[2.667s] -- Performing Test CMAKE_HAVE_LIBC_PTHREAD - Success
[2.668s] -- Found Threads: TRUE  
[3.880s] -- Found ament_lint_auto: 0.12.12 (/opt/ros/humble/share/ament_lint_auto/cmake)
[3.891s] -- Configuring done
[3.921s] -- Generating done
[3.927s] -- Build files have been written to: /home/blade_master/pnx/rmvision/build/video_reader
[3.939s] Invoked command in '/home/blade_master/pnx/rmvision/build/video_reader' returned '0': CMAKE_PREFIX_PATH=/opt/ros/humble /usr/bin/cmake /home/blade_master/pnx/rmvision/src/video_reader -DAMENT_CMAKE_SYMLINK_INSTALL=1 -DCMAKE_INSTALL_PREFIX=/home/blade_master/pnx/rmvision/install/video_reader
[3.941s] Invoking command in '/home/blade_master/pnx/rmvision/build/video_reader': CMAKE_PREFIX_PATH=/opt/ros/humble /usr/bin/cmake --build /home/blade_master/pnx/rmvision/build/video_reader -- -j22 -l22
[3.982s] [ 25%] [32mBuilding CXX object CMakeFiles/video_reader.dir/src/video_reader_node.cpp.o[0m
[3.985s] [ 50%] [32mBuilding CXX object CMakeFiles/video_reader_node.dir/rclcpp_components/node_main_video_reader_node.cpp.o[0m
[7.428s] [ 75%] [32m[1mLinking CXX executable video_reader_node[0m
[7.559s] [ 75%] Built target video_reader_node
[9.341s] [100%] [32m[1mLinking CXX shared library libvideo_reader.so[0m
[9.601s] [100%] Built target video_reader
[9.608s] Invoked command in '/home/blade_master/pnx/rmvision/build/video_reader' returned '0': CMAKE_PREFIX_PATH=/opt/ros/humble /usr/bin/cmake --build /home/blade_master/pnx/rmvision/build/video_reader -- -j22 -l22
[9.609s] Invoking command in '/home/blade_master/pnx/rmvision/build/video_reader': CMAKE_PREFIX_PATH=/opt/ros/humble /usr/bin/cmake --install /home/blade_master/pnx/rmvision/build/video_reader
[9.614s] -- Install configuration: ""
[9.614s] -- Execute custom install script
[9.615s] -- Symlinking: /home/blade_master/pnx/rmvision/install/video_reader/lib/video_reader/video_reader_node
[9.626s] -- Symlinking: /home/blade_master/pnx/rmvision/install/video_reader/include/video_reader/video_reader_node.hpp
[9.632s] -- Symlinking: /home/blade_master/pnx/rmvision/install/video_reader/share/video_reader/environment/library_path.sh
[9.638s] -- Symlinking: /home/blade_master/pnx/rmvision/install/video_reader/share/video_reader/environment/library_path.dsv
[9.644s] -- Symlinking: /home/blade_master/pnx/rmvision/install/video_reader/lib/libvideo_reader.so
[9.650s] -- Symlinking: /home/blade_master/pnx/rmvision/install/video_reader/share/video_reader/docs/test.mp4
[9.655s] -- Symlinking: /home/blade_master/pnx/rmvision/install/video_reader/share/video_reader/docs/test2.mp4
[9.660s] -- Symlinking: /home/blade_master/pnx/rmvision/install/video_reader/share/video_reader/config/camera_info.yaml
[9.665s] -- Symlinking: /home/blade_master/pnx/rmvision/install/video_reader/share/video_reader/config/camera_params.yaml
[9.670s] -- Symlinking: /home/blade_master/pnx/rmvision/install/video_reader/share/ament_index/resource_index/package_run_dependencies/video_reader
[9.675s] -- Symlinking: /home/blade_master/pnx/rmvision/install/video_reader/share/ament_index/resource_index/parent_prefix_path/video_reader
[9.681s] -- Symlinking: /home/blade_master/pnx/rmvision/install/video_reader/share/video_reader/environment/ament_prefix_path.sh
[9.686s] -- Symlinking: /home/blade_master/pnx/rmvision/install/video_reader/share/video_reader/environment/ament_prefix_path.dsv
[9.691s] -- Symlinking: /home/blade_master/pnx/rmvision/install/video_reader/share/video_reader/environment/path.sh
[9.696s] -- Symlinking: /home/blade_master/pnx/rmvision/install/video_reader/share/video_reader/environment/path.dsv
[9.701s] -- Symlinking: /home/blade_master/pnx/rmvision/install/video_reader/share/video_reader/local_setup.bash
[9.708s] -- Symlinking: /home/blade_master/pnx/rmvision/install/video_reader/share/video_reader/local_setup.sh
[9.713s] -- Symlinking: /home/blade_master/pnx/rmvision/install/video_reader/share/video_reader/local_setup.zsh
[9.719s] -- Symlinking: /home/blade_master/pnx/rmvision/install/video_reader/share/video_reader/local_setup.dsv
[9.724s] -- Symlinking: /home/blade_master/pnx/rmvision/install/video_reader/share/video_reader/package.dsv
[9.731s] -- Symlinking: /home/blade_master/pnx/rmvision/install/video_reader/share/ament_index/resource_index/packages/video_reader
[9.737s] -- Symlinking: /home/blade_master/pnx/rmvision/install/video_reader/share/ament_index/resource_index/rclcpp_components/video_reader
[9.745s] -- Symlinking: /home/blade_master/pnx/rmvision/install/video_reader/share/video_reader/cmake/ament_cmake_export_dependencies-extras.cmake
[9.750s] -- Symlinking: /home/blade_master/pnx/rmvision/install/video_reader/share/video_reader/cmake/ament_cmake_export_include_directories-extras.cmake
[9.756s] -- Symlinking: /home/blade_master/pnx/rmvision/install/video_reader/share/video_reader/cmake/ament_cmake_export_libraries-extras.cmake
[9.761s] -- Symlinking: /home/blade_master/pnx/rmvision/install/video_reader/share/video_reader/cmake/video_readerConfig.cmake
[9.769s] -- Symlinking: /home/blade_master/pnx/rmvision/install/video_reader/share/video_reader/cmake/video_readerConfig-version.cmake
[9.775s] -- Symlinking: /home/blade_master/pnx/rmvision/install/video_reader/share/video_reader/package.xml
[9.782s] Invoked command in '/home/blade_master/pnx/rmvision/build/video_reader' returned '0': CMAKE_PREFIX_PATH=/opt/ros/humble /usr/bin/cmake --install /home/blade_master/pnx/rmvision/build/video_reader
