[0.064s] Invoking command in '/home/blade_master/pnx/rmvision/build/light_detector': AMENT_PREFIX_PATH=/home/blade_master/pnx/rmvision/install/auto_aim_interfaces:${AMENT_PREFIX_PATH} CMAKE_PREFIX_PATH=/home/blade_master/pnx/rmvision/install/auto_aim_interfaces:/opt/ros/humble LD_LIBRARY_PATH=/home/blade_master/pnx/rmvision/install/auto_aim_interfaces/lib:/opt/MVS/lib/64:/opt/MVS/lib/32:/opt/MVS/lib/64:/opt/MVS/lib/32:/opt/MVS/lib/64:/opt/MVS/lib/32:/opt/ros/humble/opt/rviz_ogre_vendor/lib:/opt/ros/humble/lib/x86_64-linux-gnu:/opt/ros/humble/lib:/opt/MVS/lib/64:/opt/MVS/lib/32 PYTHONPATH=/home/blade_master/pnx/rmvision/install/auto_aim_interfaces/local/lib/python3.10/dist-packages:${PYTHONPATH} /usr/bin/cmake /home/blade_master/pnx/rmvision/src/auto_aim/light_detector -DAMENT_CMAKE_SYMLINK_INSTALL=1 -DCMAKE_INSTALL_PREFIX=/home/blade_master/pnx/rmvision/install/light_detector
[0.169s] -- The C compiler identification is GNU 11.4.0
[0.504s] -- The CXX compiler identification is GNU 11.4.0
[0.759s] -- Detecting C compiler ABI info
[0.908s] -- Detecting C compiler ABI info - done
[0.917s] -- Check for working C compiler: /usr/bin/cc - skipped
[0.917s] -- Detecting C compile features
[0.917s] -- Detecting C compile features - done
[0.922s] -- Detecting CXX compiler ABI info
[1.079s] -- Detecting CXX compiler ABI info - done
[1.089s] -- Check for working CXX compiler: /usr/bin/c++ - skipped
[1.089s] -- Detecting CXX compile features
[1.090s] -- Detecting CXX compile features - done
[1.526s] -- Found OpenGL: /usr/lib/x86_64-linux-gnu/libOpenGL.so   
[1.527s] -- Found ament_cmake_auto: 1.3.11 (/opt/ros/humble/share/ament_cmake_auto/cmake)
[1.719s] -- Found Python3: /usr/bin/python3 (found version "3.10.12") found components: Interpreter 
[1.818s] -- Override CMake install command with custom implementation using symlinks instead of copying resources
[1.885s] -- Looking for pthread.h
[2.016s] -- Looking for pthread.h - found
[2.017s] -- Performing Test CMAKE_HAVE_LIBC_PTHREAD
[2.142s] -- Performing Test CMAKE_HAVE_LIBC_PTHREAD - Success
[2.143s] -- Found Threads: TRUE  
[2.156s] -- Found OpenCV: /usr (found version "4.5.4") 
[2.159s] -- Found rclcpp: 16.0.12 (/opt/ros/humble/share/rclcpp/cmake)
[2.222s] -- Found rosidl_generator_c: 3.1.6 (/opt/ros/humble/share/rosidl_generator_c/cmake)
[2.228s] -- Found rosidl_adapter: 3.1.6 (/opt/ros/humble/share/rosidl_adapter/cmake)
[2.237s] -- Found rosidl_generator_cpp: 3.1.6 (/opt/ros/humble/share/rosidl_generator_cpp/cmake)
[2.252s] -- Using all available rosidl_typesupport_c: rosidl_typesupport_fastrtps_c;rosidl_typesupport_introspection_c
[2.267s] -- Using all available rosidl_typesupport_cpp: rosidl_typesupport_fastrtps_cpp;rosidl_typesupport_introspection_cpp
[2.314s] -- Found rmw_implementation_cmake: 6.1.2 (/opt/ros/humble/share/rmw_implementation_cmake/cmake)
[2.316s] -- Found rmw_fastrtps_cpp: 6.2.7 (/opt/ros/humble/share/rmw_fastrtps_cpp/cmake)
[3.532s] -- Found OpenSSL: /usr/lib/x86_64-linux-gnu/libcrypto.so (found version "3.0.2")  
[4.606s] -- Found FastRTPS: /opt/ros/humble/include  
[6.546s] -- Using RMW implementation 'rmw_fastrtps_cpp' as default
[7.887s] -- Found eigen3_cmake_module: 0.1.1 (/opt/ros/humble/share/eigen3_cmake_module/cmake)
[7.888s] -- Found Eigen3: TRUE (found version "3.4.0") 
[7.888s] -- Ensuring Eigen3 include directory is part of orocos-kdl CMake target
[7.972s] -- g2o, OpenCV and fmt found, building light_detector
[7.984s] -- Configuring done
[8.001s] -- Generating done
[8.010s] -- Build files have been written to: /home/blade_master/pnx/rmvision/build/light_detector
[8.032s] Invoked command in '/home/blade_master/pnx/rmvision/build/light_detector' returned '0': AMENT_PREFIX_PATH=/home/blade_master/pnx/rmvision/install/auto_aim_interfaces:${AMENT_PREFIX_PATH} CMAKE_PREFIX_PATH=/home/blade_master/pnx/rmvision/install/auto_aim_interfaces:/opt/ros/humble LD_LIBRARY_PATH=/home/blade_master/pnx/rmvision/install/auto_aim_interfaces/lib:/opt/MVS/lib/64:/opt/MVS/lib/32:/opt/MVS/lib/64:/opt/MVS/lib/32:/opt/MVS/lib/64:/opt/MVS/lib/32:/opt/ros/humble/opt/rviz_ogre_vendor/lib:/opt/ros/humble/lib/x86_64-linux-gnu:/opt/ros/humble/lib:/opt/MVS/lib/64:/opt/MVS/lib/32 PYTHONPATH=/home/blade_master/pnx/rmvision/install/auto_aim_interfaces/local/lib/python3.10/dist-packages:${PYTHONPATH} /usr/bin/cmake /home/blade_master/pnx/rmvision/src/auto_aim/light_detector -DAMENT_CMAKE_SYMLINK_INSTALL=1 -DCMAKE_INSTALL_PREFIX=/home/blade_master/pnx/rmvision/install/light_detector
[8.035s] Invoking command in '/home/blade_master/pnx/rmvision/build/light_detector': AMENT_PREFIX_PATH=/home/blade_master/pnx/rmvision/install/auto_aim_interfaces:${AMENT_PREFIX_PATH} CMAKE_PREFIX_PATH=/home/blade_master/pnx/rmvision/install/auto_aim_interfaces:/opt/ros/humble LD_LIBRARY_PATH=/home/blade_master/pnx/rmvision/install/auto_aim_interfaces/lib:/opt/MVS/lib/64:/opt/MVS/lib/32:/opt/MVS/lib/64:/opt/MVS/lib/32:/opt/MVS/lib/64:/opt/MVS/lib/32:/opt/ros/humble/opt/rviz_ogre_vendor/lib:/opt/ros/humble/lib/x86_64-linux-gnu:/opt/ros/humble/lib:/opt/MVS/lib/64:/opt/MVS/lib/32 PYTHONPATH=/home/blade_master/pnx/rmvision/install/auto_aim_interfaces/local/lib/python3.10/dist-packages:${PYTHONPATH} /usr/bin/cmake --build /home/blade_master/pnx/rmvision/build/light_detector -- -j22 -l22
[8.082s] [ 33%] [32mBuilding CXX object CMakeFiles/light_detector.dir/src/detector_node.cpp.o[0m
[8.082s] [ 33%] [32mBuilding CXX object CMakeFiles/light_detector.dir/src/pnp_solver.cpp.o[0m
[8.082s] [ 50%] [32mBuilding CXX object CMakeFiles/light_detector_node.dir/rclcpp_components/node_main_light_detector_node.cpp.o[0m
[8.082s] [ 66%] [32mBuilding CXX object CMakeFiles/light_detector.dir/src/detector.cpp.o[0m
[12.443s] [ 83%] [32m[1mLinking CXX executable light_detector_node[0m
[12.640s] [ 83%] Built target light_detector_node
[30.651s] [100%] [32m[1mLinking CXX shared library liblight_detector.so[0m
[31.782s] [100%] Built target light_detector
[31.790s] Invoked command in '/home/blade_master/pnx/rmvision/build/light_detector' returned '0': AMENT_PREFIX_PATH=/home/blade_master/pnx/rmvision/install/auto_aim_interfaces:${AMENT_PREFIX_PATH} CMAKE_PREFIX_PATH=/home/blade_master/pnx/rmvision/install/auto_aim_interfaces:/opt/ros/humble LD_LIBRARY_PATH=/home/blade_master/pnx/rmvision/install/auto_aim_interfaces/lib:/opt/MVS/lib/64:/opt/MVS/lib/32:/opt/MVS/lib/64:/opt/MVS/lib/32:/opt/MVS/lib/64:/opt/MVS/lib/32:/opt/ros/humble/opt/rviz_ogre_vendor/lib:/opt/ros/humble/lib/x86_64-linux-gnu:/opt/ros/humble/lib:/opt/MVS/lib/64:/opt/MVS/lib/32 PYTHONPATH=/home/blade_master/pnx/rmvision/install/auto_aim_interfaces/local/lib/python3.10/dist-packages:${PYTHONPATH} /usr/bin/cmake --build /home/blade_master/pnx/rmvision/build/light_detector -- -j22 -l22
[31.792s] Invoking command in '/home/blade_master/pnx/rmvision/build/light_detector': AMENT_PREFIX_PATH=/home/blade_master/pnx/rmvision/install/auto_aim_interfaces:${AMENT_PREFIX_PATH} CMAKE_PREFIX_PATH=/home/blade_master/pnx/rmvision/install/auto_aim_interfaces:/opt/ros/humble LD_LIBRARY_PATH=/home/blade_master/pnx/rmvision/install/auto_aim_interfaces/lib:/opt/MVS/lib/64:/opt/MVS/lib/32:/opt/MVS/lib/64:/opt/MVS/lib/32:/opt/MVS/lib/64:/opt/MVS/lib/32:/opt/ros/humble/opt/rviz_ogre_vendor/lib:/opt/ros/humble/lib/x86_64-linux-gnu:/opt/ros/humble/lib:/opt/MVS/lib/64:/opt/MVS/lib/32 PYTHONPATH=/home/blade_master/pnx/rmvision/install/auto_aim_interfaces/local/lib/python3.10/dist-packages:${PYTHONPATH} /usr/bin/cmake --install /home/blade_master/pnx/rmvision/build/light_detector
[31.796s] -- Install configuration: ""
[31.796s] -- Execute custom install script
[31.797s] -- Symlinking: /home/blade_master/pnx/rmvision/install/light_detector/lib/light_detector/light_detector_node
[31.803s] -- Symlinking: /home/blade_master/pnx/rmvision/install/light_detector/include/detector.hpp
[31.808s] -- Symlinking: /home/blade_master/pnx/rmvision/install/light_detector/include/detector_node.hpp
[31.814s] -- Symlinking: /home/blade_master/pnx/rmvision/install/light_detector/include/pnp_solver.hpp
[31.820s] -- Symlinking: /home/blade_master/pnx/rmvision/install/light_detector/share/light_detector/environment/library_path.sh
[31.826s] -- Symlinking: /home/blade_master/pnx/rmvision/install/light_detector/share/light_detector/environment/library_path.dsv
[31.832s] -- Symlinking: /home/blade_master/pnx/rmvision/install/light_detector/lib/liblight_detector.so
[31.838s] -- Symlinking: /home/blade_master/pnx/rmvision/install/light_detector/share/ament_index/resource_index/package_run_dependencies/light_detector
[31.843s] -- Symlinking: /home/blade_master/pnx/rmvision/install/light_detector/share/ament_index/resource_index/parent_prefix_path/light_detector
[31.849s] -- Symlinking: /home/blade_master/pnx/rmvision/install/light_detector/share/light_detector/environment/ament_prefix_path.sh
[31.854s] -- Symlinking: /home/blade_master/pnx/rmvision/install/light_detector/share/light_detector/environment/ament_prefix_path.dsv
[31.859s] -- Symlinking: /home/blade_master/pnx/rmvision/install/light_detector/share/light_detector/environment/path.sh
[31.864s] -- Symlinking: /home/blade_master/pnx/rmvision/install/light_detector/share/light_detector/environment/path.dsv
[31.870s] -- Symlinking: /home/blade_master/pnx/rmvision/install/light_detector/share/light_detector/local_setup.bash
[31.876s] -- Symlinking: /home/blade_master/pnx/rmvision/install/light_detector/share/light_detector/local_setup.sh
[31.881s] -- Symlinking: /home/blade_master/pnx/rmvision/install/light_detector/share/light_detector/local_setup.zsh
[31.888s] -- Symlinking: /home/blade_master/pnx/rmvision/install/light_detector/share/light_detector/local_setup.dsv
[31.893s] -- Symlinking: /home/blade_master/pnx/rmvision/install/light_detector/share/light_detector/package.dsv
[31.900s] -- Symlinking: /home/blade_master/pnx/rmvision/install/light_detector/share/ament_index/resource_index/packages/light_detector
[31.905s] -- Symlinking: /home/blade_master/pnx/rmvision/install/light_detector/share/ament_index/resource_index/rclcpp_components/light_detector
[31.910s] -- Symlinking: /home/blade_master/pnx/rmvision/install/light_detector/share/light_detector/cmake/ament_cmake_export_dependencies-extras.cmake
[31.916s] -- Symlinking: /home/blade_master/pnx/rmvision/install/light_detector/share/light_detector/cmake/ament_cmake_export_include_directories-extras.cmake
[31.922s] -- Symlinking: /home/blade_master/pnx/rmvision/install/light_detector/share/light_detector/cmake/ament_cmake_export_libraries-extras.cmake
[31.927s] -- Symlinking: /home/blade_master/pnx/rmvision/install/light_detector/share/light_detector/cmake/light_detectorConfig.cmake
[31.933s] -- Symlinking: /home/blade_master/pnx/rmvision/install/light_detector/share/light_detector/cmake/light_detectorConfig-version.cmake
[31.939s] -- Symlinking: /home/blade_master/pnx/rmvision/install/light_detector/share/light_detector/package.xml
[31.947s] Invoked command in '/home/blade_master/pnx/rmvision/build/light_detector' returned '0': AMENT_PREFIX_PATH=/home/blade_master/pnx/rmvision/install/auto_aim_interfaces:${AMENT_PREFIX_PATH} CMAKE_PREFIX_PATH=/home/blade_master/pnx/rmvision/install/auto_aim_interfaces:/opt/ros/humble LD_LIBRARY_PATH=/home/blade_master/pnx/rmvision/install/auto_aim_interfaces/lib:/opt/MVS/lib/64:/opt/MVS/lib/32:/opt/MVS/lib/64:/opt/MVS/lib/32:/opt/MVS/lib/64:/opt/MVS/lib/32:/opt/ros/humble/opt/rviz_ogre_vendor/lib:/opt/ros/humble/lib/x86_64-linux-gnu:/opt/ros/humble/lib:/opt/MVS/lib/64:/opt/MVS/lib/32 PYTHONPATH=/home/blade_master/pnx/rmvision/install/auto_aim_interfaces/local/lib/python3.10/dist-packages:${PYTHONPATH} /usr/bin/cmake --install /home/blade_master/pnx/rmvision/build/light_detector
