[0.019s] Invoking command in '/home/blade_master/pnx/rmvision/build/hik_camera': CMAKE_PREFIX_PATH=/opt/ros/humble /usr/bin/cmake /home/blade_master/pnx/rmvision/src/hik-driver -DAMENT_CMAKE_SYMLINK_INSTALL=1 -DCMAKE_INSTALL_PREFIX=/home/blade_master/pnx/rmvision/install/hik_camera
[0.087s] -- The C compiler identification is GNU 11.4.0
[0.305s] -- The CXX compiler identification is GNU 11.4.0
[0.526s] -- Detecting C compiler ABI info
[0.622s] -- Detecting C compiler ABI info - done
[0.626s] -- Check for working C compiler: /usr/bin/cc - skipped
[0.626s] -- Detecting C compile features
[0.627s] -- Detecting C compile features - done
[0.629s] -- Detecting CXX compiler ABI info
[0.740s] -- Detecting CXX compiler ABI info - done
[0.745s] -- Check for working CXX compiler: /usr/bin/c++ - skipped
[0.745s] -- Detecting CXX compile features
[0.746s] -- Detecting CXX compile features - done
[0.747s] -- Found ament_cmake_auto: 1.3.11 (/opt/ros/humble/share/ament_cmake_auto/cmake)
[0.876s] -- Found Python3: /usr/bin/python3 (found version "3.10.12") found components: Interpreter 
[0.941s] -- Override CMake install command with custom implementation using symlinks instead of copying resources
[1.110s] -- Found rosidl_generator_c: 3.1.6 (/opt/ros/humble/share/rosidl_generator_c/cmake)
[1.114s] -- Found rosidl_adapter: 3.1.6 (/opt/ros/humble/share/rosidl_adapter/cmake)
[1.119s] -- Found rosidl_generator_cpp: 3.1.6 (/opt/ros/humble/share/rosidl_generator_cpp/cmake)
[1.128s] -- Using all available rosidl_typesupport_c: rosidl_typesupport_fastrtps_c;rosidl_typesupport_introspection_c
[1.138s] -- Using all available rosidl_typesupport_cpp: rosidl_typesupport_fastrtps_cpp;rosidl_typesupport_introspection_cpp
[1.165s] -- Found rmw_implementation_cmake: 6.1.2 (/opt/ros/humble/share/rmw_implementation_cmake/cmake)
[1.166s] -- Found rmw_fastrtps_cpp: 6.2.7 (/opt/ros/humble/share/rmw_fastrtps_cpp/cmake)
[1.669s] -- Found OpenSSL: /usr/lib/x86_64-linux-gnu/libcrypto.so (found version "3.0.2")  
[2.080s] -- Found FastRTPS: /opt/ros/humble/include  
[2.877s] -- Using RMW implementation 'rmw_fastrtps_cpp' as default
[2.882s] -- Looking for pthread.h
[2.996s] -- Looking for pthread.h - found
[2.996s] -- Performing Test CMAKE_HAVE_LIBC_PTHREAD
[3.096s] -- Performing Test CMAKE_HAVE_LIBC_PTHREAD - Success
[3.097s] -- Found Threads: TRUE  
[4.392s] -- Found ament_lint_auto: 0.12.12 (/opt/ros/humble/share/ament_lint_auto/cmake)
[4.409s] -- Added test 'cppcheck' to perform static code analysis on C / C++ code
[4.409s] -- Configured cppcheck include dirs: /home/blade_master/pnx/rmvision/src/hik-driver/hikSDK/include
[4.409s] -- Configured cppcheck exclude dirs and/or files: 
[4.410s] -- Added test 'flake8' to check Python code syntax and style conventions
[4.411s] -- Added test 'lint_cmake' to check CMake code style
[4.412s] -- Added test 'pep257' to check Python code against some of the docstring style conventions in PEP 257
[4.412s] -- Added test 'xmllint' to check XML markup files
[4.416s] -- Configuring done
[4.428s] -- Generating done
[4.435s] -- Build files have been written to: /home/blade_master/pnx/rmvision/build/hik_camera
[4.452s] Invoked command in '/home/blade_master/pnx/rmvision/build/hik_camera' returned '0': CMAKE_PREFIX_PATH=/opt/ros/humble /usr/bin/cmake /home/blade_master/pnx/rmvision/src/hik-driver -DAMENT_CMAKE_SYMLINK_INSTALL=1 -DCMAKE_INSTALL_PREFIX=/home/blade_master/pnx/rmvision/install/hik_camera
[4.454s] Invoking command in '/home/blade_master/pnx/rmvision/build/hik_camera': CMAKE_PREFIX_PATH=/opt/ros/humble /usr/bin/cmake --build /home/blade_master/pnx/rmvision/build/hik_camera -- -j22 -l22
[4.489s] [ 25%] [32mBuilding CXX object CMakeFiles/hik_camera_node.dir/rclcpp_components/node_main_hik_camera_node.cpp.o[0m
[4.490s] [ 50%] [32mBuilding CXX object CMakeFiles/hik_camera.dir/src/hik_camera_node.cpp.o[0m
[9.056s] [ 75%] [32m[1mLinking CXX executable hik_camera_node[0m
[9.290s] [ 75%] Built target hik_camera_node
[9.450s] [100%] [32m[1mLinking CXX shared library libhik_camera.so[0m
[9.675s] [100%] Built target hik_camera
[9.689s] Invoked command in '/home/blade_master/pnx/rmvision/build/hik_camera' returned '0': CMAKE_PREFIX_PATH=/opt/ros/humble /usr/bin/cmake --build /home/blade_master/pnx/rmvision/build/hik_camera -- -j22 -l22
[9.693s] Invoking command in '/home/blade_master/pnx/rmvision/build/hik_camera': CMAKE_PREFIX_PATH=/opt/ros/humble /usr/bin/cmake --install /home/blade_master/pnx/rmvision/build/hik_camera
[9.702s] -- Install configuration: ""
[9.702s] -- Execute custom install script
[9.703s] -- Symlinking: /home/blade_master/pnx/rmvision/install/hik_camera/lib/libFormatConversion.so
[9.717s] -- Symlinking: /home/blade_master/pnx/rmvision/install/hik_camera/lib/libMVRender.so
[9.727s] -- Symlinking: /home/blade_master/pnx/rmvision/install/hik_camera/lib/libMediaProcess.so
[9.750s] -- Symlinking: /home/blade_master/pnx/rmvision/install/hik_camera/lib/libMvCameraControl.so
[9.762s] -- Symlinking: /home/blade_master/pnx/rmvision/install/hik_camera/lib/libMvUsb3vTL.so
[9.773s] -- Symlinking: /home/blade_master/pnx/rmvision/install/hik_camera/lib/hik_camera/hik_camera_node
[9.782s] -- Symlinking: /home/blade_master/pnx/rmvision/install/hik_camera/share/hik_camera/environment/library_path.sh
[9.792s] -- Symlinking: /home/blade_master/pnx/rmvision/install/hik_camera/share/hik_camera/environment/library_path.dsv
[9.803s] -- Symlinking: /home/blade_master/pnx/rmvision/install/hik_camera/lib/libhik_camera.so
[9.813s] -- Symlinking: /home/blade_master/pnx/rmvision/install/hik_camera/share/hik_camera/config/camera_info.yaml
[9.825s] -- Symlinking: /home/blade_master/pnx/rmvision/install/hik_camera/share/hik_camera/config/camera_params.yaml
[9.835s] -- Symlinking: /home/blade_master/pnx/rmvision/install/hik_camera/share/hik_camera/launch/hik_camera.launch.py
[9.846s] -- Symlinking: /home/blade_master/pnx/rmvision/install/hik_camera/share/ament_index/resource_index/package_run_dependencies/hik_camera
[9.858s] -- Symlinking: /home/blade_master/pnx/rmvision/install/hik_camera/share/ament_index/resource_index/parent_prefix_path/hik_camera
[9.870s] -- Symlinking: /home/blade_master/pnx/rmvision/install/hik_camera/share/hik_camera/environment/ament_prefix_path.sh
[9.882s] -- Symlinking: /home/blade_master/pnx/rmvision/install/hik_camera/share/hik_camera/environment/ament_prefix_path.dsv
[9.891s] -- Symlinking: /home/blade_master/pnx/rmvision/install/hik_camera/share/hik_camera/environment/path.sh
[9.900s] -- Symlinking: /home/blade_master/pnx/rmvision/install/hik_camera/share/hik_camera/environment/path.dsv
[9.909s] -- Symlinking: /home/blade_master/pnx/rmvision/install/hik_camera/share/hik_camera/local_setup.bash
[9.918s] -- Symlinking: /home/blade_master/pnx/rmvision/install/hik_camera/share/hik_camera/local_setup.sh
[9.929s] -- Symlinking: /home/blade_master/pnx/rmvision/install/hik_camera/share/hik_camera/local_setup.zsh
[9.942s] -- Symlinking: /home/blade_master/pnx/rmvision/install/hik_camera/share/hik_camera/local_setup.dsv
[9.958s] -- Symlinking: /home/blade_master/pnx/rmvision/install/hik_camera/share/hik_camera/package.dsv
[9.971s] -- Symlinking: /home/blade_master/pnx/rmvision/install/hik_camera/share/ament_index/resource_index/packages/hik_camera
[9.985s] -- Symlinking: /home/blade_master/pnx/rmvision/install/hik_camera/share/ament_index/resource_index/rclcpp_components/hik_camera
[9.995s] -- Symlinking: /home/blade_master/pnx/rmvision/install/hik_camera/share/hik_camera/cmake/ament_cmake_export_dependencies-extras.cmake
[10.012s] -- Symlinking: /home/blade_master/pnx/rmvision/install/hik_camera/share/hik_camera/cmake/ament_cmake_export_libraries-extras.cmake
[10.026s] -- Symlinking: /home/blade_master/pnx/rmvision/install/hik_camera/share/hik_camera/cmake/hik_cameraConfig.cmake
[10.035s] -- Symlinking: /home/blade_master/pnx/rmvision/install/hik_camera/share/hik_camera/cmake/hik_cameraConfig-version.cmake
[10.045s] -- Symlinking: /home/blade_master/pnx/rmvision/install/hik_camera/share/hik_camera/package.xml
[10.058s] Invoked command in '/home/blade_master/pnx/rmvision/build/hik_camera' returned '0': CMAKE_PREFIX_PATH=/opt/ros/humble /usr/bin/cmake --install /home/blade_master/pnx/rmvision/build/hik_camera
