[0.275s] DEBUG:colcon:Command line arguments: ['/usr/bin/colcon', 'build', '--symlink-install', '--packages-up-to', 'rm_vision_bringup']
[0.276s] DEBUG:colcon:Parsed command line arguments: Namespace(log_base=None, log_level=None, verb_name='build', build_base='build', install_base='install', merge_install=False, symlink_install=True, test_result_base=None, continue_on_error=False, executor='parallel', parallel_workers=22, event_handlers=None, ignore_user_meta=False, metas=['./colcon.meta'], base_paths=['.'], packages_ignore=None, packages_ignore_regex=None, paths=None, packages_up_to=['rm_vision_bringup'], packages_up_to_regex=None, packages_above=None, packages_above_and_dependencies=None, packages_above_depth=None, packages_select_by_dep=None, packages_skip_by_dep=None, packages_skip_up_to=None, packages_select_build_failed=False, packages_skip_build_finished=False, packages_select_test_failures=False, packages_skip_test_passed=False, packages_select=None, packages_skip=None, packages_select_regex=None, packages_skip_regex=None, packages_start=None, packages_end=None, allow_overriding=[], cmake_args=None, cmake_target=None, cmake_target_skip_unavailable=False, cmake_clean_cache=False, cmake_clean_first=False, cmake_force_configure=False, ament_cmake_args=None, catkin_cmake_args=None, catkin_skip_building_tests=False, verb_parser=<colcon_defaults.argument_parser.defaults.DefaultArgumentsDecorator object at 0x7ff24effffd0>, verb_extension=<colcon_core.verb.build.BuildVerb object at 0x7ff24efffa30>, main=<bound method BuildVerb.main of <colcon_core.verb.build.BuildVerb object at 0x7ff24efffa30>>)
[0.511s] Level 1:colcon.colcon_core.package_discovery:discover_packages(colcon_meta) check parameters
[0.511s] Level 1:colcon.colcon_core.package_discovery:discover_packages(recursive) check parameters
[0.511s] Level 1:colcon.colcon_core.package_discovery:discover_packages(ignore) check parameters
[0.511s] Level 1:colcon.colcon_core.package_discovery:discover_packages(path) check parameters
[0.511s] Level 1:colcon.colcon_core.package_discovery:discover_packages(colcon_meta) discover
[0.511s] Level 1:colcon.colcon_core.package_discovery:discover_packages(recursive) discover
[0.511s] INFO:colcon.colcon_core.package_discovery:Crawling recursively for packages in '/home/blade_master/pnx/rmvision'
[0.511s] Level 1:colcon.colcon_core.package_identification:_identify(.) by extensions ['ignore', 'ignore_ament_install']
[0.511s] Level 1:colcon.colcon_core.package_identification:_identify(.) by extension 'ignore'
[0.511s] Level 1:colcon.colcon_core.package_identification:_identify(.) by extension 'ignore_ament_install'
[0.511s] Level 1:colcon.colcon_core.package_identification:_identify(.) by extensions ['colcon_pkg']
[0.511s] Level 1:colcon.colcon_core.package_identification:_identify(.) by extension 'colcon_pkg'
[0.511s] Level 1:colcon.colcon_core.package_identification:_identify(.) by extensions ['colcon_meta']
[0.512s] Level 1:colcon.colcon_core.package_identification:_identify(.) by extension 'colcon_meta'
[0.512s] Level 1:colcon.colcon_core.package_identification:_identify(.) by extensions ['ros']
[0.512s] Level 1:colcon.colcon_core.package_identification:_identify(.) by extension 'ros'
[0.527s] Level 1:colcon.colcon_core.package_identification:_identify(.) by extensions ['cmake', 'python']
[0.527s] Level 1:colcon.colcon_core.package_identification:_identify(.) by extension 'cmake'
[0.527s] Level 1:colcon.colcon_core.package_identification:_identify(.) by extension 'python'
[0.527s] Level 1:colcon.colcon_core.package_identification:_identify(.) by extensions ['python_setup_py']
[0.527s] Level 1:colcon.colcon_core.package_identification:_identify(.) by extension 'python_setup_py'
[0.527s] Level 1:colcon.colcon_core.package_identification:_identify(build) by extensions ['ignore', 'ignore_ament_install']
[0.527s] Level 1:colcon.colcon_core.package_identification:_identify(build) by extension 'ignore'
[0.527s] Level 1:colcon.colcon_core.package_identification:_identify(build) ignored
[0.527s] Level 1:colcon.colcon_core.package_identification:_identify(install) by extensions ['ignore', 'ignore_ament_install']
[0.527s] Level 1:colcon.colcon_core.package_identification:_identify(install) by extension 'ignore'
[0.527s] Level 1:colcon.colcon_core.package_identification:_identify(install) ignored
[0.527s] Level 1:colcon.colcon_core.package_identification:_identify(log) by extensions ['ignore', 'ignore_ament_install']
[0.528s] Level 1:colcon.colcon_core.package_identification:_identify(log) by extension 'ignore'
[0.528s] Level 1:colcon.colcon_core.package_identification:_identify(log) ignored
[0.528s] Level 1:colcon.colcon_core.package_identification:_identify(src) by extensions ['ignore', 'ignore_ament_install']
[0.528s] Level 1:colcon.colcon_core.package_identification:_identify(src) by extension 'ignore'
[0.528s] Level 1:colcon.colcon_core.package_identification:_identify(src) by extension 'ignore_ament_install'
[0.528s] Level 1:colcon.colcon_core.package_identification:_identify(src) by extensions ['colcon_pkg']
[0.528s] Level 1:colcon.colcon_core.package_identification:_identify(src) by extension 'colcon_pkg'
[0.528s] Level 1:colcon.colcon_core.package_identification:_identify(src) by extensions ['colcon_meta']
[0.528s] Level 1:colcon.colcon_core.package_identification:_identify(src) by extension 'colcon_meta'
[0.528s] Level 1:colcon.colcon_core.package_identification:_identify(src) by extensions ['ros']
[0.528s] Level 1:colcon.colcon_core.package_identification:_identify(src) by extension 'ros'
[0.528s] Level 1:colcon.colcon_core.package_identification:_identify(src) by extensions ['cmake', 'python']
[0.528s] Level 1:colcon.colcon_core.package_identification:_identify(src) by extension 'cmake'
[0.528s] Level 1:colcon.colcon_core.package_identification:_identify(src) by extension 'python'
[0.528s] Level 1:colcon.colcon_core.package_identification:_identify(src) by extensions ['python_setup_py']
[0.528s] Level 1:colcon.colcon_core.package_identification:_identify(src) by extension 'python_setup_py'
[0.528s] Level 1:colcon.colcon_core.package_identification:_identify(src/auto_aim) by extensions ['ignore', 'ignore_ament_install']
[0.528s] Level 1:colcon.colcon_core.package_identification:_identify(src/auto_aim) by extension 'ignore'
[0.528s] Level 1:colcon.colcon_core.package_identification:_identify(src/auto_aim) by extension 'ignore_ament_install'
[0.529s] Level 1:colcon.colcon_core.package_identification:_identify(src/auto_aim) by extensions ['colcon_pkg']
[0.529s] Level 1:colcon.colcon_core.package_identification:_identify(src/auto_aim) by extension 'colcon_pkg'
[0.529s] Level 1:colcon.colcon_core.package_identification:_identify(src/auto_aim) by extensions ['colcon_meta']
[0.529s] Level 1:colcon.colcon_core.package_identification:_identify(src/auto_aim) by extension 'colcon_meta'
[0.529s] Level 1:colcon.colcon_core.package_identification:_identify(src/auto_aim) by extensions ['ros']
[0.529s] Level 1:colcon.colcon_core.package_identification:_identify(src/auto_aim) by extension 'ros'
[0.529s] Level 1:colcon.colcon_core.package_identification:_identify(src/auto_aim) by extensions ['cmake', 'python']
[0.529s] Level 1:colcon.colcon_core.package_identification:_identify(src/auto_aim) by extension 'cmake'
[0.529s] Level 1:colcon.colcon_core.package_identification:_identify(src/auto_aim) by extension 'python'
[0.529s] Level 1:colcon.colcon_core.package_identification:_identify(src/auto_aim) by extensions ['python_setup_py']
[0.529s] Level 1:colcon.colcon_core.package_identification:_identify(src/auto_aim) by extension 'python_setup_py'
[0.529s] Level 1:colcon.colcon_core.package_identification:_identify(src/auto_aim/auto_aim_interfaces) by extensions ['ignore', 'ignore_ament_install']
[0.529s] Level 1:colcon.colcon_core.package_identification:_identify(src/auto_aim/auto_aim_interfaces) by extension 'ignore'
[0.529s] Level 1:colcon.colcon_core.package_identification:_identify(src/auto_aim/auto_aim_interfaces) by extension 'ignore_ament_install'
[0.529s] Level 1:colcon.colcon_core.package_identification:_identify(src/auto_aim/auto_aim_interfaces) by extensions ['colcon_pkg']
[0.529s] Level 1:colcon.colcon_core.package_identification:_identify(src/auto_aim/auto_aim_interfaces) by extension 'colcon_pkg'
[0.529s] Level 1:colcon.colcon_core.package_identification:_identify(src/auto_aim/auto_aim_interfaces) by extensions ['colcon_meta']
[0.529s] Level 1:colcon.colcon_core.package_identification:_identify(src/auto_aim/auto_aim_interfaces) by extension 'colcon_meta'
[0.529s] Level 1:colcon.colcon_core.package_identification:_identify(src/auto_aim/auto_aim_interfaces) by extensions ['ros']
[0.529s] Level 1:colcon.colcon_core.package_identification:_identify(src/auto_aim/auto_aim_interfaces) by extension 'ros'
[0.534s] DEBUG:colcon.colcon_core.package_identification:Package 'src/auto_aim/auto_aim_interfaces' with type 'ros.ament_cmake' and name 'auto_aim_interfaces'
[0.534s] Level 1:colcon.colcon_core.package_identification:_identify(src/auto_aim/light_detector) by extensions ['ignore', 'ignore_ament_install']
[0.534s] Level 1:colcon.colcon_core.package_identification:_identify(src/auto_aim/light_detector) by extension 'ignore'
[0.534s] Level 1:colcon.colcon_core.package_identification:_identify(src/auto_aim/light_detector) by extension 'ignore_ament_install'
[0.534s] Level 1:colcon.colcon_core.package_identification:_identify(src/auto_aim/light_detector) by extensions ['colcon_pkg']
[0.534s] Level 1:colcon.colcon_core.package_identification:_identify(src/auto_aim/light_detector) by extension 'colcon_pkg'
[0.534s] Level 1:colcon.colcon_core.package_identification:_identify(src/auto_aim/light_detector) by extensions ['colcon_meta']
[0.534s] Level 1:colcon.colcon_core.package_identification:_identify(src/auto_aim/light_detector) by extension 'colcon_meta'
[0.534s] Level 1:colcon.colcon_core.package_identification:_identify(src/auto_aim/light_detector) by extensions ['ros']
[0.534s] Level 1:colcon.colcon_core.package_identification:_identify(src/auto_aim/light_detector) by extension 'ros'
[0.536s] DEBUG:colcon.colcon_core.package_identification:Package 'src/auto_aim/light_detector' with type 'ros.ament_cmake' and name 'light_detector'
[0.537s] Level 1:colcon.colcon_core.package_identification:_identify(src/auto_aim/rm_auto_aim_dart) by extensions ['ignore', 'ignore_ament_install']
[0.537s] Level 1:colcon.colcon_core.package_identification:_identify(src/auto_aim/rm_auto_aim_dart) by extension 'ignore'
[0.537s] Level 1:colcon.colcon_core.package_identification:_identify(src/auto_aim/rm_auto_aim_dart) by extension 'ignore_ament_install'
[0.537s] Level 1:colcon.colcon_core.package_identification:_identify(src/auto_aim/rm_auto_aim_dart) by extensions ['colcon_pkg']
[0.537s] Level 1:colcon.colcon_core.package_identification:_identify(src/auto_aim/rm_auto_aim_dart) by extension 'colcon_pkg'
[0.537s] Level 1:colcon.colcon_core.package_identification:_identify(src/auto_aim/rm_auto_aim_dart) by extensions ['colcon_meta']
[0.537s] Level 1:colcon.colcon_core.package_identification:_identify(src/auto_aim/rm_auto_aim_dart) by extension 'colcon_meta'
[0.537s] Level 1:colcon.colcon_core.package_identification:_identify(src/auto_aim/rm_auto_aim_dart) by extensions ['ros']
[0.537s] Level 1:colcon.colcon_core.package_identification:_identify(src/auto_aim/rm_auto_aim_dart) by extension 'ros'
[0.538s] DEBUG:colcon.colcon_core.package_identification:Package 'src/auto_aim/rm_auto_aim_dart' with type 'ros.ament_cmake' and name 'rm_auto_aim_dart'
[0.538s] Level 1:colcon.colcon_core.package_identification:_identify(src/hik-driver) by extensions ['ignore', 'ignore_ament_install']
[0.538s] Level 1:colcon.colcon_core.package_identification:_identify(src/hik-driver) by extension 'ignore'
[0.538s] Level 1:colcon.colcon_core.package_identification:_identify(src/hik-driver) by extension 'ignore_ament_install'
[0.538s] Level 1:colcon.colcon_core.package_identification:_identify(src/hik-driver) by extensions ['colcon_pkg']
[0.538s] Level 1:colcon.colcon_core.package_identification:_identify(src/hik-driver) by extension 'colcon_pkg'
[0.538s] Level 1:colcon.colcon_core.package_identification:_identify(src/hik-driver) by extensions ['colcon_meta']
[0.538s] Level 1:colcon.colcon_core.package_identification:_identify(src/hik-driver) by extension 'colcon_meta'
[0.538s] Level 1:colcon.colcon_core.package_identification:_identify(src/hik-driver) by extensions ['ros']
[0.538s] Level 1:colcon.colcon_core.package_identification:_identify(src/hik-driver) by extension 'ros'
[0.540s] DEBUG:colcon.colcon_core.package_identification:Package 'src/hik-driver' with type 'ros.ament_cmake' and name 'hik_camera'
[0.540s] Level 1:colcon.colcon_core.package_identification:_identify(src/rm_gimbal_description) by extensions ['ignore', 'ignore_ament_install']
[0.540s] Level 1:colcon.colcon_core.package_identification:_identify(src/rm_gimbal_description) by extension 'ignore'
[0.540s] Level 1:colcon.colcon_core.package_identification:_identify(src/rm_gimbal_description) by extension 'ignore_ament_install'
[0.540s] Level 1:colcon.colcon_core.package_identification:_identify(src/rm_gimbal_description) by extensions ['colcon_pkg']
[0.540s] Level 1:colcon.colcon_core.package_identification:_identify(src/rm_gimbal_description) by extension 'colcon_pkg'
[0.540s] Level 1:colcon.colcon_core.package_identification:_identify(src/rm_gimbal_description) by extensions ['colcon_meta']
[0.540s] Level 1:colcon.colcon_core.package_identification:_identify(src/rm_gimbal_description) by extension 'colcon_meta'
[0.540s] Level 1:colcon.colcon_core.package_identification:_identify(src/rm_gimbal_description) by extensions ['ros']
[0.540s] Level 1:colcon.colcon_core.package_identification:_identify(src/rm_gimbal_description) by extension 'ros'
[0.541s] DEBUG:colcon.colcon_core.package_identification:Package 'src/rm_gimbal_description' with type 'ros.ament_cmake' and name 'rm_gimbal_description'
[0.541s] Level 1:colcon.colcon_core.package_identification:_identify(src/rm_serial_driver) by extensions ['ignore', 'ignore_ament_install']
[0.541s] Level 1:colcon.colcon_core.package_identification:_identify(src/rm_serial_driver) by extension 'ignore'
[0.541s] Level 1:colcon.colcon_core.package_identification:_identify(src/rm_serial_driver) by extension 'ignore_ament_install'
[0.541s] Level 1:colcon.colcon_core.package_identification:_identify(src/rm_serial_driver) by extensions ['colcon_pkg']
[0.541s] Level 1:colcon.colcon_core.package_identification:_identify(src/rm_serial_driver) by extension 'colcon_pkg'
[0.541s] Level 1:colcon.colcon_core.package_identification:_identify(src/rm_serial_driver) by extensions ['colcon_meta']
[0.541s] Level 1:colcon.colcon_core.package_identification:_identify(src/rm_serial_driver) by extension 'colcon_meta'
[0.541s] Level 1:colcon.colcon_core.package_identification:_identify(src/rm_serial_driver) by extensions ['ros']
[0.541s] Level 1:colcon.colcon_core.package_identification:_identify(src/rm_serial_driver) by extension 'ros'
[0.542s] DEBUG:colcon.colcon_core.package_identification:Package 'src/rm_serial_driver' with type 'ros.ament_cmake' and name 'rm_serial_driver'
[0.543s] Level 1:colcon.colcon_core.package_identification:_identify(src/video_reader) by extensions ['ignore', 'ignore_ament_install']
[0.543s] Level 1:colcon.colcon_core.package_identification:_identify(src/video_reader) by extension 'ignore'
[0.543s] Level 1:colcon.colcon_core.package_identification:_identify(src/video_reader) by extension 'ignore_ament_install'
[0.543s] Level 1:colcon.colcon_core.package_identification:_identify(src/video_reader) by extensions ['colcon_pkg']
[0.543s] Level 1:colcon.colcon_core.package_identification:_identify(src/video_reader) by extension 'colcon_pkg'
[0.543s] Level 1:colcon.colcon_core.package_identification:_identify(src/video_reader) by extensions ['colcon_meta']
[0.543s] Level 1:colcon.colcon_core.package_identification:_identify(src/video_reader) by extension 'colcon_meta'
[0.543s] Level 1:colcon.colcon_core.package_identification:_identify(src/video_reader) by extensions ['ros']
[0.543s] Level 1:colcon.colcon_core.package_identification:_identify(src/video_reader) by extension 'ros'
[0.544s] DEBUG:colcon.colcon_core.package_identification:Package 'src/video_reader' with type 'ros.ament_cmake' and name 'video_reader'
[0.544s] Level 1:colcon.colcon_core.package_identification:_identify(src/vision_bringup) by extensions ['ignore', 'ignore_ament_install']
[0.544s] Level 1:colcon.colcon_core.package_identification:_identify(src/vision_bringup) by extension 'ignore'
[0.544s] Level 1:colcon.colcon_core.package_identification:_identify(src/vision_bringup) by extension 'ignore_ament_install'
[0.544s] Level 1:colcon.colcon_core.package_identification:_identify(src/vision_bringup) by extensions ['colcon_pkg']
[0.544s] Level 1:colcon.colcon_core.package_identification:_identify(src/vision_bringup) by extension 'colcon_pkg'
[0.545s] Level 1:colcon.colcon_core.package_identification:_identify(src/vision_bringup) by extensions ['colcon_meta']
[0.545s] Level 1:colcon.colcon_core.package_identification:_identify(src/vision_bringup) by extension 'colcon_meta'
[0.545s] Level 1:colcon.colcon_core.package_identification:_identify(src/vision_bringup) by extensions ['ros']
[0.545s] Level 1:colcon.colcon_core.package_identification:_identify(src/vision_bringup) by extension 'ros'
[0.545s] Level 1:colcon.colcon_core.package_identification:_identify(src/vision_bringup) by extensions ['cmake', 'python']
[0.545s] Level 1:colcon.colcon_core.package_identification:_identify(src/vision_bringup) by extension 'cmake'
[0.545s] Level 1:colcon.colcon_core.package_identification:_identify(src/vision_bringup) by extension 'python'
[0.545s] Level 1:colcon.colcon_core.package_identification:_identify(src/vision_bringup) by extensions ['python_setup_py']
[0.545s] Level 1:colcon.colcon_core.package_identification:_identify(src/vision_bringup) by extension 'python_setup_py'
[0.545s] Level 1:colcon.colcon_core.package_identification:_identify(src/vision_bringup/rm_vision_bringup) by extensions ['ignore', 'ignore_ament_install']
[0.545s] Level 1:colcon.colcon_core.package_identification:_identify(src/vision_bringup/rm_vision_bringup) by extension 'ignore'
[0.545s] Level 1:colcon.colcon_core.package_identification:_identify(src/vision_bringup/rm_vision_bringup) by extension 'ignore_ament_install'
[0.545s] Level 1:colcon.colcon_core.package_identification:_identify(src/vision_bringup/rm_vision_bringup) by extensions ['colcon_pkg']
[0.545s] Level 1:colcon.colcon_core.package_identification:_identify(src/vision_bringup/rm_vision_bringup) by extension 'colcon_pkg'
[0.545s] Level 1:colcon.colcon_core.package_identification:_identify(src/vision_bringup/rm_vision_bringup) by extensions ['colcon_meta']
[0.545s] Level 1:colcon.colcon_core.package_identification:_identify(src/vision_bringup/rm_vision_bringup) by extension 'colcon_meta'
[0.545s] Level 1:colcon.colcon_core.package_identification:_identify(src/vision_bringup/rm_vision_bringup) by extensions ['ros']
[0.546s] Level 1:colcon.colcon_core.package_identification:_identify(src/vision_bringup/rm_vision_bringup) by extension 'ros'
[0.547s] DEBUG:colcon.colcon_core.package_identification:Package 'src/vision_bringup/rm_vision_bringup' with type 'ros.ament_cmake' and name 'rm_vision_bringup'
[0.547s] Level 1:colcon.colcon_core.package_discovery:discover_packages(recursive) using defaults
[0.547s] Level 1:colcon.colcon_core.package_discovery:discover_packages(ignore) discover
[0.547s] Level 1:colcon.colcon_core.package_discovery:discover_packages(ignore) using defaults
[0.547s] Level 1:colcon.colcon_core.package_discovery:discover_packages(path) discover
[0.547s] Level 1:colcon.colcon_core.package_discovery:discover_packages(path) using defaults
[0.595s] Level 1:colcon.colcon_core.package_discovery:discover_packages(prefix_path) check parameters
[0.595s] Level 1:colcon.colcon_core.package_discovery:discover_packages(prefix_path) discover
[0.601s] DEBUG:colcon.colcon_installed_package_information.package_discovery:Found 309 installed packages in /opt/ros/humble
[0.603s] Level 1:colcon.colcon_core.package_discovery:discover_packages(prefix_path) using defaults
[0.697s] Level 5:colcon.colcon_core.verb:set package 'auto_aim_interfaces' build argument 'cmake_args' from command line to 'None'
[0.697s] Level 5:colcon.colcon_core.verb:set package 'auto_aim_interfaces' build argument 'cmake_target' from command line to 'None'
[0.697s] Level 5:colcon.colcon_core.verb:set package 'auto_aim_interfaces' build argument 'cmake_target_skip_unavailable' from command line to 'False'
[0.697s] Level 5:colcon.colcon_core.verb:set package 'auto_aim_interfaces' build argument 'cmake_clean_cache' from command line to 'False'
[0.697s] Level 5:colcon.colcon_core.verb:set package 'auto_aim_interfaces' build argument 'cmake_clean_first' from command line to 'False'
[0.698s] Level 5:colcon.colcon_core.verb:set package 'auto_aim_interfaces' build argument 'cmake_force_configure' from command line to 'False'
[0.698s] Level 5:colcon.colcon_core.verb:set package 'auto_aim_interfaces' build argument 'ament_cmake_args' from command line to 'None'
[0.698s] Level 5:colcon.colcon_core.verb:set package 'auto_aim_interfaces' build argument 'catkin_cmake_args' from command line to 'None'
[0.698s] Level 5:colcon.colcon_core.verb:set package 'auto_aim_interfaces' build argument 'catkin_skip_building_tests' from command line to 'False'
[0.698s] DEBUG:colcon.colcon_core.verb:Building package 'auto_aim_interfaces' with the following arguments: {'ament_cmake_args': None, 'build_base': '/home/blade_master/pnx/rmvision/build/auto_aim_interfaces', 'catkin_cmake_args': None, 'catkin_skip_building_tests': False, 'cmake_args': None, 'cmake_clean_cache': False, 'cmake_clean_first': False, 'cmake_force_configure': False, 'cmake_target': None, 'cmake_target_skip_unavailable': False, 'install_base': '/home/blade_master/pnx/rmvision/install/auto_aim_interfaces', 'merge_install': False, 'path': '/home/blade_master/pnx/rmvision/src/auto_aim/auto_aim_interfaces', 'symlink_install': True, 'test_result_base': None}
[0.698s] Level 5:colcon.colcon_core.verb:set package 'hik_camera' build argument 'cmake_args' from command line to 'None'
[0.698s] Level 5:colcon.colcon_core.verb:set package 'hik_camera' build argument 'cmake_target' from command line to 'None'
[0.698s] Level 5:colcon.colcon_core.verb:set package 'hik_camera' build argument 'cmake_target_skip_unavailable' from command line to 'False'
[0.698s] Level 5:colcon.colcon_core.verb:set package 'hik_camera' build argument 'cmake_clean_cache' from command line to 'False'
[0.698s] Level 5:colcon.colcon_core.verb:set package 'hik_camera' build argument 'cmake_clean_first' from command line to 'False'
[0.698s] Level 5:colcon.colcon_core.verb:set package 'hik_camera' build argument 'cmake_force_configure' from command line to 'False'
[0.698s] Level 5:colcon.colcon_core.verb:set package 'hik_camera' build argument 'ament_cmake_args' from command line to 'None'
[0.699s] Level 5:colcon.colcon_core.verb:set package 'hik_camera' build argument 'catkin_cmake_args' from command line to 'None'
[0.699s] Level 5:colcon.colcon_core.verb:set package 'hik_camera' build argument 'catkin_skip_building_tests' from command line to 'False'
[0.699s] DEBUG:colcon.colcon_core.verb:Building package 'hik_camera' with the following arguments: {'ament_cmake_args': None, 'build_base': '/home/blade_master/pnx/rmvision/build/hik_camera', 'catkin_cmake_args': None, 'catkin_skip_building_tests': False, 'cmake_args': None, 'cmake_clean_cache': False, 'cmake_clean_first': False, 'cmake_force_configure': False, 'cmake_target': None, 'cmake_target_skip_unavailable': False, 'install_base': '/home/blade_master/pnx/rmvision/install/hik_camera', 'merge_install': False, 'path': '/home/blade_master/pnx/rmvision/src/hik-driver', 'symlink_install': True, 'test_result_base': None}
[0.699s] Level 5:colcon.colcon_core.verb:set package 'rm_gimbal_description' build argument 'cmake_args' from command line to 'None'
[0.699s] Level 5:colcon.colcon_core.verb:set package 'rm_gimbal_description' build argument 'cmake_target' from command line to 'None'
[0.699s] Level 5:colcon.colcon_core.verb:set package 'rm_gimbal_description' build argument 'cmake_target_skip_unavailable' from command line to 'False'
[0.699s] Level 5:colcon.colcon_core.verb:set package 'rm_gimbal_description' build argument 'cmake_clean_cache' from command line to 'False'
[0.699s] Level 5:colcon.colcon_core.verb:set package 'rm_gimbal_description' build argument 'cmake_clean_first' from command line to 'False'
[0.699s] Level 5:colcon.colcon_core.verb:set package 'rm_gimbal_description' build argument 'cmake_force_configure' from command line to 'False'
[0.699s] Level 5:colcon.colcon_core.verb:set package 'rm_gimbal_description' build argument 'ament_cmake_args' from command line to 'None'
[0.699s] Level 5:colcon.colcon_core.verb:set package 'rm_gimbal_description' build argument 'catkin_cmake_args' from command line to 'None'
[0.699s] Level 5:colcon.colcon_core.verb:set package 'rm_gimbal_description' build argument 'catkin_skip_building_tests' from command line to 'False'
[0.699s] DEBUG:colcon.colcon_core.verb:Building package 'rm_gimbal_description' with the following arguments: {'ament_cmake_args': None, 'build_base': '/home/blade_master/pnx/rmvision/build/rm_gimbal_description', 'catkin_cmake_args': None, 'catkin_skip_building_tests': False, 'cmake_args': None, 'cmake_clean_cache': False, 'cmake_clean_first': False, 'cmake_force_configure': False, 'cmake_target': None, 'cmake_target_skip_unavailable': False, 'install_base': '/home/blade_master/pnx/rmvision/install/rm_gimbal_description', 'merge_install': False, 'path': '/home/blade_master/pnx/rmvision/src/rm_gimbal_description', 'symlink_install': True, 'test_result_base': None}
[0.699s] Level 5:colcon.colcon_core.verb:set package 'video_reader' build argument 'cmake_args' from command line to 'None'
[0.699s] Level 5:colcon.colcon_core.verb:set package 'video_reader' build argument 'cmake_target' from command line to 'None'
[0.699s] Level 5:colcon.colcon_core.verb:set package 'video_reader' build argument 'cmake_target_skip_unavailable' from command line to 'False'
[0.699s] Level 5:colcon.colcon_core.verb:set package 'video_reader' build argument 'cmake_clean_cache' from command line to 'False'
[0.699s] Level 5:colcon.colcon_core.verb:set package 'video_reader' build argument 'cmake_clean_first' from command line to 'False'
[0.699s] Level 5:colcon.colcon_core.verb:set package 'video_reader' build argument 'cmake_force_configure' from command line to 'False'
[0.699s] Level 5:colcon.colcon_core.verb:set package 'video_reader' build argument 'ament_cmake_args' from command line to 'None'
[0.699s] Level 5:colcon.colcon_core.verb:set package 'video_reader' build argument 'catkin_cmake_args' from command line to 'None'
[0.699s] Level 5:colcon.colcon_core.verb:set package 'video_reader' build argument 'catkin_skip_building_tests' from command line to 'False'
[0.699s] DEBUG:colcon.colcon_core.verb:Building package 'video_reader' with the following arguments: {'ament_cmake_args': None, 'build_base': '/home/blade_master/pnx/rmvision/build/video_reader', 'catkin_cmake_args': None, 'catkin_skip_building_tests': False, 'cmake_args': None, 'cmake_clean_cache': False, 'cmake_clean_first': False, 'cmake_force_configure': False, 'cmake_target': None, 'cmake_target_skip_unavailable': False, 'install_base': '/home/blade_master/pnx/rmvision/install/video_reader', 'merge_install': False, 'path': '/home/blade_master/pnx/rmvision/src/video_reader', 'symlink_install': True, 'test_result_base': None}
[0.700s] Level 5:colcon.colcon_core.verb:set package 'light_detector' build argument 'cmake_args' from command line to 'None'
[0.700s] Level 5:colcon.colcon_core.verb:set package 'light_detector' build argument 'cmake_target' from command line to 'None'
[0.700s] Level 5:colcon.colcon_core.verb:set package 'light_detector' build argument 'cmake_target_skip_unavailable' from command line to 'False'
[0.700s] Level 5:colcon.colcon_core.verb:set package 'light_detector' build argument 'cmake_clean_cache' from command line to 'False'
[0.700s] Level 5:colcon.colcon_core.verb:set package 'light_detector' build argument 'cmake_clean_first' from command line to 'False'
[0.700s] Level 5:colcon.colcon_core.verb:set package 'light_detector' build argument 'cmake_force_configure' from command line to 'False'
[0.700s] Level 5:colcon.colcon_core.verb:set package 'light_detector' build argument 'ament_cmake_args' from command line to 'None'
[0.700s] Level 5:colcon.colcon_core.verb:set package 'light_detector' build argument 'catkin_cmake_args' from command line to 'None'
[0.700s] Level 5:colcon.colcon_core.verb:set package 'light_detector' build argument 'catkin_skip_building_tests' from command line to 'False'
[0.700s] DEBUG:colcon.colcon_core.verb:Building package 'light_detector' with the following arguments: {'ament_cmake_args': None, 'build_base': '/home/blade_master/pnx/rmvision/build/light_detector', 'catkin_cmake_args': None, 'catkin_skip_building_tests': False, 'cmake_args': None, 'cmake_clean_cache': False, 'cmake_clean_first': False, 'cmake_force_configure': False, 'cmake_target': None, 'cmake_target_skip_unavailable': False, 'install_base': '/home/blade_master/pnx/rmvision/install/light_detector', 'merge_install': False, 'path': '/home/blade_master/pnx/rmvision/src/auto_aim/light_detector', 'symlink_install': True, 'test_result_base': None}
[0.700s] Level 5:colcon.colcon_core.verb:set package 'rm_serial_driver' build argument 'cmake_args' from command line to 'None'
[0.700s] Level 5:colcon.colcon_core.verb:set package 'rm_serial_driver' build argument 'cmake_target' from command line to 'None'
[0.700s] Level 5:colcon.colcon_core.verb:set package 'rm_serial_driver' build argument 'cmake_target_skip_unavailable' from command line to 'False'
[0.700s] Level 5:colcon.colcon_core.verb:set package 'rm_serial_driver' build argument 'cmake_clean_cache' from command line to 'False'
[0.700s] Level 5:colcon.colcon_core.verb:set package 'rm_serial_driver' build argument 'cmake_clean_first' from command line to 'False'
[0.700s] Level 5:colcon.colcon_core.verb:set package 'rm_serial_driver' build argument 'cmake_force_configure' from command line to 'False'
[0.700s] Level 5:colcon.colcon_core.verb:set package 'rm_serial_driver' build argument 'ament_cmake_args' from command line to 'None'
[0.700s] Level 5:colcon.colcon_core.verb:set package 'rm_serial_driver' build argument 'catkin_cmake_args' from command line to 'None'
[0.700s] Level 5:colcon.colcon_core.verb:set package 'rm_serial_driver' build argument 'catkin_skip_building_tests' from command line to 'False'
[0.700s] DEBUG:colcon.colcon_core.verb:Building package 'rm_serial_driver' with the following arguments: {'ament_cmake_args': None, 'build_base': '/home/blade_master/pnx/rmvision/build/rm_serial_driver', 'catkin_cmake_args': None, 'catkin_skip_building_tests': False, 'cmake_args': None, 'cmake_clean_cache': False, 'cmake_clean_first': False, 'cmake_force_configure': False, 'cmake_target': None, 'cmake_target_skip_unavailable': False, 'install_base': '/home/blade_master/pnx/rmvision/install/rm_serial_driver', 'merge_install': False, 'path': '/home/blade_master/pnx/rmvision/src/rm_serial_driver', 'symlink_install': True, 'test_result_base': None}
[0.701s] Level 5:colcon.colcon_core.verb:set package 'rm_auto_aim_dart' build argument 'cmake_args' from command line to 'None'
[0.701s] Level 5:colcon.colcon_core.verb:set package 'rm_auto_aim_dart' build argument 'cmake_target' from command line to 'None'
[0.701s] Level 5:colcon.colcon_core.verb:set package 'rm_auto_aim_dart' build argument 'cmake_target_skip_unavailable' from command line to 'False'
[0.701s] Level 5:colcon.colcon_core.verb:set package 'rm_auto_aim_dart' build argument 'cmake_clean_cache' from command line to 'False'
[0.701s] Level 5:colcon.colcon_core.verb:set package 'rm_auto_aim_dart' build argument 'cmake_clean_first' from command line to 'False'
[0.701s] Level 5:colcon.colcon_core.verb:set package 'rm_auto_aim_dart' build argument 'cmake_force_configure' from command line to 'False'
[0.701s] Level 5:colcon.colcon_core.verb:set package 'rm_auto_aim_dart' build argument 'ament_cmake_args' from command line to 'None'
[0.701s] Level 5:colcon.colcon_core.verb:set package 'rm_auto_aim_dart' build argument 'catkin_cmake_args' from command line to 'None'
[0.701s] Level 5:colcon.colcon_core.verb:set package 'rm_auto_aim_dart' build argument 'catkin_skip_building_tests' from command line to 'False'
[0.701s] DEBUG:colcon.colcon_core.verb:Building package 'rm_auto_aim_dart' with the following arguments: {'ament_cmake_args': None, 'build_base': '/home/blade_master/pnx/rmvision/build/rm_auto_aim_dart', 'catkin_cmake_args': None, 'catkin_skip_building_tests': False, 'cmake_args': None, 'cmake_clean_cache': False, 'cmake_clean_first': False, 'cmake_force_configure': False, 'cmake_target': None, 'cmake_target_skip_unavailable': False, 'install_base': '/home/blade_master/pnx/rmvision/install/rm_auto_aim_dart', 'merge_install': False, 'path': '/home/blade_master/pnx/rmvision/src/auto_aim/rm_auto_aim_dart', 'symlink_install': True, 'test_result_base': None}
[0.701s] Level 5:colcon.colcon_core.verb:set package 'rm_vision_bringup' build argument 'cmake_args' from command line to 'None'
[0.701s] Level 5:colcon.colcon_core.verb:set package 'rm_vision_bringup' build argument 'cmake_target' from command line to 'None'
[0.701s] Level 5:colcon.colcon_core.verb:set package 'rm_vision_bringup' build argument 'cmake_target_skip_unavailable' from command line to 'False'
[0.701s] Level 5:colcon.colcon_core.verb:set package 'rm_vision_bringup' build argument 'cmake_clean_cache' from command line to 'False'
[0.701s] Level 5:colcon.colcon_core.verb:set package 'rm_vision_bringup' build argument 'cmake_clean_first' from command line to 'False'
[0.701s] Level 5:colcon.colcon_core.verb:set package 'rm_vision_bringup' build argument 'cmake_force_configure' from command line to 'False'
[0.701s] Level 5:colcon.colcon_core.verb:set package 'rm_vision_bringup' build argument 'ament_cmake_args' from command line to 'None'
[0.701s] Level 5:colcon.colcon_core.verb:set package 'rm_vision_bringup' build argument 'catkin_cmake_args' from command line to 'None'
[0.701s] Level 5:colcon.colcon_core.verb:set package 'rm_vision_bringup' build argument 'catkin_skip_building_tests' from command line to 'False'
[0.701s] DEBUG:colcon.colcon_core.verb:Building package 'rm_vision_bringup' with the following arguments: {'ament_cmake_args': None, 'build_base': '/home/blade_master/pnx/rmvision/build/rm_vision_bringup', 'catkin_cmake_args': None, 'catkin_skip_building_tests': False, 'cmake_args': None, 'cmake_clean_cache': False, 'cmake_clean_first': False, 'cmake_force_configure': False, 'cmake_target': None, 'cmake_target_skip_unavailable': False, 'install_base': '/home/blade_master/pnx/rmvision/install/rm_vision_bringup', 'merge_install': False, 'path': '/home/blade_master/pnx/rmvision/src/vision_bringup/rm_vision_bringup', 'symlink_install': True, 'test_result_base': None}
[0.701s] INFO:colcon.colcon_core.executor:Executing jobs using 'parallel' executor
[0.702s] DEBUG:colcon.colcon_parallel_executor.executor.parallel:run_until_complete
[0.703s] INFO:colcon.colcon_ros.task.ament_cmake.build:Building ROS package in '/home/blade_master/pnx/rmvision/src/auto_aim/auto_aim_interfaces' with build type 'ament_cmake'
[0.703s] INFO:colcon.colcon_cmake.task.cmake.build:Building CMake package in '/home/blade_master/pnx/rmvision/src/auto_aim/auto_aim_interfaces'
[0.709s] INFO:colcon.colcon_core.plugin_system:Skipping extension 'colcon_core.shell.bat': Not used on non-Windows systems
[0.709s] INFO:colcon.colcon_core.shell:Skip shell extension 'powershell' for command environment: Not usable outside of PowerShell
[0.709s] DEBUG:colcon.colcon_core.shell:Skip shell extension 'dsv' for command environment
[0.713s] INFO:colcon.colcon_ros.task.ament_cmake.build:Building ROS package in '/home/blade_master/pnx/rmvision/src/hik-driver' with build type 'ament_cmake'
[0.713s] INFO:colcon.colcon_cmake.task.cmake.build:Building CMake package in '/home/blade_master/pnx/rmvision/src/hik-driver'
[0.713s] INFO:colcon.colcon_core.shell:Skip shell extension 'powershell' for command environment: Not usable outside of PowerShell
[0.713s] DEBUG:colcon.colcon_core.shell:Skip shell extension 'dsv' for command environment
[0.716s] INFO:colcon.colcon_ros.task.ament_cmake.build:Building ROS package in '/home/blade_master/pnx/rmvision/src/rm_gimbal_description' with build type 'ament_cmake'
[0.716s] INFO:colcon.colcon_cmake.task.cmake.build:Building CMake package in '/home/blade_master/pnx/rmvision/src/rm_gimbal_description'
[0.717s] INFO:colcon.colcon_core.shell:Skip shell extension 'powershell' for command environment: Not usable outside of PowerShell
[0.717s] DEBUG:colcon.colcon_core.shell:Skip shell extension 'dsv' for command environment
[0.720s] INFO:colcon.colcon_ros.task.ament_cmake.build:Building ROS package in '/home/blade_master/pnx/rmvision/src/video_reader' with build type 'ament_cmake'
[0.721s] INFO:colcon.colcon_cmake.task.cmake.build:Building CMake package in '/home/blade_master/pnx/rmvision/src/video_reader'
[0.721s] INFO:colcon.colcon_core.shell:Skip shell extension 'powershell' for command environment: Not usable outside of PowerShell
[0.721s] DEBUG:colcon.colcon_core.shell:Skip shell extension 'dsv' for command environment
[0.729s] DEBUG:colcon.colcon_core.event_handler.log_command:Invoking command in '/home/blade_master/pnx/rmvision/build/auto_aim_interfaces': CMAKE_PREFIX_PATH=/opt/ros/humble /usr/bin/cmake /home/blade_master/pnx/rmvision/src/auto_aim/auto_aim_interfaces -DAMENT_CMAKE_SYMLINK_INSTALL=1 -DCMAKE_INSTALL_PREFIX=/home/blade_master/pnx/rmvision/install/auto_aim_interfaces
[0.735s] DEBUG:colcon.colcon_core.event_handler.log_command:Invoking command in '/home/blade_master/pnx/rmvision/build/hik_camera': CMAKE_PREFIX_PATH=/opt/ros/humble /usr/bin/cmake /home/blade_master/pnx/rmvision/src/hik-driver -DAMENT_CMAKE_SYMLINK_INSTALL=1 -DCMAKE_INSTALL_PREFIX=/home/blade_master/pnx/rmvision/install/hik_camera
[0.743s] DEBUG:colcon.colcon_core.event_handler.log_command:Invoking command in '/home/blade_master/pnx/rmvision/build/rm_gimbal_description': CMAKE_PREFIX_PATH=/opt/ros/humble /usr/bin/cmake /home/blade_master/pnx/rmvision/src/rm_gimbal_description -DAMENT_CMAKE_SYMLINK_INSTALL=1 -DCMAKE_INSTALL_PREFIX=/home/blade_master/pnx/rmvision/install/rm_gimbal_description
[0.748s] DEBUG:colcon.colcon_core.event_handler.log_command:Invoking command in '/home/blade_master/pnx/rmvision/build/video_reader': CMAKE_PREFIX_PATH=/opt/ros/humble /usr/bin/cmake /home/blade_master/pnx/rmvision/src/video_reader -DAMENT_CMAKE_SYMLINK_INSTALL=1 -DCMAKE_INSTALL_PREFIX=/home/blade_master/pnx/rmvision/install/video_reader
[2.065s] DEBUG:colcon.colcon_core.event_handler.log_command:Invoked command in '/home/blade_master/pnx/rmvision/build/rm_gimbal_description' returned '0': CMAKE_PREFIX_PATH=/opt/ros/humble /usr/bin/cmake /home/blade_master/pnx/rmvision/src/rm_gimbal_description -DAMENT_CMAKE_SYMLINK_INSTALL=1 -DCMAKE_INSTALL_PREFIX=/home/blade_master/pnx/rmvision/install/rm_gimbal_description
[2.067s] DEBUG:colcon.colcon_core.event_handler.log_command:Invoking command in '/home/blade_master/pnx/rmvision/build/rm_gimbal_description': CMAKE_PREFIX_PATH=/opt/ros/humble /usr/bin/cmake --build /home/blade_master/pnx/rmvision/build/rm_gimbal_description -- -j22 -l22
[2.103s] DEBUG:colcon.colcon_core.event_handler.log_command:Invoked command in '/home/blade_master/pnx/rmvision/build/rm_gimbal_description' returned '0': CMAKE_PREFIX_PATH=/opt/ros/humble /usr/bin/cmake --build /home/blade_master/pnx/rmvision/build/rm_gimbal_description -- -j22 -l22
[2.117s] DEBUG:colcon.colcon_core.event_handler.log_command:Invoking command in '/home/blade_master/pnx/rmvision/build/rm_gimbal_description': CMAKE_PREFIX_PATH=/opt/ros/humble /usr/bin/cmake --install /home/blade_master/pnx/rmvision/build/rm_gimbal_description
[2.303s] Level 1:colcon.colcon_core.environment:create_environment_scripts_only(rm_gimbal_description)
[2.305s] DEBUG:colcon.colcon_core.event_handler.log_command:Invoked command in '/home/blade_master/pnx/rmvision/build/rm_gimbal_description' returned '0': CMAKE_PREFIX_PATH=/opt/ros/humble /usr/bin/cmake --install /home/blade_master/pnx/rmvision/build/rm_gimbal_description
[2.315s] Level 1:colcon.colcon_core.environment:checking '/home/blade_master/pnx/rmvision/install/rm_gimbal_description' for CMake module files
[2.316s] Level 1:colcon.colcon_core.environment:checking '/home/blade_master/pnx/rmvision/install/rm_gimbal_description' for CMake config files
[2.316s] Level 1:colcon.colcon_core.shell:create_environment_hook('rm_gimbal_description', 'cmake_prefix_path')
[2.316s] INFO:colcon.colcon_core.shell:Creating environment hook '/home/blade_master/pnx/rmvision/install/rm_gimbal_description/share/rm_gimbal_description/hook/cmake_prefix_path.ps1'
[2.318s] INFO:colcon.colcon_core.shell:Creating environment descriptor '/home/blade_master/pnx/rmvision/install/rm_gimbal_description/share/rm_gimbal_description/hook/cmake_prefix_path.dsv'
[2.319s] INFO:colcon.colcon_core.shell:Creating environment hook '/home/blade_master/pnx/rmvision/install/rm_gimbal_description/share/rm_gimbal_description/hook/cmake_prefix_path.sh'
[2.321s] Level 1:colcon.colcon_core.environment:checking '/home/blade_master/pnx/rmvision/install/rm_gimbal_description/bin'
[2.321s] Level 1:colcon.colcon_core.environment:checking '/home/blade_master/pnx/rmvision/install/rm_gimbal_description/lib/pkgconfig/rm_gimbal_description.pc'
[2.321s] Level 1:colcon.colcon_core.environment:checking '/home/blade_master/pnx/rmvision/install/rm_gimbal_description/lib/python3.10/site-packages'
[2.321s] Level 1:colcon.colcon_core.environment:checking '/home/blade_master/pnx/rmvision/install/rm_gimbal_description/bin'
[2.322s] INFO:colcon.colcon_core.shell:Creating package script '/home/blade_master/pnx/rmvision/install/rm_gimbal_description/share/rm_gimbal_description/package.ps1'
[2.323s] INFO:colcon.colcon_core.shell:Creating package descriptor '/home/blade_master/pnx/rmvision/install/rm_gimbal_description/share/rm_gimbal_description/package.dsv'
[2.324s] INFO:colcon.colcon_core.shell:Creating package script '/home/blade_master/pnx/rmvision/install/rm_gimbal_description/share/rm_gimbal_description/package.sh'
[2.326s] INFO:colcon.colcon_core.shell:Creating package script '/home/blade_master/pnx/rmvision/install/rm_gimbal_description/share/rm_gimbal_description/package.bash'
[2.327s] INFO:colcon.colcon_core.shell:Creating package script '/home/blade_master/pnx/rmvision/install/rm_gimbal_description/share/rm_gimbal_description/package.zsh'
[2.328s] Level 1:colcon.colcon_core.environment:create_file_with_runtime_dependencies(/home/blade_master/pnx/rmvision/install/rm_gimbal_description/share/colcon-core/packages/rm_gimbal_description)
[2.330s] Level 1:colcon.colcon_core.environment:create_environment_scripts_only(rm_gimbal_description)
[2.330s] Level 1:colcon.colcon_core.environment:checking '/home/blade_master/pnx/rmvision/install/rm_gimbal_description' for CMake module files
[2.331s] Level 1:colcon.colcon_core.environment:checking '/home/blade_master/pnx/rmvision/install/rm_gimbal_description' for CMake config files
[2.331s] Level 1:colcon.colcon_core.shell:create_environment_hook('rm_gimbal_description', 'cmake_prefix_path')
[2.331s] INFO:colcon.colcon_core.shell:Creating environment hook '/home/blade_master/pnx/rmvision/install/rm_gimbal_description/share/rm_gimbal_description/hook/cmake_prefix_path.ps1'
[2.332s] INFO:colcon.colcon_core.shell:Creating environment descriptor '/home/blade_master/pnx/rmvision/install/rm_gimbal_description/share/rm_gimbal_description/hook/cmake_prefix_path.dsv'
[2.333s] INFO:colcon.colcon_core.shell:Creating environment hook '/home/blade_master/pnx/rmvision/install/rm_gimbal_description/share/rm_gimbal_description/hook/cmake_prefix_path.sh'
[2.334s] Level 1:colcon.colcon_core.environment:checking '/home/blade_master/pnx/rmvision/install/rm_gimbal_description/bin'
[2.334s] Level 1:colcon.colcon_core.environment:checking '/home/blade_master/pnx/rmvision/install/rm_gimbal_description/lib/pkgconfig/rm_gimbal_description.pc'
[2.334s] Level 1:colcon.colcon_core.environment:checking '/home/blade_master/pnx/rmvision/install/rm_gimbal_description/lib/python3.10/site-packages'
[2.334s] Level 1:colcon.colcon_core.environment:checking '/home/blade_master/pnx/rmvision/install/rm_gimbal_description/bin'
[2.335s] INFO:colcon.colcon_core.shell:Creating package script '/home/blade_master/pnx/rmvision/install/rm_gimbal_description/share/rm_gimbal_description/package.ps1'
[2.335s] INFO:colcon.colcon_core.shell:Creating package descriptor '/home/blade_master/pnx/rmvision/install/rm_gimbal_description/share/rm_gimbal_description/package.dsv'
[2.336s] INFO:colcon.colcon_core.shell:Creating package script '/home/blade_master/pnx/rmvision/install/rm_gimbal_description/share/rm_gimbal_description/package.sh'
[2.336s] INFO:colcon.colcon_core.shell:Creating package script '/home/blade_master/pnx/rmvision/install/rm_gimbal_description/share/rm_gimbal_description/package.bash'
[2.336s] INFO:colcon.colcon_core.shell:Creating package script '/home/blade_master/pnx/rmvision/install/rm_gimbal_description/share/rm_gimbal_description/package.zsh'
[2.337s] Level 1:colcon.colcon_core.environment:create_file_with_runtime_dependencies(/home/blade_master/pnx/rmvision/install/rm_gimbal_description/share/colcon-core/packages/rm_gimbal_description)
[3.868s] DEBUG:colcon.colcon_core.event_handler.log_command:Invoked command in '/home/blade_master/pnx/rmvision/build/auto_aim_interfaces' returned '0': CMAKE_PREFIX_PATH=/opt/ros/humble /usr/bin/cmake /home/blade_master/pnx/rmvision/src/auto_aim/auto_aim_interfaces -DAMENT_CMAKE_SYMLINK_INSTALL=1 -DCMAKE_INSTALL_PREFIX=/home/blade_master/pnx/rmvision/install/auto_aim_interfaces
[3.869s] DEBUG:colcon.colcon_core.event_handler.log_command:Invoking command in '/home/blade_master/pnx/rmvision/build/auto_aim_interfaces': CMAKE_PREFIX_PATH=/opt/ros/humble /usr/bin/cmake --build /home/blade_master/pnx/rmvision/build/auto_aim_interfaces -- -j22 -l22
[5.900s] DEBUG:colcon.colcon_core.event_handler.log_command:Invoked command in '/home/blade_master/pnx/rmvision/build/hik_camera' returned '0': CMAKE_PREFIX_PATH=/opt/ros/humble /usr/bin/cmake /home/blade_master/pnx/rmvision/src/hik-driver -DAMENT_CMAKE_SYMLINK_INSTALL=1 -DCMAKE_INSTALL_PREFIX=/home/blade_master/pnx/rmvision/install/hik_camera
[5.901s] DEBUG:colcon.colcon_core.event_handler.log_command:Invoking command in '/home/blade_master/pnx/rmvision/build/hik_camera': CMAKE_PREFIX_PATH=/opt/ros/humble /usr/bin/cmake --build /home/blade_master/pnx/rmvision/build/hik_camera -- -j22 -l22
[6.119s] DEBUG:colcon.colcon_core.event_handler.log_command:Invoked command in '/home/blade_master/pnx/rmvision/build/video_reader' returned '0': CMAKE_PREFIX_PATH=/opt/ros/humble /usr/bin/cmake /home/blade_master/pnx/rmvision/src/video_reader -DAMENT_CMAKE_SYMLINK_INSTALL=1 -DCMAKE_INSTALL_PREFIX=/home/blade_master/pnx/rmvision/install/video_reader
[6.124s] DEBUG:colcon.colcon_core.event_handler.log_command:Invoking command in '/home/blade_master/pnx/rmvision/build/video_reader': CMAKE_PREFIX_PATH=/opt/ros/humble /usr/bin/cmake --build /home/blade_master/pnx/rmvision/build/video_reader -- -j22 -l22
[8.592s] DEBUG:colcon.colcon_core.event_handler.log_command:Invoked command in '/home/blade_master/pnx/rmvision/build/auto_aim_interfaces' returned '0': CMAKE_PREFIX_PATH=/opt/ros/humble /usr/bin/cmake --build /home/blade_master/pnx/rmvision/build/auto_aim_interfaces -- -j22 -l22
[8.597s] DEBUG:colcon.colcon_core.event_handler.log_command:Invoking command in '/home/blade_master/pnx/rmvision/build/auto_aim_interfaces': CMAKE_PREFIX_PATH=/opt/ros/humble /usr/bin/cmake --install /home/blade_master/pnx/rmvision/build/auto_aim_interfaces
[10.253s] Level 1:colcon.colcon_core.environment:create_environment_scripts_only(auto_aim_interfaces)
[10.254s] Level 1:colcon.colcon_core.environment:checking '/home/blade_master/pnx/rmvision/install/auto_aim_interfaces' for CMake module files
[10.256s] DEBUG:colcon.colcon_core.event_handler.log_command:Invoked command in '/home/blade_master/pnx/rmvision/build/auto_aim_interfaces' returned '0': CMAKE_PREFIX_PATH=/opt/ros/humble /usr/bin/cmake --install /home/blade_master/pnx/rmvision/build/auto_aim_interfaces
[10.256s] Level 1:colcon.colcon_core.environment:checking '/home/blade_master/pnx/rmvision/install/auto_aim_interfaces' for CMake config files
[10.257s] Level 1:colcon.colcon_core.shell:create_environment_hook('auto_aim_interfaces', 'cmake_prefix_path')
[10.258s] INFO:colcon.colcon_core.shell:Creating environment hook '/home/blade_master/pnx/rmvision/install/auto_aim_interfaces/share/auto_aim_interfaces/hook/cmake_prefix_path.ps1'
[10.259s] INFO:colcon.colcon_core.shell:Creating environment descriptor '/home/blade_master/pnx/rmvision/install/auto_aim_interfaces/share/auto_aim_interfaces/hook/cmake_prefix_path.dsv'
[10.259s] INFO:colcon.colcon_core.shell:Creating environment hook '/home/blade_master/pnx/rmvision/install/auto_aim_interfaces/share/auto_aim_interfaces/hook/cmake_prefix_path.sh'
[10.260s] Level 1:colcon.colcon_core.environment:checking '/home/blade_master/pnx/rmvision/install/auto_aim_interfaces/lib'
[10.260s] Level 1:colcon.colcon_core.shell:create_environment_hook('auto_aim_interfaces', 'ld_library_path_lib')
[10.261s] INFO:colcon.colcon_core.shell:Creating environment hook '/home/blade_master/pnx/rmvision/install/auto_aim_interfaces/share/auto_aim_interfaces/hook/ld_library_path_lib.ps1'
[10.261s] INFO:colcon.colcon_core.shell:Creating environment descriptor '/home/blade_master/pnx/rmvision/install/auto_aim_interfaces/share/auto_aim_interfaces/hook/ld_library_path_lib.dsv'
[10.262s] INFO:colcon.colcon_core.shell:Creating environment hook '/home/blade_master/pnx/rmvision/install/auto_aim_interfaces/share/auto_aim_interfaces/hook/ld_library_path_lib.sh'
[10.262s] Level 1:colcon.colcon_core.environment:checking '/home/blade_master/pnx/rmvision/install/auto_aim_interfaces/bin'
[10.262s] Level 1:colcon.colcon_core.environment:checking '/home/blade_master/pnx/rmvision/install/auto_aim_interfaces/lib/pkgconfig/auto_aim_interfaces.pc'
[10.262s] Level 1:colcon.colcon_core.environment:checking '/home/blade_master/pnx/rmvision/install/auto_aim_interfaces/lib/python3.10/site-packages'
[10.263s] Level 1:colcon.colcon_core.environment:checking '/home/blade_master/pnx/rmvision/install/auto_aim_interfaces/bin'
[10.263s] INFO:colcon.colcon_core.shell:Creating package script '/home/blade_master/pnx/rmvision/install/auto_aim_interfaces/share/auto_aim_interfaces/package.ps1'
[10.264s] INFO:colcon.colcon_core.shell:Creating package descriptor '/home/blade_master/pnx/rmvision/install/auto_aim_interfaces/share/auto_aim_interfaces/package.dsv'
[10.265s] INFO:colcon.colcon_core.shell:Creating package script '/home/blade_master/pnx/rmvision/install/auto_aim_interfaces/share/auto_aim_interfaces/package.sh'
[10.265s] INFO:colcon.colcon_core.shell:Creating package script '/home/blade_master/pnx/rmvision/install/auto_aim_interfaces/share/auto_aim_interfaces/package.bash'
[10.266s] INFO:colcon.colcon_core.shell:Creating package script '/home/blade_master/pnx/rmvision/install/auto_aim_interfaces/share/auto_aim_interfaces/package.zsh'
[10.266s] Level 1:colcon.colcon_core.environment:create_file_with_runtime_dependencies(/home/blade_master/pnx/rmvision/install/auto_aim_interfaces/share/colcon-core/packages/auto_aim_interfaces)
[10.267s] Level 1:colcon.colcon_core.environment:create_environment_scripts_only(auto_aim_interfaces)
[10.268s] Level 1:colcon.colcon_core.environment:checking '/home/blade_master/pnx/rmvision/install/auto_aim_interfaces' for CMake module files
[10.268s] Level 1:colcon.colcon_core.environment:checking '/home/blade_master/pnx/rmvision/install/auto_aim_interfaces' for CMake config files
[10.269s] Level 1:colcon.colcon_core.shell:create_environment_hook('auto_aim_interfaces', 'cmake_prefix_path')
[10.269s] INFO:colcon.colcon_core.shell:Creating environment hook '/home/blade_master/pnx/rmvision/install/auto_aim_interfaces/share/auto_aim_interfaces/hook/cmake_prefix_path.ps1'
[10.270s] INFO:colcon.colcon_core.shell:Creating environment descriptor '/home/blade_master/pnx/rmvision/install/auto_aim_interfaces/share/auto_aim_interfaces/hook/cmake_prefix_path.dsv'
[10.270s] INFO:colcon.colcon_core.shell:Creating environment hook '/home/blade_master/pnx/rmvision/install/auto_aim_interfaces/share/auto_aim_interfaces/hook/cmake_prefix_path.sh'
[10.271s] Level 1:colcon.colcon_core.environment:checking '/home/blade_master/pnx/rmvision/install/auto_aim_interfaces/lib'
[10.271s] Level 1:colcon.colcon_core.shell:create_environment_hook('auto_aim_interfaces', 'ld_library_path_lib')
[10.272s] INFO:colcon.colcon_core.shell:Creating environment hook '/home/blade_master/pnx/rmvision/install/auto_aim_interfaces/share/auto_aim_interfaces/hook/ld_library_path_lib.ps1'
[10.272s] INFO:colcon.colcon_core.shell:Creating environment descriptor '/home/blade_master/pnx/rmvision/install/auto_aim_interfaces/share/auto_aim_interfaces/hook/ld_library_path_lib.dsv'
[10.273s] INFO:colcon.colcon_core.shell:Creating environment hook '/home/blade_master/pnx/rmvision/install/auto_aim_interfaces/share/auto_aim_interfaces/hook/ld_library_path_lib.sh'
[10.274s] Level 1:colcon.colcon_core.environment:checking '/home/blade_master/pnx/rmvision/install/auto_aim_interfaces/bin'
[10.274s] Level 1:colcon.colcon_core.environment:checking '/home/blade_master/pnx/rmvision/install/auto_aim_interfaces/lib/pkgconfig/auto_aim_interfaces.pc'
[10.275s] Level 1:colcon.colcon_core.environment:checking '/home/blade_master/pnx/rmvision/install/auto_aim_interfaces/lib/python3.10/site-packages'
[10.276s] Level 1:colcon.colcon_core.environment:checking '/home/blade_master/pnx/rmvision/install/auto_aim_interfaces/bin'
[10.277s] INFO:colcon.colcon_core.shell:Creating package script '/home/blade_master/pnx/rmvision/install/auto_aim_interfaces/share/auto_aim_interfaces/package.ps1'
[10.279s] INFO:colcon.colcon_core.shell:Creating package descriptor '/home/blade_master/pnx/rmvision/install/auto_aim_interfaces/share/auto_aim_interfaces/package.dsv'
[10.280s] INFO:colcon.colcon_core.shell:Creating package script '/home/blade_master/pnx/rmvision/install/auto_aim_interfaces/share/auto_aim_interfaces/package.sh'
[10.281s] INFO:colcon.colcon_core.shell:Creating package script '/home/blade_master/pnx/rmvision/install/auto_aim_interfaces/share/auto_aim_interfaces/package.bash'
[10.283s] INFO:colcon.colcon_core.shell:Creating package script '/home/blade_master/pnx/rmvision/install/auto_aim_interfaces/share/auto_aim_interfaces/package.zsh'
[10.283s] Level 1:colcon.colcon_core.environment:create_file_with_runtime_dependencies(/home/blade_master/pnx/rmvision/install/auto_aim_interfaces/share/colcon-core/packages/auto_aim_interfaces)
[10.284s] INFO:colcon.colcon_ros.task.ament_cmake.build:Building ROS package in '/home/blade_master/pnx/rmvision/src/auto_aim/light_detector' with build type 'ament_cmake'
[10.285s] INFO:colcon.colcon_cmake.task.cmake.build:Building CMake package in '/home/blade_master/pnx/rmvision/src/auto_aim/light_detector'
[10.286s] INFO:colcon.colcon_core.shell:Skip shell extension 'powershell' for command environment: Not usable outside of PowerShell
[10.286s] DEBUG:colcon.colcon_core.shell:Skip shell extension 'dsv' for command environment
[10.290s] INFO:colcon.colcon_ros.task.ament_cmake.build:Building ROS package in '/home/blade_master/pnx/rmvision/src/rm_serial_driver' with build type 'ament_cmake'
[10.291s] INFO:colcon.colcon_cmake.task.cmake.build:Building CMake package in '/home/blade_master/pnx/rmvision/src/rm_serial_driver'
[10.292s] INFO:colcon.colcon_core.shell:Skip shell extension 'powershell' for command environment: Not usable outside of PowerShell
[10.292s] DEBUG:colcon.colcon_core.shell:Skip shell extension 'dsv' for command environment
[10.394s] DEBUG:colcon.colcon_core.event_handler.log_command:Invoking command in '/home/blade_master/pnx/rmvision/build/light_detector': AMENT_PREFIX_PATH=/home/blade_master/pnx/rmvision/install/auto_aim_interfaces:${AMENT_PREFIX_PATH} CMAKE_PREFIX_PATH=/home/blade_master/pnx/rmvision/install/auto_aim_interfaces:/opt/ros/humble LD_LIBRARY_PATH=/home/blade_master/pnx/rmvision/install/auto_aim_interfaces/lib:/opt/MVS/lib/64:/opt/MVS/lib/32:/opt/MVS/lib/64:/opt/MVS/lib/32:/opt/MVS/lib/64:/opt/MVS/lib/32:/opt/ros/humble/opt/rviz_ogre_vendor/lib:/opt/ros/humble/lib/x86_64-linux-gnu:/opt/ros/humble/lib:/opt/MVS/lib/64:/opt/MVS/lib/32 PYTHONPATH=/home/blade_master/pnx/rmvision/install/auto_aim_interfaces/local/lib/python3.10/dist-packages:${PYTHONPATH} /usr/bin/cmake /home/blade_master/pnx/rmvision/src/auto_aim/light_detector -DAMENT_CMAKE_SYMLINK_INSTALL=1 -DCMAKE_INSTALL_PREFIX=/home/blade_master/pnx/rmvision/install/light_detector
[10.400s] DEBUG:colcon.colcon_core.event_handler.log_command:Invoking command in '/home/blade_master/pnx/rmvision/build/rm_serial_driver': AMENT_PREFIX_PATH=/home/blade_master/pnx/rmvision/install/auto_aim_interfaces:${AMENT_PREFIX_PATH} CMAKE_PREFIX_PATH=/home/blade_master/pnx/rmvision/install/auto_aim_interfaces:/opt/ros/humble LD_LIBRARY_PATH=/home/blade_master/pnx/rmvision/install/auto_aim_interfaces/lib:/opt/MVS/lib/64:/opt/MVS/lib/32:/opt/MVS/lib/64:/opt/MVS/lib/32:/opt/MVS/lib/64:/opt/MVS/lib/32:/opt/ros/humble/opt/rviz_ogre_vendor/lib:/opt/ros/humble/lib/x86_64-linux-gnu:/opt/ros/humble/lib:/opt/MVS/lib/64:/opt/MVS/lib/32 PYTHONPATH=/home/blade_master/pnx/rmvision/install/auto_aim_interfaces/local/lib/python3.10/dist-packages:${PYTHONPATH} /usr/bin/cmake /home/blade_master/pnx/rmvision/src/rm_serial_driver -DAMENT_CMAKE_SYMLINK_INSTALL=1 -DCMAKE_INSTALL_PREFIX=/home/blade_master/pnx/rmvision/install/rm_serial_driver
[12.806s] DEBUG:colcon.colcon_core.event_handler.log_command:Invoked command in '/home/blade_master/pnx/rmvision/build/hik_camera' returned '0': CMAKE_PREFIX_PATH=/opt/ros/humble /usr/bin/cmake --build /home/blade_master/pnx/rmvision/build/hik_camera -- -j22 -l22
[12.809s] DEBUG:colcon.colcon_core.event_handler.log_command:Invoking command in '/home/blade_master/pnx/rmvision/build/hik_camera': CMAKE_PREFIX_PATH=/opt/ros/humble /usr/bin/cmake --install /home/blade_master/pnx/rmvision/build/hik_camera
[13.121s] Level 1:colcon.colcon_core.environment:create_environment_scripts_only(hik_camera)
[13.122s] Level 1:colcon.colcon_core.environment:checking '/home/blade_master/pnx/rmvision/install/hik_camera' for CMake module files
[13.123s] DEBUG:colcon.colcon_core.event_handler.log_command:Invoked command in '/home/blade_master/pnx/rmvision/build/hik_camera' returned '0': CMAKE_PREFIX_PATH=/opt/ros/humble /usr/bin/cmake --install /home/blade_master/pnx/rmvision/build/hik_camera
[13.124s] Level 1:colcon.colcon_core.environment:checking '/home/blade_master/pnx/rmvision/install/hik_camera' for CMake config files
[13.124s] Level 1:colcon.colcon_core.shell:create_environment_hook('hik_camera', 'cmake_prefix_path')
[13.125s] INFO:colcon.colcon_core.shell:Creating environment hook '/home/blade_master/pnx/rmvision/install/hik_camera/share/hik_camera/hook/cmake_prefix_path.ps1'
[13.125s] INFO:colcon.colcon_core.shell:Creating environment descriptor '/home/blade_master/pnx/rmvision/install/hik_camera/share/hik_camera/hook/cmake_prefix_path.dsv'
[13.126s] INFO:colcon.colcon_core.shell:Creating environment hook '/home/blade_master/pnx/rmvision/install/hik_camera/share/hik_camera/hook/cmake_prefix_path.sh'
[13.126s] Level 1:colcon.colcon_core.environment:checking '/home/blade_master/pnx/rmvision/install/hik_camera/lib'
[13.127s] Level 1:colcon.colcon_core.shell:create_environment_hook('hik_camera', 'ld_library_path_lib')
[13.127s] INFO:colcon.colcon_core.shell:Creating environment hook '/home/blade_master/pnx/rmvision/install/hik_camera/share/hik_camera/hook/ld_library_path_lib.ps1'
[13.127s] INFO:colcon.colcon_core.shell:Creating environment descriptor '/home/blade_master/pnx/rmvision/install/hik_camera/share/hik_camera/hook/ld_library_path_lib.dsv'
[13.128s] INFO:colcon.colcon_core.shell:Creating environment hook '/home/blade_master/pnx/rmvision/install/hik_camera/share/hik_camera/hook/ld_library_path_lib.sh'
[13.128s] Level 1:colcon.colcon_core.environment:checking '/home/blade_master/pnx/rmvision/install/hik_camera/bin'
[13.128s] Level 1:colcon.colcon_core.environment:checking '/home/blade_master/pnx/rmvision/install/hik_camera/lib/pkgconfig/hik_camera.pc'
[13.129s] Level 1:colcon.colcon_core.environment:checking '/home/blade_master/pnx/rmvision/install/hik_camera/lib/python3.10/site-packages'
[13.129s] Level 1:colcon.colcon_core.environment:checking '/home/blade_master/pnx/rmvision/install/hik_camera/bin'
[13.130s] INFO:colcon.colcon_core.shell:Creating package script '/home/blade_master/pnx/rmvision/install/hik_camera/share/hik_camera/package.ps1'
[13.131s] INFO:colcon.colcon_core.shell:Creating package descriptor '/home/blade_master/pnx/rmvision/install/hik_camera/share/hik_camera/package.dsv'
[13.131s] INFO:colcon.colcon_core.shell:Creating package script '/home/blade_master/pnx/rmvision/install/hik_camera/share/hik_camera/package.sh'
[13.132s] INFO:colcon.colcon_core.shell:Creating package script '/home/blade_master/pnx/rmvision/install/hik_camera/share/hik_camera/package.bash'
[13.133s] INFO:colcon.colcon_core.shell:Creating package script '/home/blade_master/pnx/rmvision/install/hik_camera/share/hik_camera/package.zsh'
[13.133s] Level 1:colcon.colcon_core.environment:create_file_with_runtime_dependencies(/home/blade_master/pnx/rmvision/install/hik_camera/share/colcon-core/packages/hik_camera)
[13.134s] Level 1:colcon.colcon_core.environment:create_environment_scripts_only(hik_camera)
[13.134s] Level 1:colcon.colcon_core.environment:checking '/home/blade_master/pnx/rmvision/install/hik_camera' for CMake module files
[13.135s] Level 1:colcon.colcon_core.environment:checking '/home/blade_master/pnx/rmvision/install/hik_camera' for CMake config files
[13.136s] Level 1:colcon.colcon_core.shell:create_environment_hook('hik_camera', 'cmake_prefix_path')
[13.136s] INFO:colcon.colcon_core.shell:Creating environment hook '/home/blade_master/pnx/rmvision/install/hik_camera/share/hik_camera/hook/cmake_prefix_path.ps1'
[13.137s] INFO:colcon.colcon_core.shell:Creating environment descriptor '/home/blade_master/pnx/rmvision/install/hik_camera/share/hik_camera/hook/cmake_prefix_path.dsv'
[13.137s] INFO:colcon.colcon_core.shell:Creating environment hook '/home/blade_master/pnx/rmvision/install/hik_camera/share/hik_camera/hook/cmake_prefix_path.sh'
[13.138s] Level 1:colcon.colcon_core.environment:checking '/home/blade_master/pnx/rmvision/install/hik_camera/lib'
[13.138s] Level 1:colcon.colcon_core.shell:create_environment_hook('hik_camera', 'ld_library_path_lib')
[13.139s] INFO:colcon.colcon_core.shell:Creating environment hook '/home/blade_master/pnx/rmvision/install/hik_camera/share/hik_camera/hook/ld_library_path_lib.ps1'
[13.139s] INFO:colcon.colcon_core.shell:Creating environment descriptor '/home/blade_master/pnx/rmvision/install/hik_camera/share/hik_camera/hook/ld_library_path_lib.dsv'
[13.140s] INFO:colcon.colcon_core.shell:Creating environment hook '/home/blade_master/pnx/rmvision/install/hik_camera/share/hik_camera/hook/ld_library_path_lib.sh'
[13.141s] Level 1:colcon.colcon_core.environment:checking '/home/blade_master/pnx/rmvision/install/hik_camera/bin'
[13.141s] Level 1:colcon.colcon_core.environment:checking '/home/blade_master/pnx/rmvision/install/hik_camera/lib/pkgconfig/hik_camera.pc'
[13.141s] Level 1:colcon.colcon_core.environment:checking '/home/blade_master/pnx/rmvision/install/hik_camera/lib/python3.10/site-packages'
[13.141s] Level 1:colcon.colcon_core.environment:checking '/home/blade_master/pnx/rmvision/install/hik_camera/bin'
[13.142s] INFO:colcon.colcon_core.shell:Creating package script '/home/blade_master/pnx/rmvision/install/hik_camera/share/hik_camera/package.ps1'
[13.143s] INFO:colcon.colcon_core.shell:Creating package descriptor '/home/blade_master/pnx/rmvision/install/hik_camera/share/hik_camera/package.dsv'
[13.143s] INFO:colcon.colcon_core.shell:Creating package script '/home/blade_master/pnx/rmvision/install/hik_camera/share/hik_camera/package.sh'
[13.144s] INFO:colcon.colcon_core.shell:Creating package script '/home/blade_master/pnx/rmvision/install/hik_camera/share/hik_camera/package.bash'
[13.144s] INFO:colcon.colcon_core.shell:Creating package script '/home/blade_master/pnx/rmvision/install/hik_camera/share/hik_camera/package.zsh'
[13.145s] Level 1:colcon.colcon_core.environment:create_file_with_runtime_dependencies(/home/blade_master/pnx/rmvision/install/hik_camera/share/colcon-core/packages/hik_camera)
[15.804s] DEBUG:colcon.colcon_core.event_handler.log_command:Invoked command in '/home/blade_master/pnx/rmvision/build/video_reader' returned '0': CMAKE_PREFIX_PATH=/opt/ros/humble /usr/bin/cmake --build /home/blade_master/pnx/rmvision/build/video_reader -- -j22 -l22
[15.807s] DEBUG:colcon.colcon_core.event_handler.log_command:Invoking command in '/home/blade_master/pnx/rmvision/build/video_reader': CMAKE_PREFIX_PATH=/opt/ros/humble /usr/bin/cmake --install /home/blade_master/pnx/rmvision/build/video_reader
[16.053s] Level 1:colcon.colcon_core.environment:create_environment_scripts_only(video_reader)
[16.053s] Level 1:colcon.colcon_core.environment:checking '/home/blade_master/pnx/rmvision/install/video_reader' for CMake module files
[16.054s] DEBUG:colcon.colcon_core.event_handler.log_command:Invoked command in '/home/blade_master/pnx/rmvision/build/video_reader' returned '0': CMAKE_PREFIX_PATH=/opt/ros/humble /usr/bin/cmake --install /home/blade_master/pnx/rmvision/build/video_reader
[16.055s] Level 1:colcon.colcon_core.environment:checking '/home/blade_master/pnx/rmvision/install/video_reader' for CMake config files
[16.055s] Level 1:colcon.colcon_core.shell:create_environment_hook('video_reader', 'cmake_prefix_path')
[16.055s] INFO:colcon.colcon_core.shell:Creating environment hook '/home/blade_master/pnx/rmvision/install/video_reader/share/video_reader/hook/cmake_prefix_path.ps1'
[16.056s] INFO:colcon.colcon_core.shell:Creating environment descriptor '/home/blade_master/pnx/rmvision/install/video_reader/share/video_reader/hook/cmake_prefix_path.dsv'
[16.056s] INFO:colcon.colcon_core.shell:Creating environment hook '/home/blade_master/pnx/rmvision/install/video_reader/share/video_reader/hook/cmake_prefix_path.sh'
[16.057s] Level 1:colcon.colcon_core.environment:checking '/home/blade_master/pnx/rmvision/install/video_reader/lib'
[16.057s] Level 1:colcon.colcon_core.shell:create_environment_hook('video_reader', 'ld_library_path_lib')
[16.057s] INFO:colcon.colcon_core.shell:Creating environment hook '/home/blade_master/pnx/rmvision/install/video_reader/share/video_reader/hook/ld_library_path_lib.ps1'
[16.058s] INFO:colcon.colcon_core.shell:Creating environment descriptor '/home/blade_master/pnx/rmvision/install/video_reader/share/video_reader/hook/ld_library_path_lib.dsv'
[16.058s] INFO:colcon.colcon_core.shell:Creating environment hook '/home/blade_master/pnx/rmvision/install/video_reader/share/video_reader/hook/ld_library_path_lib.sh'
[16.058s] Level 1:colcon.colcon_core.environment:checking '/home/blade_master/pnx/rmvision/install/video_reader/bin'
[16.058s] Level 1:colcon.colcon_core.environment:checking '/home/blade_master/pnx/rmvision/install/video_reader/lib/pkgconfig/video_reader.pc'
[16.059s] Level 1:colcon.colcon_core.environment:checking '/home/blade_master/pnx/rmvision/install/video_reader/lib/python3.10/site-packages'
[16.059s] Level 1:colcon.colcon_core.environment:checking '/home/blade_master/pnx/rmvision/install/video_reader/bin'
[16.060s] INFO:colcon.colcon_core.shell:Creating package script '/home/blade_master/pnx/rmvision/install/video_reader/share/video_reader/package.ps1'
[16.061s] INFO:colcon.colcon_core.shell:Creating package descriptor '/home/blade_master/pnx/rmvision/install/video_reader/share/video_reader/package.dsv'
[16.061s] INFO:colcon.colcon_core.shell:Creating package script '/home/blade_master/pnx/rmvision/install/video_reader/share/video_reader/package.sh'
[16.062s] INFO:colcon.colcon_core.shell:Creating package script '/home/blade_master/pnx/rmvision/install/video_reader/share/video_reader/package.bash'
[16.062s] INFO:colcon.colcon_core.shell:Creating package script '/home/blade_master/pnx/rmvision/install/video_reader/share/video_reader/package.zsh'
[16.062s] Level 1:colcon.colcon_core.environment:create_file_with_runtime_dependencies(/home/blade_master/pnx/rmvision/install/video_reader/share/colcon-core/packages/video_reader)
[16.063s] Level 1:colcon.colcon_core.environment:create_environment_scripts_only(video_reader)
[16.063s] Level 1:colcon.colcon_core.environment:checking '/home/blade_master/pnx/rmvision/install/video_reader' for CMake module files
[16.064s] Level 1:colcon.colcon_core.environment:checking '/home/blade_master/pnx/rmvision/install/video_reader' for CMake config files
[16.064s] Level 1:colcon.colcon_core.shell:create_environment_hook('video_reader', 'cmake_prefix_path')
[16.064s] INFO:colcon.colcon_core.shell:Creating environment hook '/home/blade_master/pnx/rmvision/install/video_reader/share/video_reader/hook/cmake_prefix_path.ps1'
[16.065s] INFO:colcon.colcon_core.shell:Creating environment descriptor '/home/blade_master/pnx/rmvision/install/video_reader/share/video_reader/hook/cmake_prefix_path.dsv'
[16.066s] INFO:colcon.colcon_core.shell:Creating environment hook '/home/blade_master/pnx/rmvision/install/video_reader/share/video_reader/hook/cmake_prefix_path.sh'
[16.066s] Level 1:colcon.colcon_core.environment:checking '/home/blade_master/pnx/rmvision/install/video_reader/lib'
[16.067s] Level 1:colcon.colcon_core.shell:create_environment_hook('video_reader', 'ld_library_path_lib')
[16.067s] INFO:colcon.colcon_core.shell:Creating environment hook '/home/blade_master/pnx/rmvision/install/video_reader/share/video_reader/hook/ld_library_path_lib.ps1'
[16.067s] INFO:colcon.colcon_core.shell:Creating environment descriptor '/home/blade_master/pnx/rmvision/install/video_reader/share/video_reader/hook/ld_library_path_lib.dsv'
[16.068s] INFO:colcon.colcon_core.shell:Creating environment hook '/home/blade_master/pnx/rmvision/install/video_reader/share/video_reader/hook/ld_library_path_lib.sh'
[16.068s] Level 1:colcon.colcon_core.environment:checking '/home/blade_master/pnx/rmvision/install/video_reader/bin'
[16.068s] Level 1:colcon.colcon_core.environment:checking '/home/blade_master/pnx/rmvision/install/video_reader/lib/pkgconfig/video_reader.pc'
[16.068s] Level 1:colcon.colcon_core.environment:checking '/home/blade_master/pnx/rmvision/install/video_reader/lib/python3.10/site-packages'
[16.068s] Level 1:colcon.colcon_core.environment:checking '/home/blade_master/pnx/rmvision/install/video_reader/bin'
[16.069s] INFO:colcon.colcon_core.shell:Creating package script '/home/blade_master/pnx/rmvision/install/video_reader/share/video_reader/package.ps1'
[16.069s] INFO:colcon.colcon_core.shell:Creating package descriptor '/home/blade_master/pnx/rmvision/install/video_reader/share/video_reader/package.dsv'
[16.070s] INFO:colcon.colcon_core.shell:Creating package script '/home/blade_master/pnx/rmvision/install/video_reader/share/video_reader/package.sh'
[16.070s] INFO:colcon.colcon_core.shell:Creating package script '/home/blade_master/pnx/rmvision/install/video_reader/share/video_reader/package.bash'
[16.071s] INFO:colcon.colcon_core.shell:Creating package script '/home/blade_master/pnx/rmvision/install/video_reader/share/video_reader/package.zsh'
[16.071s] Level 1:colcon.colcon_core.environment:create_file_with_runtime_dependencies(/home/blade_master/pnx/rmvision/install/video_reader/share/colcon-core/packages/video_reader)
[17.961s] DEBUG:colcon.colcon_core.event_handler.log_command:Invoked command in '/home/blade_master/pnx/rmvision/build/rm_serial_driver' returned '0': AMENT_PREFIX_PATH=/home/blade_master/pnx/rmvision/install/auto_aim_interfaces:${AMENT_PREFIX_PATH} CMAKE_PREFIX_PATH=/home/blade_master/pnx/rmvision/install/auto_aim_interfaces:/opt/ros/humble LD_LIBRARY_PATH=/home/blade_master/pnx/rmvision/install/auto_aim_interfaces/lib:/opt/MVS/lib/64:/opt/MVS/lib/32:/opt/MVS/lib/64:/opt/MVS/lib/32:/opt/MVS/lib/64:/opt/MVS/lib/32:/opt/ros/humble/opt/rviz_ogre_vendor/lib:/opt/ros/humble/lib/x86_64-linux-gnu:/opt/ros/humble/lib:/opt/MVS/lib/64:/opt/MVS/lib/32 PYTHONPATH=/home/blade_master/pnx/rmvision/install/auto_aim_interfaces/local/lib/python3.10/dist-packages:${PYTHONPATH} /usr/bin/cmake /home/blade_master/pnx/rmvision/src/rm_serial_driver -DAMENT_CMAKE_SYMLINK_INSTALL=1 -DCMAKE_INSTALL_PREFIX=/home/blade_master/pnx/rmvision/install/rm_serial_driver
[17.963s] DEBUG:colcon.colcon_core.event_handler.log_command:Invoking command in '/home/blade_master/pnx/rmvision/build/rm_serial_driver': AMENT_PREFIX_PATH=/home/blade_master/pnx/rmvision/install/auto_aim_interfaces:${AMENT_PREFIX_PATH} CMAKE_PREFIX_PATH=/home/blade_master/pnx/rmvision/install/auto_aim_interfaces:/opt/ros/humble LD_LIBRARY_PATH=/home/blade_master/pnx/rmvision/install/auto_aim_interfaces/lib:/opt/MVS/lib/64:/opt/MVS/lib/32:/opt/MVS/lib/64:/opt/MVS/lib/32:/opt/MVS/lib/64:/opt/MVS/lib/32:/opt/ros/humble/opt/rviz_ogre_vendor/lib:/opt/ros/humble/lib/x86_64-linux-gnu:/opt/ros/humble/lib:/opt/MVS/lib/64:/opt/MVS/lib/32 PYTHONPATH=/home/blade_master/pnx/rmvision/install/auto_aim_interfaces/local/lib/python3.10/dist-packages:${PYTHONPATH} /usr/bin/cmake --build /home/blade_master/pnx/rmvision/build/rm_serial_driver -- -j22 -l22
[19.342s] DEBUG:colcon.colcon_core.event_handler.log_command:Invoked command in '/home/blade_master/pnx/rmvision/build/light_detector' returned '0': AMENT_PREFIX_PATH=/home/blade_master/pnx/rmvision/install/auto_aim_interfaces:${AMENT_PREFIX_PATH} CMAKE_PREFIX_PATH=/home/blade_master/pnx/rmvision/install/auto_aim_interfaces:/opt/ros/humble LD_LIBRARY_PATH=/home/blade_master/pnx/rmvision/install/auto_aim_interfaces/lib:/opt/MVS/lib/64:/opt/MVS/lib/32:/opt/MVS/lib/64:/opt/MVS/lib/32:/opt/MVS/lib/64:/opt/MVS/lib/32:/opt/ros/humble/opt/rviz_ogre_vendor/lib:/opt/ros/humble/lib/x86_64-linux-gnu:/opt/ros/humble/lib:/opt/MVS/lib/64:/opt/MVS/lib/32 PYTHONPATH=/home/blade_master/pnx/rmvision/install/auto_aim_interfaces/local/lib/python3.10/dist-packages:${PYTHONPATH} /usr/bin/cmake /home/blade_master/pnx/rmvision/src/auto_aim/light_detector -DAMENT_CMAKE_SYMLINK_INSTALL=1 -DCMAKE_INSTALL_PREFIX=/home/blade_master/pnx/rmvision/install/light_detector
[19.345s] DEBUG:colcon.colcon_core.event_handler.log_command:Invoking command in '/home/blade_master/pnx/rmvision/build/light_detector': AMENT_PREFIX_PATH=/home/blade_master/pnx/rmvision/install/auto_aim_interfaces:${AMENT_PREFIX_PATH} CMAKE_PREFIX_PATH=/home/blade_master/pnx/rmvision/install/auto_aim_interfaces:/opt/ros/humble LD_LIBRARY_PATH=/home/blade_master/pnx/rmvision/install/auto_aim_interfaces/lib:/opt/MVS/lib/64:/opt/MVS/lib/32:/opt/MVS/lib/64:/opt/MVS/lib/32:/opt/MVS/lib/64:/opt/MVS/lib/32:/opt/ros/humble/opt/rviz_ogre_vendor/lib:/opt/ros/humble/lib/x86_64-linux-gnu:/opt/ros/humble/lib:/opt/MVS/lib/64:/opt/MVS/lib/32 PYTHONPATH=/home/blade_master/pnx/rmvision/install/auto_aim_interfaces/local/lib/python3.10/dist-packages:${PYTHONPATH} /usr/bin/cmake --build /home/blade_master/pnx/rmvision/build/light_detector -- -j22 -l22
[26.862s] DEBUG:colcon.colcon_core.event_handler.log_command:Invoked command in '/home/blade_master/pnx/rmvision/build/rm_serial_driver' returned '2': AMENT_PREFIX_PATH=/home/blade_master/pnx/rmvision/install/auto_aim_interfaces:${AMENT_PREFIX_PATH} CMAKE_PREFIX_PATH=/home/blade_master/pnx/rmvision/install/auto_aim_interfaces:/opt/ros/humble LD_LIBRARY_PATH=/home/blade_master/pnx/rmvision/install/auto_aim_interfaces/lib:/opt/MVS/lib/64:/opt/MVS/lib/32:/opt/MVS/lib/64:/opt/MVS/lib/32:/opt/MVS/lib/64:/opt/MVS/lib/32:/opt/ros/humble/opt/rviz_ogre_vendor/lib:/opt/ros/humble/lib/x86_64-linux-gnu:/opt/ros/humble/lib:/opt/MVS/lib/64:/opt/MVS/lib/32 PYTHONPATH=/home/blade_master/pnx/rmvision/install/auto_aim_interfaces/local/lib/python3.10/dist-packages:${PYTHONPATH} /usr/bin/cmake --build /home/blade_master/pnx/rmvision/build/rm_serial_driver -- -j22 -l22
[26.862s] Level 1:colcon.colcon_core.environment:create_environment_scripts_only(rm_serial_driver)
[26.863s] Level 1:colcon.colcon_core.environment:checking '/home/blade_master/pnx/rmvision/install/rm_serial_driver' for CMake module files
[26.863s] Level 1:colcon.colcon_core.environment:checking '/home/blade_master/pnx/rmvision/install/rm_serial_driver' for CMake config files
[26.863s] Level 1:colcon.colcon_core.environment:checking '/home/blade_master/pnx/rmvision/install/rm_serial_driver/bin'
[26.863s] Level 1:colcon.colcon_core.environment:checking '/home/blade_master/pnx/rmvision/install/rm_serial_driver/lib/pkgconfig/rm_serial_driver.pc'
[26.864s] Level 1:colcon.colcon_core.environment:checking '/home/blade_master/pnx/rmvision/install/rm_serial_driver/lib/python3.10/site-packages'
[26.864s] Level 1:colcon.colcon_core.environment:checking '/home/blade_master/pnx/rmvision/install/rm_serial_driver/bin'
[26.864s] INFO:colcon.colcon_core.shell:Creating package script '/home/blade_master/pnx/rmvision/install/rm_serial_driver/share/rm_serial_driver/package.ps1'
[26.865s] INFO:colcon.colcon_core.shell:Creating package descriptor '/home/blade_master/pnx/rmvision/install/rm_serial_driver/share/rm_serial_driver/package.dsv'
[26.865s] INFO:colcon.colcon_core.shell:Creating package script '/home/blade_master/pnx/rmvision/install/rm_serial_driver/share/rm_serial_driver/package.sh'
[26.866s] INFO:colcon.colcon_core.shell:Creating package script '/home/blade_master/pnx/rmvision/install/rm_serial_driver/share/rm_serial_driver/package.bash'
[26.866s] INFO:colcon.colcon_core.shell:Creating package script '/home/blade_master/pnx/rmvision/install/rm_serial_driver/share/rm_serial_driver/package.zsh'
[26.866s] Level 1:colcon.colcon_core.environment:create_file_with_runtime_dependencies(/home/blade_master/pnx/rmvision/install/rm_serial_driver/share/colcon-core/packages/rm_serial_driver)
[47.818s] DEBUG:colcon.colcon_parallel_executor.executor.parallel:closing loop
[47.818s] DEBUG:colcon.colcon_parallel_executor.executor.parallel:loop closed
[47.819s] DEBUG:colcon.colcon_parallel_executor.executor.parallel:run_until_complete finished with '2'
[47.819s] DEBUG:colcon.colcon_core.event_reactor:joining thread
[47.854s] INFO:colcon.colcon_core.plugin_system:Skipping extension 'colcon_notification.desktop_notification.notify_send': Could not find 'notify-send'
[47.854s] INFO:colcon.colcon_core.plugin_system:Skipping extension 'colcon_notification.desktop_notification.terminal_notifier': Not used on non-Darwin systems
[47.854s] INFO:colcon.colcon_core.plugin_system:Skipping extension 'colcon_notification.desktop_notification.win32': Not used on non-Windows systems
[47.854s] INFO:colcon.colcon_notification.desktop_notification:Sending desktop notification using 'notify2'
[47.874s] DEBUG:colcon.colcon_notification.desktop_notification.notify2:Failed to initialize notify2: org.freedesktop.DBus.Error.ServiceUnknown: The name org.freedesktop.Notifications was not provided by any .service files
[47.874s] DEBUG:colcon.colcon_core.event_reactor:joined thread
[47.874s] INFO:colcon.colcon_core.shell:Creating prefix script '/home/blade_master/pnx/rmvision/install/local_setup.ps1'
[47.876s] INFO:colcon.colcon_core.shell:Creating prefix util module '/home/blade_master/pnx/rmvision/install/_local_setup_util_ps1.py'
[47.877s] INFO:colcon.colcon_core.shell:Creating prefix chain script '/home/blade_master/pnx/rmvision/install/setup.ps1'
[47.879s] INFO:colcon.colcon_core.shell:Creating prefix script '/home/blade_master/pnx/rmvision/install/local_setup.sh'
[47.879s] INFO:colcon.colcon_core.shell:Creating prefix util module '/home/blade_master/pnx/rmvision/install/_local_setup_util_sh.py'
[47.880s] INFO:colcon.colcon_core.shell:Creating prefix chain script '/home/blade_master/pnx/rmvision/install/setup.sh'
[47.882s] INFO:colcon.colcon_core.shell:Creating prefix script '/home/blade_master/pnx/rmvision/install/local_setup.bash'
[47.882s] INFO:colcon.colcon_core.shell:Creating prefix chain script '/home/blade_master/pnx/rmvision/install/setup.bash'
[47.883s] INFO:colcon.colcon_core.shell:Creating prefix script '/home/blade_master/pnx/rmvision/install/local_setup.zsh'
[47.884s] INFO:colcon.colcon_core.shell:Creating prefix chain script '/home/blade_master/pnx/rmvision/install/setup.zsh'
