[0.109s] Invoking command in '/home/blade_master/pnx/rmvision/build/light_detector': CMAKE_PREFIX_PATH=/home/blade_master/pnx/rmvision/install/auto_aim_interfaces:/home/blade_master/pnx/rmvision/install/rm_vision_bringup:/home/blade_master/pnx/rmvision/install/video_reader:/home/blade_master/pnx/rmvision/install/rm_serial_driver:/home/blade_master/pnx/rmvision/install/rm_gimbal_description:/home/blade_master/pnx/rmvision/install/rm_auto_aim_dart:/home/blade_master/pnx/rmvision/install/light_detector:/home/blade_master/pnx/rmvision/install/hik_camera:/opt/ros/humble LD_LIBRARY_PATH=/home/blade_master/pnx/rmvision/install/auto_aim_interfaces/lib:/home/blade_master/pnx/rmvision/install/video_reader/lib:/home/blade_master/pnx/rmvision/install/rm_serial_driver/lib:/home/blade_master/pnx/rmvision/install/light_detector/lib:/home/blade_master/pnx/rmvision/install/hik_camera/lib:/opt/MVS/lib/64:/opt/MVS/lib/32:/opt/MVS/lib/64:/opt/MVS/lib/32:/opt/MVS/lib/64:/opt/MVS/lib/32:/opt/ros/humble/opt/rviz_ogre_vendor/lib:/opt/ros/humble/lib/x86_64-linux-gnu:/opt/ros/humble/lib:/opt/MVS/lib/64:/opt/MVS/lib/32 /usr/bin/cmake /home/blade_master/pnx/rmvision/src/auto_aim/light_detector -DAMENT_CMAKE_SYMLINK_INSTALL=1 -DCMAKE_INSTALL_PREFIX=/home/blade_master/pnx/rmvision/install/light_detector
[0.268s] -- The C compiler identification is GNU 11.4.0
[0.795s] -- The CXX compiler identification is GNU 11.4.0
[1.159s] -- Detecting C compiler ABI info
[1.392s] -- Detecting C compiler ABI info - done
[1.404s] -- Check for working C compiler: /usr/bin/cc - skipped
[1.405s] -- Detecting C compile features
[1.405s] -- Detecting C compile features - done
[1.408s] -- Detecting CXX compiler ABI info
[1.666s] -- Detecting CXX compiler ABI info - done
[1.684s] -- Check for working CXX compiler: /usr/bin/c++ - skipped
[1.684s] -- Detecting CXX compile features
[1.686s] -- Detecting CXX compile features - done
[2.375s] -- Found OpenGL: /usr/lib/x86_64-linux-gnu/libOpenGL.so   
[2.377s] -- Found ament_cmake_auto: 1.3.11 (/opt/ros/humble/share/ament_cmake_auto/cmake)
[2.627s] -- Found Python3: /usr/bin/python3 (found version "3.10.12") found components: Interpreter 
[2.743s] -- Override CMake install command with custom implementation using symlinks instead of copying resources
[2.837s] -- Looking for pthread.h
[3.060s] -- Looking for pthread.h - found
[3.061s] -- Performing Test CMAKE_HAVE_LIBC_PTHREAD
[3.235s] -- Performing Test CMAKE_HAVE_LIBC_PTHREAD - Success
[3.236s] -- Found Threads: TRUE  
[3.257s] -- Found OpenCV: /usr (found version "4.5.4") 
[3.260s] -- Found rclcpp: 16.0.12 (/opt/ros/humble/share/rclcpp/cmake)
[3.337s] -- Found rosidl_generator_c: 3.1.6 (/opt/ros/humble/share/rosidl_generator_c/cmake)
[3.345s] -- Found rosidl_adapter: 3.1.6 (/opt/ros/humble/share/rosidl_adapter/cmake)
[3.354s] -- Found rosidl_generator_cpp: 3.1.6 (/opt/ros/humble/share/rosidl_generator_cpp/cmake)
[3.368s] -- Using all available rosidl_typesupport_c: rosidl_typesupport_fastrtps_c;rosidl_typesupport_introspection_c
[3.390s] -- Using all available rosidl_typesupport_cpp: rosidl_typesupport_fastrtps_cpp;rosidl_typesupport_introspection_cpp
[3.442s] -- Found rmw_implementation_cmake: 6.1.2 (/opt/ros/humble/share/rmw_implementation_cmake/cmake)
[3.446s] -- Found rmw_fastrtps_cpp: 6.2.7 (/opt/ros/humble/share/rmw_fastrtps_cpp/cmake)
[4.985s] -- Found OpenSSL: /usr/lib/x86_64-linux-gnu/libcrypto.so (found version "3.0.2")  
[6.361s] -- Found FastRTPS: /opt/ros/humble/include  
[9.269s] -- Using RMW implementation 'rmw_fastrtps_cpp' as default
[11.128s] -- Found eigen3_cmake_module: 0.1.1 (/opt/ros/humble/share/eigen3_cmake_module/cmake)
[11.130s] -- Found Eigen3: TRUE (found version "3.4.0") 
[11.130s] -- Ensuring Eigen3 include directory is part of orocos-kdl CMake target
[11.258s] -- g2o, OpenCV and fmt found, building light_detector
[11.284s] -- Configuring done
[11.316s] -- Generating done
[11.328s] -- Build files have been written to: /home/blade_master/pnx/rmvision/build/light_detector
[11.350s] Invoked command in '/home/blade_master/pnx/rmvision/build/light_detector' returned '0': CMAKE_PREFIX_PATH=/home/blade_master/pnx/rmvision/install/auto_aim_interfaces:/home/blade_master/pnx/rmvision/install/rm_vision_bringup:/home/blade_master/pnx/rmvision/install/video_reader:/home/blade_master/pnx/rmvision/install/rm_serial_driver:/home/blade_master/pnx/rmvision/install/rm_gimbal_description:/home/blade_master/pnx/rmvision/install/rm_auto_aim_dart:/home/blade_master/pnx/rmvision/install/light_detector:/home/blade_master/pnx/rmvision/install/hik_camera:/opt/ros/humble LD_LIBRARY_PATH=/home/blade_master/pnx/rmvision/install/auto_aim_interfaces/lib:/home/blade_master/pnx/rmvision/install/video_reader/lib:/home/blade_master/pnx/rmvision/install/rm_serial_driver/lib:/home/blade_master/pnx/rmvision/install/light_detector/lib:/home/blade_master/pnx/rmvision/install/hik_camera/lib:/opt/MVS/lib/64:/opt/MVS/lib/32:/opt/MVS/lib/64:/opt/MVS/lib/32:/opt/MVS/lib/64:/opt/MVS/lib/32:/opt/ros/humble/opt/rviz_ogre_vendor/lib:/opt/ros/humble/lib/x86_64-linux-gnu:/opt/ros/humble/lib:/opt/MVS/lib/64:/opt/MVS/lib/32 /usr/bin/cmake /home/blade_master/pnx/rmvision/src/auto_aim/light_detector -DAMENT_CMAKE_SYMLINK_INSTALL=1 -DCMAKE_INSTALL_PREFIX=/home/blade_master/pnx/rmvision/install/light_detector
[11.354s] Invoking command in '/home/blade_master/pnx/rmvision/build/light_detector': CMAKE_PREFIX_PATH=/home/blade_master/pnx/rmvision/install/auto_aim_interfaces:/home/blade_master/pnx/rmvision/install/rm_vision_bringup:/home/blade_master/pnx/rmvision/install/video_reader:/home/blade_master/pnx/rmvision/install/rm_serial_driver:/home/blade_master/pnx/rmvision/install/rm_gimbal_description:/home/blade_master/pnx/rmvision/install/rm_auto_aim_dart:/home/blade_master/pnx/rmvision/install/light_detector:/home/blade_master/pnx/rmvision/install/hik_camera:/opt/ros/humble LD_LIBRARY_PATH=/home/blade_master/pnx/rmvision/install/auto_aim_interfaces/lib:/home/blade_master/pnx/rmvision/install/video_reader/lib:/home/blade_master/pnx/rmvision/install/rm_serial_driver/lib:/home/blade_master/pnx/rmvision/install/light_detector/lib:/home/blade_master/pnx/rmvision/install/hik_camera/lib:/opt/MVS/lib/64:/opt/MVS/lib/32:/opt/MVS/lib/64:/opt/MVS/lib/32:/opt/MVS/lib/64:/opt/MVS/lib/32:/opt/ros/humble/opt/rviz_ogre_vendor/lib:/opt/ros/humble/lib/x86_64-linux-gnu:/opt/ros/humble/lib:/opt/MVS/lib/64:/opt/MVS/lib/32 /usr/bin/cmake --build /home/blade_master/pnx/rmvision/build/light_detector -- -j22 -l22
[11.408s] [ 14%] [32mBuilding CXX object CMakeFiles/light_detector_node.dir/rclcpp_components/node_main_light_detector_node.cpp.o[0m
[11.408s] [ 42%] [32mBuilding CXX object CMakeFiles/light_detector.dir/src/kalman_filter.cpp.o[0m
[11.409s] [ 42%] [32mBuilding CXX object CMakeFiles/light_detector.dir/src/pnp_solver.cpp.o[0m
[11.409s] [ 71%] [32mBuilding CXX object CMakeFiles/light_detector.dir/src/detector_node.cpp.o[0m
[11.409s] [ 71%] [32mBuilding CXX object CMakeFiles/light_detector.dir/src/detector.cpp.o[0m
[17.603s] [ 85%] [32m[1mLinking CXX executable light_detector_node[0m
[17.863s] [ 85%] Built target light_detector_node
[47.206s] [100%] [32m[1mLinking CXX shared library liblight_detector.so[0m
[49.177s] [100%] Built target light_detector
[49.191s] Invoked command in '/home/blade_master/pnx/rmvision/build/light_detector' returned '0': CMAKE_PREFIX_PATH=/home/blade_master/pnx/rmvision/install/auto_aim_interfaces:/home/blade_master/pnx/rmvision/install/rm_vision_bringup:/home/blade_master/pnx/rmvision/install/video_reader:/home/blade_master/pnx/rmvision/install/rm_serial_driver:/home/blade_master/pnx/rmvision/install/rm_gimbal_description:/home/blade_master/pnx/rmvision/install/rm_auto_aim_dart:/home/blade_master/pnx/rmvision/install/light_detector:/home/blade_master/pnx/rmvision/install/hik_camera:/opt/ros/humble LD_LIBRARY_PATH=/home/blade_master/pnx/rmvision/install/auto_aim_interfaces/lib:/home/blade_master/pnx/rmvision/install/video_reader/lib:/home/blade_master/pnx/rmvision/install/rm_serial_driver/lib:/home/blade_master/pnx/rmvision/install/light_detector/lib:/home/blade_master/pnx/rmvision/install/hik_camera/lib:/opt/MVS/lib/64:/opt/MVS/lib/32:/opt/MVS/lib/64:/opt/MVS/lib/32:/opt/MVS/lib/64:/opt/MVS/lib/32:/opt/ros/humble/opt/rviz_ogre_vendor/lib:/opt/ros/humble/lib/x86_64-linux-gnu:/opt/ros/humble/lib:/opt/MVS/lib/64:/opt/MVS/lib/32 /usr/bin/cmake --build /home/blade_master/pnx/rmvision/build/light_detector -- -j22 -l22
[49.194s] Invoking command in '/home/blade_master/pnx/rmvision/build/light_detector': CMAKE_PREFIX_PATH=/home/blade_master/pnx/rmvision/install/auto_aim_interfaces:/home/blade_master/pnx/rmvision/install/rm_vision_bringup:/home/blade_master/pnx/rmvision/install/video_reader:/home/blade_master/pnx/rmvision/install/rm_serial_driver:/home/blade_master/pnx/rmvision/install/rm_gimbal_description:/home/blade_master/pnx/rmvision/install/rm_auto_aim_dart:/home/blade_master/pnx/rmvision/install/light_detector:/home/blade_master/pnx/rmvision/install/hik_camera:/opt/ros/humble LD_LIBRARY_PATH=/home/blade_master/pnx/rmvision/install/auto_aim_interfaces/lib:/home/blade_master/pnx/rmvision/install/video_reader/lib:/home/blade_master/pnx/rmvision/install/rm_serial_driver/lib:/home/blade_master/pnx/rmvision/install/light_detector/lib:/home/blade_master/pnx/rmvision/install/hik_camera/lib:/opt/MVS/lib/64:/opt/MVS/lib/32:/opt/MVS/lib/64:/opt/MVS/lib/32:/opt/MVS/lib/64:/opt/MVS/lib/32:/opt/ros/humble/opt/rviz_ogre_vendor/lib:/opt/ros/humble/lib/x86_64-linux-gnu:/opt/ros/humble/lib:/opt/MVS/lib/64:/opt/MVS/lib/32 /usr/bin/cmake --install /home/blade_master/pnx/rmvision/build/light_detector
[49.202s] -- Install configuration: ""
[49.203s] -- Execute custom install script
[49.203s] -- Symlinking: /home/blade_master/pnx/rmvision/install/light_detector/lib/light_detector/light_detector_node
[49.212s] -- Symlinking: /home/blade_master/pnx/rmvision/install/light_detector/include/detector.hpp
[49.221s] -- Symlinking: /home/blade_master/pnx/rmvision/install/light_detector/include/detector_node.hpp
[49.234s] -- Symlinking: /home/blade_master/pnx/rmvision/install/light_detector/include/kalman_filter.hpp
[49.245s] -- Symlinking: /home/blade_master/pnx/rmvision/install/light_detector/include/pnp_solver.hpp
[49.255s] -- Symlinking: /home/blade_master/pnx/rmvision/install/light_detector/share/light_detector/environment/library_path.sh
[49.263s] -- Symlinking: /home/blade_master/pnx/rmvision/install/light_detector/share/light_detector/environment/library_path.dsv
[49.271s] -- Symlinking: /home/blade_master/pnx/rmvision/install/light_detector/lib/liblight_detector.so
[49.281s] -- Symlinking: /home/blade_master/pnx/rmvision/install/light_detector/share/ament_index/resource_index/package_run_dependencies/light_detector
[49.291s] -- Symlinking: /home/blade_master/pnx/rmvision/install/light_detector/share/ament_index/resource_index/parent_prefix_path/light_detector
[49.303s] -- Symlinking: /home/blade_master/pnx/rmvision/install/light_detector/share/light_detector/environment/ament_prefix_path.sh
[49.313s] -- Symlinking: /home/blade_master/pnx/rmvision/install/light_detector/share/light_detector/environment/ament_prefix_path.dsv
[49.326s] -- Symlinking: /home/blade_master/pnx/rmvision/install/light_detector/share/light_detector/environment/path.sh
[49.335s] -- Symlinking: /home/blade_master/pnx/rmvision/install/light_detector/share/light_detector/environment/path.dsv
[49.344s] -- Symlinking: /home/blade_master/pnx/rmvision/install/light_detector/share/light_detector/local_setup.bash
[49.353s] -- Symlinking: /home/blade_master/pnx/rmvision/install/light_detector/share/light_detector/local_setup.sh
[49.361s] -- Symlinking: /home/blade_master/pnx/rmvision/install/light_detector/share/light_detector/local_setup.zsh
[49.369s] -- Symlinking: /home/blade_master/pnx/rmvision/install/light_detector/share/light_detector/local_setup.dsv
[49.379s] -- Symlinking: /home/blade_master/pnx/rmvision/install/light_detector/share/light_detector/package.dsv
[49.389s] -- Symlinking: /home/blade_master/pnx/rmvision/install/light_detector/share/ament_index/resource_index/packages/light_detector
[49.400s] -- Symlinking: /home/blade_master/pnx/rmvision/install/light_detector/share/ament_index/resource_index/rclcpp_components/light_detector
[49.410s] -- Symlinking: /home/blade_master/pnx/rmvision/install/light_detector/share/light_detector/cmake/ament_cmake_export_dependencies-extras.cmake
[49.419s] -- Symlinking: /home/blade_master/pnx/rmvision/install/light_detector/share/light_detector/cmake/ament_cmake_export_include_directories-extras.cmake
[49.432s] -- Symlinking: /home/blade_master/pnx/rmvision/install/light_detector/share/light_detector/cmake/ament_cmake_export_libraries-extras.cmake
[49.441s] -- Symlinking: /home/blade_master/pnx/rmvision/install/light_detector/share/light_detector/cmake/light_detectorConfig.cmake
[49.450s] -- Symlinking: /home/blade_master/pnx/rmvision/install/light_detector/share/light_detector/cmake/light_detectorConfig-version.cmake
[49.458s] -- Symlinking: /home/blade_master/pnx/rmvision/install/light_detector/share/light_detector/package.xml
[49.469s] Invoked command in '/home/blade_master/pnx/rmvision/build/light_detector' returned '0': CMAKE_PREFIX_PATH=/home/blade_master/pnx/rmvision/install/auto_aim_interfaces:/home/blade_master/pnx/rmvision/install/rm_vision_bringup:/home/blade_master/pnx/rmvision/install/video_reader:/home/blade_master/pnx/rmvision/install/rm_serial_driver:/home/blade_master/pnx/rmvision/install/rm_gimbal_description:/home/blade_master/pnx/rmvision/install/rm_auto_aim_dart:/home/blade_master/pnx/rmvision/install/light_detector:/home/blade_master/pnx/rmvision/install/hik_camera:/opt/ros/humble LD_LIBRARY_PATH=/home/blade_master/pnx/rmvision/install/auto_aim_interfaces/lib:/home/blade_master/pnx/rmvision/install/video_reader/lib:/home/blade_master/pnx/rmvision/install/rm_serial_driver/lib:/home/blade_master/pnx/rmvision/install/light_detector/lib:/home/blade_master/pnx/rmvision/install/hik_camera/lib:/opt/MVS/lib/64:/opt/MVS/lib/32:/opt/MVS/lib/64:/opt/MVS/lib/32:/opt/MVS/lib/64:/opt/MVS/lib/32:/opt/ros/humble/opt/rviz_ogre_vendor/lib:/opt/ros/humble/lib/x86_64-linux-gnu:/opt/ros/humble/lib:/opt/MVS/lib/64:/opt/MVS/lib/32 /usr/bin/cmake --install /home/blade_master/pnx/rmvision/build/light_detector
