[0.044s] Invoking command in '/home/blade_master/pnx/rmvision/build/light_detector': CMAKE_PREFIX_PATH=/home/blade_master/pnx/rmvision/install/auto_aim_interfaces:/home/blade_master/pnx/rmvision/install/rm_vision_bringup:/home/blade_master/pnx/rmvision/install/video_reader:/home/blade_master/pnx/rmvision/install/rm_serial_driver:/home/blade_master/pnx/rmvision/install/rm_gimbal_description:/home/blade_master/pnx/rmvision/install/rm_auto_aim_dart:/home/blade_master/pnx/rmvision/install/light_detector:/home/blade_master/pnx/rmvision/install/hik_camera:/opt/ros/humble LD_LIBRARY_PATH=/home/blade_master/pnx/rmvision/install/auto_aim_interfaces/lib:/home/blade_master/pnx/rmvision/install/video_reader/lib:/home/blade_master/pnx/rmvision/install/rm_serial_driver/lib:/home/blade_master/pnx/rmvision/install/light_detector/lib:/home/blade_master/pnx/rmvision/install/hik_camera/lib:/opt/MVS/lib/64:/opt/MVS/lib/32:/opt/MVS/lib/64:/opt/MVS/lib/32:/opt/MVS/lib/64:/opt/MVS/lib/32:/opt/ros/humble/opt/rviz_ogre_vendor/lib:/opt/ros/humble/lib/x86_64-linux-gnu:/opt/ros/humble/lib:/opt/MVS/lib/64:/opt/MVS/lib/32 /usr/bin/cmake --build /home/blade_master/pnx/rmvision/build/light_detector -- -j22 -l22
[0.092s] [ 28%] Built target light_detector_node
[0.095s] [100%] Built target light_detector
[0.103s] Invoked command in '/home/blade_master/pnx/rmvision/build/light_detector' returned '0': CMAKE_PREFIX_PATH=/home/blade_master/pnx/rmvision/install/auto_aim_interfaces:/home/blade_master/pnx/rmvision/install/rm_vision_bringup:/home/blade_master/pnx/rmvision/install/video_reader:/home/blade_master/pnx/rmvision/install/rm_serial_driver:/home/blade_master/pnx/rmvision/install/rm_gimbal_description:/home/blade_master/pnx/rmvision/install/rm_auto_aim_dart:/home/blade_master/pnx/rmvision/install/light_detector:/home/blade_master/pnx/rmvision/install/hik_camera:/opt/ros/humble LD_LIBRARY_PATH=/home/blade_master/pnx/rmvision/install/auto_aim_interfaces/lib:/home/blade_master/pnx/rmvision/install/video_reader/lib:/home/blade_master/pnx/rmvision/install/rm_serial_driver/lib:/home/blade_master/pnx/rmvision/install/light_detector/lib:/home/blade_master/pnx/rmvision/install/hik_camera/lib:/opt/MVS/lib/64:/opt/MVS/lib/32:/opt/MVS/lib/64:/opt/MVS/lib/32:/opt/MVS/lib/64:/opt/MVS/lib/32:/opt/ros/humble/opt/rviz_ogre_vendor/lib:/opt/ros/humble/lib/x86_64-linux-gnu:/opt/ros/humble/lib:/opt/MVS/lib/64:/opt/MVS/lib/32 /usr/bin/cmake --build /home/blade_master/pnx/rmvision/build/light_detector -- -j22 -l22
[0.107s] Invoking command in '/home/blade_master/pnx/rmvision/build/light_detector': CMAKE_PREFIX_PATH=/home/blade_master/pnx/rmvision/install/auto_aim_interfaces:/home/blade_master/pnx/rmvision/install/rm_vision_bringup:/home/blade_master/pnx/rmvision/install/video_reader:/home/blade_master/pnx/rmvision/install/rm_serial_driver:/home/blade_master/pnx/rmvision/install/rm_gimbal_description:/home/blade_master/pnx/rmvision/install/rm_auto_aim_dart:/home/blade_master/pnx/rmvision/install/light_detector:/home/blade_master/pnx/rmvision/install/hik_camera:/opt/ros/humble LD_LIBRARY_PATH=/home/blade_master/pnx/rmvision/install/auto_aim_interfaces/lib:/home/blade_master/pnx/rmvision/install/video_reader/lib:/home/blade_master/pnx/rmvision/install/rm_serial_driver/lib:/home/blade_master/pnx/rmvision/install/light_detector/lib:/home/blade_master/pnx/rmvision/install/hik_camera/lib:/opt/MVS/lib/64:/opt/MVS/lib/32:/opt/MVS/lib/64:/opt/MVS/lib/32:/opt/MVS/lib/64:/opt/MVS/lib/32:/opt/ros/humble/opt/rviz_ogre_vendor/lib:/opt/ros/humble/lib/x86_64-linux-gnu:/opt/ros/humble/lib:/opt/MVS/lib/64:/opt/MVS/lib/32 /usr/bin/cmake --install /home/blade_master/pnx/rmvision/build/light_detector
[0.115s] -- Install configuration: ""
[0.116s] -- Execute custom install script
[0.117s] -- Up-to-date symlink: /home/blade_master/pnx/rmvision/install/light_detector/lib/light_detector/light_detector_node
[0.118s] -- Up-to-date symlink: /home/blade_master/pnx/rmvision/install/light_detector/include/detector.hpp
[0.118s] -- Up-to-date symlink: /home/blade_master/pnx/rmvision/install/light_detector/include/detector_node.hpp
[0.119s] -- Up-to-date symlink: /home/blade_master/pnx/rmvision/install/light_detector/include/kalman_filter.hpp
[0.119s] -- Up-to-date symlink: /home/blade_master/pnx/rmvision/install/light_detector/include/pnp_solver.hpp
[0.119s] -- Up-to-date symlink: /home/blade_master/pnx/rmvision/install/light_detector/share/light_detector/environment/library_path.sh
[0.120s] -- Up-to-date symlink: /home/blade_master/pnx/rmvision/install/light_detector/share/light_detector/environment/library_path.dsv
[0.120s] -- Up-to-date symlink: /home/blade_master/pnx/rmvision/install/light_detector/lib/liblight_detector.so
[0.121s] -- Up-to-date symlink: /home/blade_master/pnx/rmvision/install/light_detector/share/ament_index/resource_index/package_run_dependencies/light_detector
[0.121s] -- Up-to-date symlink: /home/blade_master/pnx/rmvision/install/light_detector/share/ament_index/resource_index/parent_prefix_path/light_detector
[0.122s] -- Up-to-date symlink: /home/blade_master/pnx/rmvision/install/light_detector/share/light_detector/environment/ament_prefix_path.sh
[0.122s] -- Up-to-date symlink: /home/blade_master/pnx/rmvision/install/light_detector/share/light_detector/environment/ament_prefix_path.dsv
[0.123s] -- Up-to-date symlink: /home/blade_master/pnx/rmvision/install/light_detector/share/light_detector/environment/path.sh
[0.123s] -- Up-to-date symlink: /home/blade_master/pnx/rmvision/install/light_detector/share/light_detector/environment/path.dsv
[0.124s] -- Up-to-date symlink: /home/blade_master/pnx/rmvision/install/light_detector/share/light_detector/local_setup.bash
[0.125s] -- Up-to-date symlink: /home/blade_master/pnx/rmvision/install/light_detector/share/light_detector/local_setup.sh
[0.126s] -- Up-to-date symlink: /home/blade_master/pnx/rmvision/install/light_detector/share/light_detector/local_setup.zsh
[0.126s] -- Up-to-date symlink: /home/blade_master/pnx/rmvision/install/light_detector/share/light_detector/local_setup.dsv
[0.126s] -- Symlinking: /home/blade_master/pnx/rmvision/install/light_detector/share/light_detector/package.dsv
[0.133s] -- Up-to-date symlink: /home/blade_master/pnx/rmvision/install/light_detector/share/ament_index/resource_index/packages/light_detector
[0.134s] -- Up-to-date symlink: /home/blade_master/pnx/rmvision/install/light_detector/share/ament_index/resource_index/rclcpp_components/light_detector
[0.134s] -- Up-to-date symlink: /home/blade_master/pnx/rmvision/install/light_detector/share/light_detector/cmake/ament_cmake_export_dependencies-extras.cmake
[0.135s] -- Up-to-date symlink: /home/blade_master/pnx/rmvision/install/light_detector/share/light_detector/cmake/ament_cmake_export_include_directories-extras.cmake
[0.136s] -- Up-to-date symlink: /home/blade_master/pnx/rmvision/install/light_detector/share/light_detector/cmake/ament_cmake_export_libraries-extras.cmake
[0.136s] -- Up-to-date symlink: /home/blade_master/pnx/rmvision/install/light_detector/share/light_detector/cmake/light_detectorConfig.cmake
[0.136s] -- Up-to-date symlink: /home/blade_master/pnx/rmvision/install/light_detector/share/light_detector/cmake/light_detectorConfig-version.cmake
[0.136s] -- Up-to-date symlink: /home/blade_master/pnx/rmvision/install/light_detector/share/light_detector/package.xml
[0.140s] Invoked command in '/home/blade_master/pnx/rmvision/build/light_detector' returned '0': CMAKE_PREFIX_PATH=/home/blade_master/pnx/rmvision/install/auto_aim_interfaces:/home/blade_master/pnx/rmvision/install/rm_vision_bringup:/home/blade_master/pnx/rmvision/install/video_reader:/home/blade_master/pnx/rmvision/install/rm_serial_driver:/home/blade_master/pnx/rmvision/install/rm_gimbal_description:/home/blade_master/pnx/rmvision/install/rm_auto_aim_dart:/home/blade_master/pnx/rmvision/install/light_detector:/home/blade_master/pnx/rmvision/install/hik_camera:/opt/ros/humble LD_LIBRARY_PATH=/home/blade_master/pnx/rmvision/install/auto_aim_interfaces/lib:/home/blade_master/pnx/rmvision/install/video_reader/lib:/home/blade_master/pnx/rmvision/install/rm_serial_driver/lib:/home/blade_master/pnx/rmvision/install/light_detector/lib:/home/blade_master/pnx/rmvision/install/hik_camera/lib:/opt/MVS/lib/64:/opt/MVS/lib/32:/opt/MVS/lib/64:/opt/MVS/lib/32:/opt/MVS/lib/64:/opt/MVS/lib/32:/opt/ros/humble/opt/rviz_ogre_vendor/lib:/opt/ros/humble/lib/x86_64-linux-gnu:/opt/ros/humble/lib:/opt/MVS/lib/64:/opt/MVS/lib/32 /usr/bin/cmake --install /home/blade_master/pnx/rmvision/build/light_detector
