[0.045s] Invoking command in '/home/blade_master/pnx/rmvision/build/light_detector': AMENT_PREFIX_PATH=/home/blade_master/pnx/rmvision/install/auto_aim_interfaces:${AMENT_PREFIX_PATH} CMAKE_PREFIX_PATH=/home/blade_master/pnx/rmvision/install/auto_aim_interfaces:/opt/ros/humble LD_LIBRARY_PATH=/home/blade_master/pnx/rmvision/install/auto_aim_interfaces/lib:/opt/MVS/lib/64:/opt/MVS/lib/32:/opt/MVS/lib/64:/opt/MVS/lib/32:/opt/MVS/lib/64:/opt/MVS/lib/32:/opt/ros/humble/opt/rviz_ogre_vendor/lib:/opt/ros/humble/lib/x86_64-linux-gnu:/opt/ros/humble/lib:/opt/MVS/lib/64:/opt/MVS/lib/32 PYTHONPATH=/home/blade_master/pnx/rmvision/install/auto_aim_interfaces/local/lib/python3.10/dist-packages:${PYTHONPATH} /usr/bin/cmake --build /home/blade_master/pnx/rmvision/build/light_detector -- -j22 -l22
[0.096s] [ 28%] Built target light_detector_node
[0.100s] [ 42%] [32mBuilding CXX object CMakeFiles/light_detector.dir/src/detector_node.cpp.o[0m
[23.143s] [ 57%] [32m[1mLinking CXX shared library liblight_detector.so[0m
[24.530s] [100%] Built target light_detector
[24.538s] Invoked command in '/home/blade_master/pnx/rmvision/build/light_detector' returned '0': AMENT_PREFIX_PATH=/home/blade_master/pnx/rmvision/install/auto_aim_interfaces:${AMENT_PREFIX_PATH} CMAKE_PREFIX_PATH=/home/blade_master/pnx/rmvision/install/auto_aim_interfaces:/opt/ros/humble LD_LIBRARY_PATH=/home/blade_master/pnx/rmvision/install/auto_aim_interfaces/lib:/opt/MVS/lib/64:/opt/MVS/lib/32:/opt/MVS/lib/64:/opt/MVS/lib/32:/opt/MVS/lib/64:/opt/MVS/lib/32:/opt/ros/humble/opt/rviz_ogre_vendor/lib:/opt/ros/humble/lib/x86_64-linux-gnu:/opt/ros/humble/lib:/opt/MVS/lib/64:/opt/MVS/lib/32 PYTHONPATH=/home/blade_master/pnx/rmvision/install/auto_aim_interfaces/local/lib/python3.10/dist-packages:${PYTHONPATH} /usr/bin/cmake --build /home/blade_master/pnx/rmvision/build/light_detector -- -j22 -l22
[24.541s] Invoking command in '/home/blade_master/pnx/rmvision/build/light_detector': AMENT_PREFIX_PATH=/home/blade_master/pnx/rmvision/install/auto_aim_interfaces:${AMENT_PREFIX_PATH} CMAKE_PREFIX_PATH=/home/blade_master/pnx/rmvision/install/auto_aim_interfaces:/opt/ros/humble LD_LIBRARY_PATH=/home/blade_master/pnx/rmvision/install/auto_aim_interfaces/lib:/opt/MVS/lib/64:/opt/MVS/lib/32:/opt/MVS/lib/64:/opt/MVS/lib/32:/opt/MVS/lib/64:/opt/MVS/lib/32:/opt/ros/humble/opt/rviz_ogre_vendor/lib:/opt/ros/humble/lib/x86_64-linux-gnu:/opt/ros/humble/lib:/opt/MVS/lib/64:/opt/MVS/lib/32 PYTHONPATH=/home/blade_master/pnx/rmvision/install/auto_aim_interfaces/local/lib/python3.10/dist-packages:${PYTHONPATH} /usr/bin/cmake --install /home/blade_master/pnx/rmvision/build/light_detector
[24.546s] -- Install configuration: ""
[24.547s] -- Execute custom install script
[24.547s] -- Up-to-date symlink: /home/blade_master/pnx/rmvision/install/light_detector/lib/light_detector/light_detector_node
[24.547s] -- Up-to-date symlink: /home/blade_master/pnx/rmvision/install/light_detector/include/detector.hpp
[24.547s] -- Up-to-date symlink: /home/blade_master/pnx/rmvision/install/light_detector/include/detector_node.hpp
[24.547s] -- Up-to-date symlink: /home/blade_master/pnx/rmvision/install/light_detector/include/kalman_filter.hpp
[24.548s] -- Up-to-date symlink: /home/blade_master/pnx/rmvision/install/light_detector/include/pnp_solver.hpp
[24.548s] -- Up-to-date symlink: /home/blade_master/pnx/rmvision/install/light_detector/share/light_detector/environment/library_path.sh
[24.548s] -- Up-to-date symlink: /home/blade_master/pnx/rmvision/install/light_detector/share/light_detector/environment/library_path.dsv
[24.548s] -- Up-to-date symlink: /home/blade_master/pnx/rmvision/install/light_detector/lib/liblight_detector.so
[24.549s] -- Up-to-date symlink: /home/blade_master/pnx/rmvision/install/light_detector/share/ament_index/resource_index/package_run_dependencies/light_detector
[24.549s] -- Up-to-date symlink: /home/blade_master/pnx/rmvision/install/light_detector/share/ament_index/resource_index/parent_prefix_path/light_detector
[24.549s] -- Up-to-date symlink: /home/blade_master/pnx/rmvision/install/light_detector/share/light_detector/environment/ament_prefix_path.sh
[24.549s] -- Up-to-date symlink: /home/blade_master/pnx/rmvision/install/light_detector/share/light_detector/environment/ament_prefix_path.dsv
[24.550s] -- Up-to-date symlink: /home/blade_master/pnx/rmvision/install/light_detector/share/light_detector/environment/path.sh
[24.550s] -- Up-to-date symlink: /home/blade_master/pnx/rmvision/install/light_detector/share/light_detector/environment/path.dsv
[24.550s] -- Up-to-date symlink: /home/blade_master/pnx/rmvision/install/light_detector/share/light_detector/local_setup.bash
[24.550s] -- Up-to-date symlink: /home/blade_master/pnx/rmvision/install/light_detector/share/light_detector/local_setup.sh
[24.550s] -- Up-to-date symlink: /home/blade_master/pnx/rmvision/install/light_detector/share/light_detector/local_setup.zsh
[24.551s] -- Up-to-date symlink: /home/blade_master/pnx/rmvision/install/light_detector/share/light_detector/local_setup.dsv
[24.551s] -- Symlinking: /home/blade_master/pnx/rmvision/install/light_detector/share/light_detector/package.dsv
[24.557s] -- Up-to-date symlink: /home/blade_master/pnx/rmvision/install/light_detector/share/ament_index/resource_index/packages/light_detector
[24.557s] -- Up-to-date symlink: /home/blade_master/pnx/rmvision/install/light_detector/share/ament_index/resource_index/rclcpp_components/light_detector
[24.557s] -- Up-to-date symlink: /home/blade_master/pnx/rmvision/install/light_detector/share/light_detector/cmake/ament_cmake_export_dependencies-extras.cmake
[24.557s] -- Up-to-date symlink: /home/blade_master/pnx/rmvision/install/light_detector/share/light_detector/cmake/ament_cmake_export_include_directories-extras.cmake
[24.557s] -- Up-to-date symlink: /home/blade_master/pnx/rmvision/install/light_detector/share/light_detector/cmake/ament_cmake_export_libraries-extras.cmake
[24.558s] -- Up-to-date symlink: /home/blade_master/pnx/rmvision/install/light_detector/share/light_detector/cmake/light_detectorConfig.cmake
[24.558s] -- Up-to-date symlink: /home/blade_master/pnx/rmvision/install/light_detector/share/light_detector/cmake/light_detectorConfig-version.cmake
[24.558s] -- Up-to-date symlink: /home/blade_master/pnx/rmvision/install/light_detector/share/light_detector/package.xml
[24.559s] Invoked command in '/home/blade_master/pnx/rmvision/build/light_detector' returned '0': AMENT_PREFIX_PATH=/home/blade_master/pnx/rmvision/install/auto_aim_interfaces:${AMENT_PREFIX_PATH} CMAKE_PREFIX_PATH=/home/blade_master/pnx/rmvision/install/auto_aim_interfaces:/opt/ros/humble LD_LIBRARY_PATH=/home/blade_master/pnx/rmvision/install/auto_aim_interfaces/lib:/opt/MVS/lib/64:/opt/MVS/lib/32:/opt/MVS/lib/64:/opt/MVS/lib/32:/opt/MVS/lib/64:/opt/MVS/lib/32:/opt/ros/humble/opt/rviz_ogre_vendor/lib:/opt/ros/humble/lib/x86_64-linux-gnu:/opt/ros/humble/lib:/opt/MVS/lib/64:/opt/MVS/lib/32 PYTHONPATH=/home/blade_master/pnx/rmvision/install/auto_aim_interfaces/local/lib/python3.10/dist-packages:${PYTHONPATH} /usr/bin/cmake --install /home/blade_master/pnx/rmvision/build/light_detector
