[0.107s] Invoking command in '/home/blade_master/pnx/rmvision/build/light_detector': AMENT_PREFIX_PATH=/home/blade_master/pnx/rmvision/install/auto_aim_interfaces:${AMENT_PREFIX_PATH} CMAKE_PREFIX_PATH=/home/blade_master/pnx/rmvision/install/auto_aim_interfaces:/opt/ros/humble LD_LIBRARY_PATH=/home/blade_master/pnx/rmvision/install/auto_aim_interfaces/lib:/opt/MVS/lib/64:/opt/MVS/lib/32:/opt/MVS/lib/64:/opt/MVS/lib/32:/opt/MVS/lib/64:/opt/MVS/lib/32:/opt/ros/humble/opt/rviz_ogre_vendor/lib:/opt/ros/humble/lib/x86_64-linux-gnu:/opt/ros/humble/lib:/opt/MVS/lib/64:/opt/MVS/lib/32 PYTHONPATH=/home/blade_master/pnx/rmvision/install/auto_aim_interfaces/local/lib/python3.10/dist-packages:${PYTHONPATH} /usr/bin/cmake /home/blade_master/pnx/rmvision/src/auto_aim/light_detector -DAMENT_CMAKE_SYMLINK_INSTALL=1 -DCMAKE_INSTALL_PREFIX=/home/blade_master/pnx/rmvision/install/light_detector
[0.235s] -- The C compiler identification is GNU 11.4.0
[0.666s] -- The CXX compiler identification is GNU 11.4.0
[0.914s] -- Detecting C compiler ABI info
[1.103s] -- Detecting C compiler ABI info - done
[1.114s] -- Check for working C compiler: /usr/bin/cc - skipped
[1.114s] -- Detecting C compile features
[1.114s] -- Detecting C compile features - done
[1.120s] -- Detecting CXX compiler ABI info
[1.295s] -- Detecting CXX compiler ABI info - done
[1.304s] -- Check for working CXX compiler: /usr/bin/c++ - skipped
[1.304s] -- Detecting CXX compile features
[1.304s] -- Detecting CXX compile features - done
[1.930s] -- Found OpenGL: /usr/lib/x86_64-linux-gnu/libOpenGL.so   
[1.933s] -- Found ament_cmake_auto: 1.3.11 (/opt/ros/humble/share/ament_cmake_auto/cmake)
[2.175s] -- Found Python3: /usr/bin/python3 (found version "3.10.12") found components: Interpreter 
[2.289s] -- Override CMake install command with custom implementation using symlinks instead of copying resources
[2.375s] -- Looking for pthread.h
[2.534s] -- Looking for pthread.h - found
[2.535s] -- Performing Test CMAKE_HAVE_LIBC_PTHREAD
[2.696s] -- Performing Test CMAKE_HAVE_LIBC_PTHREAD - Success
[2.697s] -- Found Threads: TRUE  
[2.711s] -- Found OpenCV: /usr (found version "4.5.4") 
[2.713s] -- Found rclcpp: 16.0.12 (/opt/ros/humble/share/rclcpp/cmake)
[2.781s] -- Found rosidl_generator_c: 3.1.6 (/opt/ros/humble/share/rosidl_generator_c/cmake)
[2.785s] -- Found rosidl_adapter: 3.1.6 (/opt/ros/humble/share/rosidl_adapter/cmake)
[2.796s] -- Found rosidl_generator_cpp: 3.1.6 (/opt/ros/humble/share/rosidl_generator_cpp/cmake)
[2.811s] -- Using all available rosidl_typesupport_c: rosidl_typesupport_fastrtps_c;rosidl_typesupport_introspection_c
[2.833s] -- Using all available rosidl_typesupport_cpp: rosidl_typesupport_fastrtps_cpp;rosidl_typesupport_introspection_cpp
[2.883s] -- Found rmw_implementation_cmake: 6.1.2 (/opt/ros/humble/share/rmw_implementation_cmake/cmake)
[2.886s] -- Found rmw_fastrtps_cpp: 6.2.7 (/opt/ros/humble/share/rmw_fastrtps_cpp/cmake)
[4.138s] -- Found OpenSSL: /usr/lib/x86_64-linux-gnu/libcrypto.so (found version "3.0.2")  
[5.333s] -- Found FastRTPS: /opt/ros/humble/include  
[7.453s] -- Using RMW implementation 'rmw_fastrtps_cpp' as default
[8.904s] -- Found eigen3_cmake_module: 0.1.1 (/opt/ros/humble/share/eigen3_cmake_module/cmake)
[8.906s] -- Found Eigen3: TRUE (found version "3.4.0") 
[8.906s] -- Ensuring Eigen3 include directory is part of orocos-kdl CMake target
[8.988s] -- g2o, OpenCV and fmt found, building light_detector
[9.005s] -- Configuring done
[9.030s] -- Generating done
[9.036s] -- Build files have been written to: /home/blade_master/pnx/rmvision/build/light_detector
[9.055s] Invoked command in '/home/blade_master/pnx/rmvision/build/light_detector' returned '0': AMENT_PREFIX_PATH=/home/blade_master/pnx/rmvision/install/auto_aim_interfaces:${AMENT_PREFIX_PATH} CMAKE_PREFIX_PATH=/home/blade_master/pnx/rmvision/install/auto_aim_interfaces:/opt/ros/humble LD_LIBRARY_PATH=/home/blade_master/pnx/rmvision/install/auto_aim_interfaces/lib:/opt/MVS/lib/64:/opt/MVS/lib/32:/opt/MVS/lib/64:/opt/MVS/lib/32:/opt/MVS/lib/64:/opt/MVS/lib/32:/opt/ros/humble/opt/rviz_ogre_vendor/lib:/opt/ros/humble/lib/x86_64-linux-gnu:/opt/ros/humble/lib:/opt/MVS/lib/64:/opt/MVS/lib/32 PYTHONPATH=/home/blade_master/pnx/rmvision/install/auto_aim_interfaces/local/lib/python3.10/dist-packages:${PYTHONPATH} /usr/bin/cmake /home/blade_master/pnx/rmvision/src/auto_aim/light_detector -DAMENT_CMAKE_SYMLINK_INSTALL=1 -DCMAKE_INSTALL_PREFIX=/home/blade_master/pnx/rmvision/install/light_detector
[9.058s] Invoking command in '/home/blade_master/pnx/rmvision/build/light_detector': AMENT_PREFIX_PATH=/home/blade_master/pnx/rmvision/install/auto_aim_interfaces:${AMENT_PREFIX_PATH} CMAKE_PREFIX_PATH=/home/blade_master/pnx/rmvision/install/auto_aim_interfaces:/opt/ros/humble LD_LIBRARY_PATH=/home/blade_master/pnx/rmvision/install/auto_aim_interfaces/lib:/opt/MVS/lib/64:/opt/MVS/lib/32:/opt/MVS/lib/64:/opt/MVS/lib/32:/opt/MVS/lib/64:/opt/MVS/lib/32:/opt/ros/humble/opt/rviz_ogre_vendor/lib:/opt/ros/humble/lib/x86_64-linux-gnu:/opt/ros/humble/lib:/opt/MVS/lib/64:/opt/MVS/lib/32 PYTHONPATH=/home/blade_master/pnx/rmvision/install/auto_aim_interfaces/local/lib/python3.10/dist-packages:${PYTHONPATH} /usr/bin/cmake --build /home/blade_master/pnx/rmvision/build/light_detector -- -j22 -l22
[9.109s] [ 14%] [32mBuilding CXX object CMakeFiles/light_detector.dir/src/detector.cpp.o[0m
[9.110s] [ 28%] [32mBuilding CXX object CMakeFiles/light_detector_node.dir/rclcpp_components/node_main_light_detector_node.cpp.o[0m
[9.110s] [ 42%] [32mBuilding CXX object CMakeFiles/light_detector.dir/src/pnp_solver.cpp.o[0m
[9.110s] [ 57%] [32mBuilding CXX object CMakeFiles/light_detector.dir/src/kalman_filter.cpp.o[0m
[9.110s] [ 71%] [32mBuilding CXX object CMakeFiles/light_detector.dir/src/detector_node.cpp.o[0m
[13.509s] [ 85%] [32m[1mLinking CXX executable light_detector_node[0m
[13.697s] [ 85%] Built target light_detector_node
[35.950s] [100%] [32m[1mLinking CXX shared library liblight_detector.so[0m
[37.513s] [100%] Built target light_detector
