[0.032s] Invoking command in '/home/blade_master/pnx/rmvision/build/auto_aim_interfaces': CMAKE_PREFIX_PATH=${CMAKE_PREFIX_PATH}:/opt/ros/humble /usr/bin/cmake --build /home/blade_master/pnx/rmvision/build/auto_aim_interfaces -- -j22 -l22
[0.129s] [  1%] Built target auto_aim_interfaces__cpp
[0.133s] [ 12%] Built target auto_aim_interfaces__rosidl_generator_c
[0.135s] [ 12%] Built target ament_cmake_python_symlink_auto_aim_interfaces
[0.159s] [ 28%] Built target auto_aim_interfaces__rosidl_typesupport_cpp
[0.160s] [ 34%] Built target auto_aim_interfaces__rosidl_typesupport_introspection_cpp
[0.169s] [ 57%] Built target auto_aim_interfaces__rosidl_typesupport_fastrtps_cpp
[0.170s] [ 55%] Built target auto_aim_interfaces__rosidl_typesupport_c
[0.170s] [ 68%] Built target auto_aim_interfaces__rosidl_typesupport_introspection_c
[0.171s] [ 79%] Built target auto_aim_interfaces__rosidl_typesupport_fastrtps_c
[0.194s] [ 79%] Built target auto_aim_interfaces
[0.219s] [ 80%] Built target auto_aim_interfaces__py
[0.248s] [ 90%] Built target auto_aim_interfaces__rosidl_generator_py
[0.269s] [ 96%] Built target auto_aim_interfaces__rosidl_typesupport_introspection_c__pyext
[0.269s] [ 96%] Built target auto_aim_interfaces__rosidl_typesupport_c__pyext
[0.274s] [100%] Built target auto_aim_interfaces__rosidl_typesupport_fastrtps_c__pyext
[0.422s] running egg_info
[0.423s] writing auto_aim_interfaces.egg-info/PKG-INFO
[0.424s] writing dependency_links to auto_aim_interfaces.egg-info/dependency_links.txt
[0.424s] writing top-level names to auto_aim_interfaces.egg-info/top_level.txt
[0.428s] reading manifest file 'auto_aim_interfaces.egg-info/SOURCES.txt'
[0.429s] writing manifest file 'auto_aim_interfaces.egg-info/SOURCES.txt'
[0.462s] [100%] Built target ament_cmake_python_build_auto_aim_interfaces_egg
[0.473s] Invoked command in '/home/blade_master/pnx/rmvision/build/auto_aim_interfaces' returned '0': CMAKE_PREFIX_PATH=${CMAKE_PREFIX_PATH}:/opt/ros/humble /usr/bin/cmake --build /home/blade_master/pnx/rmvision/build/auto_aim_interfaces -- -j22 -l22
[0.476s] Invoking command in '/home/blade_master/pnx/rmvision/build/auto_aim_interfaces': CMAKE_PREFIX_PATH=${CMAKE_PREFIX_PATH}:/opt/ros/humble /usr/bin/cmake --install /home/blade_master/pnx/rmvision/build/auto_aim_interfaces
[0.483s] -- Install configuration: ""
[0.484s] -- Execute custom install script
[0.485s] -- Up-to-date symlink: /home/blade_master/pnx/rmvision/install/auto_aim_interfaces/share/ament_index/resource_index/rosidl_interfaces/auto_aim_interfaces
[0.486s] -- Up-to-date symlink: /home/blade_master/pnx/rmvision/install/auto_aim_interfaces/include/auto_aim_interfaces/auto_aim_interfaces/msg/debug_light.h
[0.486s] -- Up-to-date symlink: /home/blade_master/pnx/rmvision/install/auto_aim_interfaces/include/auto_aim_interfaces/auto_aim_interfaces/msg/debug_lights.h
[0.487s] -- Up-to-date symlink: /home/blade_master/pnx/rmvision/install/auto_aim_interfaces/include/auto_aim_interfaces/auto_aim_interfaces/msg/detail/debug_light__functions.h
[0.487s] -- Up-to-date symlink: /home/blade_master/pnx/rmvision/install/auto_aim_interfaces/include/auto_aim_interfaces/auto_aim_interfaces/msg/detail/debug_light__struct.h
[0.487s] -- Up-to-date symlink: /home/blade_master/pnx/rmvision/install/auto_aim_interfaces/include/auto_aim_interfaces/auto_aim_interfaces/msg/detail/debug_light__type_support.h
[0.488s] -- Up-to-date symlink: /home/blade_master/pnx/rmvision/install/auto_aim_interfaces/include/auto_aim_interfaces/auto_aim_interfaces/msg/detail/debug_lights__functions.h
[0.488s] -- Up-to-date symlink: /home/blade_master/pnx/rmvision/install/auto_aim_interfaces/include/auto_aim_interfaces/auto_aim_interfaces/msg/detail/debug_lights__struct.h
[0.488s] -- Up-to-date symlink: /home/blade_master/pnx/rmvision/install/auto_aim_interfaces/include/auto_aim_interfaces/auto_aim_interfaces/msg/detail/debug_lights__type_support.h
[0.489s] -- Up-to-date symlink: /home/blade_master/pnx/rmvision/install/auto_aim_interfaces/include/auto_aim_interfaces/auto_aim_interfaces/msg/detail/light__functions.h
[0.489s] -- Up-to-date symlink: /home/blade_master/pnx/rmvision/install/auto_aim_interfaces/include/auto_aim_interfaces/auto_aim_interfaces/msg/detail/light__struct.h
[0.490s] -- Up-to-date symlink: /home/blade_master/pnx/rmvision/install/auto_aim_interfaces/include/auto_aim_interfaces/auto_aim_interfaces/msg/detail/light__type_support.h
[0.490s] -- Up-to-date symlink: /home/blade_master/pnx/rmvision/install/auto_aim_interfaces/include/auto_aim_interfaces/auto_aim_interfaces/msg/detail/lights__functions.h
[0.490s] -- Up-to-date symlink: /home/blade_master/pnx/rmvision/install/auto_aim_interfaces/include/auto_aim_interfaces/auto_aim_interfaces/msg/detail/lights__struct.h
[0.491s] -- Up-to-date symlink: /home/blade_master/pnx/rmvision/install/auto_aim_interfaces/include/auto_aim_interfaces/auto_aim_interfaces/msg/detail/lights__type_support.h
[0.491s] -- Up-to-date symlink: /home/blade_master/pnx/rmvision/install/auto_aim_interfaces/include/auto_aim_interfaces/auto_aim_interfaces/msg/detail/send__functions.h
[0.492s] -- Up-to-date symlink: /home/blade_master/pnx/rmvision/install/auto_aim_interfaces/include/auto_aim_interfaces/auto_aim_interfaces/msg/detail/send__struct.h
[0.492s] -- Up-to-date symlink: /home/blade_master/pnx/rmvision/install/auto_aim_interfaces/include/auto_aim_interfaces/auto_aim_interfaces/msg/detail/send__type_support.h
[0.493s] -- Up-to-date symlink: /home/blade_master/pnx/rmvision/install/auto_aim_interfaces/include/auto_aim_interfaces/auto_aim_interfaces/msg/light.h
[0.493s] -- Up-to-date symlink: /home/blade_master/pnx/rmvision/install/auto_aim_interfaces/include/auto_aim_interfaces/auto_aim_interfaces/msg/lights.h
[0.494s] -- Up-to-date symlink: /home/blade_master/pnx/rmvision/install/auto_aim_interfaces/include/auto_aim_interfaces/auto_aim_interfaces/msg/rosidl_generator_c__visibility_control.h
[0.494s] -- Up-to-date symlink: /home/blade_master/pnx/rmvision/install/auto_aim_interfaces/include/auto_aim_interfaces/auto_aim_interfaces/msg/send.h
[0.494s] -- Up-to-date symlink: /home/blade_master/pnx/rmvision/install/auto_aim_interfaces/share/auto_aim_interfaces/environment/library_path.sh
[0.495s] -- Up-to-date symlink: /home/blade_master/pnx/rmvision/install/auto_aim_interfaces/share/auto_aim_interfaces/environment/library_path.dsv
[0.496s] -- Up-to-date symlink: /home/blade_master/pnx/rmvision/install/auto_aim_interfaces/include/auto_aim_interfaces/auto_aim_interfaces/msg/detail/debug_light__rosidl_typesupport_fastrtps_c.h
[0.496s] -- Up-to-date symlink: /home/blade_master/pnx/rmvision/install/auto_aim_interfaces/include/auto_aim_interfaces/auto_aim_interfaces/msg/detail/debug_lights__rosidl_typesupport_fastrtps_c.h
[0.497s] -- Up-to-date symlink: /home/blade_master/pnx/rmvision/install/auto_aim_interfaces/include/auto_aim_interfaces/auto_aim_interfaces/msg/detail/light__rosidl_typesupport_fastrtps_c.h
[0.497s] -- Up-to-date symlink: /home/blade_master/pnx/rmvision/install/auto_aim_interfaces/include/auto_aim_interfaces/auto_aim_interfaces/msg/detail/lights__rosidl_typesupport_fastrtps_c.h
[0.498s] -- Up-to-date symlink: /home/blade_master/pnx/rmvision/install/auto_aim_interfaces/include/auto_aim_interfaces/auto_aim_interfaces/msg/detail/send__rosidl_typesupport_fastrtps_c.h
[0.498s] -- Up-to-date symlink: /home/blade_master/pnx/rmvision/install/auto_aim_interfaces/include/auto_aim_interfaces/auto_aim_interfaces/msg/rosidl_typesupport_fastrtps_c__visibility_control.h
[0.499s] -- Up-to-date symlink: /home/blade_master/pnx/rmvision/install/auto_aim_interfaces/include/auto_aim_interfaces/auto_aim_interfaces/msg/detail/debug_light__rosidl_typesupport_introspection_c.h
[0.499s] -- Up-to-date symlink: /home/blade_master/pnx/rmvision/install/auto_aim_interfaces/include/auto_aim_interfaces/auto_aim_interfaces/msg/detail/debug_lights__rosidl_typesupport_introspection_c.h
[0.500s] -- Up-to-date symlink: /home/blade_master/pnx/rmvision/install/auto_aim_interfaces/include/auto_aim_interfaces/auto_aim_interfaces/msg/detail/light__rosidl_typesupport_introspection_c.h
[0.500s] -- Up-to-date symlink: /home/blade_master/pnx/rmvision/install/auto_aim_interfaces/include/auto_aim_interfaces/auto_aim_interfaces/msg/detail/lights__rosidl_typesupport_introspection_c.h
[0.500s] -- Up-to-date symlink: /home/blade_master/pnx/rmvision/install/auto_aim_interfaces/include/auto_aim_interfaces/auto_aim_interfaces/msg/detail/send__rosidl_typesupport_introspection_c.h
[0.501s] -- Up-to-date symlink: /home/blade_master/pnx/rmvision/install/auto_aim_interfaces/include/auto_aim_interfaces/auto_aim_interfaces/msg/rosidl_typesupport_introspection_c__visibility_control.h
[0.501s] -- Up-to-date symlink: /home/blade_master/pnx/rmvision/install/auto_aim_interfaces/include/auto_aim_interfaces/auto_aim_interfaces/msg/debug_light.hpp
[0.502s] -- Up-to-date symlink: /home/blade_master/pnx/rmvision/install/auto_aim_interfaces/include/auto_aim_interfaces/auto_aim_interfaces/msg/debug_lights.hpp
[0.502s] -- Up-to-date symlink: /home/blade_master/pnx/rmvision/install/auto_aim_interfaces/include/auto_aim_interfaces/auto_aim_interfaces/msg/detail/debug_light__builder.hpp
[0.502s] -- Up-to-date symlink: /home/blade_master/pnx/rmvision/install/auto_aim_interfaces/include/auto_aim_interfaces/auto_aim_interfaces/msg/detail/debug_light__struct.hpp
[0.503s] -- Up-to-date symlink: /home/blade_master/pnx/rmvision/install/auto_aim_interfaces/include/auto_aim_interfaces/auto_aim_interfaces/msg/detail/debug_light__traits.hpp
[0.503s] -- Up-to-date symlink: /home/blade_master/pnx/rmvision/install/auto_aim_interfaces/include/auto_aim_interfaces/auto_aim_interfaces/msg/detail/debug_light__type_support.hpp
[0.504s] -- Up-to-date symlink: /home/blade_master/pnx/rmvision/install/auto_aim_interfaces/include/auto_aim_interfaces/auto_aim_interfaces/msg/detail/debug_lights__builder.hpp
[0.504s] -- Up-to-date symlink: /home/blade_master/pnx/rmvision/install/auto_aim_interfaces/include/auto_aim_interfaces/auto_aim_interfaces/msg/detail/debug_lights__struct.hpp
[0.504s] -- Up-to-date symlink: /home/blade_master/pnx/rmvision/install/auto_aim_interfaces/include/auto_aim_interfaces/auto_aim_interfaces/msg/detail/debug_lights__traits.hpp
[0.505s] -- Up-to-date symlink: /home/blade_master/pnx/rmvision/install/auto_aim_interfaces/include/auto_aim_interfaces/auto_aim_interfaces/msg/detail/debug_lights__type_support.hpp
[0.505s] -- Up-to-date symlink: /home/blade_master/pnx/rmvision/install/auto_aim_interfaces/include/auto_aim_interfaces/auto_aim_interfaces/msg/detail/light__builder.hpp
[0.506s] -- Up-to-date symlink: /home/blade_master/pnx/rmvision/install/auto_aim_interfaces/include/auto_aim_interfaces/auto_aim_interfaces/msg/detail/light__struct.hpp
[0.506s] -- Up-to-date symlink: /home/blade_master/pnx/rmvision/install/auto_aim_interfaces/include/auto_aim_interfaces/auto_aim_interfaces/msg/detail/light__traits.hpp
[0.506s] -- Up-to-date symlink: /home/blade_master/pnx/rmvision/install/auto_aim_interfaces/include/auto_aim_interfaces/auto_aim_interfaces/msg/detail/light__type_support.hpp
[0.507s] -- Up-to-date symlink: /home/blade_master/pnx/rmvision/install/auto_aim_interfaces/include/auto_aim_interfaces/auto_aim_interfaces/msg/detail/lights__builder.hpp
[0.507s] -- Up-to-date symlink: /home/blade_master/pnx/rmvision/install/auto_aim_interfaces/include/auto_aim_interfaces/auto_aim_interfaces/msg/detail/lights__struct.hpp
[0.507s] -- Up-to-date symlink: /home/blade_master/pnx/rmvision/install/auto_aim_interfaces/include/auto_aim_interfaces/auto_aim_interfaces/msg/detail/lights__traits.hpp
[0.508s] -- Up-to-date symlink: /home/blade_master/pnx/rmvision/install/auto_aim_interfaces/include/auto_aim_interfaces/auto_aim_interfaces/msg/detail/lights__type_support.hpp
[0.508s] -- Up-to-date symlink: /home/blade_master/pnx/rmvision/install/auto_aim_interfaces/include/auto_aim_interfaces/auto_aim_interfaces/msg/detail/send__builder.hpp
[0.508s] -- Up-to-date symlink: /home/blade_master/pnx/rmvision/install/auto_aim_interfaces/include/auto_aim_interfaces/auto_aim_interfaces/msg/detail/send__struct.hpp
[0.508s] -- Up-to-date symlink: /home/blade_master/pnx/rmvision/install/auto_aim_interfaces/include/auto_aim_interfaces/auto_aim_interfaces/msg/detail/send__traits.hpp
[0.509s] -- Up-to-date symlink: /home/blade_master/pnx/rmvision/install/auto_aim_interfaces/include/auto_aim_interfaces/auto_aim_interfaces/msg/detail/send__type_support.hpp
[0.509s] -- Up-to-date symlink: /home/blade_master/pnx/rmvision/install/auto_aim_interfaces/include/auto_aim_interfaces/auto_aim_interfaces/msg/light.hpp
[0.509s] -- Up-to-date symlink: /home/blade_master/pnx/rmvision/install/auto_aim_interfaces/include/auto_aim_interfaces/auto_aim_interfaces/msg/lights.hpp
[0.510s] -- Up-to-date symlink: /home/blade_master/pnx/rmvision/install/auto_aim_interfaces/include/auto_aim_interfaces/auto_aim_interfaces/msg/rosidl_generator_cpp__visibility_control.hpp
[0.510s] -- Up-to-date symlink: /home/blade_master/pnx/rmvision/install/auto_aim_interfaces/include/auto_aim_interfaces/auto_aim_interfaces/msg/send.hpp
[0.511s] -- Up-to-date symlink: /home/blade_master/pnx/rmvision/install/auto_aim_interfaces/include/auto_aim_interfaces/auto_aim_interfaces/msg/detail/debug_light__rosidl_typesupport_fastrtps_cpp.hpp
[0.511s] -- Up-to-date symlink: /home/blade_master/pnx/rmvision/install/auto_aim_interfaces/include/auto_aim_interfaces/auto_aim_interfaces/msg/detail/debug_lights__rosidl_typesupport_fastrtps_cpp.hpp
[0.512s] -- Up-to-date symlink: /home/blade_master/pnx/rmvision/install/auto_aim_interfaces/include/auto_aim_interfaces/auto_aim_interfaces/msg/detail/light__rosidl_typesupport_fastrtps_cpp.hpp
[0.512s] -- Up-to-date symlink: /home/blade_master/pnx/rmvision/install/auto_aim_interfaces/include/auto_aim_interfaces/auto_aim_interfaces/msg/detail/lights__rosidl_typesupport_fastrtps_cpp.hpp
[0.513s] -- Up-to-date symlink: /home/blade_master/pnx/rmvision/install/auto_aim_interfaces/include/auto_aim_interfaces/auto_aim_interfaces/msg/detail/send__rosidl_typesupport_fastrtps_cpp.hpp
[0.513s] -- Up-to-date symlink: /home/blade_master/pnx/rmvision/install/auto_aim_interfaces/include/auto_aim_interfaces/auto_aim_interfaces/msg/rosidl_typesupport_fastrtps_cpp__visibility_control.h
[0.513s] -- Up-to-date symlink: /home/blade_master/pnx/rmvision/install/auto_aim_interfaces/include/auto_aim_interfaces/auto_aim_interfaces/msg/detail/debug_light__rosidl_typesupport_introspection_cpp.hpp
[0.514s] -- Up-to-date symlink: /home/blade_master/pnx/rmvision/install/auto_aim_interfaces/include/auto_aim_interfaces/auto_aim_interfaces/msg/detail/debug_lights__rosidl_typesupport_introspection_cpp.hpp
[0.514s] -- Up-to-date symlink: /home/blade_master/pnx/rmvision/install/auto_aim_interfaces/include/auto_aim_interfaces/auto_aim_interfaces/msg/detail/light__rosidl_typesupport_introspection_cpp.hpp
[0.514s] -- Up-to-date symlink: /home/blade_master/pnx/rmvision/install/auto_aim_interfaces/include/auto_aim_interfaces/auto_aim_interfaces/msg/detail/lights__rosidl_typesupport_introspection_cpp.hpp
[0.515s] -- Up-to-date symlink: /home/blade_master/pnx/rmvision/install/auto_aim_interfaces/include/auto_aim_interfaces/auto_aim_interfaces/msg/detail/send__rosidl_typesupport_introspection_cpp.hpp
[0.515s] -- Up-to-date symlink: /home/blade_master/pnx/rmvision/install/auto_aim_interfaces/share/auto_aim_interfaces/environment/pythonpath.sh
[0.516s] -- Up-to-date symlink: /home/blade_master/pnx/rmvision/install/auto_aim_interfaces/share/auto_aim_interfaces/environment/pythonpath.dsv
[0.516s] -- Up-to-date symlink: /home/blade_master/pnx/rmvision/install/auto_aim_interfaces/local/lib/python3.10/dist-packages/auto_aim_interfaces-0.0.0-py3.10.egg-info/PKG-INFO
[0.517s] -- Up-to-date symlink: /home/blade_master/pnx/rmvision/install/auto_aim_interfaces/local/lib/python3.10/dist-packages/auto_aim_interfaces-0.0.0-py3.10.egg-info/SOURCES.txt
[0.517s] -- Up-to-date symlink: /home/blade_master/pnx/rmvision/install/auto_aim_interfaces/local/lib/python3.10/dist-packages/auto_aim_interfaces-0.0.0-py3.10.egg-info/dependency_links.txt
[0.517s] -- Up-to-date symlink: /home/blade_master/pnx/rmvision/install/auto_aim_interfaces/local/lib/python3.10/dist-packages/auto_aim_interfaces-0.0.0-py3.10.egg-info/top_level.txt
[0.519s] -- Up-to-date symlink: /home/blade_master/pnx/rmvision/install/auto_aim_interfaces/local/lib/python3.10/dist-packages/auto_aim_interfaces/__init__.py
[0.519s] -- Up-to-date symlink: /home/blade_master/pnx/rmvision/install/auto_aim_interfaces/local/lib/python3.10/dist-packages/auto_aim_interfaces/_auto_aim_interfaces_s.ep.rosidl_typesupport_c.c
[0.519s] -- Up-to-date symlink: /home/blade_master/pnx/rmvision/install/auto_aim_interfaces/local/lib/python3.10/dist-packages/auto_aim_interfaces/_auto_aim_interfaces_s.ep.rosidl_typesupport_fastrtps_c.c
[0.520s] -- Up-to-date symlink: /home/blade_master/pnx/rmvision/install/auto_aim_interfaces/local/lib/python3.10/dist-packages/auto_aim_interfaces/_auto_aim_interfaces_s.ep.rosidl_typesupport_introspection_c.c
[0.520s] -- Up-to-date symlink: /home/blade_master/pnx/rmvision/install/auto_aim_interfaces/local/lib/python3.10/dist-packages/auto_aim_interfaces/auto_aim_interfaces_s__rosidl_typesupport_c.cpython-310-x86_64-linux-gnu.so
[0.520s] -- Up-to-date symlink: /home/blade_master/pnx/rmvision/install/auto_aim_interfaces/local/lib/python3.10/dist-packages/auto_aim_interfaces/auto_aim_interfaces_s__rosidl_typesupport_fastrtps_c.cpython-310-x86_64-linux-gnu.so
[0.521s] -- Up-to-date symlink: /home/blade_master/pnx/rmvision/install/auto_aim_interfaces/local/lib/python3.10/dist-packages/auto_aim_interfaces/auto_aim_interfaces_s__rosidl_typesupport_introspection_c.cpython-310-x86_64-linux-gnu.so
[0.521s] -- Up-to-date symlink: /home/blade_master/pnx/rmvision/install/auto_aim_interfaces/local/lib/python3.10/dist-packages/auto_aim_interfaces/libauto_aim_interfaces__rosidl_generator_py.so
[0.521s] -- Up-to-date symlink: /home/blade_master/pnx/rmvision/install/auto_aim_interfaces/local/lib/python3.10/dist-packages/auto_aim_interfaces/msg/__init__.py
[0.522s] -- Up-to-date symlink: /home/blade_master/pnx/rmvision/install/auto_aim_interfaces/local/lib/python3.10/dist-packages/auto_aim_interfaces/msg/_debug_light.py
[0.522s] -- Up-to-date symlink: /home/blade_master/pnx/rmvision/install/auto_aim_interfaces/local/lib/python3.10/dist-packages/auto_aim_interfaces/msg/_debug_light_s.c
[0.522s] -- Up-to-date symlink: /home/blade_master/pnx/rmvision/install/auto_aim_interfaces/local/lib/python3.10/dist-packages/auto_aim_interfaces/msg/_debug_lights.py
[0.523s] -- Up-to-date symlink: /home/blade_master/pnx/rmvision/install/auto_aim_interfaces/local/lib/python3.10/dist-packages/auto_aim_interfaces/msg/_debug_lights_s.c
[0.523s] -- Up-to-date symlink: /home/blade_master/pnx/rmvision/install/auto_aim_interfaces/local/lib/python3.10/dist-packages/auto_aim_interfaces/msg/_light.py
[0.523s] -- Up-to-date symlink: /home/blade_master/pnx/rmvision/install/auto_aim_interfaces/local/lib/python3.10/dist-packages/auto_aim_interfaces/msg/_light_s.c
[0.524s] -- Up-to-date symlink: /home/blade_master/pnx/rmvision/install/auto_aim_interfaces/local/lib/python3.10/dist-packages/auto_aim_interfaces/msg/_lights.py
[0.524s] -- Up-to-date symlink: /home/blade_master/pnx/rmvision/install/auto_aim_interfaces/local/lib/python3.10/dist-packages/auto_aim_interfaces/msg/_lights_s.c
[0.525s] -- Up-to-date symlink: /home/blade_master/pnx/rmvision/install/auto_aim_interfaces/local/lib/python3.10/dist-packages/auto_aim_interfaces/msg/_send.py
[0.525s] -- Up-to-date symlink: /home/blade_master/pnx/rmvision/install/auto_aim_interfaces/local/lib/python3.10/dist-packages/auto_aim_interfaces/msg/_send_s.c
[0.525s] -- Up-to-date symlink: /home/blade_master/pnx/rmvision/install/auto_aim_interfaces/local/lib/python3.10/dist-packages/auto_aim_interfaces/auto_aim_interfaces_s__rosidl_typesupport_fastrtps_c.cpython-310-x86_64-linux-gnu.so
[0.526s] -- Up-to-date symlink: /home/blade_master/pnx/rmvision/install/auto_aim_interfaces/local/lib/python3.10/dist-packages/auto_aim_interfaces/auto_aim_interfaces_s__rosidl_typesupport_introspection_c.cpython-310-x86_64-linux-gnu.so
[0.526s] -- Up-to-date symlink: /home/blade_master/pnx/rmvision/install/auto_aim_interfaces/local/lib/python3.10/dist-packages/auto_aim_interfaces/auto_aim_interfaces_s__rosidl_typesupport_c.cpython-310-x86_64-linux-gnu.so
[0.527s] -- Up-to-date symlink: /home/blade_master/pnx/rmvision/install/auto_aim_interfaces/share/auto_aim_interfaces/msg/Light.idl
[0.527s] -- Up-to-date symlink: /home/blade_master/pnx/rmvision/install/auto_aim_interfaces/share/auto_aim_interfaces/msg/Lights.idl
[0.528s] -- Up-to-date symlink: /home/blade_master/pnx/rmvision/install/auto_aim_interfaces/share/auto_aim_interfaces/msg/DebugLight.idl
[0.528s] -- Up-to-date symlink: /home/blade_master/pnx/rmvision/install/auto_aim_interfaces/share/auto_aim_interfaces/msg/DebugLights.idl
[0.528s] -- Up-to-date symlink: /home/blade_master/pnx/rmvision/install/auto_aim_interfaces/share/auto_aim_interfaces/msg/Send.idl
[0.529s] -- Up-to-date symlink: /home/blade_master/pnx/rmvision/install/auto_aim_interfaces/share/auto_aim_interfaces/msg/Light.msg
[0.529s] -- Up-to-date symlink: /home/blade_master/pnx/rmvision/install/auto_aim_interfaces/share/auto_aim_interfaces/msg/Lights.msg
[0.529s] -- Up-to-date symlink: /home/blade_master/pnx/rmvision/install/auto_aim_interfaces/share/auto_aim_interfaces/msg/DebugLight.msg
[0.530s] -- Up-to-date symlink: /home/blade_master/pnx/rmvision/install/auto_aim_interfaces/share/auto_aim_interfaces/msg/DebugLights.msg
[0.530s] -- Up-to-date symlink: /home/blade_master/pnx/rmvision/install/auto_aim_interfaces/share/auto_aim_interfaces/msg/Send.msg
[0.531s] -- Up-to-date symlink: /home/blade_master/pnx/rmvision/install/auto_aim_interfaces/share/ament_index/resource_index/package_run_dependencies/auto_aim_interfaces
[0.531s] -- Up-to-date symlink: /home/blade_master/pnx/rmvision/install/auto_aim_interfaces/share/ament_index/resource_index/parent_prefix_path/auto_aim_interfaces
[0.531s] -- Up-to-date symlink: /home/blade_master/pnx/rmvision/install/auto_aim_interfaces/share/auto_aim_interfaces/environment/ament_prefix_path.sh
[0.532s] -- Up-to-date symlink: /home/blade_master/pnx/rmvision/install/auto_aim_interfaces/share/auto_aim_interfaces/environment/ament_prefix_path.dsv
[0.532s] -- Up-to-date symlink: /home/blade_master/pnx/rmvision/install/auto_aim_interfaces/share/auto_aim_interfaces/environment/path.sh
[0.533s] -- Up-to-date symlink: /home/blade_master/pnx/rmvision/install/auto_aim_interfaces/share/auto_aim_interfaces/environment/path.dsv
[0.533s] -- Up-to-date symlink: /home/blade_master/pnx/rmvision/install/auto_aim_interfaces/share/auto_aim_interfaces/local_setup.bash
[0.533s] -- Up-to-date symlink: /home/blade_master/pnx/rmvision/install/auto_aim_interfaces/share/auto_aim_interfaces/local_setup.sh
[0.534s] -- Up-to-date symlink: /home/blade_master/pnx/rmvision/install/auto_aim_interfaces/share/auto_aim_interfaces/local_setup.zsh
[0.534s] -- Up-to-date symlink: /home/blade_master/pnx/rmvision/install/auto_aim_interfaces/share/auto_aim_interfaces/local_setup.dsv
[0.535s] -- Symlinking: /home/blade_master/pnx/rmvision/install/auto_aim_interfaces/share/auto_aim_interfaces/package.dsv
[0.543s] -- Up-to-date symlink: /home/blade_master/pnx/rmvision/install/auto_aim_interfaces/share/ament_index/resource_index/packages/auto_aim_interfaces
[0.543s] -- Up-to-date symlink: /home/blade_master/pnx/rmvision/install/auto_aim_interfaces/share/auto_aim_interfaces/cmake/rosidl_cmake-extras.cmake
[0.543s] -- Up-to-date symlink: /home/blade_master/pnx/rmvision/install/auto_aim_interfaces/share/auto_aim_interfaces/cmake/ament_cmake_export_dependencies-extras.cmake
[0.543s] -- Up-to-date symlink: /home/blade_master/pnx/rmvision/install/auto_aim_interfaces/share/auto_aim_interfaces/cmake/ament_cmake_export_include_directories-extras.cmake
[0.544s] -- Up-to-date symlink: /home/blade_master/pnx/rmvision/install/auto_aim_interfaces/share/auto_aim_interfaces/cmake/ament_cmake_export_libraries-extras.cmake
[0.544s] -- Up-to-date symlink: /home/blade_master/pnx/rmvision/install/auto_aim_interfaces/share/auto_aim_interfaces/cmake/ament_cmake_export_targets-extras.cmake
[0.544s] -- Up-to-date symlink: /home/blade_master/pnx/rmvision/install/auto_aim_interfaces/share/auto_aim_interfaces/cmake/rosidl_cmake_export_typesupport_targets-extras.cmake
[0.545s] -- Up-to-date symlink: /home/blade_master/pnx/rmvision/install/auto_aim_interfaces/share/auto_aim_interfaces/cmake/rosidl_cmake_export_typesupport_libraries-extras.cmake
[0.545s] -- Up-to-date symlink: /home/blade_master/pnx/rmvision/install/auto_aim_interfaces/share/auto_aim_interfaces/cmake/auto_aim_interfacesConfig.cmake
[0.546s] -- Up-to-date symlink: /home/blade_master/pnx/rmvision/install/auto_aim_interfaces/share/auto_aim_interfaces/cmake/auto_aim_interfacesConfig-version.cmake
[0.546s] -- Up-to-date symlink: /home/blade_master/pnx/rmvision/install/auto_aim_interfaces/share/auto_aim_interfaces/package.xml
[0.547s] -- Up-to-date: /home/blade_master/pnx/rmvision/install/auto_aim_interfaces/lib/libauto_aim_interfaces__rosidl_generator_c.so
[0.547s] -- Up-to-date: /home/blade_master/pnx/rmvision/install/auto_aim_interfaces/lib/libauto_aim_interfaces__rosidl_typesupport_fastrtps_c.so
[0.548s] -- Up-to-date: /home/blade_master/pnx/rmvision/install/auto_aim_interfaces/lib/libauto_aim_interfaces__rosidl_typesupport_introspection_c.so
[0.548s] -- Up-to-date: /home/blade_master/pnx/rmvision/install/auto_aim_interfaces/lib/libauto_aim_interfaces__rosidl_typesupport_c.so
[0.548s] -- Up-to-date: /home/blade_master/pnx/rmvision/install/auto_aim_interfaces/lib/libauto_aim_interfaces__rosidl_typesupport_fastrtps_cpp.so
[0.548s] -- Up-to-date: /home/blade_master/pnx/rmvision/install/auto_aim_interfaces/lib/libauto_aim_interfaces__rosidl_typesupport_introspection_cpp.so
[0.548s] -- Up-to-date: /home/blade_master/pnx/rmvision/install/auto_aim_interfaces/lib/libauto_aim_interfaces__rosidl_typesupport_cpp.so
[0.577s] Listing '/home/blade_master/pnx/rmvision/install/auto_aim_interfaces/local/lib/python3.10/dist-packages/auto_aim_interfaces'...
[0.577s] Listing '/home/blade_master/pnx/rmvision/install/auto_aim_interfaces/local/lib/python3.10/dist-packages/auto_aim_interfaces/msg'...
[0.582s] -- Up-to-date: /home/blade_master/pnx/rmvision/install/auto_aim_interfaces/lib/libauto_aim_interfaces__rosidl_generator_py.so
[0.583s] -- Up-to-date: /home/blade_master/pnx/rmvision/install/auto_aim_interfaces/share/auto_aim_interfaces/cmake/export_auto_aim_interfaces__rosidl_generator_cExport.cmake
[0.583s] -- Up-to-date: /home/blade_master/pnx/rmvision/install/auto_aim_interfaces/share/auto_aim_interfaces/cmake/export_auto_aim_interfaces__rosidl_generator_cExport-noconfig.cmake
[0.583s] -- Up-to-date: /home/blade_master/pnx/rmvision/install/auto_aim_interfaces/share/auto_aim_interfaces/cmake/export_auto_aim_interfaces__rosidl_typesupport_fastrtps_cExport.cmake
[0.583s] -- Up-to-date: /home/blade_master/pnx/rmvision/install/auto_aim_interfaces/share/auto_aim_interfaces/cmake/export_auto_aim_interfaces__rosidl_typesupport_fastrtps_cExport-noconfig.cmake
[0.584s] -- Up-to-date: /home/blade_master/pnx/rmvision/install/auto_aim_interfaces/share/auto_aim_interfaces/cmake/auto_aim_interfaces__rosidl_typesupport_introspection_cExport.cmake
[0.584s] -- Up-to-date: /home/blade_master/pnx/rmvision/install/auto_aim_interfaces/share/auto_aim_interfaces/cmake/auto_aim_interfaces__rosidl_typesupport_introspection_cExport-noconfig.cmake
[0.584s] -- Up-to-date: /home/blade_master/pnx/rmvision/install/auto_aim_interfaces/share/auto_aim_interfaces/cmake/auto_aim_interfaces__rosidl_typesupport_cExport.cmake
[0.584s] -- Up-to-date: /home/blade_master/pnx/rmvision/install/auto_aim_interfaces/share/auto_aim_interfaces/cmake/auto_aim_interfaces__rosidl_typesupport_cExport-noconfig.cmake
[0.584s] -- Up-to-date: /home/blade_master/pnx/rmvision/install/auto_aim_interfaces/share/auto_aim_interfaces/cmake/export_auto_aim_interfaces__rosidl_generator_cppExport.cmake
[0.585s] -- Up-to-date: /home/blade_master/pnx/rmvision/install/auto_aim_interfaces/share/auto_aim_interfaces/cmake/export_auto_aim_interfaces__rosidl_typesupport_fastrtps_cppExport.cmake
[0.585s] -- Up-to-date: /home/blade_master/pnx/rmvision/install/auto_aim_interfaces/share/auto_aim_interfaces/cmake/export_auto_aim_interfaces__rosidl_typesupport_fastrtps_cppExport-noconfig.cmake
[0.585s] -- Up-to-date: /home/blade_master/pnx/rmvision/install/auto_aim_interfaces/share/auto_aim_interfaces/cmake/auto_aim_interfaces__rosidl_typesupport_introspection_cppExport.cmake
[0.585s] -- Up-to-date: /home/blade_master/pnx/rmvision/install/auto_aim_interfaces/share/auto_aim_interfaces/cmake/auto_aim_interfaces__rosidl_typesupport_introspection_cppExport-noconfig.cmake
[0.585s] -- Up-to-date: /home/blade_master/pnx/rmvision/install/auto_aim_interfaces/share/auto_aim_interfaces/cmake/auto_aim_interfaces__rosidl_typesupport_cppExport.cmake
[0.585s] -- Up-to-date: /home/blade_master/pnx/rmvision/install/auto_aim_interfaces/share/auto_aim_interfaces/cmake/auto_aim_interfaces__rosidl_typesupport_cppExport-noconfig.cmake
[0.586s] -- Up-to-date: /home/blade_master/pnx/rmvision/install/auto_aim_interfaces/share/auto_aim_interfaces/cmake/export_auto_aim_interfaces__rosidl_generator_pyExport.cmake
[0.586s] -- Up-to-date: /home/blade_master/pnx/rmvision/install/auto_aim_interfaces/share/auto_aim_interfaces/cmake/export_auto_aim_interfaces__rosidl_generator_pyExport-noconfig.cmake
[0.589s] Invoked command in '/home/blade_master/pnx/rmvision/build/auto_aim_interfaces' returned '0': CMAKE_PREFIX_PATH=${CMAKE_PREFIX_PATH}:/opt/ros/humble /usr/bin/cmake --install /home/blade_master/pnx/rmvision/build/auto_aim_interfaces
