[0.071s] Invoking command in '/home/blade_master/pnx/rmvision/build/rm_auto_aim_dart': CMAKE_PREFIX_PATH=/home/blade_master/pnx/rmvision/install/light_detector:/home/blade_master/pnx/rmvision/install/auto_aim_interfaces:/home/blade_master/pnx/rmvision/install/rm_vision_bringup:/home/blade_master/pnx/rmvision/install/video_reader:/home/blade_master/pnx/rmvision/install/rm_serial_driver:/home/blade_master/pnx/rmvision/install/rm_gimbal_description:/home/blade_master/pnx/rmvision/install/rm_auto_aim_dart:/home/blade_master/pnx/rmvision/install/hik_camera:/opt/ros/humble LD_LIBRARY_PATH=/home/blade_master/pnx/rmvision/install/light_detector/lib:/home/blade_master/pnx/rmvision/install/auto_aim_interfaces/lib:/home/blade_master/pnx/rmvision/install/video_reader/lib:/home/blade_master/pnx/rmvision/install/rm_serial_driver/lib:/home/blade_master/pnx/rmvision/install/hik_camera/lib:/opt/MVS/lib/64:/opt/MVS/lib/32:/opt/MVS/lib/64:/opt/MVS/lib/32:/opt/MVS/lib/64:/opt/MVS/lib/32:/opt/ros/humble/opt/rviz_ogre_vendor/lib:/opt/ros/humble/lib/x86_64-linux-gnu:/opt/ros/humble/lib:/opt/MVS/lib/64:/opt/MVS/lib/32 /usr/bin/cmake /home/blade_master/pnx/rmvision/src/auto_aim/rm_auto_aim_dart -DAMENT_CMAKE_SYMLINK_INSTALL=1 -DCMAKE_INSTALL_PREFIX=/home/blade_master/pnx/rmvision/install/rm_auto_aim_dart
[0.141s] -- The C compiler identification is GNU 11.4.0
[0.359s] -- The CXX compiler identification is GNU 11.4.0
[0.544s] -- Detecting C compiler ABI info
[0.624s] -- Detecting C compiler ABI info - done
[0.628s] -- Check for working C compiler: /usr/bin/cc - skipped
[0.628s] -- Detecting C compile features
[0.629s] -- Detecting C compile features - done
[0.631s] -- Detecting CXX compiler ABI info
[0.718s] -- Detecting CXX compiler ABI info - done
[0.723s] -- Check for working CXX compiler: /usr/bin/c++ - skipped
[0.723s] -- Detecting CXX compile features
[0.724s] -- Detecting CXX compile features - done
[0.725s] -- Found ament_cmake_auto: 1.3.11 (/opt/ros/humble/share/ament_cmake_auto/cmake)
[0.839s] -- Found Python3: /usr/bin/python3 (found version "3.10.12") found components: Interpreter 
[0.889s] -- Override CMake install command with custom implementation using symlinks instead of copying resources
[0.907s] -- Found ament_lint_auto: 0.12.12 (/opt/ros/humble/share/ament_lint_auto/cmake)
[0.965s] -- Added test 'lint_cmake' to check CMake code style
[0.966s] -- Added test 'xmllint' to check XML markup files
[0.967s] -- Configuring done
[0.970s] -- Generating done
[0.971s] -- Build files have been written to: /home/blade_master/pnx/rmvision/build/rm_auto_aim_dart
[0.976s] Invoked command in '/home/blade_master/pnx/rmvision/build/rm_auto_aim_dart' returned '0': CMAKE_PREFIX_PATH=/home/blade_master/pnx/rmvision/install/light_detector:/home/blade_master/pnx/rmvision/install/auto_aim_interfaces:/home/blade_master/pnx/rmvision/install/rm_vision_bringup:/home/blade_master/pnx/rmvision/install/video_reader:/home/blade_master/pnx/rmvision/install/rm_serial_driver:/home/blade_master/pnx/rmvision/install/rm_gimbal_description:/home/blade_master/pnx/rmvision/install/rm_auto_aim_dart:/home/blade_master/pnx/rmvision/install/hik_camera:/opt/ros/humble LD_LIBRARY_PATH=/home/blade_master/pnx/rmvision/install/light_detector/lib:/home/blade_master/pnx/rmvision/install/auto_aim_interfaces/lib:/home/blade_master/pnx/rmvision/install/video_reader/lib:/home/blade_master/pnx/rmvision/install/rm_serial_driver/lib:/home/blade_master/pnx/rmvision/install/hik_camera/lib:/opt/MVS/lib/64:/opt/MVS/lib/32:/opt/MVS/lib/64:/opt/MVS/lib/32:/opt/MVS/lib/64:/opt/MVS/lib/32:/opt/ros/humble/opt/rviz_ogre_vendor/lib:/opt/ros/humble/lib/x86_64-linux-gnu:/opt/ros/humble/lib:/opt/MVS/lib/64:/opt/MVS/lib/32 /usr/bin/cmake /home/blade_master/pnx/rmvision/src/auto_aim/rm_auto_aim_dart -DAMENT_CMAKE_SYMLINK_INSTALL=1 -DCMAKE_INSTALL_PREFIX=/home/blade_master/pnx/rmvision/install/rm_auto_aim_dart
[0.977s] Invoking command in '/home/blade_master/pnx/rmvision/build/rm_auto_aim_dart': CMAKE_PREFIX_PATH=/home/blade_master/pnx/rmvision/install/light_detector:/home/blade_master/pnx/rmvision/install/auto_aim_interfaces:/home/blade_master/pnx/rmvision/install/rm_vision_bringup:/home/blade_master/pnx/rmvision/install/video_reader:/home/blade_master/pnx/rmvision/install/rm_serial_driver:/home/blade_master/pnx/rmvision/install/rm_gimbal_description:/home/blade_master/pnx/rmvision/install/rm_auto_aim_dart:/home/blade_master/pnx/rmvision/install/hik_camera:/opt/ros/humble LD_LIBRARY_PATH=/home/blade_master/pnx/rmvision/install/light_detector/lib:/home/blade_master/pnx/rmvision/install/auto_aim_interfaces/lib:/home/blade_master/pnx/rmvision/install/video_reader/lib:/home/blade_master/pnx/rmvision/install/rm_serial_driver/lib:/home/blade_master/pnx/rmvision/install/hik_camera/lib:/opt/MVS/lib/64:/opt/MVS/lib/32:/opt/MVS/lib/64:/opt/MVS/lib/32:/opt/MVS/lib/64:/opt/MVS/lib/32:/opt/ros/humble/opt/rviz_ogre_vendor/lib:/opt/ros/humble/lib/x86_64-linux-gnu:/opt/ros/humble/lib:/opt/MVS/lib/64:/opt/MVS/lib/32 /usr/bin/cmake --build /home/blade_master/pnx/rmvision/build/rm_auto_aim_dart -- -j22 -l22
[1.001s] Invoked command in '/home/blade_master/pnx/rmvision/build/rm_auto_aim_dart' returned '0': CMAKE_PREFIX_PATH=/home/blade_master/pnx/rmvision/install/light_detector:/home/blade_master/pnx/rmvision/install/auto_aim_interfaces:/home/blade_master/pnx/rmvision/install/rm_vision_bringup:/home/blade_master/pnx/rmvision/install/video_reader:/home/blade_master/pnx/rmvision/install/rm_serial_driver:/home/blade_master/pnx/rmvision/install/rm_gimbal_description:/home/blade_master/pnx/rmvision/install/rm_auto_aim_dart:/home/blade_master/pnx/rmvision/install/hik_camera:/opt/ros/humble LD_LIBRARY_PATH=/home/blade_master/pnx/rmvision/install/light_detector/lib:/home/blade_master/pnx/rmvision/install/auto_aim_interfaces/lib:/home/blade_master/pnx/rmvision/install/video_reader/lib:/home/blade_master/pnx/rmvision/install/rm_serial_driver/lib:/home/blade_master/pnx/rmvision/install/hik_camera/lib:/opt/MVS/lib/64:/opt/MVS/lib/32:/opt/MVS/lib/64:/opt/MVS/lib/32:/opt/MVS/lib/64:/opt/MVS/lib/32:/opt/ros/humble/opt/rviz_ogre_vendor/lib:/opt/ros/humble/lib/x86_64-linux-gnu:/opt/ros/humble/lib:/opt/MVS/lib/64:/opt/MVS/lib/32 /usr/bin/cmake --build /home/blade_master/pnx/rmvision/build/rm_auto_aim_dart -- -j22 -l22
[1.003s] Invoking command in '/home/blade_master/pnx/rmvision/build/rm_auto_aim_dart': CMAKE_PREFIX_PATH=/home/blade_master/pnx/rmvision/install/light_detector:/home/blade_master/pnx/rmvision/install/auto_aim_interfaces:/home/blade_master/pnx/rmvision/install/rm_vision_bringup:/home/blade_master/pnx/rmvision/install/video_reader:/home/blade_master/pnx/rmvision/install/rm_serial_driver:/home/blade_master/pnx/rmvision/install/rm_gimbal_description:/home/blade_master/pnx/rmvision/install/rm_auto_aim_dart:/home/blade_master/pnx/rmvision/install/hik_camera:/opt/ros/humble LD_LIBRARY_PATH=/home/blade_master/pnx/rmvision/install/light_detector/lib:/home/blade_master/pnx/rmvision/install/auto_aim_interfaces/lib:/home/blade_master/pnx/rmvision/install/video_reader/lib:/home/blade_master/pnx/rmvision/install/rm_serial_driver/lib:/home/blade_master/pnx/rmvision/install/hik_camera/lib:/opt/MVS/lib/64:/opt/MVS/lib/32:/opt/MVS/lib/64:/opt/MVS/lib/32:/opt/MVS/lib/64:/opt/MVS/lib/32:/opt/ros/humble/opt/rviz_ogre_vendor/lib:/opt/ros/humble/lib/x86_64-linux-gnu:/opt/ros/humble/lib:/opt/MVS/lib/64:/opt/MVS/lib/32 /usr/bin/cmake --install /home/blade_master/pnx/rmvision/build/rm_auto_aim_dart
[1.007s] -- Install configuration: ""
[1.007s] -- Execute custom install script
[1.008s] -- Symlinking: /home/blade_master/pnx/rmvision/install/rm_auto_aim_dart/share/ament_index/resource_index/package_run_dependencies/rm_auto_aim_dart
[1.014s] -- Symlinking: /home/blade_master/pnx/rmvision/install/rm_auto_aim_dart/share/ament_index/resource_index/parent_prefix_path/rm_auto_aim_dart
[1.019s] -- Symlinking: /home/blade_master/pnx/rmvision/install/rm_auto_aim_dart/share/rm_auto_aim_dart/environment/ament_prefix_path.sh
[1.025s] -- Symlinking: /home/blade_master/pnx/rmvision/install/rm_auto_aim_dart/share/rm_auto_aim_dart/environment/ament_prefix_path.dsv
[1.031s] -- Symlinking: /home/blade_master/pnx/rmvision/install/rm_auto_aim_dart/share/rm_auto_aim_dart/environment/path.sh
[1.036s] -- Symlinking: /home/blade_master/pnx/rmvision/install/rm_auto_aim_dart/share/rm_auto_aim_dart/environment/path.dsv
[1.042s] -- Symlinking: /home/blade_master/pnx/rmvision/install/rm_auto_aim_dart/share/rm_auto_aim_dart/local_setup.bash
[1.047s] -- Symlinking: /home/blade_master/pnx/rmvision/install/rm_auto_aim_dart/share/rm_auto_aim_dart/local_setup.sh
[1.052s] -- Symlinking: /home/blade_master/pnx/rmvision/install/rm_auto_aim_dart/share/rm_auto_aim_dart/local_setup.zsh
[1.059s] -- Symlinking: /home/blade_master/pnx/rmvision/install/rm_auto_aim_dart/share/rm_auto_aim_dart/local_setup.dsv
[1.065s] -- Symlinking: /home/blade_master/pnx/rmvision/install/rm_auto_aim_dart/share/rm_auto_aim_dart/package.dsv
[1.070s] -- Symlinking: /home/blade_master/pnx/rmvision/install/rm_auto_aim_dart/share/ament_index/resource_index/packages/rm_auto_aim_dart
[1.076s] -- Symlinking: /home/blade_master/pnx/rmvision/install/rm_auto_aim_dart/share/rm_auto_aim_dart/cmake/rm_auto_aim_dartConfig.cmake
[1.082s] -- Symlinking: /home/blade_master/pnx/rmvision/install/rm_auto_aim_dart/share/rm_auto_aim_dart/cmake/rm_auto_aim_dartConfig-version.cmake
[1.088s] -- Symlinking: /home/blade_master/pnx/rmvision/install/rm_auto_aim_dart/share/rm_auto_aim_dart/package.xml
[1.095s] Invoked command in '/home/blade_master/pnx/rmvision/build/rm_auto_aim_dart' returned '0': CMAKE_PREFIX_PATH=/home/blade_master/pnx/rmvision/install/light_detector:/home/blade_master/pnx/rmvision/install/auto_aim_interfaces:/home/blade_master/pnx/rmvision/install/rm_vision_bringup:/home/blade_master/pnx/rmvision/install/video_reader:/home/blade_master/pnx/rmvision/install/rm_serial_driver:/home/blade_master/pnx/rmvision/install/rm_gimbal_description:/home/blade_master/pnx/rmvision/install/rm_auto_aim_dart:/home/blade_master/pnx/rmvision/install/hik_camera:/opt/ros/humble LD_LIBRARY_PATH=/home/blade_master/pnx/rmvision/install/light_detector/lib:/home/blade_master/pnx/rmvision/install/auto_aim_interfaces/lib:/home/blade_master/pnx/rmvision/install/video_reader/lib:/home/blade_master/pnx/rmvision/install/rm_serial_driver/lib:/home/blade_master/pnx/rmvision/install/hik_camera/lib:/opt/MVS/lib/64:/opt/MVS/lib/32:/opt/MVS/lib/64:/opt/MVS/lib/32:/opt/MVS/lib/64:/opt/MVS/lib/32:/opt/ros/humble/opt/rviz_ogre_vendor/lib:/opt/ros/humble/lib/x86_64-linux-gnu:/opt/ros/humble/lib:/opt/MVS/lib/64:/opt/MVS/lib/32 /usr/bin/cmake --install /home/blade_master/pnx/rmvision/build/rm_auto_aim_dart
