[0.031s] Invoking command in '/home/blade_master/pnx/rmvision/build/video_reader': CMAKE_PREFIX_PATH=/opt/ros/humble /usr/bin/cmake --build /home/blade_master/pnx/rmvision/build/video_reader -- -j22 -l22
[0.113s] [ 50%] Built target video_reader_node
[0.116s] [100%] Built target video_reader
[0.137s] Invoked command in '/home/blade_master/pnx/rmvision/build/video_reader' returned '0': CMAKE_PREFIX_PATH=/opt/ros/humble /usr/bin/cmake --build /home/blade_master/pnx/rmvision/build/video_reader -- -j22 -l22
[0.143s] Invoking command in '/home/blade_master/pnx/rmvision/build/video_reader': CMAKE_PREFIX_PATH=/opt/ros/humble /usr/bin/cmake --install /home/blade_master/pnx/rmvision/build/video_reader
[0.157s] -- Install configuration: ""
[0.157s] -- Execute custom install script
[0.157s] -- Up-to-date symlink: /home/blade_master/pnx/rmvision/install/video_reader/lib/video_reader/video_reader_node
[0.158s] -- Up-to-date symlink: /home/blade_master/pnx/rmvision/install/video_reader/include/video_reader/video_reader_node.hpp
[0.158s] -- Up-to-date symlink: /home/blade_master/pnx/rmvision/install/video_reader/share/video_reader/environment/library_path.sh
[0.159s] -- Up-to-date symlink: /home/blade_master/pnx/rmvision/install/video_reader/share/video_reader/environment/library_path.dsv
[0.159s] -- Up-to-date symlink: /home/blade_master/pnx/rmvision/install/video_reader/lib/libvideo_reader.so
[0.159s] -- Up-to-date symlink: /home/blade_master/pnx/rmvision/install/video_reader/share/video_reader/docs/test.mp4
[0.159s] -- Up-to-date symlink: /home/blade_master/pnx/rmvision/install/video_reader/share/video_reader/docs/test2.mp4
[0.159s] -- Up-to-date symlink: /home/blade_master/pnx/rmvision/install/video_reader/share/video_reader/config/camera_info.yaml
[0.159s] -- Up-to-date symlink: /home/blade_master/pnx/rmvision/install/video_reader/share/video_reader/config/camera_params.yaml
[0.159s] -- Up-to-date symlink: /home/blade_master/pnx/rmvision/install/video_reader/share/ament_index/resource_index/package_run_dependencies/video_reader
[0.159s] -- Up-to-date symlink: /home/blade_master/pnx/rmvision/install/video_reader/share/ament_index/resource_index/parent_prefix_path/video_reader
[0.160s] -- Up-to-date symlink: /home/blade_master/pnx/rmvision/install/video_reader/share/video_reader/environment/ament_prefix_path.sh
[0.160s] -- Up-to-date symlink: /home/blade_master/pnx/rmvision/install/video_reader/share/video_reader/environment/ament_prefix_path.dsv
[0.160s] -- Up-to-date symlink: /home/blade_master/pnx/rmvision/install/video_reader/share/video_reader/environment/path.sh
[0.160s] -- Up-to-date symlink: /home/blade_master/pnx/rmvision/install/video_reader/share/video_reader/environment/path.dsv
[0.160s] -- Up-to-date symlink: /home/blade_master/pnx/rmvision/install/video_reader/share/video_reader/local_setup.bash
[0.160s] -- Up-to-date symlink: /home/blade_master/pnx/rmvision/install/video_reader/share/video_reader/local_setup.sh
[0.161s] -- Up-to-date symlink: /home/blade_master/pnx/rmvision/install/video_reader/share/video_reader/local_setup.zsh
[0.161s] -- Up-to-date symlink: /home/blade_master/pnx/rmvision/install/video_reader/share/video_reader/local_setup.dsv
[0.161s] -- Symlinking: /home/blade_master/pnx/rmvision/install/video_reader/share/video_reader/package.dsv
[0.168s] -- Up-to-date symlink: /home/blade_master/pnx/rmvision/install/video_reader/share/ament_index/resource_index/packages/video_reader
[0.169s] -- Up-to-date symlink: /home/blade_master/pnx/rmvision/install/video_reader/share/ament_index/resource_index/rclcpp_components/video_reader
[0.169s] -- Up-to-date symlink: /home/blade_master/pnx/rmvision/install/video_reader/share/video_reader/cmake/ament_cmake_export_dependencies-extras.cmake
[0.169s] -- Up-to-date symlink: /home/blade_master/pnx/rmvision/install/video_reader/share/video_reader/cmake/ament_cmake_export_include_directories-extras.cmake
[0.170s] -- Up-to-date symlink: /home/blade_master/pnx/rmvision/install/video_reader/share/video_reader/cmake/ament_cmake_export_libraries-extras.cmake
[0.170s] -- Up-to-date symlink: /home/blade_master/pnx/rmvision/install/video_reader/share/video_reader/cmake/video_readerConfig.cmake
[0.170s] -- Up-to-date symlink: /home/blade_master/pnx/rmvision/install/video_reader/share/video_reader/cmake/video_readerConfig-version.cmake
[0.170s] -- Up-to-date symlink: /home/blade_master/pnx/rmvision/install/video_reader/share/video_reader/package.xml
[0.215s] Invoked command in '/home/blade_master/pnx/rmvision/build/video_reader' returned '0': CMAKE_PREFIX_PATH=/opt/ros/humble /usr/bin/cmake --install /home/blade_master/pnx/rmvision/build/video_reader
