[0.029s] Invoking command in '/home/blade_master/pnx/rmvision/build/video_reader': CMAKE_PREFIX_PATH=${CMAKE_PREFIX_PATH}:/opt/ros/humble /usr/bin/cmake --build /home/blade_master/pnx/rmvision/build/video_reader -- -j22 -l22
[0.078s] [ 50%] Built target video_reader_node
[0.085s] [100%] Built target video_reader
[0.099s] Invoked command in '/home/blade_master/pnx/rmvision/build/video_reader' returned '0': CMAKE_PREFIX_PATH=${CMAKE_PREFIX_PATH}:/opt/ros/humble /usr/bin/cmake --build /home/blade_master/pnx/rmvision/build/video_reader -- -j22 -l22
[0.104s] Invoking command in '/home/blade_master/pnx/rmvision/build/video_reader': CMAKE_PREFIX_PATH=${CMAKE_PREFIX_PATH}:/opt/ros/humble /usr/bin/cmake --install /home/blade_master/pnx/rmvision/build/video_reader
[0.112s] -- Install configuration: ""
[0.113s] -- Execute custom install script
[0.113s] -- Up-to-date symlink: /home/blade_master/pnx/rmvision/install/video_reader/lib/video_reader/video_reader_node
[0.113s] -- Up-to-date symlink: /home/blade_master/pnx/rmvision/install/video_reader/include/video_reader/video_reader_node.hpp
[0.113s] -- Up-to-date symlink: /home/blade_master/pnx/rmvision/install/video_reader/share/video_reader/environment/library_path.sh
[0.113s] -- Up-to-date symlink: /home/blade_master/pnx/rmvision/install/video_reader/share/video_reader/environment/library_path.dsv
[0.113s] -- Up-to-date symlink: /home/blade_master/pnx/rmvision/install/video_reader/lib/libvideo_reader.so
[0.114s] -- Up-to-date symlink: /home/blade_master/pnx/rmvision/install/video_reader/share/video_reader/docs/test.mp4
[0.114s] -- Up-to-date symlink: /home/blade_master/pnx/rmvision/install/video_reader/share/video_reader/docs/test2.mp4
[0.114s] -- Up-to-date symlink: /home/blade_master/pnx/rmvision/install/video_reader/share/video_reader/config/camera_info.yaml
[0.115s] -- Up-to-date symlink: /home/blade_master/pnx/rmvision/install/video_reader/share/video_reader/config/camera_params.yaml
[0.115s] -- Up-to-date symlink: /home/blade_master/pnx/rmvision/install/video_reader/share/ament_index/resource_index/package_run_dependencies/video_reader
[0.116s] -- Up-to-date symlink: /home/blade_master/pnx/rmvision/install/video_reader/share/ament_index/resource_index/parent_prefix_path/video_reader
[0.116s] -- Up-to-date symlink: /home/blade_master/pnx/rmvision/install/video_reader/share/video_reader/environment/ament_prefix_path.sh
[0.116s] -- Up-to-date symlink: /home/blade_master/pnx/rmvision/install/video_reader/share/video_reader/environment/ament_prefix_path.dsv
[0.116s] -- Up-to-date symlink: /home/blade_master/pnx/rmvision/install/video_reader/share/video_reader/environment/path.sh
[0.117s] -- Up-to-date symlink: /home/blade_master/pnx/rmvision/install/video_reader/share/video_reader/environment/path.dsv
[0.117s] -- Up-to-date symlink: /home/blade_master/pnx/rmvision/install/video_reader/share/video_reader/local_setup.bash
[0.117s] -- Up-to-date symlink: /home/blade_master/pnx/rmvision/install/video_reader/share/video_reader/local_setup.sh
[0.118s] -- Up-to-date symlink: /home/blade_master/pnx/rmvision/install/video_reader/share/video_reader/local_setup.zsh
[0.118s] -- Up-to-date symlink: /home/blade_master/pnx/rmvision/install/video_reader/share/video_reader/local_setup.dsv
[0.119s] -- Symlinking: /home/blade_master/pnx/rmvision/install/video_reader/share/video_reader/package.dsv
[0.125s] -- Up-to-date symlink: /home/blade_master/pnx/rmvision/install/video_reader/share/ament_index/resource_index/packages/video_reader
[0.125s] -- Up-to-date symlink: /home/blade_master/pnx/rmvision/install/video_reader/share/ament_index/resource_index/rclcpp_components/video_reader
[0.126s] -- Up-to-date symlink: /home/blade_master/pnx/rmvision/install/video_reader/share/video_reader/cmake/ament_cmake_export_dependencies-extras.cmake
[0.126s] -- Up-to-date symlink: /home/blade_master/pnx/rmvision/install/video_reader/share/video_reader/cmake/ament_cmake_export_include_directories-extras.cmake
[0.127s] -- Up-to-date symlink: /home/blade_master/pnx/rmvision/install/video_reader/share/video_reader/cmake/ament_cmake_export_libraries-extras.cmake
[0.128s] -- Up-to-date symlink: /home/blade_master/pnx/rmvision/install/video_reader/share/video_reader/cmake/video_readerConfig.cmake
[0.128s] -- Up-to-date symlink: /home/blade_master/pnx/rmvision/install/video_reader/share/video_reader/cmake/video_readerConfig-version.cmake
[0.129s] -- Up-to-date symlink: /home/blade_master/pnx/rmvision/install/video_reader/share/video_reader/package.xml
[0.166s] Invoked command in '/home/blade_master/pnx/rmvision/build/video_reader' returned '0': CMAKE_PREFIX_PATH=${CMAKE_PREFIX_PATH}:/opt/ros/humble /usr/bin/cmake --install /home/blade_master/pnx/rmvision/build/video_reader
