[0.021s] Invoking command in '/home/blade_master/pnx/rmvision/build/video_reader': CMAKE_PREFIX_PATH=${CMAKE_PREFIX_PATH}:/opt/ros/humble /usr/bin/cmake /home/blade_master/pnx/rmvision/src/video_reader -DAMENT_CMAKE_SYMLINK_INSTALL=1 -DCMAKE_INSTALL_PREFIX=/home/blade_master/pnx/rmvision/install/video_reader
[0.112s] -- The C compiler identification is GNU 11.4.0
[0.285s] -- The CXX compiler identification is GNU 11.4.0
[0.434s] -- Detecting C compiler ABI info
[0.500s] -- Detecting C compiler ABI info - done
[0.505s] -- Check for working C compiler: /usr/bin/cc - skipped
[0.505s] -- Detecting C compile features
[0.506s] -- Detecting C compile features - done
[0.509s] -- Detecting CXX compiler ABI info
[0.584s] -- Detecting CXX compiler ABI info - done
[0.589s] -- Check for working CXX compiler: /usr/bin/c++ - skipped
[0.589s] -- Detecting CXX compile features
[0.589s] -- Detecting CXX compile features - done
[0.591s] -- Found ament_cmake_auto: 1.3.11 (/opt/ros/humble/share/ament_cmake_auto/cmake)
[0.703s] -- Found Python3: /usr/bin/python3 (found version "3.10.12") found components: Interpreter 
[0.760s] -- Override CMake install command with custom implementation using symlinks instead of copying resources
[0.797s] -- Found OpenCV: /usr (found version "4.5.4") 
[0.798s] -- Found camera_info_manager: 3.1.11 (/opt/ros/humble/share/camera_info_manager/cmake)
[0.891s] -- Found rosidl_generator_c: 3.1.6 (/opt/ros/humble/share/rosidl_generator_c/cmake)
[0.893s] -- Found rosidl_adapter: 3.1.6 (/opt/ros/humble/share/rosidl_adapter/cmake)
[0.899s] -- Found rosidl_generator_cpp: 3.1.6 (/opt/ros/humble/share/rosidl_generator_cpp/cmake)
[0.911s] -- Using all available rosidl_typesupport_c: rosidl_typesupport_fastrtps_c;rosidl_typesupport_introspection_c
[0.921s] -- Using all available rosidl_typesupport_cpp: rosidl_typesupport_fastrtps_cpp;rosidl_typesupport_introspection_cpp
[0.966s] -- Found rmw_implementation_cmake: 6.1.2 (/opt/ros/humble/share/rmw_implementation_cmake/cmake)
[0.971s] -- Found rmw_fastrtps_cpp: 6.2.7 (/opt/ros/humble/share/rmw_fastrtps_cpp/cmake)
[1.432s] -- Found OpenSSL: /usr/lib/x86_64-linux-gnu/libcrypto.so (found version "3.0.2")  
[1.743s] -- Found FastRTPS: /opt/ros/humble/include  
[2.298s] -- Using RMW implementation 'rmw_fastrtps_cpp' as default
[2.311s] -- Looking for pthread.h
[2.392s] -- Looking for pthread.h - found
[2.392s] -- Performing Test CMAKE_HAVE_LIBC_PTHREAD
[2.453s] -- Performing Test CMAKE_HAVE_LIBC_PTHREAD - Success
[2.454s] -- Found Threads: TRUE  
[3.433s] -- Found ament_lint_auto: 0.12.12 (/opt/ros/humble/share/ament_lint_auto/cmake)
[3.446s] -- Configuring done
[3.489s] -- Generating done
[3.494s] -- Build files have been written to: /home/blade_master/pnx/rmvision/build/video_reader
[3.505s] Invoked command in '/home/blade_master/pnx/rmvision/build/video_reader' returned '0': CMAKE_PREFIX_PATH=${CMAKE_PREFIX_PATH}:/opt/ros/humble /usr/bin/cmake /home/blade_master/pnx/rmvision/src/video_reader -DAMENT_CMAKE_SYMLINK_INSTALL=1 -DCMAKE_INSTALL_PREFIX=/home/blade_master/pnx/rmvision/install/video_reader
[3.506s] Invoking command in '/home/blade_master/pnx/rmvision/build/video_reader': CMAKE_PREFIX_PATH=${CMAKE_PREFIX_PATH}:/opt/ros/humble /usr/bin/cmake --build /home/blade_master/pnx/rmvision/build/video_reader -- -j22 -l22
[3.541s] [ 25%] [32mBuilding CXX object CMakeFiles/video_reader_node.dir/rclcpp_components/node_main_video_reader_node.cpp.o[0m
[3.541s] [ 50%] [32mBuilding CXX object CMakeFiles/video_reader.dir/src/video_reader_node.cpp.o[0m
[6.622s] [ 75%] [32m[1mLinking CXX executable video_reader_node[0m
[6.764s] [ 75%] Built target video_reader_node
[8.665s] [100%] [32m[1mLinking CXX shared library libvideo_reader.so[0m
[8.900s] [100%] Built target video_reader
[8.908s] Invoked command in '/home/blade_master/pnx/rmvision/build/video_reader' returned '0': CMAKE_PREFIX_PATH=${CMAKE_PREFIX_PATH}:/opt/ros/humble /usr/bin/cmake --build /home/blade_master/pnx/rmvision/build/video_reader -- -j22 -l22
[8.910s] Invoking command in '/home/blade_master/pnx/rmvision/build/video_reader': CMAKE_PREFIX_PATH=${CMAKE_PREFIX_PATH}:/opt/ros/humble /usr/bin/cmake --install /home/blade_master/pnx/rmvision/build/video_reader
[8.914s] -- Install configuration: ""
[8.914s] -- Execute custom install script
[8.915s] -- Symlinking: /home/blade_master/pnx/rmvision/install/video_reader/lib/video_reader/video_reader_node
[8.921s] -- Symlinking: /home/blade_master/pnx/rmvision/install/video_reader/include/video_reader/video_reader_node.hpp
[8.927s] -- Symlinking: /home/blade_master/pnx/rmvision/install/video_reader/share/video_reader/environment/library_path.sh
[8.933s] -- Symlinking: /home/blade_master/pnx/rmvision/install/video_reader/share/video_reader/environment/library_path.dsv
[8.938s] -- Symlinking: /home/blade_master/pnx/rmvision/install/video_reader/lib/libvideo_reader.so
[8.943s] -- Symlinking: /home/blade_master/pnx/rmvision/install/video_reader/share/video_reader/docs/test.mp4
[8.948s] -- Symlinking: /home/blade_master/pnx/rmvision/install/video_reader/share/video_reader/docs/test2.mp4
[8.953s] -- Symlinking: /home/blade_master/pnx/rmvision/install/video_reader/share/video_reader/config/camera_info.yaml
[8.958s] -- Symlinking: /home/blade_master/pnx/rmvision/install/video_reader/share/video_reader/config/camera_params.yaml
[8.963s] -- Symlinking: /home/blade_master/pnx/rmvision/install/video_reader/share/ament_index/resource_index/package_run_dependencies/video_reader
[8.968s] -- Symlinking: /home/blade_master/pnx/rmvision/install/video_reader/share/ament_index/resource_index/parent_prefix_path/video_reader
[8.972s] -- Symlinking: /home/blade_master/pnx/rmvision/install/video_reader/share/video_reader/environment/ament_prefix_path.sh
[8.978s] -- Symlinking: /home/blade_master/pnx/rmvision/install/video_reader/share/video_reader/environment/ament_prefix_path.dsv
[8.983s] -- Symlinking: /home/blade_master/pnx/rmvision/install/video_reader/share/video_reader/environment/path.sh
[8.988s] -- Symlinking: /home/blade_master/pnx/rmvision/install/video_reader/share/video_reader/environment/path.dsv
[8.993s] -- Symlinking: /home/blade_master/pnx/rmvision/install/video_reader/share/video_reader/local_setup.bash
[8.999s] -- Symlinking: /home/blade_master/pnx/rmvision/install/video_reader/share/video_reader/local_setup.sh
[9.004s] -- Symlinking: /home/blade_master/pnx/rmvision/install/video_reader/share/video_reader/local_setup.zsh
[9.009s] -- Symlinking: /home/blade_master/pnx/rmvision/install/video_reader/share/video_reader/local_setup.dsv
[9.016s] -- Symlinking: /home/blade_master/pnx/rmvision/install/video_reader/share/video_reader/package.dsv
[9.022s] -- Symlinking: /home/blade_master/pnx/rmvision/install/video_reader/share/ament_index/resource_index/packages/video_reader
[9.027s] -- Symlinking: /home/blade_master/pnx/rmvision/install/video_reader/share/ament_index/resource_index/rclcpp_components/video_reader
[9.033s] -- Symlinking: /home/blade_master/pnx/rmvision/install/video_reader/share/video_reader/cmake/ament_cmake_export_dependencies-extras.cmake
[9.038s] -- Symlinking: /home/blade_master/pnx/rmvision/install/video_reader/share/video_reader/cmake/ament_cmake_export_include_directories-extras.cmake
[9.043s] -- Symlinking: /home/blade_master/pnx/rmvision/install/video_reader/share/video_reader/cmake/ament_cmake_export_libraries-extras.cmake
[9.048s] -- Symlinking: /home/blade_master/pnx/rmvision/install/video_reader/share/video_reader/cmake/video_readerConfig.cmake
[9.052s] -- Symlinking: /home/blade_master/pnx/rmvision/install/video_reader/share/video_reader/cmake/video_readerConfig-version.cmake
[9.057s] -- Symlinking: /home/blade_master/pnx/rmvision/install/video_reader/share/video_reader/package.xml
[9.063s] Invoked command in '/home/blade_master/pnx/rmvision/build/video_reader' returned '0': CMAKE_PREFIX_PATH=${CMAKE_PREFIX_PATH}:/opt/ros/humble /usr/bin/cmake --install /home/blade_master/pnx/rmvision/build/video_reader
