[0.063s] Invoking command in '/home/blade_master/pnx/rmvision/build/rm_serial_driver': AMENT_PREFIX_PATH=/home/blade_master/pnx/rmvision/install/auto_aim_interfaces:${AMENT_PREFIX_PATH} CMAKE_PREFIX_PATH=/home/blade_master/pnx/rmvision/install/auto_aim_interfaces:/opt/ros/humble LD_LIBRARY_PATH=/home/blade_master/pnx/rmvision/install/auto_aim_interfaces/lib:/opt/MVS/lib/64:/opt/MVS/lib/32:/opt/MVS/lib/64:/opt/MVS/lib/32:/opt/MVS/lib/64:/opt/MVS/lib/32:/opt/ros/humble/opt/rviz_ogre_vendor/lib:/opt/ros/humble/lib/x86_64-linux-gnu:/opt/ros/humble/lib:/opt/MVS/lib/64:/opt/MVS/lib/32 PYTHONPATH=/home/blade_master/pnx/rmvision/install/auto_aim_interfaces/local/lib/python3.10/dist-packages:${PYTHONPATH} /usr/bin/cmake /home/blade_master/pnx/rmvision/src/rm_serial_driver -DAMENT_CMAKE_SYMLINK_INSTALL=1 -DCMAKE_INSTALL_PREFIX=/home/blade_master/pnx/rmvision/install/rm_serial_driver
[0.170s] -- The C compiler identification is GNU 11.4.0
[0.524s] -- The CXX compiler identification is GNU 11.4.0
[0.778s] -- Detecting C compiler ABI info
[0.922s] -- Detecting C compiler ABI info - done
[0.932s] -- Check for working C compiler: /usr/bin/cc - skipped
[0.932s] -- Detecting C compile features
[0.932s] -- Detecting C compile features - done
[0.935s] -- Detecting CXX compiler ABI info
[1.098s] -- Detecting CXX compiler ABI info - done
[1.108s] -- Check for working CXX compiler: /usr/bin/c++ - skipped
[1.108s] -- Detecting CXX compile features
[1.108s] -- Detecting CXX compile features - done
[1.111s] -- Found ament_cmake_auto: 1.3.11 (/opt/ros/humble/share/ament_cmake_auto/cmake)
[1.321s] -- Found Python3: /usr/bin/python3 (found version "3.10.12") found components: Interpreter 
[1.407s] -- Override CMake install command with custom implementation using symlinks instead of copying resources
[1.433s] -- Found auto_aim_interfaces: 0.0.0 (/home/blade_master/pnx/rmvision/install/auto_aim_interfaces/share/auto_aim_interfaces/cmake)
[1.567s] -- Found rosidl_generator_c: 3.1.6 (/opt/ros/humble/share/rosidl_generator_c/cmake)
[1.572s] -- Found rosidl_adapter: 3.1.6 (/opt/ros/humble/share/rosidl_adapter/cmake)
[1.581s] -- Found rosidl_generator_cpp: 3.1.6 (/opt/ros/humble/share/rosidl_generator_cpp/cmake)
[1.596s] -- Using all available rosidl_typesupport_c: rosidl_typesupport_fastrtps_c;rosidl_typesupport_introspection_c
[1.614s] -- Using all available rosidl_typesupport_cpp: rosidl_typesupport_fastrtps_cpp;rosidl_typesupport_introspection_cpp
[1.835s] -- Found rmw_implementation_cmake: 6.1.2 (/opt/ros/humble/share/rmw_implementation_cmake/cmake)
[1.837s] -- Found rmw_fastrtps_cpp: 6.2.7 (/opt/ros/humble/share/rmw_fastrtps_cpp/cmake)
[3.056s] -- Found OpenSSL: /usr/lib/x86_64-linux-gnu/libcrypto.so (found version "3.0.2")  
[4.157s] -- Found FastRTPS: /opt/ros/humble/include  
[6.079s] -- Using RMW implementation 'rmw_fastrtps_cpp' as default
[6.084s] -- Looking for pthread.h
[6.186s] -- Looking for pthread.h - found
[6.186s] -- Performing Test CMAKE_HAVE_LIBC_PTHREAD
[6.287s] -- Performing Test CMAKE_HAVE_LIBC_PTHREAD - Success
[6.288s] -- Found Threads: TRUE  
[6.360s] -- Found asio_cmake_module: 1.2.0 (/opt/ros/humble/share/asio_cmake_module/cmake)
[6.381s] -- Found ASIO: /usr/include  
[6.519s] -- Found eigen3_cmake_module: 0.1.1 (/opt/ros/humble/share/eigen3_cmake_module/cmake)
[6.521s] -- Found Eigen3: TRUE (found version "3.4.0") 
[6.521s] -- Ensuring Eigen3 include directory is part of orocos-kdl CMake target
[6.569s] -- Found ament_lint_auto: 0.12.12 (/opt/ros/humble/share/ament_lint_auto/cmake)
[6.592s] -- Added test 'cppcheck' to perform static code analysis on C / C++ code
[6.592s] -- Configured cppcheck include dirs: /home/blade_master/pnx/rmvision/src/rm_serial_driver/include
[6.592s] -- Configured cppcheck exclude dirs and/or files: 
[6.593s] -- Added test 'cpplint' to check C / C++ code against the Google style
[6.593s] -- Configured cpplint exclude dirs and/or files: 
[6.594s] -- Added test 'flake8' to check Python code syntax and style conventions
[6.595s] -- Added test 'lint_cmake' to check CMake code style
[6.596s] -- Added test 'pep257' to check Python code against some of the docstring style conventions in PEP 257
[6.596s] -- Added test 'xmllint' to check XML markup files
[6.597s] -- Added test 'clang_format' to check C / C++ code style
[6.602s] -- Configuring done
[6.633s] -- Generating done
[6.641s] -- Build files have been written to: /home/blade_master/pnx/rmvision/build/rm_serial_driver
[6.667s] Invoked command in '/home/blade_master/pnx/rmvision/build/rm_serial_driver' returned '0': AMENT_PREFIX_PATH=/home/blade_master/pnx/rmvision/install/auto_aim_interfaces:${AMENT_PREFIX_PATH} CMAKE_PREFIX_PATH=/home/blade_master/pnx/rmvision/install/auto_aim_interfaces:/opt/ros/humble LD_LIBRARY_PATH=/home/blade_master/pnx/rmvision/install/auto_aim_interfaces/lib:/opt/MVS/lib/64:/opt/MVS/lib/32:/opt/MVS/lib/64:/opt/MVS/lib/32:/opt/MVS/lib/64:/opt/MVS/lib/32:/opt/ros/humble/opt/rviz_ogre_vendor/lib:/opt/ros/humble/lib/x86_64-linux-gnu:/opt/ros/humble/lib:/opt/MVS/lib/64:/opt/MVS/lib/32 PYTHONPATH=/home/blade_master/pnx/rmvision/install/auto_aim_interfaces/local/lib/python3.10/dist-packages:${PYTHONPATH} /usr/bin/cmake /home/blade_master/pnx/rmvision/src/rm_serial_driver -DAMENT_CMAKE_SYMLINK_INSTALL=1 -DCMAKE_INSTALL_PREFIX=/home/blade_master/pnx/rmvision/install/rm_serial_driver
[6.668s] Invoking command in '/home/blade_master/pnx/rmvision/build/rm_serial_driver': AMENT_PREFIX_PATH=/home/blade_master/pnx/rmvision/install/auto_aim_interfaces:${AMENT_PREFIX_PATH} CMAKE_PREFIX_PATH=/home/blade_master/pnx/rmvision/install/auto_aim_interfaces:/opt/ros/humble LD_LIBRARY_PATH=/home/blade_master/pnx/rmvision/install/auto_aim_interfaces/lib:/opt/MVS/lib/64:/opt/MVS/lib/32:/opt/MVS/lib/64:/opt/MVS/lib/32:/opt/MVS/lib/64:/opt/MVS/lib/32:/opt/ros/humble/opt/rviz_ogre_vendor/lib:/opt/ros/humble/lib/x86_64-linux-gnu:/opt/ros/humble/lib:/opt/MVS/lib/64:/opt/MVS/lib/32 PYTHONPATH=/home/blade_master/pnx/rmvision/install/auto_aim_interfaces/local/lib/python3.10/dist-packages:${PYTHONPATH} /usr/bin/cmake --build /home/blade_master/pnx/rmvision/build/rm_serial_driver -- -j22 -l22
[6.717s] [ 40%] [32mBuilding CXX object CMakeFiles/rm_serial_driver.dir/src/rm_serial_driver.cpp.o[0m
[6.717s] [ 40%] [32mBuilding CXX object CMakeFiles/rm_serial_driver.dir/src/crc.cpp.o[0m
[6.718s] [ 60%] [32mBuilding CXX object CMakeFiles/rm_serial_driver_node.dir/rclcpp_components/node_main_rm_serial_driver_node.cpp.o[0m
[11.139s] [ 80%] [32m[1mLinking CXX executable rm_serial_driver_node[0m
[11.372s] [ 80%] Built target rm_serial_driver_node
[20.697s] [100%] [32m[1mLinking CXX shared library librm_serial_driver.so[0m
[21.408s] [100%] Built target rm_serial_driver
[21.421s] Invoked command in '/home/blade_master/pnx/rmvision/build/rm_serial_driver' returned '0': AMENT_PREFIX_PATH=/home/blade_master/pnx/rmvision/install/auto_aim_interfaces:${AMENT_PREFIX_PATH} CMAKE_PREFIX_PATH=/home/blade_master/pnx/rmvision/install/auto_aim_interfaces:/opt/ros/humble LD_LIBRARY_PATH=/home/blade_master/pnx/rmvision/install/auto_aim_interfaces/lib:/opt/MVS/lib/64:/opt/MVS/lib/32:/opt/MVS/lib/64:/opt/MVS/lib/32:/opt/MVS/lib/64:/opt/MVS/lib/32:/opt/ros/humble/opt/rviz_ogre_vendor/lib:/opt/ros/humble/lib/x86_64-linux-gnu:/opt/ros/humble/lib:/opt/MVS/lib/64:/opt/MVS/lib/32 PYTHONPATH=/home/blade_master/pnx/rmvision/install/auto_aim_interfaces/local/lib/python3.10/dist-packages:${PYTHONPATH} /usr/bin/cmake --build /home/blade_master/pnx/rmvision/build/rm_serial_driver -- -j22 -l22
[21.425s] Invoking command in '/home/blade_master/pnx/rmvision/build/rm_serial_driver': AMENT_PREFIX_PATH=/home/blade_master/pnx/rmvision/install/auto_aim_interfaces:${AMENT_PREFIX_PATH} CMAKE_PREFIX_PATH=/home/blade_master/pnx/rmvision/install/auto_aim_interfaces:/opt/ros/humble LD_LIBRARY_PATH=/home/blade_master/pnx/rmvision/install/auto_aim_interfaces/lib:/opt/MVS/lib/64:/opt/MVS/lib/32:/opt/MVS/lib/64:/opt/MVS/lib/32:/opt/MVS/lib/64:/opt/MVS/lib/32:/opt/ros/humble/opt/rviz_ogre_vendor/lib:/opt/ros/humble/lib/x86_64-linux-gnu:/opt/ros/humble/lib:/opt/MVS/lib/64:/opt/MVS/lib/32 PYTHONPATH=/home/blade_master/pnx/rmvision/install/auto_aim_interfaces/local/lib/python3.10/dist-packages:${PYTHONPATH} /usr/bin/cmake --install /home/blade_master/pnx/rmvision/build/rm_serial_driver
[21.430s] -- Install configuration: ""
[21.431s] -- Execute custom install script
[21.432s] -- Symlinking: /home/blade_master/pnx/rmvision/install/rm_serial_driver/lib/rm_serial_driver/rm_serial_driver_node
[21.440s] -- Symlinking: /home/blade_master/pnx/rmvision/install/rm_serial_driver/include/crc.hpp
[21.448s] -- Symlinking: /home/blade_master/pnx/rmvision/install/rm_serial_driver/include/packet.hpp
[21.456s] -- Symlinking: /home/blade_master/pnx/rmvision/install/rm_serial_driver/include/rm_serial_driver.hpp
[21.464s] -- Symlinking: /home/blade_master/pnx/rmvision/install/rm_serial_driver/share/rm_serial_driver/environment/library_path.sh
[21.472s] -- Symlinking: /home/blade_master/pnx/rmvision/install/rm_serial_driver/share/rm_serial_driver/environment/library_path.dsv
[21.480s] -- Symlinking: /home/blade_master/pnx/rmvision/install/rm_serial_driver/lib/librm_serial_driver.so
[21.487s] -- Symlinking: /home/blade_master/pnx/rmvision/install/rm_serial_driver/share/rm_serial_driver/config/serial_driver.yaml
[21.495s] -- Symlinking: /home/blade_master/pnx/rmvision/install/rm_serial_driver/share/rm_serial_driver/launch/serial_driver.launch.py
[21.504s] -- Symlinking: /home/blade_master/pnx/rmvision/install/rm_serial_driver/share/ament_index/resource_index/package_run_dependencies/rm_serial_driver
[21.513s] -- Symlinking: /home/blade_master/pnx/rmvision/install/rm_serial_driver/share/ament_index/resource_index/parent_prefix_path/rm_serial_driver
[21.521s] -- Symlinking: /home/blade_master/pnx/rmvision/install/rm_serial_driver/share/rm_serial_driver/environment/ament_prefix_path.sh
[21.529s] -- Symlinking: /home/blade_master/pnx/rmvision/install/rm_serial_driver/share/rm_serial_driver/environment/ament_prefix_path.dsv
[21.537s] -- Symlinking: /home/blade_master/pnx/rmvision/install/rm_serial_driver/share/rm_serial_driver/environment/path.sh
[21.544s] -- Symlinking: /home/blade_master/pnx/rmvision/install/rm_serial_driver/share/rm_serial_driver/environment/path.dsv
[21.552s] -- Symlinking: /home/blade_master/pnx/rmvision/install/rm_serial_driver/share/rm_serial_driver/local_setup.bash
[21.561s] -- Symlinking: /home/blade_master/pnx/rmvision/install/rm_serial_driver/share/rm_serial_driver/local_setup.sh
[21.567s] -- Symlinking: /home/blade_master/pnx/rmvision/install/rm_serial_driver/share/rm_serial_driver/local_setup.zsh
[21.575s] -- Symlinking: /home/blade_master/pnx/rmvision/install/rm_serial_driver/share/rm_serial_driver/local_setup.dsv
[21.582s] -- Symlinking: /home/blade_master/pnx/rmvision/install/rm_serial_driver/share/rm_serial_driver/package.dsv
[21.590s] -- Symlinking: /home/blade_master/pnx/rmvision/install/rm_serial_driver/share/ament_index/resource_index/packages/rm_serial_driver
[21.596s] -- Symlinking: /home/blade_master/pnx/rmvision/install/rm_serial_driver/share/ament_index/resource_index/rclcpp_components/rm_serial_driver
[21.603s] -- Symlinking: /home/blade_master/pnx/rmvision/install/rm_serial_driver/share/rm_serial_driver/cmake/ament_cmake_export_dependencies-extras.cmake
[21.609s] -- Symlinking: /home/blade_master/pnx/rmvision/install/rm_serial_driver/share/rm_serial_driver/cmake/ament_cmake_export_include_directories-extras.cmake
[21.616s] -- Symlinking: /home/blade_master/pnx/rmvision/install/rm_serial_driver/share/rm_serial_driver/cmake/ament_cmake_export_libraries-extras.cmake
[21.623s] -- Symlinking: /home/blade_master/pnx/rmvision/install/rm_serial_driver/share/rm_serial_driver/cmake/rm_serial_driverConfig.cmake
[21.630s] -- Symlinking: /home/blade_master/pnx/rmvision/install/rm_serial_driver/share/rm_serial_driver/cmake/rm_serial_driverConfig-version.cmake
[21.636s] -- Symlinking: /home/blade_master/pnx/rmvision/install/rm_serial_driver/share/rm_serial_driver/package.xml
[21.647s] Invoked command in '/home/blade_master/pnx/rmvision/build/rm_serial_driver' returned '0': AMENT_PREFIX_PATH=/home/blade_master/pnx/rmvision/install/auto_aim_interfaces:${AMENT_PREFIX_PATH} CMAKE_PREFIX_PATH=/home/blade_master/pnx/rmvision/install/auto_aim_interfaces:/opt/ros/humble LD_LIBRARY_PATH=/home/blade_master/pnx/rmvision/install/auto_aim_interfaces/lib:/opt/MVS/lib/64:/opt/MVS/lib/32:/opt/MVS/lib/64:/opt/MVS/lib/32:/opt/MVS/lib/64:/opt/MVS/lib/32:/opt/ros/humble/opt/rviz_ogre_vendor/lib:/opt/ros/humble/lib/x86_64-linux-gnu:/opt/ros/humble/lib:/opt/MVS/lib/64:/opt/MVS/lib/32 PYTHONPATH=/home/blade_master/pnx/rmvision/install/auto_aim_interfaces/local/lib/python3.10/dist-packages:${PYTHONPATH} /usr/bin/cmake --install /home/blade_master/pnx/rmvision/build/rm_serial_driver
