[0.019s] Invoking command in '/home/blade_master/pnx/rmvision/build/auto_aim_interfaces': CMAKE_PREFIX_PATH=${CMAKE_PREFIX_PATH}:/opt/ros/humble /usr/bin/cmake /home/blade_master/pnx/rmvision/src/auto_aim/auto_aim_interfaces -DAMENT_CMAKE_SYMLINK_INSTALL=1 -DCMAKE_INSTALL_PREFIX=/home/blade_master/pnx/rmvision/install/auto_aim_interfaces
[0.125s] -- The C compiler identification is GNU 11.4.0
[0.298s] -- The CXX compiler identification is GNU 11.4.0
[0.460s] -- Detecting C compiler ABI info
[0.537s] -- Detecting C compiler ABI info - done
[0.541s] -- Check for working C compiler: /usr/bin/cc - skipped
[0.542s] -- Detecting C compile features
[0.542s] -- Detecting C compile features - done
[0.544s] -- Detecting CXX compiler ABI info
[0.637s] -- Detecting CXX compiler ABI info - done
[0.641s] -- Check for working CXX compiler: /usr/bin/c++ - skipped
[0.642s] -- Detecting CXX compile features
[0.642s] -- Detecting CXX compile features - done
[0.644s] -- Found ament_cmake: 1.3.11 (/opt/ros/humble/share/ament_cmake/cmake)
[0.754s] -- Found Python3: /usr/bin/python3 (found version "3.10.12") found components: Interpreter 
[0.803s] -- Override CMake install command with custom implementation using symlinks instead of copying resources
[0.817s] -- Found rosidl_default_generators: 1.2.0 (/opt/ros/humble/share/rosidl_default_generators/cmake)
[0.821s] -- Using all available rosidl_typesupport_c: rosidl_typesupport_fastrtps_c;rosidl_typesupport_introspection_c
[0.827s] -- Found rosidl_adapter: 3.1.6 (/opt/ros/humble/share/rosidl_adapter/cmake)
[0.914s] -- Using all available rosidl_typesupport_cpp: rosidl_typesupport_fastrtps_cpp;rosidl_typesupport_introspection_cpp
[0.940s] -- Found geometry_msgs: 4.8.0 (/opt/ros/humble/share/geometry_msgs/cmake)
[0.981s] -- Found sensor_msgs: 4.8.0 (/opt/ros/humble/share/sensor_msgs/cmake)
[0.999s] -- Found asio_cmake_module: 1.2.0 (/opt/ros/humble/share/asio_cmake_module/cmake)
[1.231s] -- Found ament_cmake_ros: 0.10.0 (/opt/ros/humble/share/ament_cmake_ros/cmake)
[1.428s] -- Using all available rosidl_typesupport_c: rosidl_typesupport_fastrtps_c;rosidl_typesupport_introspection_c
[1.687s] -- Using all available rosidl_typesupport_cpp: rosidl_typesupport_fastrtps_cpp;rosidl_typesupport_introspection_cpp
[1.747s] -- Found PythonInterp: /usr/bin/python3 (found suitable version "3.10.12", minimum required is "3.6") 
[1.749s] -- Found python_cmake_module: 0.10.0 (/opt/ros/humble/share/python_cmake_module/cmake)
[1.936s] -- Found PythonLibs: /usr/lib/x86_64-linux-gnu/libpython3.10.so (found suitable version "3.10.12", minimum required is "3.5") 
[1.936s] -- Using PYTHON_EXECUTABLE: /usr/bin/python3
[1.936s] -- Using PYTHON_INCLUDE_DIRS: /usr/include/python3.10
[1.936s] -- Using PYTHON_LIBRARIES: /usr/lib/x86_64-linux-gnu/libpython3.10.so
[1.951s] -- Found PythonExtra: .so  
[2.029s] -- Configuring done
[2.063s] -- Generating done
[2.073s] -- Build files have been written to: /home/blade_master/pnx/rmvision/build/auto_aim_interfaces
[2.081s] Invoked command in '/home/blade_master/pnx/rmvision/build/auto_aim_interfaces' returned '0': CMAKE_PREFIX_PATH=${CMAKE_PREFIX_PATH}:/opt/ros/humble /usr/bin/cmake /home/blade_master/pnx/rmvision/src/auto_aim/auto_aim_interfaces -DAMENT_CMAKE_SYMLINK_INSTALL=1 -DCMAKE_INSTALL_PREFIX=/home/blade_master/pnx/rmvision/install/auto_aim_interfaces
[2.083s] Invoking command in '/home/blade_master/pnx/rmvision/build/auto_aim_interfaces': CMAKE_PREFIX_PATH=${CMAKE_PREFIX_PATH}:/opt/ros/humble /usr/bin/cmake --build /home/blade_master/pnx/rmvision/build/auto_aim_interfaces -- -j22 -l22
[2.109s] [  1%] [34m[1mGenerating C code for ROS interfaces[0m
[2.115s] [  3%] [34m[1mGenerating C++ code for ROS interfaces[0m
[2.122s] [  3%] Built target ament_cmake_python_symlink_auto_aim_interfaces
[2.324s] running egg_info
[2.325s] creating auto_aim_interfaces.egg-info
[2.325s] writing auto_aim_interfaces.egg-info/PKG-INFO
[2.325s] writing dependency_links to auto_aim_interfaces.egg-info/dependency_links.txt
[2.325s] writing top-level names to auto_aim_interfaces.egg-info/top_level.txt
[2.325s] writing manifest file 'auto_aim_interfaces.egg-info/SOURCES.txt'
[2.328s] reading manifest file 'auto_aim_interfaces.egg-info/SOURCES.txt'
[2.329s] writing manifest file 'auto_aim_interfaces.egg-info/SOURCES.txt'
[2.358s] [  3%] Built target ament_cmake_python_build_auto_aim_interfaces_egg
[2.492s] [  3%] Built target auto_aim_interfaces__cpp
[2.499s] [  7%] [34m[1mGenerating C++ type support dispatch for ROS interfaces[0m
[2.499s] [  7%] [34m[1mGenerating C++ introspection for ROS interfaces[0m
[2.499s] [  7%] [34m[1mGenerating C++ type support for eProsima Fast-RTPS[0m
[2.532s] [ 12%] [32mBuilding C object CMakeFiles/auto_aim_interfaces__rosidl_generator_c.dir/rosidl_generator_c/auto_aim_interfaces/msg/detail/debug_light__functions.c.o[0m
[2.532s] [ 12%] [32mBuilding C object CMakeFiles/auto_aim_interfaces__rosidl_generator_c.dir/rosidl_generator_c/auto_aim_interfaces/msg/detail/lights__functions.c.o[0m
[2.532s] [ 12%] [32mBuilding C object CMakeFiles/auto_aim_interfaces__rosidl_generator_c.dir/rosidl_generator_c/auto_aim_interfaces/msg/detail/light__functions.c.o[0m
[2.532s] [ 14%] [32mBuilding C object CMakeFiles/auto_aim_interfaces__rosidl_generator_c.dir/rosidl_generator_c/auto_aim_interfaces/msg/detail/send__functions.c.o[0m
[2.532s] [ 15%] [32mBuilding C object CMakeFiles/auto_aim_interfaces__rosidl_generator_c.dir/rosidl_generator_c/auto_aim_interfaces/msg/detail/debug_lights__functions.c.o[0m
[2.579s] [ 17%] [32m[1mLinking C shared library libauto_aim_interfaces__rosidl_generator_c.so[0m
[2.646s] [ 17%] Built target auto_aim_interfaces__rosidl_generator_c
[2.654s] [ 19%] [34m[1mGenerating C type support dispatch for ROS interfaces[0m
[2.654s] [ 22%] [34m[1mGenerating C type support for eProsima Fast-RTPS[0m
[2.654s] [ 22%] [34m[1mGenerating C introspection for ROS interfaces[0m
[2.786s] [ 23%] [32mBuilding CXX object CMakeFiles/auto_aim_interfaces__rosidl_typesupport_cpp.dir/rosidl_typesupport_cpp/auto_aim_interfaces/msg/debug_light__type_support.cpp.o[0m
[2.787s] [ 25%] [32mBuilding CXX object CMakeFiles/auto_aim_interfaces__rosidl_typesupport_cpp.dir/rosidl_typesupport_cpp/auto_aim_interfaces/msg/debug_lights__type_support.cpp.o[0m
[2.788s] [ 26%] [32mBuilding CXX object CMakeFiles/auto_aim_interfaces__rosidl_typesupport_cpp.dir/rosidl_typesupport_cpp/auto_aim_interfaces/msg/light__type_support.cpp.o[0m
[2.788s] [ 28%] [32mBuilding CXX object CMakeFiles/auto_aim_interfaces__rosidl_typesupport_cpp.dir/rosidl_typesupport_cpp/auto_aim_interfaces/msg/lights__type_support.cpp.o[0m
[2.788s] [ 30%] [32mBuilding CXX object CMakeFiles/auto_aim_interfaces__rosidl_typesupport_cpp.dir/rosidl_typesupport_cpp/auto_aim_interfaces/msg/send__type_support.cpp.o[0m
[2.850s] [ 31%] [32mBuilding CXX object CMakeFiles/auto_aim_interfaces__rosidl_typesupport_introspection_cpp.dir/rosidl_typesupport_introspection_cpp/auto_aim_interfaces/msg/detail/send__type_support.cpp.o[0m
[2.850s] [ 33%] [32mBuilding CXX object CMakeFiles/auto_aim_interfaces__rosidl_typesupport_introspection_cpp.dir/rosidl_typesupport_introspection_cpp/auto_aim_interfaces/msg/detail/debug_lights__type_support.cpp.o[0m
[2.850s] [ 34%] [32mBuilding CXX object CMakeFiles/auto_aim_interfaces__rosidl_typesupport_introspection_cpp.dir/rosidl_typesupport_introspection_cpp/auto_aim_interfaces/msg/detail/lights__type_support.cpp.o[0m
[2.852s] [ 36%] [32mBuilding CXX object CMakeFiles/auto_aim_interfaces__rosidl_typesupport_introspection_cpp.dir/rosidl_typesupport_introspection_cpp/auto_aim_interfaces/msg/detail/light__type_support.cpp.o[0m
[2.853s] [ 38%] [32mBuilding CXX object CMakeFiles/auto_aim_interfaces__rosidl_typesupport_introspection_cpp.dir/rosidl_typesupport_introspection_cpp/auto_aim_interfaces/msg/detail/debug_light__type_support.cpp.o[0m
[2.923s] [ 39%] [32mBuilding CXX object CMakeFiles/auto_aim_interfaces__rosidl_typesupport_fastrtps_cpp.dir/rosidl_typesupport_fastrtps_cpp/auto_aim_interfaces/msg/detail/dds_fastrtps/light__type_support.cpp.o[0m
[2.924s] [ 41%] [32mBuilding CXX object CMakeFiles/auto_aim_interfaces__rosidl_typesupport_fastrtps_cpp.dir/rosidl_typesupport_fastrtps_cpp/auto_aim_interfaces/msg/detail/dds_fastrtps/send__type_support.cpp.o[0m
[2.924s] [ 42%] [32mBuilding CXX object CMakeFiles/auto_aim_interfaces__rosidl_typesupport_fastrtps_cpp.dir/rosidl_typesupport_fastrtps_cpp/auto_aim_interfaces/msg/detail/dds_fastrtps/debug_light__type_support.cpp.o[0m
[2.927s] [ 44%] [32mBuilding CXX object CMakeFiles/auto_aim_interfaces__rosidl_typesupport_fastrtps_cpp.dir/rosidl_typesupport_fastrtps_cpp/auto_aim_interfaces/msg/detail/dds_fastrtps/lights__type_support.cpp.o[0m
[2.927s] [ 46%] [32mBuilding CXX object CMakeFiles/auto_aim_interfaces__rosidl_typesupport_fastrtps_cpp.dir/rosidl_typesupport_fastrtps_cpp/auto_aim_interfaces/msg/detail/dds_fastrtps/debug_lights__type_support.cpp.o[0m
[2.980s] [ 49%] [32mBuilding CXX object CMakeFiles/auto_aim_interfaces__rosidl_typesupport_c.dir/rosidl_typesupport_c/auto_aim_interfaces/msg/light__type_support.cpp.o[0m
[2.980s] [ 49%] [32mBuilding CXX object CMakeFiles/auto_aim_interfaces__rosidl_typesupport_c.dir/rosidl_typesupport_c/auto_aim_interfaces/msg/lights__type_support.cpp.o[0m
[2.981s] [ 50%] [32mBuilding CXX object CMakeFiles/auto_aim_interfaces__rosidl_typesupport_c.dir/rosidl_typesupport_c/auto_aim_interfaces/msg/debug_lights__type_support.cpp.o[0m
[2.985s] [ 52%] [32mBuilding CXX object CMakeFiles/auto_aim_interfaces__rosidl_typesupport_c.dir/rosidl_typesupport_c/auto_aim_interfaces/msg/debug_light__type_support.cpp.o[0m
[2.988s] [ 53%] [32mBuilding CXX object CMakeFiles/auto_aim_interfaces__rosidl_typesupport_c.dir/rosidl_typesupport_c/auto_aim_interfaces/msg/send__type_support.cpp.o[0m
[3.041s] [ 55%] [32m[1mLinking CXX shared library libauto_aim_interfaces__rosidl_typesupport_c.so[0m
[3.128s] [ 57%] [32mBuilding CXX object CMakeFiles/auto_aim_interfaces__rosidl_typesupport_fastrtps_c.dir/rosidl_typesupport_fastrtps_c/auto_aim_interfaces/msg/detail/debug_light__type_support_c.cpp.o[0m
[3.131s] [ 58%] [32mBuilding CXX object CMakeFiles/auto_aim_interfaces__rosidl_typesupport_fastrtps_c.dir/rosidl_typesupport_fastrtps_c/auto_aim_interfaces/msg/detail/light__type_support_c.cpp.o[0m
[3.140s] [ 60%] [32mBuilding CXX object CMakeFiles/auto_aim_interfaces__rosidl_typesupport_fastrtps_c.dir/rosidl_typesupport_fastrtps_c/auto_aim_interfaces/msg/detail/lights__type_support_c.cpp.o[0m
[3.160s] [ 61%] [32mBuilding CXX object CMakeFiles/auto_aim_interfaces__rosidl_typesupport_fastrtps_c.dir/rosidl_typesupport_fastrtps_c/auto_aim_interfaces/msg/detail/debug_lights__type_support_c.cpp.o[0m
[3.163s] [ 63%] [32mBuilding CXX object CMakeFiles/auto_aim_interfaces__rosidl_typesupport_fastrtps_c.dir/rosidl_typesupport_fastrtps_c/auto_aim_interfaces/msg/detail/send__type_support_c.cpp.o[0m
[3.190s] [ 63%] Built target auto_aim_interfaces__rosidl_typesupport_c
[3.199s] [ 65%] [32mBuilding C object CMakeFiles/auto_aim_interfaces__rosidl_typesupport_introspection_c.dir/rosidl_typesupport_introspection_c/auto_aim_interfaces/msg/detail/debug_lights__type_support.c.o[0m
[3.201s] [ 66%] [32mBuilding C object CMakeFiles/auto_aim_interfaces__rosidl_typesupport_introspection_c.dir/rosidl_typesupport_introspection_c/auto_aim_interfaces/msg/detail/lights__type_support.c.o[0m
[3.204s] [ 68%] [32mBuilding C object CMakeFiles/auto_aim_interfaces__rosidl_typesupport_introspection_c.dir/rosidl_typesupport_introspection_c/auto_aim_interfaces/msg/detail/send__type_support.c.o[0m
[3.207s] [ 69%] [32mBuilding C object CMakeFiles/auto_aim_interfaces__rosidl_typesupport_introspection_c.dir/rosidl_typesupport_introspection_c/auto_aim_interfaces/msg/detail/debug_light__type_support.c.o[0m
[3.208s] [ 71%] [32mBuilding C object CMakeFiles/auto_aim_interfaces__rosidl_typesupport_introspection_c.dir/rosidl_typesupport_introspection_c/auto_aim_interfaces/msg/detail/light__type_support.c.o[0m
[3.262s] [ 73%] [32m[1mLinking CXX shared library libauto_aim_interfaces__rosidl_typesupport_cpp.so[0m
[3.268s] [ 74%] [32m[1mLinking C shared library libauto_aim_interfaces__rosidl_typesupport_introspection_c.so[0m
[3.368s] [ 74%] Built target auto_aim_interfaces__rosidl_typesupport_cpp
[3.379s] [ 74%] Built target auto_aim_interfaces__rosidl_typesupport_introspection_c
[3.428s] [ 76%] [32m[1mLinking CXX shared library libauto_aim_interfaces__rosidl_typesupport_introspection_cpp.so[0m
[3.514s] [ 77%] [32m[1mLinking CXX shared library libauto_aim_interfaces__rosidl_typesupport_fastrtps_cpp.so[0m
[3.537s] [ 77%] Built target auto_aim_interfaces__rosidl_typesupport_introspection_cpp
[3.542s] [ 79%] [32m[1mLinking CXX shared library libauto_aim_interfaces__rosidl_typesupport_fastrtps_c.so[0m
[3.602s] [ 79%] Built target auto_aim_interfaces__rosidl_typesupport_fastrtps_cpp
[3.641s] [ 79%] Built target auto_aim_interfaces__rosidl_typesupport_fastrtps_c
[3.654s] [ 79%] Built target auto_aim_interfaces
[3.668s] [ 80%] [34m[1mGenerating Python code for ROS interfaces[0m
[4.240s] [ 80%] Built target auto_aim_interfaces__py
[4.253s] [ 82%] [32mBuilding C object CMakeFiles/auto_aim_interfaces__rosidl_generator_py.dir/rosidl_generator_py/auto_aim_interfaces/msg/_light_s.c.o[0m
[4.254s] [ 84%] [32mBuilding C object CMakeFiles/auto_aim_interfaces__rosidl_generator_py.dir/rosidl_generator_py/auto_aim_interfaces/msg/_debug_lights_s.c.o[0m
[4.254s] [ 87%] [32mBuilding C object CMakeFiles/auto_aim_interfaces__rosidl_generator_py.dir/rosidl_generator_py/auto_aim_interfaces/msg/_lights_s.c.o[0m
[4.254s] [ 87%] [32mBuilding C object CMakeFiles/auto_aim_interfaces__rosidl_generator_py.dir/rosidl_generator_py/auto_aim_interfaces/msg/_send_s.c.o[0m
[4.254s] [ 88%] [32mBuilding C object CMakeFiles/auto_aim_interfaces__rosidl_generator_py.dir/rosidl_generator_py/auto_aim_interfaces/msg/_debug_light_s.c.o[0m
[4.377s] [ 90%] [32m[1mLinking C shared library rosidl_generator_py/auto_aim_interfaces/libauto_aim_interfaces__rosidl_generator_py.so[0m
[4.453s] [ 90%] Built target auto_aim_interfaces__rosidl_generator_py
[4.466s] [ 92%] [32mBuilding C object CMakeFiles/auto_aim_interfaces__rosidl_typesupport_c__pyext.dir/rosidl_generator_py/auto_aim_interfaces/_auto_aim_interfaces_s.ep.rosidl_typesupport_c.c.o[0m
[4.469s] [ 93%] [32mBuilding C object CMakeFiles/auto_aim_interfaces__rosidl_typesupport_fastrtps_c__pyext.dir/rosidl_generator_py/auto_aim_interfaces/_auto_aim_interfaces_s.ep.rosidl_typesupport_fastrtps_c.c.o[0m
[4.470s] [ 95%] [32mBuilding C object CMakeFiles/auto_aim_interfaces__rosidl_typesupport_introspection_c__pyext.dir/rosidl_generator_py/auto_aim_interfaces/_auto_aim_interfaces_s.ep.rosidl_typesupport_introspection_c.c.o[0m
[4.570s] [ 96%] [32m[1mLinking C shared library rosidl_generator_py/auto_aim_interfaces/auto_aim_interfaces_s__rosidl_typesupport_fastrtps_c.cpython-310-x86_64-linux-gnu.so[0m
[4.572s] [ 98%] [32m[1mLinking C shared library rosidl_generator_py/auto_aim_interfaces/auto_aim_interfaces_s__rosidl_typesupport_introspection_c.cpython-310-x86_64-linux-gnu.so[0m
[4.575s] [100%] [32m[1mLinking C shared library rosidl_generator_py/auto_aim_interfaces/auto_aim_interfaces_s__rosidl_typesupport_c.cpython-310-x86_64-linux-gnu.so[0m
[4.645s] [100%] Built target auto_aim_interfaces__rosidl_typesupport_fastrtps_c__pyext
[4.647s] [100%] Built target auto_aim_interfaces__rosidl_typesupport_introspection_c__pyext
[4.661s] [100%] Built target auto_aim_interfaces__rosidl_typesupport_c__pyext
[4.674s] Invoked command in '/home/blade_master/pnx/rmvision/build/auto_aim_interfaces' returned '0': CMAKE_PREFIX_PATH=${CMAKE_PREFIX_PATH}:/opt/ros/humble /usr/bin/cmake --build /home/blade_master/pnx/rmvision/build/auto_aim_interfaces -- -j22 -l22
[4.675s] Invoking command in '/home/blade_master/pnx/rmvision/build/auto_aim_interfaces': CMAKE_PREFIX_PATH=${CMAKE_PREFIX_PATH}:/opt/ros/humble /usr/bin/cmake --install /home/blade_master/pnx/rmvision/build/auto_aim_interfaces
[4.680s] -- Install configuration: ""
[4.680s] -- Execute custom install script
[4.681s] -- Symlinking: /home/blade_master/pnx/rmvision/install/auto_aim_interfaces/share/ament_index/resource_index/rosidl_interfaces/auto_aim_interfaces
[4.690s] -- Symlinking: /home/blade_master/pnx/rmvision/install/auto_aim_interfaces/include/auto_aim_interfaces/auto_aim_interfaces/msg/debug_light.h
[4.696s] -- Symlinking: /home/blade_master/pnx/rmvision/install/auto_aim_interfaces/include/auto_aim_interfaces/auto_aim_interfaces/msg/debug_lights.h
[4.701s] -- Symlinking: /home/blade_master/pnx/rmvision/install/auto_aim_interfaces/include/auto_aim_interfaces/auto_aim_interfaces/msg/detail/debug_light__functions.h
[4.707s] -- Symlinking: /home/blade_master/pnx/rmvision/install/auto_aim_interfaces/include/auto_aim_interfaces/auto_aim_interfaces/msg/detail/debug_light__struct.h
[4.714s] -- Symlinking: /home/blade_master/pnx/rmvision/install/auto_aim_interfaces/include/auto_aim_interfaces/auto_aim_interfaces/msg/detail/debug_light__type_support.h
[4.720s] -- Symlinking: /home/blade_master/pnx/rmvision/install/auto_aim_interfaces/include/auto_aim_interfaces/auto_aim_interfaces/msg/detail/debug_lights__functions.h
[4.725s] -- Symlinking: /home/blade_master/pnx/rmvision/install/auto_aim_interfaces/include/auto_aim_interfaces/auto_aim_interfaces/msg/detail/debug_lights__struct.h
[4.731s] -- Symlinking: /home/blade_master/pnx/rmvision/install/auto_aim_interfaces/include/auto_aim_interfaces/auto_aim_interfaces/msg/detail/debug_lights__type_support.h
[4.736s] -- Symlinking: /home/blade_master/pnx/rmvision/install/auto_aim_interfaces/include/auto_aim_interfaces/auto_aim_interfaces/msg/detail/light__functions.h
[4.741s] -- Symlinking: /home/blade_master/pnx/rmvision/install/auto_aim_interfaces/include/auto_aim_interfaces/auto_aim_interfaces/msg/detail/light__struct.h
[4.746s] -- Symlinking: /home/blade_master/pnx/rmvision/install/auto_aim_interfaces/include/auto_aim_interfaces/auto_aim_interfaces/msg/detail/light__type_support.h
[4.755s] -- Symlinking: /home/blade_master/pnx/rmvision/install/auto_aim_interfaces/include/auto_aim_interfaces/auto_aim_interfaces/msg/detail/lights__functions.h
[4.760s] -- Symlinking: /home/blade_master/pnx/rmvision/install/auto_aim_interfaces/include/auto_aim_interfaces/auto_aim_interfaces/msg/detail/lights__struct.h
[4.765s] -- Symlinking: /home/blade_master/pnx/rmvision/install/auto_aim_interfaces/include/auto_aim_interfaces/auto_aim_interfaces/msg/detail/lights__type_support.h
[4.772s] -- Symlinking: /home/blade_master/pnx/rmvision/install/auto_aim_interfaces/include/auto_aim_interfaces/auto_aim_interfaces/msg/detail/send__functions.h
[4.778s] -- Symlinking: /home/blade_master/pnx/rmvision/install/auto_aim_interfaces/include/auto_aim_interfaces/auto_aim_interfaces/msg/detail/send__struct.h
[4.783s] -- Symlinking: /home/blade_master/pnx/rmvision/install/auto_aim_interfaces/include/auto_aim_interfaces/auto_aim_interfaces/msg/detail/send__type_support.h
[4.788s] -- Symlinking: /home/blade_master/pnx/rmvision/install/auto_aim_interfaces/include/auto_aim_interfaces/auto_aim_interfaces/msg/light.h
[4.796s] -- Symlinking: /home/blade_master/pnx/rmvision/install/auto_aim_interfaces/include/auto_aim_interfaces/auto_aim_interfaces/msg/lights.h
[4.803s] -- Symlinking: /home/blade_master/pnx/rmvision/install/auto_aim_interfaces/include/auto_aim_interfaces/auto_aim_interfaces/msg/rosidl_generator_c__visibility_control.h
[4.808s] -- Symlinking: /home/blade_master/pnx/rmvision/install/auto_aim_interfaces/include/auto_aim_interfaces/auto_aim_interfaces/msg/send.h
[4.814s] -- Symlinking: /home/blade_master/pnx/rmvision/install/auto_aim_interfaces/share/auto_aim_interfaces/environment/library_path.sh
[4.819s] -- Symlinking: /home/blade_master/pnx/rmvision/install/auto_aim_interfaces/share/auto_aim_interfaces/environment/library_path.dsv
[4.825s] -- Symlinking: /home/blade_master/pnx/rmvision/install/auto_aim_interfaces/include/auto_aim_interfaces/auto_aim_interfaces/msg/detail/debug_light__rosidl_typesupport_fastrtps_c.h
[4.830s] -- Symlinking: /home/blade_master/pnx/rmvision/install/auto_aim_interfaces/include/auto_aim_interfaces/auto_aim_interfaces/msg/detail/debug_lights__rosidl_typesupport_fastrtps_c.h
[4.837s] -- Symlinking: /home/blade_master/pnx/rmvision/install/auto_aim_interfaces/include/auto_aim_interfaces/auto_aim_interfaces/msg/detail/light__rosidl_typesupport_fastrtps_c.h
[4.842s] -- Symlinking: /home/blade_master/pnx/rmvision/install/auto_aim_interfaces/include/auto_aim_interfaces/auto_aim_interfaces/msg/detail/lights__rosidl_typesupport_fastrtps_c.h
[4.850s] -- Symlinking: /home/blade_master/pnx/rmvision/install/auto_aim_interfaces/include/auto_aim_interfaces/auto_aim_interfaces/msg/detail/send__rosidl_typesupport_fastrtps_c.h
[4.859s] -- Symlinking: /home/blade_master/pnx/rmvision/install/auto_aim_interfaces/include/auto_aim_interfaces/auto_aim_interfaces/msg/rosidl_typesupport_fastrtps_c__visibility_control.h
[4.864s] -- Symlinking: /home/blade_master/pnx/rmvision/install/auto_aim_interfaces/include/auto_aim_interfaces/auto_aim_interfaces/msg/detail/debug_light__rosidl_typesupport_introspection_c.h
[4.873s] -- Symlinking: /home/blade_master/pnx/rmvision/install/auto_aim_interfaces/include/auto_aim_interfaces/auto_aim_interfaces/msg/detail/debug_lights__rosidl_typesupport_introspection_c.h
[4.882s] -- Symlinking: /home/blade_master/pnx/rmvision/install/auto_aim_interfaces/include/auto_aim_interfaces/auto_aim_interfaces/msg/detail/light__rosidl_typesupport_introspection_c.h
[4.887s] -- Symlinking: /home/blade_master/pnx/rmvision/install/auto_aim_interfaces/include/auto_aim_interfaces/auto_aim_interfaces/msg/detail/lights__rosidl_typesupport_introspection_c.h
[4.896s] -- Symlinking: /home/blade_master/pnx/rmvision/install/auto_aim_interfaces/include/auto_aim_interfaces/auto_aim_interfaces/msg/detail/send__rosidl_typesupport_introspection_c.h
[4.901s] -- Symlinking: /home/blade_master/pnx/rmvision/install/auto_aim_interfaces/include/auto_aim_interfaces/auto_aim_interfaces/msg/rosidl_typesupport_introspection_c__visibility_control.h
[4.907s] -- Symlinking: /home/blade_master/pnx/rmvision/install/auto_aim_interfaces/include/auto_aim_interfaces/auto_aim_interfaces/msg/debug_light.hpp
[4.914s] -- Symlinking: /home/blade_master/pnx/rmvision/install/auto_aim_interfaces/include/auto_aim_interfaces/auto_aim_interfaces/msg/debug_lights.hpp
[4.920s] -- Symlinking: /home/blade_master/pnx/rmvision/install/auto_aim_interfaces/include/auto_aim_interfaces/auto_aim_interfaces/msg/detail/debug_light__builder.hpp
[4.927s] -- Symlinking: /home/blade_master/pnx/rmvision/install/auto_aim_interfaces/include/auto_aim_interfaces/auto_aim_interfaces/msg/detail/debug_light__struct.hpp
[4.933s] -- Symlinking: /home/blade_master/pnx/rmvision/install/auto_aim_interfaces/include/auto_aim_interfaces/auto_aim_interfaces/msg/detail/debug_light__traits.hpp
[4.939s] -- Symlinking: /home/blade_master/pnx/rmvision/install/auto_aim_interfaces/include/auto_aim_interfaces/auto_aim_interfaces/msg/detail/debug_light__type_support.hpp
[4.944s] -- Symlinking: /home/blade_master/pnx/rmvision/install/auto_aim_interfaces/include/auto_aim_interfaces/auto_aim_interfaces/msg/detail/debug_lights__builder.hpp
[4.950s] -- Symlinking: /home/blade_master/pnx/rmvision/install/auto_aim_interfaces/include/auto_aim_interfaces/auto_aim_interfaces/msg/detail/debug_lights__struct.hpp
[4.956s] -- Symlinking: /home/blade_master/pnx/rmvision/install/auto_aim_interfaces/include/auto_aim_interfaces/auto_aim_interfaces/msg/detail/debug_lights__traits.hpp
[4.963s] -- Symlinking: /home/blade_master/pnx/rmvision/install/auto_aim_interfaces/include/auto_aim_interfaces/auto_aim_interfaces/msg/detail/debug_lights__type_support.hpp
[4.970s] -- Symlinking: /home/blade_master/pnx/rmvision/install/auto_aim_interfaces/include/auto_aim_interfaces/auto_aim_interfaces/msg/detail/light__builder.hpp
[4.976s] -- Symlinking: /home/blade_master/pnx/rmvision/install/auto_aim_interfaces/include/auto_aim_interfaces/auto_aim_interfaces/msg/detail/light__struct.hpp
[4.984s] -- Symlinking: /home/blade_master/pnx/rmvision/install/auto_aim_interfaces/include/auto_aim_interfaces/auto_aim_interfaces/msg/detail/light__traits.hpp
[4.990s] -- Symlinking: /home/blade_master/pnx/rmvision/install/auto_aim_interfaces/include/auto_aim_interfaces/auto_aim_interfaces/msg/detail/light__type_support.hpp
[4.995s] -- Symlinking: /home/blade_master/pnx/rmvision/install/auto_aim_interfaces/include/auto_aim_interfaces/auto_aim_interfaces/msg/detail/lights__builder.hpp
[5.002s] -- Symlinking: /home/blade_master/pnx/rmvision/install/auto_aim_interfaces/include/auto_aim_interfaces/auto_aim_interfaces/msg/detail/lights__struct.hpp
[5.008s] -- Symlinking: /home/blade_master/pnx/rmvision/install/auto_aim_interfaces/include/auto_aim_interfaces/auto_aim_interfaces/msg/detail/lights__traits.hpp
[5.015s] -- Symlinking: /home/blade_master/pnx/rmvision/install/auto_aim_interfaces/include/auto_aim_interfaces/auto_aim_interfaces/msg/detail/lights__type_support.hpp
[5.020s] -- Symlinking: /home/blade_master/pnx/rmvision/install/auto_aim_interfaces/include/auto_aim_interfaces/auto_aim_interfaces/msg/detail/send__builder.hpp
[5.026s] -- Symlinking: /home/blade_master/pnx/rmvision/install/auto_aim_interfaces/include/auto_aim_interfaces/auto_aim_interfaces/msg/detail/send__struct.hpp
[5.033s] -- Symlinking: /home/blade_master/pnx/rmvision/install/auto_aim_interfaces/include/auto_aim_interfaces/auto_aim_interfaces/msg/detail/send__traits.hpp
[5.041s] -- Symlinking: /home/blade_master/pnx/rmvision/install/auto_aim_interfaces/include/auto_aim_interfaces/auto_aim_interfaces/msg/detail/send__type_support.hpp
[5.050s] -- Symlinking: /home/blade_master/pnx/rmvision/install/auto_aim_interfaces/include/auto_aim_interfaces/auto_aim_interfaces/msg/light.hpp
[5.055s] -- Symlinking: /home/blade_master/pnx/rmvision/install/auto_aim_interfaces/include/auto_aim_interfaces/auto_aim_interfaces/msg/lights.hpp
[5.060s] -- Symlinking: /home/blade_master/pnx/rmvision/install/auto_aim_interfaces/include/auto_aim_interfaces/auto_aim_interfaces/msg/rosidl_generator_cpp__visibility_control.hpp
[5.066s] -- Symlinking: /home/blade_master/pnx/rmvision/install/auto_aim_interfaces/include/auto_aim_interfaces/auto_aim_interfaces/msg/send.hpp
[5.076s] -- Symlinking: /home/blade_master/pnx/rmvision/install/auto_aim_interfaces/include/auto_aim_interfaces/auto_aim_interfaces/msg/detail/debug_light__rosidl_typesupport_fastrtps_cpp.hpp
[5.082s] -- Symlinking: /home/blade_master/pnx/rmvision/install/auto_aim_interfaces/include/auto_aim_interfaces/auto_aim_interfaces/msg/detail/debug_lights__rosidl_typesupport_fastrtps_cpp.hpp
[5.090s] -- Symlinking: /home/blade_master/pnx/rmvision/install/auto_aim_interfaces/include/auto_aim_interfaces/auto_aim_interfaces/msg/detail/light__rosidl_typesupport_fastrtps_cpp.hpp
[5.095s] -- Symlinking: /home/blade_master/pnx/rmvision/install/auto_aim_interfaces/include/auto_aim_interfaces/auto_aim_interfaces/msg/detail/lights__rosidl_typesupport_fastrtps_cpp.hpp
[5.104s] -- Symlinking: /home/blade_master/pnx/rmvision/install/auto_aim_interfaces/include/auto_aim_interfaces/auto_aim_interfaces/msg/detail/send__rosidl_typesupport_fastrtps_cpp.hpp
[5.109s] -- Symlinking: /home/blade_master/pnx/rmvision/install/auto_aim_interfaces/include/auto_aim_interfaces/auto_aim_interfaces/msg/rosidl_typesupport_fastrtps_cpp__visibility_control.h
[5.119s] -- Symlinking: /home/blade_master/pnx/rmvision/install/auto_aim_interfaces/include/auto_aim_interfaces/auto_aim_interfaces/msg/detail/debug_light__rosidl_typesupport_introspection_cpp.hpp
[5.125s] -- Symlinking: /home/blade_master/pnx/rmvision/install/auto_aim_interfaces/include/auto_aim_interfaces/auto_aim_interfaces/msg/detail/debug_lights__rosidl_typesupport_introspection_cpp.hpp
[5.132s] -- Symlinking: /home/blade_master/pnx/rmvision/install/auto_aim_interfaces/include/auto_aim_interfaces/auto_aim_interfaces/msg/detail/light__rosidl_typesupport_introspection_cpp.hpp
[5.140s] -- Symlinking: /home/blade_master/pnx/rmvision/install/auto_aim_interfaces/include/auto_aim_interfaces/auto_aim_interfaces/msg/detail/lights__rosidl_typesupport_introspection_cpp.hpp
[5.146s] -- Symlinking: /home/blade_master/pnx/rmvision/install/auto_aim_interfaces/include/auto_aim_interfaces/auto_aim_interfaces/msg/detail/send__rosidl_typesupport_introspection_cpp.hpp
[5.152s] -- Symlinking: /home/blade_master/pnx/rmvision/install/auto_aim_interfaces/share/auto_aim_interfaces/environment/pythonpath.sh
[5.157s] -- Symlinking: /home/blade_master/pnx/rmvision/install/auto_aim_interfaces/share/auto_aim_interfaces/environment/pythonpath.dsv
[5.162s] -- Symlinking: /home/blade_master/pnx/rmvision/install/auto_aim_interfaces/local/lib/python3.10/dist-packages/auto_aim_interfaces-0.0.0-py3.10.egg-info/PKG-INFO
[5.168s] -- Symlinking: /home/blade_master/pnx/rmvision/install/auto_aim_interfaces/local/lib/python3.10/dist-packages/auto_aim_interfaces-0.0.0-py3.10.egg-info/SOURCES.txt
[5.176s] -- Symlinking: /home/blade_master/pnx/rmvision/install/auto_aim_interfaces/local/lib/python3.10/dist-packages/auto_aim_interfaces-0.0.0-py3.10.egg-info/dependency_links.txt
[5.181s] -- Symlinking: /home/blade_master/pnx/rmvision/install/auto_aim_interfaces/local/lib/python3.10/dist-packages/auto_aim_interfaces-0.0.0-py3.10.egg-info/top_level.txt
[5.189s] -- Symlinking: /home/blade_master/pnx/rmvision/install/auto_aim_interfaces/local/lib/python3.10/dist-packages/auto_aim_interfaces/__init__.py
[5.194s] -- Symlinking: /home/blade_master/pnx/rmvision/install/auto_aim_interfaces/local/lib/python3.10/dist-packages/auto_aim_interfaces/_auto_aim_interfaces_s.ep.rosidl_typesupport_c.c
[5.199s] -- Symlinking: /home/blade_master/pnx/rmvision/install/auto_aim_interfaces/local/lib/python3.10/dist-packages/auto_aim_interfaces/_auto_aim_interfaces_s.ep.rosidl_typesupport_fastrtps_c.c
[5.205s] -- Symlinking: /home/blade_master/pnx/rmvision/install/auto_aim_interfaces/local/lib/python3.10/dist-packages/auto_aim_interfaces/_auto_aim_interfaces_s.ep.rosidl_typesupport_introspection_c.c
[5.211s] -- Symlinking: /home/blade_master/pnx/rmvision/install/auto_aim_interfaces/local/lib/python3.10/dist-packages/auto_aim_interfaces/auto_aim_interfaces_s__rosidl_typesupport_c.cpython-310-x86_64-linux-gnu.so
[5.216s] -- Symlinking: /home/blade_master/pnx/rmvision/install/auto_aim_interfaces/local/lib/python3.10/dist-packages/auto_aim_interfaces/auto_aim_interfaces_s__rosidl_typesupport_fastrtps_c.cpython-310-x86_64-linux-gnu.so
[5.221s] -- Symlinking: /home/blade_master/pnx/rmvision/install/auto_aim_interfaces/local/lib/python3.10/dist-packages/auto_aim_interfaces/auto_aim_interfaces_s__rosidl_typesupport_introspection_c.cpython-310-x86_64-linux-gnu.so
[5.230s] -- Symlinking: /home/blade_master/pnx/rmvision/install/auto_aim_interfaces/local/lib/python3.10/dist-packages/auto_aim_interfaces/libauto_aim_interfaces__rosidl_generator_py.so
[5.236s] -- Symlinking: /home/blade_master/pnx/rmvision/install/auto_aim_interfaces/local/lib/python3.10/dist-packages/auto_aim_interfaces/msg/__init__.py
[5.242s] -- Symlinking: /home/blade_master/pnx/rmvision/install/auto_aim_interfaces/local/lib/python3.10/dist-packages/auto_aim_interfaces/msg/_debug_light.py
[5.249s] -- Symlinking: /home/blade_master/pnx/rmvision/install/auto_aim_interfaces/local/lib/python3.10/dist-packages/auto_aim_interfaces/msg/_debug_light_s.c
[5.254s] -- Symlinking: /home/blade_master/pnx/rmvision/install/auto_aim_interfaces/local/lib/python3.10/dist-packages/auto_aim_interfaces/msg/_debug_lights.py
[5.261s] -- Symlinking: /home/blade_master/pnx/rmvision/install/auto_aim_interfaces/local/lib/python3.10/dist-packages/auto_aim_interfaces/msg/_debug_lights_s.c
[5.267s] -- Symlinking: /home/blade_master/pnx/rmvision/install/auto_aim_interfaces/local/lib/python3.10/dist-packages/auto_aim_interfaces/msg/_light.py
[5.272s] -- Symlinking: /home/blade_master/pnx/rmvision/install/auto_aim_interfaces/local/lib/python3.10/dist-packages/auto_aim_interfaces/msg/_light_s.c
[5.279s] -- Symlinking: /home/blade_master/pnx/rmvision/install/auto_aim_interfaces/local/lib/python3.10/dist-packages/auto_aim_interfaces/msg/_lights.py
[5.284s] -- Symlinking: /home/blade_master/pnx/rmvision/install/auto_aim_interfaces/local/lib/python3.10/dist-packages/auto_aim_interfaces/msg/_lights_s.c
[5.293s] -- Symlinking: /home/blade_master/pnx/rmvision/install/auto_aim_interfaces/local/lib/python3.10/dist-packages/auto_aim_interfaces/msg/_send.py
[5.302s] -- Symlinking: /home/blade_master/pnx/rmvision/install/auto_aim_interfaces/local/lib/python3.10/dist-packages/auto_aim_interfaces/msg/_send_s.c
[5.307s] -- Up-to-date symlink: /home/blade_master/pnx/rmvision/install/auto_aim_interfaces/local/lib/python3.10/dist-packages/auto_aim_interfaces/auto_aim_interfaces_s__rosidl_typesupport_fastrtps_c.cpython-310-x86_64-linux-gnu.so
[5.308s] -- Up-to-date symlink: /home/blade_master/pnx/rmvision/install/auto_aim_interfaces/local/lib/python3.10/dist-packages/auto_aim_interfaces/auto_aim_interfaces_s__rosidl_typesupport_introspection_c.cpython-310-x86_64-linux-gnu.so
[5.308s] -- Up-to-date symlink: /home/blade_master/pnx/rmvision/install/auto_aim_interfaces/local/lib/python3.10/dist-packages/auto_aim_interfaces/auto_aim_interfaces_s__rosidl_typesupport_c.cpython-310-x86_64-linux-gnu.so
[5.308s] -- Symlinking: /home/blade_master/pnx/rmvision/install/auto_aim_interfaces/share/auto_aim_interfaces/msg/Light.idl
[5.317s] -- Symlinking: /home/blade_master/pnx/rmvision/install/auto_aim_interfaces/share/auto_aim_interfaces/msg/Lights.idl
[5.323s] -- Symlinking: /home/blade_master/pnx/rmvision/install/auto_aim_interfaces/share/auto_aim_interfaces/msg/DebugLight.idl
[5.331s] -- Symlinking: /home/blade_master/pnx/rmvision/install/auto_aim_interfaces/share/auto_aim_interfaces/msg/DebugLights.idl
[5.337s] -- Symlinking: /home/blade_master/pnx/rmvision/install/auto_aim_interfaces/share/auto_aim_interfaces/msg/Send.idl
[5.346s] -- Symlinking: /home/blade_master/pnx/rmvision/install/auto_aim_interfaces/share/auto_aim_interfaces/msg/Light.msg
[5.351s] -- Symlinking: /home/blade_master/pnx/rmvision/install/auto_aim_interfaces/share/auto_aim_interfaces/msg/Lights.msg
[5.357s] -- Symlinking: /home/blade_master/pnx/rmvision/install/auto_aim_interfaces/share/auto_aim_interfaces/msg/DebugLight.msg
[5.363s] -- Symlinking: /home/blade_master/pnx/rmvision/install/auto_aim_interfaces/share/auto_aim_interfaces/msg/DebugLights.msg
[5.372s] -- Symlinking: /home/blade_master/pnx/rmvision/install/auto_aim_interfaces/share/auto_aim_interfaces/msg/Send.msg
[5.377s] -- Symlinking: /home/blade_master/pnx/rmvision/install/auto_aim_interfaces/share/ament_index/resource_index/package_run_dependencies/auto_aim_interfaces
[5.384s] -- Symlinking: /home/blade_master/pnx/rmvision/install/auto_aim_interfaces/share/ament_index/resource_index/parent_prefix_path/auto_aim_interfaces
[5.391s] -- Symlinking: /home/blade_master/pnx/rmvision/install/auto_aim_interfaces/share/auto_aim_interfaces/environment/ament_prefix_path.sh
[5.400s] -- Symlinking: /home/blade_master/pnx/rmvision/install/auto_aim_interfaces/share/auto_aim_interfaces/environment/ament_prefix_path.dsv
[5.405s] -- Symlinking: /home/blade_master/pnx/rmvision/install/auto_aim_interfaces/share/auto_aim_interfaces/environment/path.sh
[5.413s] -- Symlinking: /home/blade_master/pnx/rmvision/install/auto_aim_interfaces/share/auto_aim_interfaces/environment/path.dsv
[5.421s] -- Symlinking: /home/blade_master/pnx/rmvision/install/auto_aim_interfaces/share/auto_aim_interfaces/local_setup.bash
[5.427s] -- Symlinking: /home/blade_master/pnx/rmvision/install/auto_aim_interfaces/share/auto_aim_interfaces/local_setup.sh
[5.434s] -- Symlinking: /home/blade_master/pnx/rmvision/install/auto_aim_interfaces/share/auto_aim_interfaces/local_setup.zsh
[5.440s] -- Symlinking: /home/blade_master/pnx/rmvision/install/auto_aim_interfaces/share/auto_aim_interfaces/local_setup.dsv
[5.445s] -- Symlinking: /home/blade_master/pnx/rmvision/install/auto_aim_interfaces/share/auto_aim_interfaces/package.dsv
[5.453s] -- Symlinking: /home/blade_master/pnx/rmvision/install/auto_aim_interfaces/share/ament_index/resource_index/packages/auto_aim_interfaces
[5.458s] -- Symlinking: /home/blade_master/pnx/rmvision/install/auto_aim_interfaces/share/auto_aim_interfaces/cmake/rosidl_cmake-extras.cmake
[5.464s] -- Symlinking: /home/blade_master/pnx/rmvision/install/auto_aim_interfaces/share/auto_aim_interfaces/cmake/ament_cmake_export_dependencies-extras.cmake
[5.472s] -- Symlinking: /home/blade_master/pnx/rmvision/install/auto_aim_interfaces/share/auto_aim_interfaces/cmake/ament_cmake_export_include_directories-extras.cmake
[5.480s] -- Symlinking: /home/blade_master/pnx/rmvision/install/auto_aim_interfaces/share/auto_aim_interfaces/cmake/ament_cmake_export_libraries-extras.cmake
[5.485s] -- Symlinking: /home/blade_master/pnx/rmvision/install/auto_aim_interfaces/share/auto_aim_interfaces/cmake/ament_cmake_export_targets-extras.cmake
[5.494s] -- Symlinking: /home/blade_master/pnx/rmvision/install/auto_aim_interfaces/share/auto_aim_interfaces/cmake/rosidl_cmake_export_typesupport_targets-extras.cmake
[5.500s] -- Symlinking: /home/blade_master/pnx/rmvision/install/auto_aim_interfaces/share/auto_aim_interfaces/cmake/rosidl_cmake_export_typesupport_libraries-extras.cmake
[5.509s] -- Symlinking: /home/blade_master/pnx/rmvision/install/auto_aim_interfaces/share/auto_aim_interfaces/cmake/auto_aim_interfacesConfig.cmake
[5.516s] -- Symlinking: /home/blade_master/pnx/rmvision/install/auto_aim_interfaces/share/auto_aim_interfaces/cmake/auto_aim_interfacesConfig-version.cmake
[5.522s] -- Symlinking: /home/blade_master/pnx/rmvision/install/auto_aim_interfaces/share/auto_aim_interfaces/package.xml
[5.528s] -- Installing: /home/blade_master/pnx/rmvision/install/auto_aim_interfaces/lib/libauto_aim_interfaces__rosidl_generator_c.so
[5.529s] -- Set runtime path of "/home/blade_master/pnx/rmvision/install/auto_aim_interfaces/lib/libauto_aim_interfaces__rosidl_generator_c.so" to ""
[5.529s] -- Installing: /home/blade_master/pnx/rmvision/install/auto_aim_interfaces/lib/libauto_aim_interfaces__rosidl_typesupport_fastrtps_c.so
[5.529s] -- Set runtime path of "/home/blade_master/pnx/rmvision/install/auto_aim_interfaces/lib/libauto_aim_interfaces__rosidl_typesupport_fastrtps_c.so" to ""
[5.529s] -- Installing: /home/blade_master/pnx/rmvision/install/auto_aim_interfaces/lib/libauto_aim_interfaces__rosidl_typesupport_introspection_c.so
[5.529s] -- Set runtime path of "/home/blade_master/pnx/rmvision/install/auto_aim_interfaces/lib/libauto_aim_interfaces__rosidl_typesupport_introspection_c.so" to ""
[5.529s] -- Installing: /home/blade_master/pnx/rmvision/install/auto_aim_interfaces/lib/libauto_aim_interfaces__rosidl_typesupport_c.so
[5.529s] -- Set runtime path of "/home/blade_master/pnx/rmvision/install/auto_aim_interfaces/lib/libauto_aim_interfaces__rosidl_typesupport_c.so" to ""
[5.529s] -- Installing: /home/blade_master/pnx/rmvision/install/auto_aim_interfaces/lib/libauto_aim_interfaces__rosidl_typesupport_fastrtps_cpp.so
[5.530s] -- Set runtime path of "/home/blade_master/pnx/rmvision/install/auto_aim_interfaces/lib/libauto_aim_interfaces__rosidl_typesupport_fastrtps_cpp.so" to ""
[5.530s] -- Installing: /home/blade_master/pnx/rmvision/install/auto_aim_interfaces/lib/libauto_aim_interfaces__rosidl_typesupport_introspection_cpp.so
[5.530s] -- Set runtime path of "/home/blade_master/pnx/rmvision/install/auto_aim_interfaces/lib/libauto_aim_interfaces__rosidl_typesupport_introspection_cpp.so" to ""
[5.530s] -- Installing: /home/blade_master/pnx/rmvision/install/auto_aim_interfaces/lib/libauto_aim_interfaces__rosidl_typesupport_cpp.so
[5.530s] -- Set runtime path of "/home/blade_master/pnx/rmvision/install/auto_aim_interfaces/lib/libauto_aim_interfaces__rosidl_typesupport_cpp.so" to ""
[5.562s] Listing '/home/blade_master/pnx/rmvision/install/auto_aim_interfaces/local/lib/python3.10/dist-packages/auto_aim_interfaces'...
[5.562s] Compiling '/home/blade_master/pnx/rmvision/install/auto_aim_interfaces/local/lib/python3.10/dist-packages/auto_aim_interfaces/__init__.py'...
[5.562s] Listing '/home/blade_master/pnx/rmvision/install/auto_aim_interfaces/local/lib/python3.10/dist-packages/auto_aim_interfaces/msg'...
[5.562s] Compiling '/home/blade_master/pnx/rmvision/install/auto_aim_interfaces/local/lib/python3.10/dist-packages/auto_aim_interfaces/msg/__init__.py'...
[5.562s] Compiling '/home/blade_master/pnx/rmvision/install/auto_aim_interfaces/local/lib/python3.10/dist-packages/auto_aim_interfaces/msg/_debug_light.py'...
[5.562s] Compiling '/home/blade_master/pnx/rmvision/install/auto_aim_interfaces/local/lib/python3.10/dist-packages/auto_aim_interfaces/msg/_debug_lights.py'...
[5.562s] Compiling '/home/blade_master/pnx/rmvision/install/auto_aim_interfaces/local/lib/python3.10/dist-packages/auto_aim_interfaces/msg/_light.py'...
[5.562s] Compiling '/home/blade_master/pnx/rmvision/install/auto_aim_interfaces/local/lib/python3.10/dist-packages/auto_aim_interfaces/msg/_lights.py'...
[5.562s] Compiling '/home/blade_master/pnx/rmvision/install/auto_aim_interfaces/local/lib/python3.10/dist-packages/auto_aim_interfaces/msg/_send.py'...
[5.566s] -- Installing: /home/blade_master/pnx/rmvision/install/auto_aim_interfaces/lib/libauto_aim_interfaces__rosidl_generator_py.so
[5.566s] -- Set runtime path of "/home/blade_master/pnx/rmvision/install/auto_aim_interfaces/lib/libauto_aim_interfaces__rosidl_generator_py.so" to ""
[5.566s] -- Installing: /home/blade_master/pnx/rmvision/install/auto_aim_interfaces/share/auto_aim_interfaces/cmake/export_auto_aim_interfaces__rosidl_generator_cExport.cmake
[5.567s] -- Installing: /home/blade_master/pnx/rmvision/install/auto_aim_interfaces/share/auto_aim_interfaces/cmake/export_auto_aim_interfaces__rosidl_generator_cExport-noconfig.cmake
[5.567s] -- Installing: /home/blade_master/pnx/rmvision/install/auto_aim_interfaces/share/auto_aim_interfaces/cmake/export_auto_aim_interfaces__rosidl_typesupport_fastrtps_cExport.cmake
[5.567s] -- Installing: /home/blade_master/pnx/rmvision/install/auto_aim_interfaces/share/auto_aim_interfaces/cmake/export_auto_aim_interfaces__rosidl_typesupport_fastrtps_cExport-noconfig.cmake
[5.568s] -- Installing: /home/blade_master/pnx/rmvision/install/auto_aim_interfaces/share/auto_aim_interfaces/cmake/auto_aim_interfaces__rosidl_typesupport_introspection_cExport.cmake
[5.568s] -- Installing: /home/blade_master/pnx/rmvision/install/auto_aim_interfaces/share/auto_aim_interfaces/cmake/auto_aim_interfaces__rosidl_typesupport_introspection_cExport-noconfig.cmake
[5.568s] -- Installing: /home/blade_master/pnx/rmvision/install/auto_aim_interfaces/share/auto_aim_interfaces/cmake/auto_aim_interfaces__rosidl_typesupport_cExport.cmake
[5.568s] -- Installing: /home/blade_master/pnx/rmvision/install/auto_aim_interfaces/share/auto_aim_interfaces/cmake/auto_aim_interfaces__rosidl_typesupport_cExport-noconfig.cmake
[5.568s] -- Installing: /home/blade_master/pnx/rmvision/install/auto_aim_interfaces/share/auto_aim_interfaces/cmake/export_auto_aim_interfaces__rosidl_generator_cppExport.cmake
[5.568s] -- Installing: /home/blade_master/pnx/rmvision/install/auto_aim_interfaces/share/auto_aim_interfaces/cmake/export_auto_aim_interfaces__rosidl_typesupport_fastrtps_cppExport.cmake
[5.568s] -- Installing: /home/blade_master/pnx/rmvision/install/auto_aim_interfaces/share/auto_aim_interfaces/cmake/export_auto_aim_interfaces__rosidl_typesupport_fastrtps_cppExport-noconfig.cmake
[5.568s] -- Installing: /home/blade_master/pnx/rmvision/install/auto_aim_interfaces/share/auto_aim_interfaces/cmake/auto_aim_interfaces__rosidl_typesupport_introspection_cppExport.cmake
[5.568s] -- Installing: /home/blade_master/pnx/rmvision/install/auto_aim_interfaces/share/auto_aim_interfaces/cmake/auto_aim_interfaces__rosidl_typesupport_introspection_cppExport-noconfig.cmake
[5.568s] -- Installing: /home/blade_master/pnx/rmvision/install/auto_aim_interfaces/share/auto_aim_interfaces/cmake/auto_aim_interfaces__rosidl_typesupport_cppExport.cmake
[5.568s] -- Installing: /home/blade_master/pnx/rmvision/install/auto_aim_interfaces/share/auto_aim_interfaces/cmake/auto_aim_interfaces__rosidl_typesupport_cppExport-noconfig.cmake
[5.568s] -- Installing: /home/blade_master/pnx/rmvision/install/auto_aim_interfaces/share/auto_aim_interfaces/cmake/export_auto_aim_interfaces__rosidl_generator_pyExport.cmake
[5.569s] -- Installing: /home/blade_master/pnx/rmvision/install/auto_aim_interfaces/share/auto_aim_interfaces/cmake/export_auto_aim_interfaces__rosidl_generator_pyExport-noconfig.cmake
[5.570s] Invoked command in '/home/blade_master/pnx/rmvision/build/auto_aim_interfaces' returned '0': CMAKE_PREFIX_PATH=${CMAKE_PREFIX_PATH}:/opt/ros/humble /usr/bin/cmake --install /home/blade_master/pnx/rmvision/build/auto_aim_interfaces
