[0.017s] Invoking command in '/home/blade_master/pnx/rmvision/build/rm_gimbal_description': CMAKE_PREFIX_PATH=/opt/ros/humble /usr/bin/cmake /home/blade_master/pnx/rmvision/src/rm_gimbal_description -DAMENT_CMAKE_SYMLINK_INSTALL=1 -DCMAKE_INSTALL_PREFIX=/home/blade_master/pnx/rmvision/install/rm_gimbal_description
[0.089s] -- The C compiler identification is GNU 11.4.0
[0.327s] -- The CXX compiler identification is GNU 11.4.0
[0.554s] -- Detecting C compiler ABI info
[0.635s] -- Detecting C compiler ABI info - done
[0.640s] -- Check for working C compiler: /usr/bin/cc - skipped
[0.641s] -- Detecting C compile features
[0.641s] -- Detecting C compile features - done
[0.643s] -- Detecting CXX compiler ABI info
[0.735s] -- Detecting CXX compiler ABI info - done
[0.740s] -- Check for working CXX compiler: /usr/bin/c++ - skipped
[0.740s] -- Detecting CXX compile features
[0.741s] -- Detecting CXX compile features - done
[0.742s] -- Found ament_cmake: 1.3.11 (/opt/ros/humble/share/ament_cmake/cmake)
[0.867s] -- Found Python3: /usr/bin/python3 (found version "3.10.12") found components: Interpreter 
[0.937s] -- Override CMake install command with custom implementation using symlinks instead of copying resources
[0.956s] -- Found ament_lint_auto: 0.12.12 (/opt/ros/humble/share/ament_lint_auto/cmake)
[1.025s] -- Added test 'lint_cmake' to check CMake code style
[1.027s] -- Added test 'xmllint' to check XML markup files
[1.028s] -- Configuring done
[1.031s] -- Generating done
[1.032s] -- Build files have been written to: /home/blade_master/pnx/rmvision/build/rm_gimbal_description
[1.038s] Invoked command in '/home/blade_master/pnx/rmvision/build/rm_gimbal_description' returned '0': CMAKE_PREFIX_PATH=/opt/ros/humble /usr/bin/cmake /home/blade_master/pnx/rmvision/src/rm_gimbal_description -DAMENT_CMAKE_SYMLINK_INSTALL=1 -DCMAKE_INSTALL_PREFIX=/home/blade_master/pnx/rmvision/install/rm_gimbal_description
[1.040s] Invoking command in '/home/blade_master/pnx/rmvision/build/rm_gimbal_description': CMAKE_PREFIX_PATH=/opt/ros/humble /usr/bin/cmake --build /home/blade_master/pnx/rmvision/build/rm_gimbal_description -- -j22 -l22
[1.067s] Invoked command in '/home/blade_master/pnx/rmvision/build/rm_gimbal_description' returned '0': CMAKE_PREFIX_PATH=/opt/ros/humble /usr/bin/cmake --build /home/blade_master/pnx/rmvision/build/rm_gimbal_description -- -j22 -l22
[1.076s] Invoking command in '/home/blade_master/pnx/rmvision/build/rm_gimbal_description': CMAKE_PREFIX_PATH=/opt/ros/humble /usr/bin/cmake --install /home/blade_master/pnx/rmvision/build/rm_gimbal_description
[1.080s] -- Install configuration: ""
[1.081s] -- Execute custom install script
[1.081s] -- Symlinking: /home/blade_master/pnx/rmvision/install/rm_gimbal_description/share/rm_gimbal_description/urdf/rm_gimbal.urdf.xacro
[1.088s] -- Symlinking: /home/blade_master/pnx/rmvision/install/rm_gimbal_description/share/ament_index/resource_index/package_run_dependencies/rm_gimbal_description
[1.094s] -- Symlinking: /home/blade_master/pnx/rmvision/install/rm_gimbal_description/share/ament_index/resource_index/parent_prefix_path/rm_gimbal_description
[1.101s] -- Symlinking: /home/blade_master/pnx/rmvision/install/rm_gimbal_description/share/rm_gimbal_description/environment/ament_prefix_path.sh
[1.108s] -- Symlinking: /home/blade_master/pnx/rmvision/install/rm_gimbal_description/share/rm_gimbal_description/environment/ament_prefix_path.dsv
[1.115s] -- Symlinking: /home/blade_master/pnx/rmvision/install/rm_gimbal_description/share/rm_gimbal_description/environment/path.sh
[1.121s] -- Symlinking: /home/blade_master/pnx/rmvision/install/rm_gimbal_description/share/rm_gimbal_description/environment/path.dsv
[1.129s] -- Symlinking: /home/blade_master/pnx/rmvision/install/rm_gimbal_description/share/rm_gimbal_description/local_setup.bash
[1.135s] -- Symlinking: /home/blade_master/pnx/rmvision/install/rm_gimbal_description/share/rm_gimbal_description/local_setup.sh
[1.144s] -- Symlinking: /home/blade_master/pnx/rmvision/install/rm_gimbal_description/share/rm_gimbal_description/local_setup.zsh
[1.150s] -- Symlinking: /home/blade_master/pnx/rmvision/install/rm_gimbal_description/share/rm_gimbal_description/local_setup.dsv
[1.158s] -- Symlinking: /home/blade_master/pnx/rmvision/install/rm_gimbal_description/share/rm_gimbal_description/package.dsv
[1.165s] -- Symlinking: /home/blade_master/pnx/rmvision/install/rm_gimbal_description/share/ament_index/resource_index/packages/rm_gimbal_description
[1.171s] -- Symlinking: /home/blade_master/pnx/rmvision/install/rm_gimbal_description/share/rm_gimbal_description/cmake/rm_gimbal_descriptionConfig.cmake
[1.180s] -- Symlinking: /home/blade_master/pnx/rmvision/install/rm_gimbal_description/share/rm_gimbal_description/cmake/rm_gimbal_descriptionConfig-version.cmake
[1.189s] -- Symlinking: /home/blade_master/pnx/rmvision/install/rm_gimbal_description/share/rm_gimbal_description/package.xml
[1.198s] Invoked command in '/home/blade_master/pnx/rmvision/build/rm_gimbal_description' returned '0': CMAKE_PREFIX_PATH=/opt/ros/humble /usr/bin/cmake --install /home/blade_master/pnx/rmvision/build/rm_gimbal_description
