[0.054s] Invoking command in '/home/blade_master/pnx/rmvision/build/rm_serial_driver': CMAKE_PREFIX_PATH=/home/blade_master/pnx/rmvision/install/auto_aim_interfaces:/home/blade_master/pnx/rmvision/install/rm_vision_bringup:/home/blade_master/pnx/rmvision/install/video_reader:/home/blade_master/pnx/rmvision/install/rm_serial_driver:/home/blade_master/pnx/rmvision/install/rm_gimbal_description:/home/blade_master/pnx/rmvision/install/rm_auto_aim_dart:/home/blade_master/pnx/rmvision/install/light_detector:/home/blade_master/pnx/rmvision/install/hik_camera:/opt/ros/humble LD_LIBRARY_PATH=/home/blade_master/pnx/rmvision/install/auto_aim_interfaces/lib:/home/blade_master/pnx/rmvision/install/video_reader/lib:/home/blade_master/pnx/rmvision/install/rm_serial_driver/lib:/home/blade_master/pnx/rmvision/install/light_detector/lib:/home/blade_master/pnx/rmvision/install/hik_camera/lib:/opt/MVS/lib/64:/opt/MVS/lib/32:/opt/MVS/lib/64:/opt/MVS/lib/32:/opt/MVS/lib/64:/opt/MVS/lib/32:/opt/ros/humble/opt/rviz_ogre_vendor/lib:/opt/ros/humble/lib/x86_64-linux-gnu:/opt/ros/humble/lib:/opt/MVS/lib/64:/opt/MVS/lib/32 /usr/bin/cmake --build /home/blade_master/pnx/rmvision/build/rm_serial_driver -- -j22 -l22
[0.083s] [35m[1mConsolidate compiler generated dependencies of target rm_serial_driver_node[0m
[0.086s] [35m[1mConsolidate compiler generated dependencies of target rm_serial_driver[0m
[0.099s] [ 40%] Built target rm_serial_driver_node
[0.109s] [ 60%] [32mBuilding CXX object CMakeFiles/rm_serial_driver.dir/src/rm_serial_driver.cpp.o[0m
[11.320s] [ 80%] [32m[1mLinking CXX shared library librm_serial_driver.so[0m
[11.941s] [100%] Built target rm_serial_driver
[11.950s] Invoked command in '/home/blade_master/pnx/rmvision/build/rm_serial_driver' returned '0': CMAKE_PREFIX_PATH=/home/blade_master/pnx/rmvision/install/auto_aim_interfaces:/home/blade_master/pnx/rmvision/install/rm_vision_bringup:/home/blade_master/pnx/rmvision/install/video_reader:/home/blade_master/pnx/rmvision/install/rm_serial_driver:/home/blade_master/pnx/rmvision/install/rm_gimbal_description:/home/blade_master/pnx/rmvision/install/rm_auto_aim_dart:/home/blade_master/pnx/rmvision/install/light_detector:/home/blade_master/pnx/rmvision/install/hik_camera:/opt/ros/humble LD_LIBRARY_PATH=/home/blade_master/pnx/rmvision/install/auto_aim_interfaces/lib:/home/blade_master/pnx/rmvision/install/video_reader/lib:/home/blade_master/pnx/rmvision/install/rm_serial_driver/lib:/home/blade_master/pnx/rmvision/install/light_detector/lib:/home/blade_master/pnx/rmvision/install/hik_camera/lib:/opt/MVS/lib/64:/opt/MVS/lib/32:/opt/MVS/lib/64:/opt/MVS/lib/32:/opt/MVS/lib/64:/opt/MVS/lib/32:/opt/ros/humble/opt/rviz_ogre_vendor/lib:/opt/ros/humble/lib/x86_64-linux-gnu:/opt/ros/humble/lib:/opt/MVS/lib/64:/opt/MVS/lib/32 /usr/bin/cmake --build /home/blade_master/pnx/rmvision/build/rm_serial_driver -- -j22 -l22
[11.953s] Invoking command in '/home/blade_master/pnx/rmvision/build/rm_serial_driver': CMAKE_PREFIX_PATH=/home/blade_master/pnx/rmvision/install/auto_aim_interfaces:/home/blade_master/pnx/rmvision/install/rm_vision_bringup:/home/blade_master/pnx/rmvision/install/video_reader:/home/blade_master/pnx/rmvision/install/rm_serial_driver:/home/blade_master/pnx/rmvision/install/rm_gimbal_description:/home/blade_master/pnx/rmvision/install/rm_auto_aim_dart:/home/blade_master/pnx/rmvision/install/light_detector:/home/blade_master/pnx/rmvision/install/hik_camera:/opt/ros/humble LD_LIBRARY_PATH=/home/blade_master/pnx/rmvision/install/auto_aim_interfaces/lib:/home/blade_master/pnx/rmvision/install/video_reader/lib:/home/blade_master/pnx/rmvision/install/rm_serial_driver/lib:/home/blade_master/pnx/rmvision/install/light_detector/lib:/home/blade_master/pnx/rmvision/install/hik_camera/lib:/opt/MVS/lib/64:/opt/MVS/lib/32:/opt/MVS/lib/64:/opt/MVS/lib/32:/opt/MVS/lib/64:/opt/MVS/lib/32:/opt/ros/humble/opt/rviz_ogre_vendor/lib:/opt/ros/humble/lib/x86_64-linux-gnu:/opt/ros/humble/lib:/opt/MVS/lib/64:/opt/MVS/lib/32 /usr/bin/cmake --install /home/blade_master/pnx/rmvision/build/rm_serial_driver
[11.959s] -- Install configuration: ""
[11.959s] -- Execute custom install script
[11.959s] -- Up-to-date symlink: /home/blade_master/pnx/rmvision/install/rm_serial_driver/lib/rm_serial_driver/rm_serial_driver_node
[11.959s] -- Up-to-date symlink: /home/blade_master/pnx/rmvision/install/rm_serial_driver/include/crc.hpp
[11.960s] -- Up-to-date symlink: /home/blade_master/pnx/rmvision/install/rm_serial_driver/include/packet.hpp
[11.960s] -- Up-to-date symlink: /home/blade_master/pnx/rmvision/install/rm_serial_driver/include/rm_serial_driver.hpp
[11.960s] -- Up-to-date symlink: /home/blade_master/pnx/rmvision/install/rm_serial_driver/share/rm_serial_driver/environment/library_path.sh
[11.960s] -- Up-to-date symlink: /home/blade_master/pnx/rmvision/install/rm_serial_driver/share/rm_serial_driver/environment/library_path.dsv
[11.960s] -- Up-to-date symlink: /home/blade_master/pnx/rmvision/install/rm_serial_driver/lib/librm_serial_driver.so
[11.960s] -- Up-to-date symlink: /home/blade_master/pnx/rmvision/install/rm_serial_driver/share/rm_serial_driver/config/serial_driver.yaml
[11.960s] -- Up-to-date symlink: /home/blade_master/pnx/rmvision/install/rm_serial_driver/share/rm_serial_driver/launch/serial_driver.launch.py
[11.961s] -- Up-to-date symlink: /home/blade_master/pnx/rmvision/install/rm_serial_driver/share/ament_index/resource_index/package_run_dependencies/rm_serial_driver
[11.961s] -- Up-to-date symlink: /home/blade_master/pnx/rmvision/install/rm_serial_driver/share/ament_index/resource_index/parent_prefix_path/rm_serial_driver
[11.961s] -- Up-to-date symlink: /home/blade_master/pnx/rmvision/install/rm_serial_driver/share/rm_serial_driver/environment/ament_prefix_path.sh
[11.961s] -- Up-to-date symlink: /home/blade_master/pnx/rmvision/install/rm_serial_driver/share/rm_serial_driver/environment/ament_prefix_path.dsv
[11.961s] -- Up-to-date symlink: /home/blade_master/pnx/rmvision/install/rm_serial_driver/share/rm_serial_driver/environment/path.sh
[11.961s] -- Up-to-date symlink: /home/blade_master/pnx/rmvision/install/rm_serial_driver/share/rm_serial_driver/environment/path.dsv
[11.962s] -- Up-to-date symlink: /home/blade_master/pnx/rmvision/install/rm_serial_driver/share/rm_serial_driver/local_setup.bash
[11.962s] -- Up-to-date symlink: /home/blade_master/pnx/rmvision/install/rm_serial_driver/share/rm_serial_driver/local_setup.sh
[11.962s] -- Up-to-date symlink: /home/blade_master/pnx/rmvision/install/rm_serial_driver/share/rm_serial_driver/local_setup.zsh
[11.962s] -- Up-to-date symlink: /home/blade_master/pnx/rmvision/install/rm_serial_driver/share/rm_serial_driver/local_setup.dsv
[11.962s] -- Symlinking: /home/blade_master/pnx/rmvision/install/rm_serial_driver/share/rm_serial_driver/package.dsv
[11.970s] -- Up-to-date symlink: /home/blade_master/pnx/rmvision/install/rm_serial_driver/share/ament_index/resource_index/packages/rm_serial_driver
[11.970s] -- Up-to-date symlink: /home/blade_master/pnx/rmvision/install/rm_serial_driver/share/ament_index/resource_index/rclcpp_components/rm_serial_driver
[11.970s] -- Up-to-date symlink: /home/blade_master/pnx/rmvision/install/rm_serial_driver/share/rm_serial_driver/cmake/ament_cmake_export_dependencies-extras.cmake
[11.970s] -- Up-to-date symlink: /home/blade_master/pnx/rmvision/install/rm_serial_driver/share/rm_serial_driver/cmake/ament_cmake_export_include_directories-extras.cmake
[11.971s] -- Up-to-date symlink: /home/blade_master/pnx/rmvision/install/rm_serial_driver/share/rm_serial_driver/cmake/ament_cmake_export_libraries-extras.cmake
[11.971s] -- Up-to-date symlink: /home/blade_master/pnx/rmvision/install/rm_serial_driver/share/rm_serial_driver/cmake/rm_serial_driverConfig.cmake
[11.971s] -- Up-to-date symlink: /home/blade_master/pnx/rmvision/install/rm_serial_driver/share/rm_serial_driver/cmake/rm_serial_driverConfig-version.cmake
[11.971s] -- Up-to-date symlink: /home/blade_master/pnx/rmvision/install/rm_serial_driver/share/rm_serial_driver/package.xml
[11.974s] Invoked command in '/home/blade_master/pnx/rmvision/build/rm_serial_driver' returned '0': CMAKE_PREFIX_PATH=/home/blade_master/pnx/rmvision/install/auto_aim_interfaces:/home/blade_master/pnx/rmvision/install/rm_vision_bringup:/home/blade_master/pnx/rmvision/install/video_reader:/home/blade_master/pnx/rmvision/install/rm_serial_driver:/home/blade_master/pnx/rmvision/install/rm_gimbal_description:/home/blade_master/pnx/rmvision/install/rm_auto_aim_dart:/home/blade_master/pnx/rmvision/install/light_detector:/home/blade_master/pnx/rmvision/install/hik_camera:/opt/ros/humble LD_LIBRARY_PATH=/home/blade_master/pnx/rmvision/install/auto_aim_interfaces/lib:/home/blade_master/pnx/rmvision/install/video_reader/lib:/home/blade_master/pnx/rmvision/install/rm_serial_driver/lib:/home/blade_master/pnx/rmvision/install/light_detector/lib:/home/blade_master/pnx/rmvision/install/hik_camera/lib:/opt/MVS/lib/64:/opt/MVS/lib/32:/opt/MVS/lib/64:/opt/MVS/lib/32:/opt/MVS/lib/64:/opt/MVS/lib/32:/opt/ros/humble/opt/rviz_ogre_vendor/lib:/opt/ros/humble/lib/x86_64-linux-gnu:/opt/ros/humble/lib:/opt/MVS/lib/64:/opt/MVS/lib/32 /usr/bin/cmake --install /home/blade_master/pnx/rmvision/build/rm_serial_driver
