[0.034s] Invoking command in '/home/blade_master/pnx/rmvision/build/hik_camera': CMAKE_PREFIX_PATH=${CMAKE_PREFIX_PATH}:/opt/ros/humble /usr/bin/cmake /home/blade_master/pnx/rmvision/src/hik-driver -DAMENT_CMAKE_SYMLINK_INSTALL=1 -DCMAKE_INSTALL_PREFIX=/home/blade_master/pnx/rmvision/install/hik_camera
[0.224s] -- The C compiler identification is GNU 11.4.0
[0.560s] -- The CXX compiler identification is GNU 11.4.0
[0.857s] -- Detecting C compiler ABI info
[1.003s] -- Detecting C compiler ABI info - done
[1.013s] -- Check for working C compiler: /usr/bin/cc - skipped
[1.014s] -- Detecting C compile features
[1.014s] -- Detecting C compile features - done
[1.018s] -- Detecting CXX compiler ABI info
[1.196s] -- Detecting CXX compiler ABI info - done
[1.210s] -- Check for working CXX compiler: /usr/bin/c++ - skipped
[1.210s] -- Detecting CXX compile features
[1.211s] -- Detecting CXX compile features - done
[1.216s] -- Found ament_cmake_auto: 1.3.11 (/opt/ros/humble/share/ament_cmake_auto/cmake)
[1.489s] -- Found Python3: /usr/bin/python3 (found version "3.10.12") found components: Interpreter 
[1.590s] -- Override CMake install command with custom implementation using symlinks instead of copying resources
[1.912s] -- Found rosidl_generator_c: 3.1.6 (/opt/ros/humble/share/rosidl_generator_c/cmake)
[1.917s] -- Found rosidl_adapter: 3.1.6 (/opt/ros/humble/share/rosidl_adapter/cmake)
[1.930s] -- Found rosidl_generator_cpp: 3.1.6 (/opt/ros/humble/share/rosidl_generator_cpp/cmake)
[1.959s] -- Using all available rosidl_typesupport_c: rosidl_typesupport_fastrtps_c;rosidl_typesupport_introspection_c
[1.983s] -- Using all available rosidl_typesupport_cpp: rosidl_typesupport_fastrtps_cpp;rosidl_typesupport_introspection_cpp
[2.083s] -- Found rmw_implementation_cmake: 6.1.2 (/opt/ros/humble/share/rmw_implementation_cmake/cmake)
[2.090s] -- Found rmw_fastrtps_cpp: 6.2.7 (/opt/ros/humble/share/rmw_fastrtps_cpp/cmake)
[2.823s] -- Found OpenSSL: /usr/lib/x86_64-linux-gnu/libcrypto.so (found version "3.0.2")  
[3.450s] -- Found FastRTPS: /opt/ros/humble/include  
[4.793s] -- Using RMW implementation 'rmw_fastrtps_cpp' as default
[4.812s] -- Looking for pthread.h
[4.967s] -- Looking for pthread.h - found
[4.967s] -- Performing Test CMAKE_HAVE_LIBC_PTHREAD
[5.124s] -- Performing Test CMAKE_HAVE_LIBC_PTHREAD - Success
[5.126s] -- Found Threads: TRUE  
[7.400s] -- Found ament_lint_auto: 0.12.12 (/opt/ros/humble/share/ament_lint_auto/cmake)
[7.461s] -- Added test 'cppcheck' to perform static code analysis on C / C++ code
[7.461s] -- Configured cppcheck include dirs: /home/blade_master/pnx/rmvision/src/hik-driver/hikSDK/include
[7.462s] -- Configured cppcheck exclude dirs and/or files: 
[7.464s] -- Added test 'flake8' to check Python code syntax and style conventions
[7.467s] -- Added test 'lint_cmake' to check CMake code style
[7.469s] -- Added test 'pep257' to check Python code against some of the docstring style conventions in PEP 257
[7.471s] -- Added test 'xmllint' to check XML markup files
[7.479s] -- Configuring done
[7.510s] -- Generating done
[7.522s] -- Build files have been written to: /home/blade_master/pnx/rmvision/build/hik_camera
[7.550s] Invoked command in '/home/blade_master/pnx/rmvision/build/hik_camera' returned '0': CMAKE_PREFIX_PATH=${CMAKE_PREFIX_PATH}:/opt/ros/humble /usr/bin/cmake /home/blade_master/pnx/rmvision/src/hik-driver -DAMENT_CMAKE_SYMLINK_INSTALL=1 -DCMAKE_INSTALL_PREFIX=/home/blade_master/pnx/rmvision/install/hik_camera
[7.553s] Invoking command in '/home/blade_master/pnx/rmvision/build/hik_camera': CMAKE_PREFIX_PATH=${CMAKE_PREFIX_PATH}:/opt/ros/humble /usr/bin/cmake --build /home/blade_master/pnx/rmvision/build/hik_camera -- -j22 -l22
[7.636s] [ 25%] [32mBuilding CXX object CMakeFiles/hik_camera.dir/src/hik_camera_node.cpp.o[0m
[7.640s] [ 50%] [32mBuilding CXX object CMakeFiles/hik_camera_node.dir/rclcpp_components/node_main_hik_camera_node.cpp.o[0m
[14.243s] [ 75%] [32m[1mLinking CXX executable hik_camera_node[0m
[14.518s] [100%] [32m[1mLinking CXX shared library libhik_camera.so[0m
[14.582s] [100%] Built target hik_camera_node
[14.815s] [100%] Built target hik_camera
[14.834s] Invoked command in '/home/blade_master/pnx/rmvision/build/hik_camera' returned '0': CMAKE_PREFIX_PATH=${CMAKE_PREFIX_PATH}:/opt/ros/humble /usr/bin/cmake --build /home/blade_master/pnx/rmvision/build/hik_camera -- -j22 -l22
[14.839s] Invoking command in '/home/blade_master/pnx/rmvision/build/hik_camera': CMAKE_PREFIX_PATH=${CMAKE_PREFIX_PATH}:/opt/ros/humble /usr/bin/cmake --install /home/blade_master/pnx/rmvision/build/hik_camera
[14.852s] -- Install configuration: ""
[14.853s] -- Execute custom install script
[14.855s] -- Symlinking: /home/blade_master/pnx/rmvision/install/hik_camera/lib/libFormatConversion.so
[14.867s] -- Symlinking: /home/blade_master/pnx/rmvision/install/hik_camera/lib/libMVRender.so
[14.879s] -- Symlinking: /home/blade_master/pnx/rmvision/install/hik_camera/lib/libMediaProcess.so
[14.889s] -- Symlinking: /home/blade_master/pnx/rmvision/install/hik_camera/lib/libMvCameraControl.so
[14.899s] -- Symlinking: /home/blade_master/pnx/rmvision/install/hik_camera/lib/libMvUsb3vTL.so
[14.912s] -- Symlinking: /home/blade_master/pnx/rmvision/install/hik_camera/lib/hik_camera/hik_camera_node
[14.923s] -- Symlinking: /home/blade_master/pnx/rmvision/install/hik_camera/share/hik_camera/environment/library_path.sh
[14.939s] -- Symlinking: /home/blade_master/pnx/rmvision/install/hik_camera/share/hik_camera/environment/library_path.dsv
[14.949s] -- Symlinking: /home/blade_master/pnx/rmvision/install/hik_camera/lib/libhik_camera.so
[14.965s] -- Symlinking: /home/blade_master/pnx/rmvision/install/hik_camera/share/hik_camera/config/camera_info.yaml
[14.979s] -- Symlinking: /home/blade_master/pnx/rmvision/install/hik_camera/share/hik_camera/config/camera_params.yaml
[14.989s] -- Symlinking: /home/blade_master/pnx/rmvision/install/hik_camera/share/hik_camera/launch/hik_camera.launch.py
[15.002s] -- Symlinking: /home/blade_master/pnx/rmvision/install/hik_camera/share/ament_index/resource_index/package_run_dependencies/hik_camera
[15.013s] -- Symlinking: /home/blade_master/pnx/rmvision/install/hik_camera/share/ament_index/resource_index/parent_prefix_path/hik_camera
[15.025s] -- Symlinking: /home/blade_master/pnx/rmvision/install/hik_camera/share/hik_camera/environment/ament_prefix_path.sh
[15.040s] -- Symlinking: /home/blade_master/pnx/rmvision/install/hik_camera/share/hik_camera/environment/ament_prefix_path.dsv
[15.051s] -- Symlinking: /home/blade_master/pnx/rmvision/install/hik_camera/share/hik_camera/environment/path.sh
[15.062s] -- Symlinking: /home/blade_master/pnx/rmvision/install/hik_camera/share/hik_camera/environment/path.dsv
[15.077s] -- Symlinking: /home/blade_master/pnx/rmvision/install/hik_camera/share/hik_camera/local_setup.bash
[15.090s] -- Symlinking: /home/blade_master/pnx/rmvision/install/hik_camera/share/hik_camera/local_setup.sh
[15.105s] -- Symlinking: /home/blade_master/pnx/rmvision/install/hik_camera/share/hik_camera/local_setup.zsh
[15.116s] -- Symlinking: /home/blade_master/pnx/rmvision/install/hik_camera/share/hik_camera/local_setup.dsv
[15.133s] -- Symlinking: /home/blade_master/pnx/rmvision/install/hik_camera/share/hik_camera/package.dsv
[15.147s] -- Symlinking: /home/blade_master/pnx/rmvision/install/hik_camera/share/ament_index/resource_index/packages/hik_camera
[15.160s] -- Symlinking: /home/blade_master/pnx/rmvision/install/hik_camera/share/ament_index/resource_index/rclcpp_components/hik_camera
[15.174s] -- Symlinking: /home/blade_master/pnx/rmvision/install/hik_camera/share/hik_camera/cmake/ament_cmake_export_dependencies-extras.cmake
[15.192s] -- Symlinking: /home/blade_master/pnx/rmvision/install/hik_camera/share/hik_camera/cmake/ament_cmake_export_libraries-extras.cmake
[15.206s] -- Symlinking: /home/blade_master/pnx/rmvision/install/hik_camera/share/hik_camera/cmake/hik_cameraConfig.cmake
[15.219s] -- Symlinking: /home/blade_master/pnx/rmvision/install/hik_camera/share/hik_camera/cmake/hik_cameraConfig-version.cmake
[15.233s] -- Symlinking: /home/blade_master/pnx/rmvision/install/hik_camera/share/hik_camera/package.xml
[15.252s] Invoked command in '/home/blade_master/pnx/rmvision/build/hik_camera' returned '0': CMAKE_PREFIX_PATH=${CMAKE_PREFIX_PATH}:/opt/ros/humble /usr/bin/cmake --install /home/blade_master/pnx/rmvision/build/hik_camera
