[0.060s] Invoking command in '/home/blade_master/pnx/rmvision/build/light_detector': AMENT_PREFIX_PATH=/home/blade_master/pnx/rmvision/install/auto_aim_interfaces:${AMENT_PREFIX_PATH} CMAKE_PREFIX_PATH=/home/blade_master/pnx/rmvision/install/auto_aim_interfaces:/opt/ros/humble LD_LIBRARY_PATH=/home/blade_master/pnx/rmvision/install/auto_aim_interfaces/lib:/opt/MVS/lib/64:/opt/MVS/lib/32:/opt/MVS/lib/64:/opt/MVS/lib/32:/opt/MVS/lib/64:/opt/MVS/lib/32:/opt/ros/humble/opt/rviz_ogre_vendor/lib:/opt/ros/humble/lib/x86_64-linux-gnu:/opt/ros/humble/lib:/opt/MVS/lib/64:/opt/MVS/lib/32 PYTHONPATH=/home/blade_master/pnx/rmvision/install/auto_aim_interfaces/local/lib/python3.10/dist-packages:${PYTHONPATH} /usr/bin/cmake --build /home/blade_master/pnx/rmvision/build/light_detector -- -j22 -l22
[0.099s] [35m[1mConsolidate compiler generated dependencies of target light_detector_node[0m
[0.102s] [35m[1mConsolidate compiler generated dependencies of target light_detector[0m
[0.113s] [ 28%] Built target light_detector_node
[0.121s] [ 42%] [32mBuilding CXX object CMakeFiles/light_detector.dir/src/detector_node.cpp.o[0m
[28.501s] [ 57%] [32m[1mLinking CXX shared library liblight_detector.so[0m
[30.513s] [100%] Built target light_detector
[30.523s] Invoked command in '/home/blade_master/pnx/rmvision/build/light_detector' returned '0': AMENT_PREFIX_PATH=/home/blade_master/pnx/rmvision/install/auto_aim_interfaces:${AMENT_PREFIX_PATH} CMAKE_PREFIX_PATH=/home/blade_master/pnx/rmvision/install/auto_aim_interfaces:/opt/ros/humble LD_LIBRARY_PATH=/home/blade_master/pnx/rmvision/install/auto_aim_interfaces/lib:/opt/MVS/lib/64:/opt/MVS/lib/32:/opt/MVS/lib/64:/opt/MVS/lib/32:/opt/MVS/lib/64:/opt/MVS/lib/32:/opt/ros/humble/opt/rviz_ogre_vendor/lib:/opt/ros/humble/lib/x86_64-linux-gnu:/opt/ros/humble/lib:/opt/MVS/lib/64:/opt/MVS/lib/32 PYTHONPATH=/home/blade_master/pnx/rmvision/install/auto_aim_interfaces/local/lib/python3.10/dist-packages:${PYTHONPATH} /usr/bin/cmake --build /home/blade_master/pnx/rmvision/build/light_detector -- -j22 -l22
[30.526s] Invoking command in '/home/blade_master/pnx/rmvision/build/light_detector': AMENT_PREFIX_PATH=/home/blade_master/pnx/rmvision/install/auto_aim_interfaces:${AMENT_PREFIX_PATH} CMAKE_PREFIX_PATH=/home/blade_master/pnx/rmvision/install/auto_aim_interfaces:/opt/ros/humble LD_LIBRARY_PATH=/home/blade_master/pnx/rmvision/install/auto_aim_interfaces/lib:/opt/MVS/lib/64:/opt/MVS/lib/32:/opt/MVS/lib/64:/opt/MVS/lib/32:/opt/MVS/lib/64:/opt/MVS/lib/32:/opt/ros/humble/opt/rviz_ogre_vendor/lib:/opt/ros/humble/lib/x86_64-linux-gnu:/opt/ros/humble/lib:/opt/MVS/lib/64:/opt/MVS/lib/32 PYTHONPATH=/home/blade_master/pnx/rmvision/install/auto_aim_interfaces/local/lib/python3.10/dist-packages:${PYTHONPATH} /usr/bin/cmake --install /home/blade_master/pnx/rmvision/build/light_detector
[30.532s] -- Install configuration: ""
[30.533s] -- Execute custom install script
[30.534s] -- Up-to-date symlink: /home/blade_master/pnx/rmvision/install/light_detector/lib/light_detector/light_detector_node
[30.534s] -- Up-to-date symlink: /home/blade_master/pnx/rmvision/install/light_detector/include/detector.hpp
[30.535s] -- Up-to-date symlink: /home/blade_master/pnx/rmvision/install/light_detector/include/detector_node.hpp
[30.535s] -- Up-to-date symlink: /home/blade_master/pnx/rmvision/install/light_detector/include/kalman_filter.hpp
[30.535s] -- Up-to-date symlink: /home/blade_master/pnx/rmvision/install/light_detector/include/pnp_solver.hpp
[30.535s] -- Up-to-date symlink: /home/blade_master/pnx/rmvision/install/light_detector/share/light_detector/environment/library_path.sh
[30.535s] -- Up-to-date symlink: /home/blade_master/pnx/rmvision/install/light_detector/share/light_detector/environment/library_path.dsv
[30.535s] -- Up-to-date symlink: /home/blade_master/pnx/rmvision/install/light_detector/lib/liblight_detector.so
[30.536s] -- Up-to-date symlink: /home/blade_master/pnx/rmvision/install/light_detector/share/ament_index/resource_index/package_run_dependencies/light_detector
[30.536s] -- Up-to-date symlink: /home/blade_master/pnx/rmvision/install/light_detector/share/ament_index/resource_index/parent_prefix_path/light_detector
[30.536s] -- Up-to-date symlink: /home/blade_master/pnx/rmvision/install/light_detector/share/light_detector/environment/ament_prefix_path.sh
[30.536s] -- Up-to-date symlink: /home/blade_master/pnx/rmvision/install/light_detector/share/light_detector/environment/ament_prefix_path.dsv
[30.537s] -- Up-to-date symlink: /home/blade_master/pnx/rmvision/install/light_detector/share/light_detector/environment/path.sh
[30.537s] -- Up-to-date symlink: /home/blade_master/pnx/rmvision/install/light_detector/share/light_detector/environment/path.dsv
[30.537s] -- Up-to-date symlink: /home/blade_master/pnx/rmvision/install/light_detector/share/light_detector/local_setup.bash
[30.537s] -- Up-to-date symlink: /home/blade_master/pnx/rmvision/install/light_detector/share/light_detector/local_setup.sh
[30.538s] -- Up-to-date symlink: /home/blade_master/pnx/rmvision/install/light_detector/share/light_detector/local_setup.zsh
[30.538s] -- Up-to-date symlink: /home/blade_master/pnx/rmvision/install/light_detector/share/light_detector/local_setup.dsv
[30.538s] -- Symlinking: /home/blade_master/pnx/rmvision/install/light_detector/share/light_detector/package.dsv
[30.546s] -- Up-to-date symlink: /home/blade_master/pnx/rmvision/install/light_detector/share/ament_index/resource_index/packages/light_detector
[30.546s] -- Up-to-date symlink: /home/blade_master/pnx/rmvision/install/light_detector/share/ament_index/resource_index/rclcpp_components/light_detector
[30.546s] -- Up-to-date symlink: /home/blade_master/pnx/rmvision/install/light_detector/share/light_detector/cmake/ament_cmake_export_dependencies-extras.cmake
[30.546s] -- Up-to-date symlink: /home/blade_master/pnx/rmvision/install/light_detector/share/light_detector/cmake/ament_cmake_export_include_directories-extras.cmake
[30.546s] -- Up-to-date symlink: /home/blade_master/pnx/rmvision/install/light_detector/share/light_detector/cmake/ament_cmake_export_libraries-extras.cmake
[30.546s] -- Up-to-date symlink: /home/blade_master/pnx/rmvision/install/light_detector/share/light_detector/cmake/light_detectorConfig.cmake
[30.546s] -- Up-to-date symlink: /home/blade_master/pnx/rmvision/install/light_detector/share/light_detector/cmake/light_detectorConfig-version.cmake
[30.546s] -- Up-to-date symlink: /home/blade_master/pnx/rmvision/install/light_detector/share/light_detector/package.xml
[30.549s] Invoked command in '/home/blade_master/pnx/rmvision/build/light_detector' returned '0': AMENT_PREFIX_PATH=/home/blade_master/pnx/rmvision/install/auto_aim_interfaces:${AMENT_PREFIX_PATH} CMAKE_PREFIX_PATH=/home/blade_master/pnx/rmvision/install/auto_aim_interfaces:/opt/ros/humble LD_LIBRARY_PATH=/home/blade_master/pnx/rmvision/install/auto_aim_interfaces/lib:/opt/MVS/lib/64:/opt/MVS/lib/32:/opt/MVS/lib/64:/opt/MVS/lib/32:/opt/MVS/lib/64:/opt/MVS/lib/32:/opt/ros/humble/opt/rviz_ogre_vendor/lib:/opt/ros/humble/lib/x86_64-linux-gnu:/opt/ros/humble/lib:/opt/MVS/lib/64:/opt/MVS/lib/32 PYTHONPATH=/home/blade_master/pnx/rmvision/install/auto_aim_interfaces/local/lib/python3.10/dist-packages:${PYTHONPATH} /usr/bin/cmake --install /home/blade_master/pnx/rmvision/build/light_detector
