[0.042s] Invoking command in '/home/blade_master/pnx/rmvision/build/rm_gimbal_description': CMAKE_PREFIX_PATH=${CMAKE_PREFIX_PATH}:/opt/ros/humble /usr/bin/cmake /home/blade_master/pnx/rmvision/src/rm_gimbal_description -DAMENT_CMAKE_SYMLINK_INSTALL=1 -DCMAKE_INSTALL_PREFIX=/home/blade_master/pnx/rmvision/install/rm_gimbal_description
[0.214s] -- The C compiler identification is GNU 11.4.0
[0.560s] -- The CXX compiler identification is GNU 11.4.0
[0.830s] -- Detecting C compiler ABI info
[0.963s] -- Detecting C compiler ABI info - done
[0.971s] -- Check for working C compiler: /usr/bin/cc - skipped
[0.972s] -- Detecting C compile features
[0.972s] -- Detecting C compile features - done
[0.978s] -- Detecting CXX compiler ABI info
[1.164s] -- Detecting CXX compiler ABI info - done
[1.178s] -- Check for working CXX compiler: /usr/bin/c++ - skipped
[1.178s] -- Detecting CXX compile features
[1.179s] -- Detecting CXX compile features - done
[1.201s] -- Found ament_cmake: 1.3.11 (/opt/ros/humble/share/ament_cmake/cmake)
[1.459s] -- Found Python3: /usr/bin/python3 (found version "3.10.12") found components: Interpreter 
[1.582s] -- Override CMake install command with custom implementation using symlinks instead of copying resources
[1.632s] -- Found ament_lint_auto: 0.12.12 (/opt/ros/humble/share/ament_lint_auto/cmake)
[1.784s] -- Added test 'lint_cmake' to check CMake code style
[1.789s] -- Added test 'xmllint' to check XML markup files
[1.794s] -- Configuring done
[1.800s] -- Generating done
[1.803s] -- Build files have been written to: /home/blade_master/pnx/rmvision/build/rm_gimbal_description
[1.813s] Invoked command in '/home/blade_master/pnx/rmvision/build/rm_gimbal_description' returned '0': CMAKE_PREFIX_PATH=${CMAKE_PREFIX_PATH}:/opt/ros/humble /usr/bin/cmake /home/blade_master/pnx/rmvision/src/rm_gimbal_description -DAMENT_CMAKE_SYMLINK_INSTALL=1 -DCMAKE_INSTALL_PREFIX=/home/blade_master/pnx/rmvision/install/rm_gimbal_description
[1.818s] Invoking command in '/home/blade_master/pnx/rmvision/build/rm_gimbal_description': CMAKE_PREFIX_PATH=${CMAKE_PREFIX_PATH}:/opt/ros/humble /usr/bin/cmake --build /home/blade_master/pnx/rmvision/build/rm_gimbal_description -- -j22 -l22
[1.871s] Invoked command in '/home/blade_master/pnx/rmvision/build/rm_gimbal_description' returned '0': CMAKE_PREFIX_PATH=${CMAKE_PREFIX_PATH}:/opt/ros/humble /usr/bin/cmake --build /home/blade_master/pnx/rmvision/build/rm_gimbal_description -- -j22 -l22
[1.885s] Invoking command in '/home/blade_master/pnx/rmvision/build/rm_gimbal_description': CMAKE_PREFIX_PATH=${CMAKE_PREFIX_PATH}:/opt/ros/humble /usr/bin/cmake --install /home/blade_master/pnx/rmvision/build/rm_gimbal_description
[1.898s] -- Install configuration: ""
[1.899s] -- Execute custom install script
[1.900s] -- Symlinking: /home/blade_master/pnx/rmvision/install/rm_gimbal_description/share/rm_gimbal_description/urdf/rm_gimbal.urdf.xacro
[1.913s] -- Symlinking: /home/blade_master/pnx/rmvision/install/rm_gimbal_description/share/ament_index/resource_index/package_run_dependencies/rm_gimbal_description
[1.925s] -- Symlinking: /home/blade_master/pnx/rmvision/install/rm_gimbal_description/share/ament_index/resource_index/parent_prefix_path/rm_gimbal_description
[1.934s] -- Symlinking: /home/blade_master/pnx/rmvision/install/rm_gimbal_description/share/rm_gimbal_description/environment/ament_prefix_path.sh
[1.948s] -- Symlinking: /home/blade_master/pnx/rmvision/install/rm_gimbal_description/share/rm_gimbal_description/environment/ament_prefix_path.dsv
[1.964s] -- Symlinking: /home/blade_master/pnx/rmvision/install/rm_gimbal_description/share/rm_gimbal_description/environment/path.sh
[1.977s] -- Symlinking: /home/blade_master/pnx/rmvision/install/rm_gimbal_description/share/rm_gimbal_description/environment/path.dsv
[1.997s] -- Symlinking: /home/blade_master/pnx/rmvision/install/rm_gimbal_description/share/rm_gimbal_description/local_setup.bash
[2.019s] -- Symlinking: /home/blade_master/pnx/rmvision/install/rm_gimbal_description/share/rm_gimbal_description/local_setup.sh
[2.035s] -- Symlinking: /home/blade_master/pnx/rmvision/install/rm_gimbal_description/share/rm_gimbal_description/local_setup.zsh
[2.049s] -- Symlinking: /home/blade_master/pnx/rmvision/install/rm_gimbal_description/share/rm_gimbal_description/local_setup.dsv
[2.060s] -- Symlinking: /home/blade_master/pnx/rmvision/install/rm_gimbal_description/share/rm_gimbal_description/package.dsv
[2.074s] -- Symlinking: /home/blade_master/pnx/rmvision/install/rm_gimbal_description/share/ament_index/resource_index/packages/rm_gimbal_description
[2.084s] -- Symlinking: /home/blade_master/pnx/rmvision/install/rm_gimbal_description/share/rm_gimbal_description/cmake/rm_gimbal_descriptionConfig.cmake
[2.097s] -- Symlinking: /home/blade_master/pnx/rmvision/install/rm_gimbal_description/share/rm_gimbal_description/cmake/rm_gimbal_descriptionConfig-version.cmake
[2.110s] -- Symlinking: /home/blade_master/pnx/rmvision/install/rm_gimbal_description/share/rm_gimbal_description/package.xml
[2.126s] Invoked command in '/home/blade_master/pnx/rmvision/build/rm_gimbal_description' returned '0': CMAKE_PREFIX_PATH=${CMAKE_PREFIX_PATH}:/opt/ros/humble /usr/bin/cmake --install /home/blade_master/pnx/rmvision/build/rm_gimbal_description
