[35m[1mConsolidate compiler generated dependencies of target light_detector_node[0m
[35m[1mConsolidate compiler generated dependencies of target light_detector[0m
[ 28%] Built target light_detector_node
[100%] Built target light_detector
-- Install configuration: ""
-- Execute custom install script
-- Symlinking: /home/blade_master/pnx/rmvision/install/light_detector/lib/light_detector/light_detector_node
-- Symlinking: /home/blade_master/pnx/rmvision/install/light_detector/include/detector.hpp
-- Symlinking: /home/blade_master/pnx/rmvision/install/light_detector/include/detector_node.hpp
-- Symlinking: /home/blade_master/pnx/rmvision/install/light_detector/include/kalman_filter.hpp
-- Symlinking: /home/blade_master/pnx/rmvision/install/light_detector/include/pnp_solver.hpp
-- Symlinking: /home/blade_master/pnx/rmvision/install/light_detector/share/light_detector/environment/library_path.sh
-- Symlinking: /home/blade_master/pnx/rmvision/install/light_detector/share/light_detector/environment/library_path.dsv
-- Symlinking: /home/blade_master/pnx/rmvision/install/light_detector/lib/liblight_detector.so
-- Symlinking: /home/blade_master/pnx/rmvision/install/light_detector/share/ament_index/resource_index/package_run_dependencies/light_detector
-- Symlinking: /home/blade_master/pnx/rmvision/install/light_detector/share/ament_index/resource_index/parent_prefix_path/light_detector
-- Symlinking: /home/blade_master/pnx/rmvision/install/light_detector/share/light_detector/environment/ament_prefix_path.sh
-- Symlinking: /home/blade_master/pnx/rmvision/install/light_detector/share/light_detector/environment/ament_prefix_path.dsv
-- Symlinking: /home/blade_master/pnx/rmvision/install/light_detector/share/light_detector/environment/path.sh
-- Symlinking: /home/blade_master/pnx/rmvision/install/light_detector/share/light_detector/environment/path.dsv
-- Symlinking: /home/blade_master/pnx/rmvision/install/light_detector/share/light_detector/local_setup.bash
-- Symlinking: /home/blade_master/pnx/rmvision/install/light_detector/share/light_detector/local_setup.sh
-- Symlinking: /home/blade_master/pnx/rmvision/install/light_detector/share/light_detector/local_setup.zsh
-- Symlinking: /home/blade_master/pnx/rmvision/install/light_detector/share/light_detector/local_setup.dsv
-- Symlinking: /home/blade_master/pnx/rmvision/install/light_detector/share/light_detector/package.dsv
-- Symlinking: /home/blade_master/pnx/rmvision/install/light_detector/share/ament_index/resource_index/packages/light_detector
-- Symlinking: /home/blade_master/pnx/rmvision/install/light_detector/share/ament_index/resource_index/rclcpp_components/light_detector
-- Symlinking: /home/blade_master/pnx/rmvision/install/light_detector/share/light_detector/cmake/ament_cmake_export_dependencies-extras.cmake
-- Symlinking: /home/blade_master/pnx/rmvision/install/light_detector/share/light_detector/cmake/ament_cmake_export_include_directories-extras.cmake
-- Symlinking: /home/blade_master/pnx/rmvision/install/light_detector/share/light_detector/cmake/ament_cmake_export_libraries-extras.cmake
-- Symlinking: /home/blade_master/pnx/rmvision/install/light_detector/share/light_detector/cmake/light_detectorConfig.cmake
-- Symlinking: /home/blade_master/pnx/rmvision/install/light_detector/share/light_detector/cmake/light_detectorConfig-version.cmake
-- Symlinking: /home/blade_master/pnx/rmvision/install/light_detector/share/light_detector/package.xml
