[0.027s] Invoking command in '/home/blade_master/pnx/rmvision/build/rm_gimbal_description': CMAKE_PREFIX_PATH=/opt/ros/humble /usr/bin/cmake /home/blade_master/pnx/rmvision/src/rm_gimbal_description -DAMENT_CMAKE_SYMLINK_INSTALL=1 -DCMAKE_INSTALL_PREFIX=/home/blade_master/pnx/rmvision/install/rm_gimbal_description
[0.205s] -- The C compiler identification is GNU 11.4.0
[0.470s] -- The CXX compiler identification is GNU 11.4.0
[0.663s] -- Detecting C compiler ABI info
[0.759s] -- Detecting C compiler ABI info - done
[0.766s] -- Check for working C compiler: /usr/bin/cc - skipped
[0.767s] -- Detecting C compile features
[0.767s] -- Detecting C compile features - done
[0.770s] -- Detecting CXX compiler ABI info
[0.918s] -- Detecting CXX compiler ABI info - done
[0.925s] -- Check for working CXX compiler: /usr/bin/c++ - skipped
[0.925s] -- Detecting CXX compile features
[0.926s] -- Detecting CXX compile features - done
[0.929s] -- Found ament_cmake: 1.3.11 (/opt/ros/humble/share/ament_cmake/cmake)
[1.116s] -- Found Python3: /usr/bin/python3 (found version "3.10.12") found components: Interpreter 
[1.196s] -- Override CMake install command with custom implementation using symlinks instead of copying resources
[1.219s] -- Found ament_lint_auto: 0.12.12 (/opt/ros/humble/share/ament_lint_auto/cmake)
[1.329s] -- Added test 'lint_cmake' to check CMake code style
[1.332s] -- Added test 'xmllint' to check XML markup files
[1.335s] -- Configuring done
[1.339s] -- Generating done
[1.341s] -- Build files have been written to: /home/blade_master/pnx/rmvision/build/rm_gimbal_description
[1.349s] Invoked command in '/home/blade_master/pnx/rmvision/build/rm_gimbal_description' returned '0': CMAKE_PREFIX_PATH=/opt/ros/humble /usr/bin/cmake /home/blade_master/pnx/rmvision/src/rm_gimbal_description -DAMENT_CMAKE_SYMLINK_INSTALL=1 -DCMAKE_INSTALL_PREFIX=/home/blade_master/pnx/rmvision/install/rm_gimbal_description
[1.351s] Invoking command in '/home/blade_master/pnx/rmvision/build/rm_gimbal_description': CMAKE_PREFIX_PATH=/opt/ros/humble /usr/bin/cmake --build /home/blade_master/pnx/rmvision/build/rm_gimbal_description -- -j22 -l22
[1.386s] Invoked command in '/home/blade_master/pnx/rmvision/build/rm_gimbal_description' returned '0': CMAKE_PREFIX_PATH=/opt/ros/humble /usr/bin/cmake --build /home/blade_master/pnx/rmvision/build/rm_gimbal_description -- -j22 -l22
[1.400s] Invoking command in '/home/blade_master/pnx/rmvision/build/rm_gimbal_description': CMAKE_PREFIX_PATH=/opt/ros/humble /usr/bin/cmake --install /home/blade_master/pnx/rmvision/build/rm_gimbal_description
[1.406s] -- Install configuration: ""
[1.407s] -- Execute custom install script
[1.408s] -- Symlinking: /home/blade_master/pnx/rmvision/install/rm_gimbal_description/share/rm_gimbal_description/urdf/rm_gimbal.urdf.xacro
[1.417s] -- Symlinking: /home/blade_master/pnx/rmvision/install/rm_gimbal_description/share/ament_index/resource_index/package_run_dependencies/rm_gimbal_description
[1.430s] -- Symlinking: /home/blade_master/pnx/rmvision/install/rm_gimbal_description/share/ament_index/resource_index/parent_prefix_path/rm_gimbal_description
[1.441s] -- Symlinking: /home/blade_master/pnx/rmvision/install/rm_gimbal_description/share/rm_gimbal_description/environment/ament_prefix_path.sh
[1.449s] -- Symlinking: /home/blade_master/pnx/rmvision/install/rm_gimbal_description/share/rm_gimbal_description/environment/ament_prefix_path.dsv
[1.461s] -- Symlinking: /home/blade_master/pnx/rmvision/install/rm_gimbal_description/share/rm_gimbal_description/environment/path.sh
[1.472s] -- Symlinking: /home/blade_master/pnx/rmvision/install/rm_gimbal_description/share/rm_gimbal_description/environment/path.dsv
[1.488s] -- Symlinking: /home/blade_master/pnx/rmvision/install/rm_gimbal_description/share/rm_gimbal_description/local_setup.bash
[1.500s] -- Symlinking: /home/blade_master/pnx/rmvision/install/rm_gimbal_description/share/rm_gimbal_description/local_setup.sh
[1.511s] -- Symlinking: /home/blade_master/pnx/rmvision/install/rm_gimbal_description/share/rm_gimbal_description/local_setup.zsh
[1.524s] -- Symlinking: /home/blade_master/pnx/rmvision/install/rm_gimbal_description/share/rm_gimbal_description/local_setup.dsv
[1.535s] -- Symlinking: /home/blade_master/pnx/rmvision/install/rm_gimbal_description/share/rm_gimbal_description/package.dsv
[1.548s] -- Symlinking: /home/blade_master/pnx/rmvision/install/rm_gimbal_description/share/ament_index/resource_index/packages/rm_gimbal_description
[1.558s] -- Symlinking: /home/blade_master/pnx/rmvision/install/rm_gimbal_description/share/rm_gimbal_description/cmake/rm_gimbal_descriptionConfig.cmake
[1.568s] -- Symlinking: /home/blade_master/pnx/rmvision/install/rm_gimbal_description/share/rm_gimbal_description/cmake/rm_gimbal_descriptionConfig-version.cmake
[1.577s] -- Symlinking: /home/blade_master/pnx/rmvision/install/rm_gimbal_description/share/rm_gimbal_description/package.xml
[1.588s] Invoked command in '/home/blade_master/pnx/rmvision/build/rm_gimbal_description' returned '0': CMAKE_PREFIX_PATH=/opt/ros/humble /usr/bin/cmake --install /home/blade_master/pnx/rmvision/build/rm_gimbal_description
