[0.015s] Invoking command in '/home/blade_master/pnx/rmvision/build/hik_camera': CMAKE_PREFIX_PATH=${CMAKE_PREFIX_PATH}:/opt/ros/humble /usr/bin/cmake /home/blade_master/pnx/rmvision/src/hik-driver -DAMENT_CMAKE_SYMLINK_INSTALL=1 -DCMAKE_INSTALL_PREFIX=/home/blade_master/pnx/rmvision/install/hik_camera
[0.118s] -- The C compiler identification is GNU 11.4.0
[0.306s] -- The CXX compiler identification is GNU 11.4.0
[0.475s] -- Detecting C compiler ABI info
[0.562s] -- Detecting C compiler ABI info - done
[0.567s] -- Check for working C compiler: /usr/bin/cc - skipped
[0.567s] -- Detecting C compile features
[0.567s] -- Detecting C compile features - done
[0.569s] -- Detecting CXX compiler ABI info
[0.661s] -- Detecting CXX compiler ABI info - done
[0.666s] -- Check for working CXX compiler: /usr/bin/c++ - skipped
[0.666s] -- Detecting CXX compile features
[0.666s] -- Detecting CXX compile features - done
[0.668s] -- Found ament_cmake_auto: 1.3.11 (/opt/ros/humble/share/ament_cmake_auto/cmake)
[0.774s] -- Found Python3: /usr/bin/python3 (found version "3.10.12") found components: Interpreter 
[0.819s] -- Override CMake install command with custom implementation using symlinks instead of copying resources
[0.982s] -- Found rosidl_generator_c: 3.1.6 (/opt/ros/humble/share/rosidl_generator_c/cmake)
[0.986s] -- Found rosidl_adapter: 3.1.6 (/opt/ros/humble/share/rosidl_adapter/cmake)
[0.991s] -- Found rosidl_generator_cpp: 3.1.6 (/opt/ros/humble/share/rosidl_generator_cpp/cmake)
[0.998s] -- Using all available rosidl_typesupport_c: rosidl_typesupport_fastrtps_c;rosidl_typesupport_introspection_c
[1.007s] -- Using all available rosidl_typesupport_cpp: rosidl_typesupport_fastrtps_cpp;rosidl_typesupport_introspection_cpp
[1.032s] -- Found rmw_implementation_cmake: 6.1.2 (/opt/ros/humble/share/rmw_implementation_cmake/cmake)
[1.034s] -- Found rmw_fastrtps_cpp: 6.2.7 (/opt/ros/humble/share/rmw_fastrtps_cpp/cmake)
[1.449s] -- Found OpenSSL: /usr/lib/x86_64-linux-gnu/libcrypto.so (found version "3.0.2")  
[1.746s] -- Found FastRTPS: /opt/ros/humble/include  
[2.306s] -- Using RMW implementation 'rmw_fastrtps_cpp' as default
[2.316s] -- Looking for pthread.h
[2.396s] -- Looking for pthread.h - found
[2.396s] -- Performing Test CMAKE_HAVE_LIBC_PTHREAD
[2.458s] -- Performing Test CMAKE_HAVE_LIBC_PTHREAD - Success
[2.459s] -- Found Threads: TRUE  
[3.372s] -- Found ament_lint_auto: 0.12.12 (/opt/ros/humble/share/ament_lint_auto/cmake)
[3.400s] -- Added test 'cppcheck' to perform static code analysis on C / C++ code
[3.400s] -- Configured cppcheck include dirs: /home/blade_master/pnx/rmvision/src/hik-driver/hikSDK/include
[3.400s] -- Configured cppcheck exclude dirs and/or files: 
[3.401s] -- Added test 'flake8' to check Python code syntax and style conventions
[3.402s] -- Added test 'lint_cmake' to check CMake code style
[3.404s] -- Added test 'pep257' to check Python code against some of the docstring style conventions in PEP 257
[3.405s] -- Added test 'xmllint' to check XML markup files
[3.409s] -- Configuring done
[3.430s] -- Generating done
[3.435s] -- Build files have been written to: /home/blade_master/pnx/rmvision/build/hik_camera
[3.445s] Invoked command in '/home/blade_master/pnx/rmvision/build/hik_camera' returned '0': CMAKE_PREFIX_PATH=${CMAKE_PREFIX_PATH}:/opt/ros/humble /usr/bin/cmake /home/blade_master/pnx/rmvision/src/hik-driver -DAMENT_CMAKE_SYMLINK_INSTALL=1 -DCMAKE_INSTALL_PREFIX=/home/blade_master/pnx/rmvision/install/hik_camera
[3.447s] Invoking command in '/home/blade_master/pnx/rmvision/build/hik_camera': CMAKE_PREFIX_PATH=${CMAKE_PREFIX_PATH}:/opt/ros/humble /usr/bin/cmake --build /home/blade_master/pnx/rmvision/build/hik_camera -- -j22 -l22
[3.483s] [ 25%] [32mBuilding CXX object CMakeFiles/hik_camera.dir/src/hik_camera_node.cpp.o[0m
[3.485s] [ 50%] [32mBuilding CXX object CMakeFiles/hik_camera_node.dir/rclcpp_components/node_main_hik_camera_node.cpp.o[0m
[6.405s] [ 75%] [32m[1mLinking CXX executable hik_camera_node[0m
[6.592s] [ 75%] Built target hik_camera_node
[6.791s] [100%] [32m[1mLinking CXX shared library libhik_camera.so[0m
[6.955s] [100%] Built target hik_camera
[6.964s] Invoked command in '/home/blade_master/pnx/rmvision/build/hik_camera' returned '0': CMAKE_PREFIX_PATH=${CMAKE_PREFIX_PATH}:/opt/ros/humble /usr/bin/cmake --build /home/blade_master/pnx/rmvision/build/hik_camera -- -j22 -l22
[6.965s] Invoking command in '/home/blade_master/pnx/rmvision/build/hik_camera': CMAKE_PREFIX_PATH=${CMAKE_PREFIX_PATH}:/opt/ros/humble /usr/bin/cmake --install /home/blade_master/pnx/rmvision/build/hik_camera
[6.970s] -- Install configuration: ""
[6.970s] -- Execute custom install script
[6.970s] -- Symlinking: /home/blade_master/pnx/rmvision/install/hik_camera/lib/libFormatConversion.so
[6.976s] -- Symlinking: /home/blade_master/pnx/rmvision/install/hik_camera/lib/libMVRender.so
[6.983s] -- Symlinking: /home/blade_master/pnx/rmvision/install/hik_camera/lib/libMediaProcess.so
[6.988s] -- Symlinking: /home/blade_master/pnx/rmvision/install/hik_camera/lib/libMvCameraControl.so
[6.993s] -- Symlinking: /home/blade_master/pnx/rmvision/install/hik_camera/lib/libMvUsb3vTL.so
[7.001s] -- Symlinking: /home/blade_master/pnx/rmvision/install/hik_camera/lib/hik_camera/hik_camera_node
[7.006s] -- Symlinking: /home/blade_master/pnx/rmvision/install/hik_camera/share/hik_camera/environment/library_path.sh
[7.011s] -- Symlinking: /home/blade_master/pnx/rmvision/install/hik_camera/share/hik_camera/environment/library_path.dsv
[7.017s] -- Symlinking: /home/blade_master/pnx/rmvision/install/hik_camera/lib/libhik_camera.so
[7.023s] -- Symlinking: /home/blade_master/pnx/rmvision/install/hik_camera/share/hik_camera/config/camera_info.yaml
[7.029s] -- Symlinking: /home/blade_master/pnx/rmvision/install/hik_camera/share/hik_camera/config/camera_params.yaml
[7.034s] -- Symlinking: /home/blade_master/pnx/rmvision/install/hik_camera/share/hik_camera/launch/hik_camera.launch.py
[7.039s] -- Symlinking: /home/blade_master/pnx/rmvision/install/hik_camera/share/ament_index/resource_index/package_run_dependencies/hik_camera
[7.044s] -- Symlinking: /home/blade_master/pnx/rmvision/install/hik_camera/share/ament_index/resource_index/parent_prefix_path/hik_camera
[7.050s] -- Symlinking: /home/blade_master/pnx/rmvision/install/hik_camera/share/hik_camera/environment/ament_prefix_path.sh
[7.055s] -- Symlinking: /home/blade_master/pnx/rmvision/install/hik_camera/share/hik_camera/environment/ament_prefix_path.dsv
[7.061s] -- Symlinking: /home/blade_master/pnx/rmvision/install/hik_camera/share/hik_camera/environment/path.sh
[7.066s] -- Symlinking: /home/blade_master/pnx/rmvision/install/hik_camera/share/hik_camera/environment/path.dsv
[7.070s] -- Symlinking: /home/blade_master/pnx/rmvision/install/hik_camera/share/hik_camera/local_setup.bash
[7.075s] -- Symlinking: /home/blade_master/pnx/rmvision/install/hik_camera/share/hik_camera/local_setup.sh
[7.081s] -- Symlinking: /home/blade_master/pnx/rmvision/install/hik_camera/share/hik_camera/local_setup.zsh
[7.086s] -- Symlinking: /home/blade_master/pnx/rmvision/install/hik_camera/share/hik_camera/local_setup.dsv
[7.091s] -- Symlinking: /home/blade_master/pnx/rmvision/install/hik_camera/share/hik_camera/package.dsv
[7.096s] -- Symlinking: /home/blade_master/pnx/rmvision/install/hik_camera/share/ament_index/resource_index/packages/hik_camera
[7.101s] -- Symlinking: /home/blade_master/pnx/rmvision/install/hik_camera/share/ament_index/resource_index/rclcpp_components/hik_camera
[7.107s] -- Symlinking: /home/blade_master/pnx/rmvision/install/hik_camera/share/hik_camera/cmake/ament_cmake_export_dependencies-extras.cmake
[7.112s] -- Symlinking: /home/blade_master/pnx/rmvision/install/hik_camera/share/hik_camera/cmake/ament_cmake_export_libraries-extras.cmake
[7.119s] -- Symlinking: /home/blade_master/pnx/rmvision/install/hik_camera/share/hik_camera/cmake/hik_cameraConfig.cmake
[7.125s] -- Symlinking: /home/blade_master/pnx/rmvision/install/hik_camera/share/hik_camera/cmake/hik_cameraConfig-version.cmake
[7.131s] -- Symlinking: /home/blade_master/pnx/rmvision/install/hik_camera/share/hik_camera/package.xml
[7.137s] Invoked command in '/home/blade_master/pnx/rmvision/build/hik_camera' returned '0': CMAKE_PREFIX_PATH=${CMAKE_PREFIX_PATH}:/opt/ros/humble /usr/bin/cmake --install /home/blade_master/pnx/rmvision/build/hik_camera
