[0.024s] Invoking command in '/home/blade_master/pnx/rmvision/build/rm_gimbal_description': CMAKE_PREFIX_PATH=/opt/ros/humble /usr/bin/cmake /home/blade_master/pnx/rmvision/src/rm_gimbal_description -DAMENT_CMAKE_SYMLINK_INSTALL=1 -DCMAKE_INSTALL_PREFIX=/home/blade_master/pnx/rmvision/install/rm_gimbal_description
[0.164s] -- The C compiler identification is GNU 11.4.0
[0.364s] -- The CXX compiler identification is GNU 11.4.0
[0.473s] -- Detecting C compiler ABI info
[0.541s] -- Detecting C compiler ABI info - done
[0.545s] -- Check for working C compiler: /usr/bin/cc - skipped
[0.545s] -- Detecting C compile features
[0.546s] -- Detecting C compile features - done
[0.549s] -- Detecting CXX compiler ABI info
[0.618s] -- Detecting CXX compiler ABI info - done
[0.622s] -- Check for working CXX compiler: /usr/bin/c++ - skipped
[0.622s] -- Detecting CXX compile features
[0.623s] -- Detecting CXX compile features - done
[0.630s] -- Found ament_cmake: 1.3.11 (/opt/ros/humble/share/ament_cmake/cmake)
[0.742s] -- Found Python3: /usr/bin/python3 (found version "3.10.12") found components: Interpreter 
[0.807s] -- Override CMake install command with custom implementation using symlinks instead of copying resources
[0.838s] -- Found ament_lint_auto: 0.12.12 (/opt/ros/humble/share/ament_lint_auto/cmake)
[0.920s] -- Added test 'lint_cmake' to check CMake code style
[0.922s] -- Added test 'xmllint' to check XML markup files
[0.924s] -- Configuring done
[0.926s] -- Generating done
[0.927s] -- Build files have been written to: /home/blade_master/pnx/rmvision/build/rm_gimbal_description
[0.933s] Invoked command in '/home/blade_master/pnx/rmvision/build/rm_gimbal_description' returned '0': CMAKE_PREFIX_PATH=/opt/ros/humble /usr/bin/cmake /home/blade_master/pnx/rmvision/src/rm_gimbal_description -DAMENT_CMAKE_SYMLINK_INSTALL=1 -DCMAKE_INSTALL_PREFIX=/home/blade_master/pnx/rmvision/install/rm_gimbal_description
[0.935s] Invoking command in '/home/blade_master/pnx/rmvision/build/rm_gimbal_description': CMAKE_PREFIX_PATH=/opt/ros/humble /usr/bin/cmake --build /home/blade_master/pnx/rmvision/build/rm_gimbal_description -- -j22 -l22
[0.960s] Invoked command in '/home/blade_master/pnx/rmvision/build/rm_gimbal_description' returned '0': CMAKE_PREFIX_PATH=/opt/ros/humble /usr/bin/cmake --build /home/blade_master/pnx/rmvision/build/rm_gimbal_description -- -j22 -l22
[0.969s] Invoking command in '/home/blade_master/pnx/rmvision/build/rm_gimbal_description': CMAKE_PREFIX_PATH=/opt/ros/humble /usr/bin/cmake --install /home/blade_master/pnx/rmvision/build/rm_gimbal_description
[0.974s] -- Install configuration: ""
[0.974s] -- Execute custom install script
[0.975s] -- Symlinking: /home/blade_master/pnx/rmvision/install/rm_gimbal_description/share/rm_gimbal_description/urdf/rm_gimbal.urdf.xacro
[0.981s] -- Symlinking: /home/blade_master/pnx/rmvision/install/rm_gimbal_description/share/ament_index/resource_index/package_run_dependencies/rm_gimbal_description
[0.987s] -- Symlinking: /home/blade_master/pnx/rmvision/install/rm_gimbal_description/share/ament_index/resource_index/parent_prefix_path/rm_gimbal_description
[0.993s] -- Symlinking: /home/blade_master/pnx/rmvision/install/rm_gimbal_description/share/rm_gimbal_description/environment/ament_prefix_path.sh
[0.998s] -- Symlinking: /home/blade_master/pnx/rmvision/install/rm_gimbal_description/share/rm_gimbal_description/environment/ament_prefix_path.dsv
[1.004s] -- Symlinking: /home/blade_master/pnx/rmvision/install/rm_gimbal_description/share/rm_gimbal_description/environment/path.sh
[1.010s] -- Symlinking: /home/blade_master/pnx/rmvision/install/rm_gimbal_description/share/rm_gimbal_description/environment/path.dsv
[1.016s] -- Symlinking: /home/blade_master/pnx/rmvision/install/rm_gimbal_description/share/rm_gimbal_description/local_setup.bash
[1.022s] -- Symlinking: /home/blade_master/pnx/rmvision/install/rm_gimbal_description/share/rm_gimbal_description/local_setup.sh
[1.027s] -- Symlinking: /home/blade_master/pnx/rmvision/install/rm_gimbal_description/share/rm_gimbal_description/local_setup.zsh
[1.034s] -- Symlinking: /home/blade_master/pnx/rmvision/install/rm_gimbal_description/share/rm_gimbal_description/local_setup.dsv
[1.040s] -- Symlinking: /home/blade_master/pnx/rmvision/install/rm_gimbal_description/share/rm_gimbal_description/package.dsv
[1.046s] -- Symlinking: /home/blade_master/pnx/rmvision/install/rm_gimbal_description/share/ament_index/resource_index/packages/rm_gimbal_description
[1.053s] -- Symlinking: /home/blade_master/pnx/rmvision/install/rm_gimbal_description/share/rm_gimbal_description/cmake/rm_gimbal_descriptionConfig.cmake
[1.058s] -- Symlinking: /home/blade_master/pnx/rmvision/install/rm_gimbal_description/share/rm_gimbal_description/cmake/rm_gimbal_descriptionConfig-version.cmake
[1.064s] -- Symlinking: /home/blade_master/pnx/rmvision/install/rm_gimbal_description/share/rm_gimbal_description/package.xml
[1.072s] Invoked command in '/home/blade_master/pnx/rmvision/build/rm_gimbal_description' returned '0': CMAKE_PREFIX_PATH=/opt/ros/humble /usr/bin/cmake --install /home/blade_master/pnx/rmvision/build/rm_gimbal_description
